ARM GAS  C:\Users\Vulca\AppData\Local\Temp\cc7C3ej2.s 			page 1


   1              		.cpu cortex-m3
   2              		.eabi_attribute 20, 1
   3              		.eabi_attribute 21, 1
   4              		.eabi_attribute 23, 3
   5              		.eabi_attribute 24, 1
   6              		.eabi_attribute 25, 1
   7              		.eabi_attribute 26, 1
   8              		.eabi_attribute 30, 1
   9              		.eabi_attribute 34, 1
  10              		.eabi_attribute 18, 4
  11              		.file	"main.c"
  12              		.text
  13              	.Ltext0:
  14              		.cfi_sections	.debug_frame
  15              		.section	.text.MX_GPIO_Init,"ax",%progbits
  16              		.align	1
  17              		.arch armv7-m
  18              		.syntax unified
  19              		.thumb
  20              		.thumb_func
  21              		.fpu softvfp
  23              	MX_GPIO_Init:
  24              	.LFB68:
  25              		.file 1 "Src/main.c"
   1:Src/main.c    **** /* USER CODE BEGIN Header */
   2:Src/main.c    **** /**
   3:Src/main.c    ****   ******************************************************************************
   4:Src/main.c    ****   * @file           : main.c
   5:Src/main.c    ****   * @brief          : Main program body
   6:Src/main.c    ****   ******************************************************************************
   7:Src/main.c    ****   * @attention
   8:Src/main.c    ****   *
   9:Src/main.c    ****   * <h2><center>&copy; Copyright (c) 2020 STMicroelectronics.
  10:Src/main.c    ****   * All rights reserved.</center></h2>
  11:Src/main.c    ****   *
  12:Src/main.c    ****   * This software component is licensed by ST under BSD 3-Clause license,
  13:Src/main.c    ****   * the "License"; You may not use this file except in compliance with the
  14:Src/main.c    ****   * License. You may obtain a copy of the License at:
  15:Src/main.c    ****   *                        opensource.org/licenses/BSD-3-Clause
  16:Src/main.c    ****   *
  17:Src/main.c    ****   ******************************************************************************
  18:Src/main.c    ****   */
  19:Src/main.c    **** /* USER CODE END Header */
  20:Src/main.c    **** 
  21:Src/main.c    **** /* Includes ------------------------------------------------------------------*/
  22:Src/main.c    **** #include "main.h"
  23:Src/main.c    **** 
  24:Src/main.c    **** /* Private includes ----------------------------------------------------------*/
  25:Src/main.c    **** /* USER CODE BEGIN Includes */
  26:Src/main.c    **** 
  27:Src/main.c    **** /* USER CODE END Includes */
  28:Src/main.c    **** 
  29:Src/main.c    **** /* Private typedef -----------------------------------------------------------*/
  30:Src/main.c    **** /* USER CODE BEGIN PTD */
  31:Src/main.c    **** 
  32:Src/main.c    **** /* USER CODE END PTD */
  33:Src/main.c    **** 
ARM GAS  C:\Users\Vulca\AppData\Local\Temp\cc7C3ej2.s 			page 2


  34:Src/main.c    **** /* Private define ------------------------------------------------------------*/
  35:Src/main.c    **** /* USER CODE BEGIN PD */
  36:Src/main.c    **** /* USER CODE END PD */
  37:Src/main.c    **** 
  38:Src/main.c    **** /* Private macro -------------------------------------------------------------*/
  39:Src/main.c    **** /* USER CODE BEGIN PM */
  40:Src/main.c    **** 
  41:Src/main.c    **** /* USER CODE END PM */
  42:Src/main.c    **** 
  43:Src/main.c    **** /* Private variables ---------------------------------------------------------*/
  44:Src/main.c    **** UART_HandleTypeDef huart2;
  45:Src/main.c    **** 
  46:Src/main.c    **** /* USER CODE BEGIN PV */
  47:Src/main.c    **** UART_HandleTypeDef huart1;
  48:Src/main.c    **** /* USER CODE END PV */
  49:Src/main.c    **** 
  50:Src/main.c    **** /* Private function prototypes -----------------------------------------------*/
  51:Src/main.c    **** void SystemClock_Config(void);
  52:Src/main.c    **** static void MX_GPIO_Init(void);
  53:Src/main.c    **** static void MX_USART2_UART_Init(void);
  54:Src/main.c    **** /* USER CODE BEGIN PFP */
  55:Src/main.c    **** void MY_USART1_UART_Init(void);
  56:Src/main.c    **** void HAL_UART_TxCpltCallback(UART_HandleTypeDef *huart);
  57:Src/main.c    **** /* USER CODE END PFP */
  58:Src/main.c    **** 
  59:Src/main.c    **** /* Private user code ---------------------------------------------------------*/
  60:Src/main.c    **** /* USER CODE BEGIN 0 */
  61:Src/main.c    **** 
  62:Src/main.c    **** /* USER CODE END 0 */
  63:Src/main.c    **** 
  64:Src/main.c    **** /**
  65:Src/main.c    ****   * @brief  The application entry point.
  66:Src/main.c    ****   * @retval int
  67:Src/main.c    ****   */
  68:Src/main.c    **** int main(void)
  69:Src/main.c    **** {
  70:Src/main.c    ****   /* USER CODE BEGIN 1 */
  71:Src/main.c    **** 
  72:Src/main.c    ****   /* USER CODE END 1 */
  73:Src/main.c    **** 
  74:Src/main.c    ****   /* MCU Configuration--------------------------------------------------------*/
  75:Src/main.c    **** 
  76:Src/main.c    ****   /* Reset of all peripherals, Initializes the Flash interface and the Systick. */
  77:Src/main.c    ****   HAL_Init();
  78:Src/main.c    **** 
  79:Src/main.c    ****   /* USER CODE BEGIN Init */
  80:Src/main.c    **** 
  81:Src/main.c    ****   /* USER CODE END Init */
  82:Src/main.c    **** 
  83:Src/main.c    ****   /* Configure the system clock */
  84:Src/main.c    ****   SystemClock_Config();
  85:Src/main.c    **** 
  86:Src/main.c    ****   /* USER CODE BEGIN SysInit */
  87:Src/main.c    **** 
  88:Src/main.c    ****   /* USER CODE END SysInit */
  89:Src/main.c    **** 
  90:Src/main.c    ****   /* Initialize all configured peripherals */
ARM GAS  C:\Users\Vulca\AppData\Local\Temp\cc7C3ej2.s 			page 3


  91:Src/main.c    ****   MX_GPIO_Init();
  92:Src/main.c    ****   MX_USART2_UART_Init();
  93:Src/main.c    ****   /* USER CODE BEGIN 2 */
  94:Src/main.c    ****   MY_USART1_UART_Init();
  95:Src/main.c    ****   /* USER CODE END 2 */
  96:Src/main.c    **** 
  97:Src/main.c    ****   /* Infinite loop */
  98:Src/main.c    ****   /* USER CODE BEGIN WHILE */
  99:Src/main.c    ****   while (1)
 100:Src/main.c    ****   {
 101:Src/main.c    ****     /* USER CODE END WHILE */
 102:Src/main.c    ****     //HAL_UART_Transmit(&huart1,(uint8_t *)"ffff",sizeof("ffff"),100);
 103:Src/main.c    ****     HAL_GPIO_TogglePin(LD2_GPIO_Port,LD2_Pin);
 104:Src/main.c    ****     HAL_Delay(100);
 105:Src/main.c    ****     /* USER CODE BEGIN 3 */
 106:Src/main.c    ****   }
 107:Src/main.c    ****   /* USER CODE END 3 */
 108:Src/main.c    **** }
 109:Src/main.c    **** 
 110:Src/main.c    **** /**
 111:Src/main.c    ****   * @brief System Clock Configuration
 112:Src/main.c    ****   * @retval None
 113:Src/main.c    ****   */
 114:Src/main.c    **** void SystemClock_Config(void)
 115:Src/main.c    **** {
 116:Src/main.c    ****   RCC_OscInitTypeDef RCC_OscInitStruct = {0};
 117:Src/main.c    ****   RCC_ClkInitTypeDef RCC_ClkInitStruct = {0};
 118:Src/main.c    **** 
 119:Src/main.c    ****   /** Initializes the CPU, AHB and APB busses clocks 
 120:Src/main.c    ****   */
 121:Src/main.c    ****   RCC_OscInitStruct.OscillatorType = RCC_OSCILLATORTYPE_HSE;
 122:Src/main.c    ****   RCC_OscInitStruct.HSEState = RCC_HSE_BYPASS;
 123:Src/main.c    ****   RCC_OscInitStruct.HSEPredivValue = RCC_HSE_PREDIV_DIV1;
 124:Src/main.c    ****   RCC_OscInitStruct.HSIState = RCC_HSI_ON;
 125:Src/main.c    ****   RCC_OscInitStruct.PLL.PLLState = RCC_PLL_ON;
 126:Src/main.c    ****   RCC_OscInitStruct.PLL.PLLSource = RCC_PLLSOURCE_HSE;
 127:Src/main.c    ****   RCC_OscInitStruct.PLL.PLLMUL = RCC_PLL_MUL9;
 128:Src/main.c    ****   if (HAL_RCC_OscConfig(&RCC_OscInitStruct) != HAL_OK)
 129:Src/main.c    ****   {
 130:Src/main.c    ****     Error_Handler();
 131:Src/main.c    ****   }
 132:Src/main.c    ****   /** Initializes the CPU, AHB and APB busses clocks 
 133:Src/main.c    ****   */
 134:Src/main.c    ****   RCC_ClkInitStruct.ClockType = RCC_CLOCKTYPE_HCLK|RCC_CLOCKTYPE_SYSCLK
 135:Src/main.c    ****                               |RCC_CLOCKTYPE_PCLK1|RCC_CLOCKTYPE_PCLK2;
 136:Src/main.c    ****   RCC_ClkInitStruct.SYSCLKSource = RCC_SYSCLKSOURCE_PLLCLK;
 137:Src/main.c    ****   RCC_ClkInitStruct.AHBCLKDivider = RCC_SYSCLK_DIV1;
 138:Src/main.c    ****   RCC_ClkInitStruct.APB1CLKDivider = RCC_HCLK_DIV2;
 139:Src/main.c    ****   RCC_ClkInitStruct.APB2CLKDivider = RCC_HCLK_DIV1;
 140:Src/main.c    **** 
 141:Src/main.c    ****   if (HAL_RCC_ClockConfig(&RCC_ClkInitStruct, FLASH_LATENCY_2) != HAL_OK)
 142:Src/main.c    ****   {
 143:Src/main.c    ****     Error_Handler();
 144:Src/main.c    ****   }
 145:Src/main.c    **** }
 146:Src/main.c    **** 
 147:Src/main.c    **** /**
ARM GAS  C:\Users\Vulca\AppData\Local\Temp\cc7C3ej2.s 			page 4


 148:Src/main.c    ****   * @brief USART2 Initialization Function
 149:Src/main.c    ****   * @param None
 150:Src/main.c    ****   * @retval None
 151:Src/main.c    ****   */
 152:Src/main.c    **** static void MX_USART2_UART_Init(void)
 153:Src/main.c    **** {
 154:Src/main.c    **** 
 155:Src/main.c    ****   /* USER CODE BEGIN USART2_Init 0 */
 156:Src/main.c    **** 
 157:Src/main.c    ****   /* USER CODE END USART2_Init 0 */
 158:Src/main.c    **** 
 159:Src/main.c    ****   /* USER CODE BEGIN USART2_Init 1 */
 160:Src/main.c    **** 
 161:Src/main.c    ****   /* USER CODE END USART2_Init 1 */
 162:Src/main.c    ****   huart2.Instance = USART2;
 163:Src/main.c    ****   huart2.Init.BaudRate = 115200;
 164:Src/main.c    ****   huart2.Init.WordLength = UART_WORDLENGTH_8B;
 165:Src/main.c    ****   huart2.Init.StopBits = UART_STOPBITS_1;
 166:Src/main.c    ****   huart2.Init.Parity = UART_PARITY_NONE;
 167:Src/main.c    ****   huart2.Init.Mode = UART_MODE_TX_RX;
 168:Src/main.c    ****   huart2.Init.HwFlowCtl = UART_HWCONTROL_NONE;
 169:Src/main.c    ****   huart2.Init.OverSampling = UART_OVERSAMPLING_16;
 170:Src/main.c    ****   if (HAL_UART_Init(&huart2) != HAL_OK)
 171:Src/main.c    ****   {
 172:Src/main.c    ****     Error_Handler();
 173:Src/main.c    ****   }
 174:Src/main.c    ****   /* USER CODE BEGIN USART2_Init 2 */
 175:Src/main.c    ****   //启动NVIC
 176:Src/main.c    ****   //HAL_NVIC_SetPriority(USART2_IRQn,0,0);
 177:Src/main.c    ****   //HAL_NVIC_EnableIRQ(USART2_IRQn);
 178:Src/main.c    ****   /* USER CODE END USART2_Init 2 */
 179:Src/main.c    **** 
 180:Src/main.c    **** }
 181:Src/main.c    **** 
 182:Src/main.c    **** /**
 183:Src/main.c    ****   * @brief GPIO Initialization Function
 184:Src/main.c    ****   * @param None
 185:Src/main.c    ****   * @retval None
 186:Src/main.c    ****   */
 187:Src/main.c    **** static void MX_GPIO_Init(void)
 188:Src/main.c    **** {
  26              		.loc 1 188 1 view -0
  27              		.cfi_startproc
  28              		@ args = 0, pretend = 0, frame = 32
  29              		@ frame_needed = 0, uses_anonymous_args = 0
  30 0000 30B5     		push	{r4, r5, lr}
  31              	.LCFI0:
  32              		.cfi_def_cfa_offset 12
  33              		.cfi_offset 4, -12
  34              		.cfi_offset 5, -8
  35              		.cfi_offset 14, -4
  36 0002 89B0     		sub	sp, sp, #36
  37              	.LCFI1:
  38              		.cfi_def_cfa_offset 48
 189:Src/main.c    ****   GPIO_InitTypeDef GPIO_InitStruct = {0};
  39              		.loc 1 189 3 view .LVU1
  40              		.loc 1 189 20 is_stmt 0 view .LVU2
ARM GAS  C:\Users\Vulca\AppData\Local\Temp\cc7C3ej2.s 			page 5


  41 0004 0024     		movs	r4, #0
  42 0006 0494     		str	r4, [sp, #16]
  43 0008 0594     		str	r4, [sp, #20]
  44 000a 0694     		str	r4, [sp, #24]
  45 000c 0794     		str	r4, [sp, #28]
 190:Src/main.c    **** 
 191:Src/main.c    ****   /* GPIO Ports Clock Enable */
 192:Src/main.c    ****   __HAL_RCC_GPIOC_CLK_ENABLE();
  46              		.loc 1 192 3 is_stmt 1 view .LVU3
  47              	.LBB2:
  48              		.loc 1 192 3 view .LVU4
  49              		.loc 1 192 3 view .LVU5
  50 000e 1B4B     		ldr	r3, .L3
  51 0010 9A69     		ldr	r2, [r3, #24]
  52 0012 42F01002 		orr	r2, r2, #16
  53 0016 9A61     		str	r2, [r3, #24]
  54              		.loc 1 192 3 view .LVU6
  55 0018 9A69     		ldr	r2, [r3, #24]
  56 001a 02F01002 		and	r2, r2, #16
  57 001e 0092     		str	r2, [sp]
  58              		.loc 1 192 3 view .LVU7
  59 0020 009A     		ldr	r2, [sp]
  60              	.LBE2:
  61              		.loc 1 192 3 view .LVU8
 193:Src/main.c    ****   __HAL_RCC_GPIOD_CLK_ENABLE();
  62              		.loc 1 193 3 view .LVU9
  63              	.LBB3:
  64              		.loc 1 193 3 view .LVU10
  65              		.loc 1 193 3 view .LVU11
  66 0022 9A69     		ldr	r2, [r3, #24]
  67 0024 42F02002 		orr	r2, r2, #32
  68 0028 9A61     		str	r2, [r3, #24]
  69              		.loc 1 193 3 view .LVU12
  70 002a 9A69     		ldr	r2, [r3, #24]
  71 002c 02F02002 		and	r2, r2, #32
  72 0030 0192     		str	r2, [sp, #4]
  73              		.loc 1 193 3 view .LVU13
  74 0032 019A     		ldr	r2, [sp, #4]
  75              	.LBE3:
  76              		.loc 1 193 3 view .LVU14
 194:Src/main.c    ****   __HAL_RCC_GPIOA_CLK_ENABLE();
  77              		.loc 1 194 3 view .LVU15
  78              	.LBB4:
  79              		.loc 1 194 3 view .LVU16
  80              		.loc 1 194 3 view .LVU17
  81 0034 9A69     		ldr	r2, [r3, #24]
  82 0036 42F00402 		orr	r2, r2, #4
  83 003a 9A61     		str	r2, [r3, #24]
  84              		.loc 1 194 3 view .LVU18
  85 003c 9A69     		ldr	r2, [r3, #24]
  86 003e 02F00402 		and	r2, r2, #4
  87 0042 0292     		str	r2, [sp, #8]
  88              		.loc 1 194 3 view .LVU19
  89 0044 029A     		ldr	r2, [sp, #8]
  90              	.LBE4:
  91              		.loc 1 194 3 view .LVU20
 195:Src/main.c    ****   __HAL_RCC_GPIOB_CLK_ENABLE();
ARM GAS  C:\Users\Vulca\AppData\Local\Temp\cc7C3ej2.s 			page 6


  92              		.loc 1 195 3 view .LVU21
  93              	.LBB5:
  94              		.loc 1 195 3 view .LVU22
  95              		.loc 1 195 3 view .LVU23
  96 0046 9A69     		ldr	r2, [r3, #24]
  97 0048 42F00802 		orr	r2, r2, #8
  98 004c 9A61     		str	r2, [r3, #24]
  99              		.loc 1 195 3 view .LVU24
 100 004e 9B69     		ldr	r3, [r3, #24]
 101 0050 03F00803 		and	r3, r3, #8
 102 0054 0393     		str	r3, [sp, #12]
 103              		.loc 1 195 3 view .LVU25
 104 0056 039B     		ldr	r3, [sp, #12]
 105              	.LBE5:
 106              		.loc 1 195 3 view .LVU26
 196:Src/main.c    **** 
 197:Src/main.c    ****   /*Configure GPIO pin Output Level */
 198:Src/main.c    ****   HAL_GPIO_WritePin(LD2_GPIO_Port, LD2_Pin, GPIO_PIN_RESET);
 107              		.loc 1 198 3 view .LVU27
 108 0058 094D     		ldr	r5, .L3+4
 109 005a 2246     		mov	r2, r4
 110 005c 0121     		movs	r1, #1
 111 005e 2846     		mov	r0, r5
 112 0060 FFF7FEFF 		bl	HAL_GPIO_WritePin
 113              	.LVL0:
 199:Src/main.c    **** 
 200:Src/main.c    ****   // /*Configure GPIO pin : B1_Pin */
 201:Src/main.c    ****   // GPIO_InitStruct.Pin = B1_Pin;
 202:Src/main.c    ****   // GPIO_InitStruct.Mode = GPIO_MODE_IT_RISING;
 203:Src/main.c    ****   // GPIO_InitStruct.Pull = GPIO_NOPULL;
 204:Src/main.c    ****   // HAL_GPIO_Init(B1_GPIO_Port, &GPIO_InitStruct);
 205:Src/main.c    **** 
 206:Src/main.c    ****   /*Configure GPIO pin : LD2_Pin */
 207:Src/main.c    ****   GPIO_InitStruct.Pin = LD2_Pin;
 114              		.loc 1 207 3 view .LVU28
 115              		.loc 1 207 23 is_stmt 0 view .LVU29
 116 0064 0123     		movs	r3, #1
 117 0066 0493     		str	r3, [sp, #16]
 208:Src/main.c    ****   GPIO_InitStruct.Mode = GPIO_MODE_OUTPUT_PP;
 118              		.loc 1 208 3 is_stmt 1 view .LVU30
 119              		.loc 1 208 24 is_stmt 0 view .LVU31
 120 0068 0593     		str	r3, [sp, #20]
 209:Src/main.c    ****   GPIO_InitStruct.Pull = GPIO_NOPULL;
 121              		.loc 1 209 3 is_stmt 1 view .LVU32
 122              		.loc 1 209 24 is_stmt 0 view .LVU33
 123 006a 0694     		str	r4, [sp, #24]
 210:Src/main.c    ****   GPIO_InitStruct.Speed = GPIO_SPEED_FREQ_LOW;
 124              		.loc 1 210 3 is_stmt 1 view .LVU34
 125              		.loc 1 210 25 is_stmt 0 view .LVU35
 126 006c 0223     		movs	r3, #2
 127 006e 0793     		str	r3, [sp, #28]
 211:Src/main.c    ****   HAL_GPIO_Init(LD2_GPIO_Port, &GPIO_InitStruct);
 128              		.loc 1 211 3 is_stmt 1 view .LVU36
 129 0070 04A9     		add	r1, sp, #16
 130 0072 2846     		mov	r0, r5
 131 0074 FFF7FEFF 		bl	HAL_GPIO_Init
 132              	.LVL1:
ARM GAS  C:\Users\Vulca\AppData\Local\Temp\cc7C3ej2.s 			page 7


 212:Src/main.c    **** 
 213:Src/main.c    ****   // /* EXTI interrupt init*/
 214:Src/main.c    ****   // HAL_NVIC_SetPriority(EXTI15_10_IRQn, 0, 0);
 215:Src/main.c    ****   // HAL_NVIC_EnableIRQ(EXTI15_10_IRQn);
 216:Src/main.c    **** 
 217:Src/main.c    **** }
 133              		.loc 1 217 1 is_stmt 0 view .LVU37
 134 0078 09B0     		add	sp, sp, #36
 135              	.LCFI2:
 136              		.cfi_def_cfa_offset 12
 137              		@ sp needed
 138 007a 30BD     		pop	{r4, r5, pc}
 139              	.L4:
 140              		.align	2
 141              	.L3:
 142 007c 00100240 		.word	1073876992
 143 0080 000C0140 		.word	1073810432
 144              		.cfi_endproc
 145              	.LFE68:
 147              		.section	.text.MX_USART2_UART_Init,"ax",%progbits
 148              		.align	1
 149              		.syntax unified
 150              		.thumb
 151              		.thumb_func
 152              		.fpu softvfp
 154              	MX_USART2_UART_Init:
 155              	.LFB67:
 153:Src/main.c    **** 
 156              		.loc 1 153 1 is_stmt 1 view -0
 157              		.cfi_startproc
 158              		@ args = 0, pretend = 0, frame = 0
 159              		@ frame_needed = 0, uses_anonymous_args = 0
 160 0000 08B5     		push	{r3, lr}
 161              	.LCFI3:
 162              		.cfi_def_cfa_offset 8
 163              		.cfi_offset 3, -8
 164              		.cfi_offset 14, -4
 162:Src/main.c    ****   huart2.Init.BaudRate = 115200;
 165              		.loc 1 162 3 view .LVU39
 162:Src/main.c    ****   huart2.Init.BaudRate = 115200;
 166              		.loc 1 162 19 is_stmt 0 view .LVU40
 167 0002 0848     		ldr	r0, .L7
 168 0004 084B     		ldr	r3, .L7+4
 169 0006 0360     		str	r3, [r0]
 163:Src/main.c    ****   huart2.Init.WordLength = UART_WORDLENGTH_8B;
 170              		.loc 1 163 3 is_stmt 1 view .LVU41
 163:Src/main.c    ****   huart2.Init.WordLength = UART_WORDLENGTH_8B;
 171              		.loc 1 163 24 is_stmt 0 view .LVU42
 172 0008 4FF4E133 		mov	r3, #115200
 173 000c 4360     		str	r3, [r0, #4]
 164:Src/main.c    ****   huart2.Init.StopBits = UART_STOPBITS_1;
 174              		.loc 1 164 3 is_stmt 1 view .LVU43
 164:Src/main.c    ****   huart2.Init.StopBits = UART_STOPBITS_1;
 175              		.loc 1 164 26 is_stmt 0 view .LVU44
 176 000e 0023     		movs	r3, #0
 177 0010 8360     		str	r3, [r0, #8]
 165:Src/main.c    ****   huart2.Init.Parity = UART_PARITY_NONE;
ARM GAS  C:\Users\Vulca\AppData\Local\Temp\cc7C3ej2.s 			page 8


 178              		.loc 1 165 3 is_stmt 1 view .LVU45
 165:Src/main.c    ****   huart2.Init.Parity = UART_PARITY_NONE;
 179              		.loc 1 165 24 is_stmt 0 view .LVU46
 180 0012 C360     		str	r3, [r0, #12]
 166:Src/main.c    ****   huart2.Init.Mode = UART_MODE_TX_RX;
 181              		.loc 1 166 3 is_stmt 1 view .LVU47
 166:Src/main.c    ****   huart2.Init.Mode = UART_MODE_TX_RX;
 182              		.loc 1 166 22 is_stmt 0 view .LVU48
 183 0014 0361     		str	r3, [r0, #16]
 167:Src/main.c    ****   huart2.Init.HwFlowCtl = UART_HWCONTROL_NONE;
 184              		.loc 1 167 3 is_stmt 1 view .LVU49
 167:Src/main.c    ****   huart2.Init.HwFlowCtl = UART_HWCONTROL_NONE;
 185              		.loc 1 167 20 is_stmt 0 view .LVU50
 186 0016 0C22     		movs	r2, #12
 187 0018 4261     		str	r2, [r0, #20]
 168:Src/main.c    ****   huart2.Init.OverSampling = UART_OVERSAMPLING_16;
 188              		.loc 1 168 3 is_stmt 1 view .LVU51
 168:Src/main.c    ****   huart2.Init.OverSampling = UART_OVERSAMPLING_16;
 189              		.loc 1 168 25 is_stmt 0 view .LVU52
 190 001a 8361     		str	r3, [r0, #24]
 169:Src/main.c    ****   if (HAL_UART_Init(&huart2) != HAL_OK)
 191              		.loc 1 169 3 is_stmt 1 view .LVU53
 169:Src/main.c    ****   if (HAL_UART_Init(&huart2) != HAL_OK)
 192              		.loc 1 169 28 is_stmt 0 view .LVU54
 193 001c C361     		str	r3, [r0, #28]
 170:Src/main.c    ****   {
 194              		.loc 1 170 3 is_stmt 1 view .LVU55
 170:Src/main.c    ****   {
 195              		.loc 1 170 7 is_stmt 0 view .LVU56
 196 001e FFF7FEFF 		bl	HAL_UART_Init
 197              	.LVL2:
 180:Src/main.c    **** 
 198              		.loc 1 180 1 view .LVU57
 199 0022 08BD     		pop	{r3, pc}
 200              	.L8:
 201              		.align	2
 202              	.L7:
 203 0024 00000000 		.word	huart2
 204 0028 00440040 		.word	1073759232
 205              		.cfi_endproc
 206              	.LFE67:
 208              		.section	.text.SystemClock_Config,"ax",%progbits
 209              		.align	1
 210              		.global	SystemClock_Config
 211              		.syntax unified
 212              		.thumb
 213              		.thumb_func
 214              		.fpu softvfp
 216              	SystemClock_Config:
 217              	.LFB66:
 115:Src/main.c    ****   RCC_OscInitTypeDef RCC_OscInitStruct = {0};
 218              		.loc 1 115 1 is_stmt 1 view -0
 219              		.cfi_startproc
 220              		@ args = 0, pretend = 0, frame = 64
 221              		@ frame_needed = 0, uses_anonymous_args = 0
 222 0000 30B5     		push	{r4, r5, lr}
 223              	.LCFI4:
ARM GAS  C:\Users\Vulca\AppData\Local\Temp\cc7C3ej2.s 			page 9


 224              		.cfi_def_cfa_offset 12
 225              		.cfi_offset 4, -12
 226              		.cfi_offset 5, -8
 227              		.cfi_offset 14, -4
 228 0002 91B0     		sub	sp, sp, #68
 229              	.LCFI5:
 230              		.cfi_def_cfa_offset 80
 116:Src/main.c    ****   RCC_ClkInitTypeDef RCC_ClkInitStruct = {0};
 231              		.loc 1 116 3 view .LVU59
 116:Src/main.c    ****   RCC_ClkInitTypeDef RCC_ClkInitStruct = {0};
 232              		.loc 1 116 22 is_stmt 0 view .LVU60
 233 0004 0024     		movs	r4, #0
 234 0006 0994     		str	r4, [sp, #36]
 235 0008 0B94     		str	r4, [sp, #44]
 236 000a 0C94     		str	r4, [sp, #48]
 117:Src/main.c    **** 
 237              		.loc 1 117 3 is_stmt 1 view .LVU61
 117:Src/main.c    **** 
 238              		.loc 1 117 22 is_stmt 0 view .LVU62
 239 000c 0194     		str	r4, [sp, #4]
 240 000e 0294     		str	r4, [sp, #8]
 241 0010 0394     		str	r4, [sp, #12]
 242 0012 0494     		str	r4, [sp, #16]
 243 0014 0594     		str	r4, [sp, #20]
 121:Src/main.c    ****   RCC_OscInitStruct.HSEState = RCC_HSE_BYPASS;
 244              		.loc 1 121 3 is_stmt 1 view .LVU63
 121:Src/main.c    ****   RCC_OscInitStruct.HSEState = RCC_HSE_BYPASS;
 245              		.loc 1 121 36 is_stmt 0 view .LVU64
 246 0016 0123     		movs	r3, #1
 247 0018 0693     		str	r3, [sp, #24]
 122:Src/main.c    ****   RCC_OscInitStruct.HSEPredivValue = RCC_HSE_PREDIV_DIV1;
 248              		.loc 1 122 3 is_stmt 1 view .LVU65
 122:Src/main.c    ****   RCC_OscInitStruct.HSEPredivValue = RCC_HSE_PREDIV_DIV1;
 249              		.loc 1 122 30 is_stmt 0 view .LVU66
 250 001a 4FF4A022 		mov	r2, #327680
 251 001e 0792     		str	r2, [sp, #28]
 123:Src/main.c    ****   RCC_OscInitStruct.HSIState = RCC_HSI_ON;
 252              		.loc 1 123 3 is_stmt 1 view .LVU67
 123:Src/main.c    ****   RCC_OscInitStruct.HSIState = RCC_HSI_ON;
 253              		.loc 1 123 36 is_stmt 0 view .LVU68
 254 0020 0894     		str	r4, [sp, #32]
 124:Src/main.c    ****   RCC_OscInitStruct.PLL.PLLState = RCC_PLL_ON;
 255              		.loc 1 124 3 is_stmt 1 view .LVU69
 124:Src/main.c    ****   RCC_OscInitStruct.PLL.PLLState = RCC_PLL_ON;
 256              		.loc 1 124 30 is_stmt 0 view .LVU70
 257 0022 0A93     		str	r3, [sp, #40]
 125:Src/main.c    ****   RCC_OscInitStruct.PLL.PLLSource = RCC_PLLSOURCE_HSE;
 258              		.loc 1 125 3 is_stmt 1 view .LVU71
 125:Src/main.c    ****   RCC_OscInitStruct.PLL.PLLSource = RCC_PLLSOURCE_HSE;
 259              		.loc 1 125 34 is_stmt 0 view .LVU72
 260 0024 0225     		movs	r5, #2
 261 0026 0D95     		str	r5, [sp, #52]
 126:Src/main.c    ****   RCC_OscInitStruct.PLL.PLLMUL = RCC_PLL_MUL9;
 262              		.loc 1 126 3 is_stmt 1 view .LVU73
 126:Src/main.c    ****   RCC_OscInitStruct.PLL.PLLMUL = RCC_PLL_MUL9;
 263              		.loc 1 126 35 is_stmt 0 view .LVU74
 264 0028 4FF48033 		mov	r3, #65536
ARM GAS  C:\Users\Vulca\AppData\Local\Temp\cc7C3ej2.s 			page 10


 265 002c 0E93     		str	r3, [sp, #56]
 127:Src/main.c    ****   if (HAL_RCC_OscConfig(&RCC_OscInitStruct) != HAL_OK)
 266              		.loc 1 127 3 is_stmt 1 view .LVU75
 127:Src/main.c    ****   if (HAL_RCC_OscConfig(&RCC_OscInitStruct) != HAL_OK)
 267              		.loc 1 127 32 is_stmt 0 view .LVU76
 268 002e 4FF4E013 		mov	r3, #1835008
 269 0032 0F93     		str	r3, [sp, #60]
 128:Src/main.c    ****   {
 270              		.loc 1 128 3 is_stmt 1 view .LVU77
 128:Src/main.c    ****   {
 271              		.loc 1 128 7 is_stmt 0 view .LVU78
 272 0034 06A8     		add	r0, sp, #24
 273 0036 FFF7FEFF 		bl	HAL_RCC_OscConfig
 274              	.LVL3:
 134:Src/main.c    ****                               |RCC_CLOCKTYPE_PCLK1|RCC_CLOCKTYPE_PCLK2;
 275              		.loc 1 134 3 is_stmt 1 view .LVU79
 134:Src/main.c    ****                               |RCC_CLOCKTYPE_PCLK1|RCC_CLOCKTYPE_PCLK2;
 276              		.loc 1 134 31 is_stmt 0 view .LVU80
 277 003a 0F23     		movs	r3, #15
 278 003c 0193     		str	r3, [sp, #4]
 136:Src/main.c    ****   RCC_ClkInitStruct.AHBCLKDivider = RCC_SYSCLK_DIV1;
 279              		.loc 1 136 3 is_stmt 1 view .LVU81
 136:Src/main.c    ****   RCC_ClkInitStruct.AHBCLKDivider = RCC_SYSCLK_DIV1;
 280              		.loc 1 136 34 is_stmt 0 view .LVU82
 281 003e 0295     		str	r5, [sp, #8]
 137:Src/main.c    ****   RCC_ClkInitStruct.APB1CLKDivider = RCC_HCLK_DIV2;
 282              		.loc 1 137 3 is_stmt 1 view .LVU83
 137:Src/main.c    ****   RCC_ClkInitStruct.APB1CLKDivider = RCC_HCLK_DIV2;
 283              		.loc 1 137 35 is_stmt 0 view .LVU84
 284 0040 0394     		str	r4, [sp, #12]
 138:Src/main.c    ****   RCC_ClkInitStruct.APB2CLKDivider = RCC_HCLK_DIV1;
 285              		.loc 1 138 3 is_stmt 1 view .LVU85
 138:Src/main.c    ****   RCC_ClkInitStruct.APB2CLKDivider = RCC_HCLK_DIV1;
 286              		.loc 1 138 36 is_stmt 0 view .LVU86
 287 0042 4FF48063 		mov	r3, #1024
 288 0046 0493     		str	r3, [sp, #16]
 139:Src/main.c    **** 
 289              		.loc 1 139 3 is_stmt 1 view .LVU87
 139:Src/main.c    **** 
 290              		.loc 1 139 36 is_stmt 0 view .LVU88
 291 0048 0594     		str	r4, [sp, #20]
 141:Src/main.c    ****   {
 292              		.loc 1 141 3 is_stmt 1 view .LVU89
 141:Src/main.c    ****   {
 293              		.loc 1 141 7 is_stmt 0 view .LVU90
 294 004a 2946     		mov	r1, r5
 295 004c 01A8     		add	r0, sp, #4
 296 004e FFF7FEFF 		bl	HAL_RCC_ClockConfig
 297              	.LVL4:
 145:Src/main.c    **** 
 298              		.loc 1 145 1 view .LVU91
 299 0052 11B0     		add	sp, sp, #68
 300              	.LCFI6:
 301              		.cfi_def_cfa_offset 12
 302              		@ sp needed
 303 0054 30BD     		pop	{r4, r5, pc}
 304              		.cfi_endproc
ARM GAS  C:\Users\Vulca\AppData\Local\Temp\cc7C3ej2.s 			page 11


 305              	.LFE66:
 307              		.section	.text.HAL_UART_TxCpltCallback,"ax",%progbits
 308              		.align	1
 309              		.global	HAL_UART_TxCpltCallback
 310              		.syntax unified
 311              		.thumb
 312              		.thumb_func
 313              		.fpu softvfp
 315              	HAL_UART_TxCpltCallback:
 316              	.LVL5:
 317              	.LFB69:
 218:Src/main.c    **** 
 219:Src/main.c    **** void HAL_UART_TxCpltCallback(UART_HandleTypeDef *huart)
 220:Src/main.c    **** {
 318              		.loc 1 220 1 is_stmt 1 view -0
 319              		.cfi_startproc
 320              		@ args = 0, pretend = 0, frame = 0
 321              		@ frame_needed = 0, uses_anonymous_args = 0
 322              		@ link register save eliminated.
 221:Src/main.c    ****   //HAL_GPIO_TogglePin(LD2_GPIO_Port,LD2_Pin);
 222:Src/main.c    **** }
 323              		.loc 1 222 1 view .LVU93
 324 0000 7047     		bx	lr
 325              		.cfi_endproc
 326              	.LFE69:
 328              		.section	.text.MY_USART1_UART_Init,"ax",%progbits
 329              		.align	1
 330              		.global	MY_USART1_UART_Init
 331              		.syntax unified
 332              		.thumb
 333              		.thumb_func
 334              		.fpu softvfp
 336              	MY_USART1_UART_Init:
 337              	.LFB70:
 223:Src/main.c    **** /**
 224:Src/main.c    ****   * @brief USART2 Initialization Function
 225:Src/main.c    ****   * @param None
 226:Src/main.c    ****   * @retval None
 227:Src/main.c    ****   */
 228:Src/main.c    **** 
 229:Src/main.c    **** void MY_USART1_UART_Init(void)
 230:Src/main.c    **** {
 338              		.loc 1 230 1 view -0
 339              		.cfi_startproc
 340              		@ args = 0, pretend = 0, frame = 0
 341              		@ frame_needed = 0, uses_anonymous_args = 0
 342 0000 08B5     		push	{r3, lr}
 343              	.LCFI7:
 344              		.cfi_def_cfa_offset 8
 345              		.cfi_offset 3, -8
 346              		.cfi_offset 14, -4
 231:Src/main.c    **** 
 232:Src/main.c    ****   /* USER CODE BEGIN USART2_Init 0 */
 233:Src/main.c    **** 
 234:Src/main.c    ****   /* USER CODE END USART2_Init 0 */
 235:Src/main.c    **** 
 236:Src/main.c    ****   /* USER CODE BEGIN USART2_Init 1 */
ARM GAS  C:\Users\Vulca\AppData\Local\Temp\cc7C3ej2.s 			page 12


 237:Src/main.c    **** 
 238:Src/main.c    ****   /* USER CODE END USART2_Init 1 */
 239:Src/main.c    ****   huart1.Instance = USART1;
 347              		.loc 1 239 3 view .LVU95
 348              		.loc 1 239 19 is_stmt 0 view .LVU96
 349 0002 0848     		ldr	r0, .L14
 350 0004 084B     		ldr	r3, .L14+4
 351 0006 0360     		str	r3, [r0]
 240:Src/main.c    ****   huart1.Init.BaudRate = 115200;
 352              		.loc 1 240 3 is_stmt 1 view .LVU97
 353              		.loc 1 240 24 is_stmt 0 view .LVU98
 354 0008 4FF4E133 		mov	r3, #115200
 355 000c 4360     		str	r3, [r0, #4]
 241:Src/main.c    ****   huart1.Init.WordLength = UART_WORDLENGTH_8B;
 356              		.loc 1 241 3 is_stmt 1 view .LVU99
 357              		.loc 1 241 26 is_stmt 0 view .LVU100
 358 000e 0023     		movs	r3, #0
 359 0010 8360     		str	r3, [r0, #8]
 242:Src/main.c    ****   huart1.Init.StopBits = UART_STOPBITS_1;
 360              		.loc 1 242 3 is_stmt 1 view .LVU101
 361              		.loc 1 242 24 is_stmt 0 view .LVU102
 362 0012 C360     		str	r3, [r0, #12]
 243:Src/main.c    ****   huart1.Init.Parity = UART_PARITY_NONE;
 363              		.loc 1 243 3 is_stmt 1 view .LVU103
 364              		.loc 1 243 22 is_stmt 0 view .LVU104
 365 0014 0361     		str	r3, [r0, #16]
 244:Src/main.c    ****   huart1.Init.Mode = UART_MODE_TX_RX;
 366              		.loc 1 244 3 is_stmt 1 view .LVU105
 367              		.loc 1 244 20 is_stmt 0 view .LVU106
 368 0016 0C22     		movs	r2, #12
 369 0018 4261     		str	r2, [r0, #20]
 245:Src/main.c    ****   huart1.Init.HwFlowCtl = UART_HWCONTROL_NONE;
 370              		.loc 1 245 3 is_stmt 1 view .LVU107
 371              		.loc 1 245 25 is_stmt 0 view .LVU108
 372 001a 8361     		str	r3, [r0, #24]
 246:Src/main.c    ****   huart1.Init.OverSampling = UART_OVERSAMPLING_16;
 373              		.loc 1 246 3 is_stmt 1 view .LVU109
 374              		.loc 1 246 28 is_stmt 0 view .LVU110
 375 001c C361     		str	r3, [r0, #28]
 247:Src/main.c    ****   if (HAL_UART_Init(&huart1) != HAL_OK)
 376              		.loc 1 247 3 is_stmt 1 view .LVU111
 377              		.loc 1 247 7 is_stmt 0 view .LVU112
 378 001e FFF7FEFF 		bl	HAL_UART_Init
 379              	.LVL6:
 248:Src/main.c    ****   {
 249:Src/main.c    ****     Error_Handler();
 250:Src/main.c    ****   }
 251:Src/main.c    ****   /* USER CODE BEGIN USART2_Init 2 */
 252:Src/main.c    ****   //启动NVIC
 253:Src/main.c    ****   //HAL_NVIC_SetPriority(USART2_IRQn,0,0);
 254:Src/main.c    ****   //HAL_NVIC_EnableIRQ(USART2_IRQn);
 255:Src/main.c    ****   /* USER CODE END USART2_Init 2 */
 256:Src/main.c    **** 
 257:Src/main.c    **** }
 380              		.loc 1 257 1 view .LVU113
 381 0022 08BD     		pop	{r3, pc}
 382              	.L15:
ARM GAS  C:\Users\Vulca\AppData\Local\Temp\cc7C3ej2.s 			page 13


 383              		.align	2
 384              	.L14:
 385 0024 00000000 		.word	huart1
 386 0028 00380140 		.word	1073821696
 387              		.cfi_endproc
 388              	.LFE70:
 390              		.section	.text.main,"ax",%progbits
 391              		.align	1
 392              		.global	main
 393              		.syntax unified
 394              		.thumb
 395              		.thumb_func
 396              		.fpu softvfp
 398              	main:
 399              	.LFB65:
  69:Src/main.c    ****   /* USER CODE BEGIN 1 */
 400              		.loc 1 69 1 is_stmt 1 view -0
 401              		.cfi_startproc
 402              		@ Volatile: function does not return.
 403              		@ args = 0, pretend = 0, frame = 0
 404              		@ frame_needed = 0, uses_anonymous_args = 0
 405 0000 08B5     		push	{r3, lr}
 406              	.LCFI8:
 407              		.cfi_def_cfa_offset 8
 408              		.cfi_offset 3, -8
 409              		.cfi_offset 14, -4
  77:Src/main.c    **** 
 410              		.loc 1 77 3 view .LVU115
 411 0002 FFF7FEFF 		bl	HAL_Init
 412              	.LVL7:
  84:Src/main.c    **** 
 413              		.loc 1 84 3 view .LVU116
 414 0006 FFF7FEFF 		bl	SystemClock_Config
 415              	.LVL8:
  91:Src/main.c    ****   MX_USART2_UART_Init();
 416              		.loc 1 91 3 view .LVU117
 417 000a FFF7FEFF 		bl	MX_GPIO_Init
 418              	.LVL9:
  92:Src/main.c    ****   /* USER CODE BEGIN 2 */
 419              		.loc 1 92 3 view .LVU118
 420 000e FFF7FEFF 		bl	MX_USART2_UART_Init
 421              	.LVL10:
  94:Src/main.c    ****   /* USER CODE END 2 */
 422              		.loc 1 94 3 view .LVU119
 423 0012 FFF7FEFF 		bl	MY_USART1_UART_Init
 424              	.LVL11:
 425              	.L17:
  99:Src/main.c    ****   {
 426              		.loc 1 99 3 discriminator 1 view .LVU120
 103:Src/main.c    ****     HAL_Delay(100);
 427              		.loc 1 103 5 discriminator 1 view .LVU121
 428 0016 0121     		movs	r1, #1
 429 0018 0348     		ldr	r0, .L19
 430 001a FFF7FEFF 		bl	HAL_GPIO_TogglePin
 431              	.LVL12:
 104:Src/main.c    ****     /* USER CODE BEGIN 3 */
 432              		.loc 1 104 5 discriminator 1 view .LVU122
ARM GAS  C:\Users\Vulca\AppData\Local\Temp\cc7C3ej2.s 			page 14


 433 001e 6420     		movs	r0, #100
 434 0020 FFF7FEFF 		bl	HAL_Delay
 435              	.LVL13:
  99:Src/main.c    ****   {
 436              		.loc 1 99 9 discriminator 1 view .LVU123
 437 0024 F7E7     		b	.L17
 438              	.L20:
 439 0026 00BF     		.align	2
 440              	.L19:
 441 0028 000C0140 		.word	1073810432
 442              		.cfi_endproc
 443              	.LFE65:
 445              		.section	.text.Error_Handler,"ax",%progbits
 446              		.align	1
 447              		.global	Error_Handler
 448              		.syntax unified
 449              		.thumb
 450              		.thumb_func
 451              		.fpu softvfp
 453              	Error_Handler:
 454              	.LFB71:
 258:Src/main.c    **** 
 259:Src/main.c    **** /* USER CODE END 4 */
 260:Src/main.c    **** 
 261:Src/main.c    **** /**
 262:Src/main.c    ****   * @brief  This function is executed in case of error occurrence.
 263:Src/main.c    ****   * @retval None
 264:Src/main.c    ****   */
 265:Src/main.c    **** void Error_Handler(void)
 266:Src/main.c    **** {
 455              		.loc 1 266 1 view -0
 456              		.cfi_startproc
 457              		@ args = 0, pretend = 0, frame = 0
 458              		@ frame_needed = 0, uses_anonymous_args = 0
 459              		@ link register save eliminated.
 267:Src/main.c    ****   /* USER CODE BEGIN Error_Handler_Debug */
 268:Src/main.c    ****   /* User can add his own implementation to report the HAL error return state */
 269:Src/main.c    **** 
 270:Src/main.c    ****   /* USER CODE END Error_Handler_Debug */
 271:Src/main.c    **** }
 460              		.loc 1 271 1 view .LVU125
 461 0000 7047     		bx	lr
 462              		.cfi_endproc
 463              	.LFE71:
 465              		.comm	huart1,64,4
 466              		.comm	huart2,64,4
 467              		.text
 468              	.Letext0:
 469              		.file 2 "c:\\program files (x86)\\gnu tools arm embedded\\9 2019-q4-major\\arm-none-eabi\\include\
 470              		.file 3 "c:\\program files (x86)\\gnu tools arm embedded\\9 2019-q4-major\\arm-none-eabi\\include\
 471              		.file 4 "Drivers/CMSIS/Include/core_cm3.h"
 472              		.file 5 "Drivers/CMSIS/Device/ST/STM32F1xx/Include/system_stm32f1xx.h"
 473              		.file 6 "Drivers/CMSIS/Device/ST/STM32F1xx/Include/stm32f103xb.h"
 474              		.file 7 "Drivers/STM32F1xx_HAL_Driver/Inc/stm32f1xx_hal_def.h"
 475              		.file 8 "Drivers/STM32F1xx_HAL_Driver/Inc/stm32f1xx_hal_rcc.h"
 476              		.file 9 "Drivers/STM32F1xx_HAL_Driver/Inc/stm32f1xx_hal_rcc_ex.h"
 477              		.file 10 "Drivers/STM32F1xx_HAL_Driver/Inc/stm32f1xx_hal_gpio.h"
ARM GAS  C:\Users\Vulca\AppData\Local\Temp\cc7C3ej2.s 			page 15


 478              		.file 11 "Drivers/STM32F1xx_HAL_Driver/Inc/stm32f1xx_hal_dma.h"
 479              		.file 12 "Drivers/STM32F1xx_HAL_Driver/Inc/stm32f1xx_hal_uart.h"
 480              		.file 13 "Drivers/STM32F1xx_HAL_Driver/Inc/stm32f1xx_hal.h"
 481              		.file 14 "Inc/main.h"
ARM GAS  C:\Users\Vulca\AppData\Local\Temp\cc7C3ej2.s 			page 16


DEFINED SYMBOLS
                            *ABS*:00000000 main.c
C:\Users\Vulca\AppData\Local\Temp\cc7C3ej2.s:16     .text.MX_GPIO_Init:00000000 $t
C:\Users\Vulca\AppData\Local\Temp\cc7C3ej2.s:23     .text.MX_GPIO_Init:00000000 MX_GPIO_Init
C:\Users\Vulca\AppData\Local\Temp\cc7C3ej2.s:142    .text.MX_GPIO_Init:0000007c $d
C:\Users\Vulca\AppData\Local\Temp\cc7C3ej2.s:148    .text.MX_USART2_UART_Init:00000000 $t
C:\Users\Vulca\AppData\Local\Temp\cc7C3ej2.s:154    .text.MX_USART2_UART_Init:00000000 MX_USART2_UART_Init
C:\Users\Vulca\AppData\Local\Temp\cc7C3ej2.s:203    .text.MX_USART2_UART_Init:00000024 $d
                            *COM*:00000040 huart2
C:\Users\Vulca\AppData\Local\Temp\cc7C3ej2.s:209    .text.SystemClock_Config:00000000 $t
C:\Users\Vulca\AppData\Local\Temp\cc7C3ej2.s:216    .text.SystemClock_Config:00000000 SystemClock_Config
C:\Users\Vulca\AppData\Local\Temp\cc7C3ej2.s:308    .text.HAL_UART_TxCpltCallback:00000000 $t
C:\Users\Vulca\AppData\Local\Temp\cc7C3ej2.s:315    .text.HAL_UART_TxCpltCallback:00000000 HAL_UART_TxCpltCallback
C:\Users\Vulca\AppData\Local\Temp\cc7C3ej2.s:329    .text.MY_USART1_UART_Init:00000000 $t
C:\Users\Vulca\AppData\Local\Temp\cc7C3ej2.s:336    .text.MY_USART1_UART_Init:00000000 MY_USART1_UART_Init
C:\Users\Vulca\AppData\Local\Temp\cc7C3ej2.s:385    .text.MY_USART1_UART_Init:00000024 $d
                            *COM*:00000040 huart1
C:\Users\Vulca\AppData\Local\Temp\cc7C3ej2.s:391    .text.main:00000000 $t
C:\Users\Vulca\AppData\Local\Temp\cc7C3ej2.s:398    .text.main:00000000 main
C:\Users\Vulca\AppData\Local\Temp\cc7C3ej2.s:441    .text.main:00000028 $d
C:\Users\Vulca\AppData\Local\Temp\cc7C3ej2.s:446    .text.Error_Handler:00000000 $t
C:\Users\Vulca\AppData\Local\Temp\cc7C3ej2.s:453    .text.Error_Handler:00000000 Error_Handler

UNDEFINED SYMBOLS
HAL_GPIO_WritePin
HAL_GPIO_Init
HAL_UART_Init
HAL_RCC_OscConfig
HAL_RCC_ClockConfig
HAL_Init
HAL_GPIO_TogglePin
HAL_Delay
