ARM GAS  C:\Users\Vulca\AppData\Local\Temp\ccIdszul.s 			page 1


   1              		.cpu cortex-m3
   2              		.eabi_attribute 20, 1
   3              		.eabi_attribute 21, 1
   4              		.eabi_attribute 23, 3
   5              		.eabi_attribute 24, 1
   6              		.eabi_attribute 25, 1
   7              		.eabi_attribute 26, 1
   8              		.eabi_attribute 30, 1
   9              		.eabi_attribute 34, 1
  10              		.eabi_attribute 18, 4
  11              		.file	"stm32f1xx_hal_msp.c"
  12              		.text
  13              	.Ltext0:
  14              		.cfi_sections	.debug_frame
  15              		.section	.text.HAL_MspInit,"ax",%progbits
  16              		.align	1
  17              		.global	HAL_MspInit
  18              		.arch armv7-m
  19              		.syntax unified
  20              		.thumb
  21              		.thumb_func
  22              		.fpu softvfp
  24              	HAL_MspInit:
  25              	.LFB65:
  26              		.file 1 "Src/stm32f1xx_hal_msp.c"
   1:Src/stm32f1xx_hal_msp.c **** /* USER CODE BEGIN Header */
   2:Src/stm32f1xx_hal_msp.c **** /**
   3:Src/stm32f1xx_hal_msp.c ****   ******************************************************************************
   4:Src/stm32f1xx_hal_msp.c ****   * File Name          : stm32f1xx_hal_msp.c
   5:Src/stm32f1xx_hal_msp.c ****   * Description        : This file provides code for the MSP Initialization 
   6:Src/stm32f1xx_hal_msp.c ****   *                      and de-Initialization codes.
   7:Src/stm32f1xx_hal_msp.c ****   ******************************************************************************
   8:Src/stm32f1xx_hal_msp.c ****   * @attention
   9:Src/stm32f1xx_hal_msp.c ****   *
  10:Src/stm32f1xx_hal_msp.c ****   * <h2><center>&copy; Copyright (c) 2020 STMicroelectronics.
  11:Src/stm32f1xx_hal_msp.c ****   * All rights reserved.</center></h2>
  12:Src/stm32f1xx_hal_msp.c ****   *
  13:Src/stm32f1xx_hal_msp.c ****   * This software component is licensed by ST under BSD 3-Clause license,
  14:Src/stm32f1xx_hal_msp.c ****   * the "License"; You may not use this file except in compliance with the
  15:Src/stm32f1xx_hal_msp.c ****   * License. You may obtain a copy of the License at:
  16:Src/stm32f1xx_hal_msp.c ****   *                        opensource.org/licenses/BSD-3-Clause
  17:Src/stm32f1xx_hal_msp.c ****   *
  18:Src/stm32f1xx_hal_msp.c ****   ******************************************************************************
  19:Src/stm32f1xx_hal_msp.c ****   */
  20:Src/stm32f1xx_hal_msp.c **** /* USER CODE END Header */
  21:Src/stm32f1xx_hal_msp.c **** 
  22:Src/stm32f1xx_hal_msp.c **** /* Includes ------------------------------------------------------------------*/
  23:Src/stm32f1xx_hal_msp.c **** #include "main.h"
  24:Src/stm32f1xx_hal_msp.c **** /* USER CODE BEGIN Includes */
  25:Src/stm32f1xx_hal_msp.c **** 
  26:Src/stm32f1xx_hal_msp.c **** /* USER CODE END Includes */
  27:Src/stm32f1xx_hal_msp.c **** 
  28:Src/stm32f1xx_hal_msp.c **** /* Private typedef -----------------------------------------------------------*/
  29:Src/stm32f1xx_hal_msp.c **** /* USER CODE BEGIN TD */
  30:Src/stm32f1xx_hal_msp.c **** 
  31:Src/stm32f1xx_hal_msp.c **** /* USER CODE END TD */
  32:Src/stm32f1xx_hal_msp.c **** 
ARM GAS  C:\Users\Vulca\AppData\Local\Temp\ccIdszul.s 			page 2


  33:Src/stm32f1xx_hal_msp.c **** /* Private define ------------------------------------------------------------*/
  34:Src/stm32f1xx_hal_msp.c **** /* USER CODE BEGIN Define */
  35:Src/stm32f1xx_hal_msp.c **** 
  36:Src/stm32f1xx_hal_msp.c **** /* USER CODE END Define */
  37:Src/stm32f1xx_hal_msp.c **** 
  38:Src/stm32f1xx_hal_msp.c **** /* Private macro -------------------------------------------------------------*/
  39:Src/stm32f1xx_hal_msp.c **** /* USER CODE BEGIN Macro */
  40:Src/stm32f1xx_hal_msp.c **** 
  41:Src/stm32f1xx_hal_msp.c **** /* USER CODE END Macro */
  42:Src/stm32f1xx_hal_msp.c **** 
  43:Src/stm32f1xx_hal_msp.c **** /* Private variables ---------------------------------------------------------*/
  44:Src/stm32f1xx_hal_msp.c **** /* USER CODE BEGIN PV */
  45:Src/stm32f1xx_hal_msp.c **** 
  46:Src/stm32f1xx_hal_msp.c **** /* USER CODE END PV */
  47:Src/stm32f1xx_hal_msp.c **** 
  48:Src/stm32f1xx_hal_msp.c **** /* Private function prototypes -----------------------------------------------*/
  49:Src/stm32f1xx_hal_msp.c **** /* USER CODE BEGIN PFP */
  50:Src/stm32f1xx_hal_msp.c **** 
  51:Src/stm32f1xx_hal_msp.c **** /* USER CODE END PFP */
  52:Src/stm32f1xx_hal_msp.c **** 
  53:Src/stm32f1xx_hal_msp.c **** /* External functions --------------------------------------------------------*/
  54:Src/stm32f1xx_hal_msp.c **** /* USER CODE BEGIN ExternalFunctions */
  55:Src/stm32f1xx_hal_msp.c **** 
  56:Src/stm32f1xx_hal_msp.c **** /* USER CODE END ExternalFunctions */
  57:Src/stm32f1xx_hal_msp.c **** 
  58:Src/stm32f1xx_hal_msp.c **** /* USER CODE BEGIN 0 */
  59:Src/stm32f1xx_hal_msp.c **** 
  60:Src/stm32f1xx_hal_msp.c **** /* USER CODE END 0 */
  61:Src/stm32f1xx_hal_msp.c **** /**
  62:Src/stm32f1xx_hal_msp.c ****   * Initializes the Global MSP.
  63:Src/stm32f1xx_hal_msp.c ****   */
  64:Src/stm32f1xx_hal_msp.c **** void HAL_MspInit(void)
  65:Src/stm32f1xx_hal_msp.c **** {
  27              		.loc 1 65 1 view -0
  28              		.cfi_startproc
  29              		@ args = 0, pretend = 0, frame = 8
  30              		@ frame_needed = 0, uses_anonymous_args = 0
  31              		@ link register save eliminated.
  32 0000 82B0     		sub	sp, sp, #8
  33              	.LCFI0:
  34              		.cfi_def_cfa_offset 8
  66:Src/stm32f1xx_hal_msp.c ****   /* USER CODE BEGIN MspInit 0 */
  67:Src/stm32f1xx_hal_msp.c **** 
  68:Src/stm32f1xx_hal_msp.c ****   /* USER CODE END MspInit 0 */
  69:Src/stm32f1xx_hal_msp.c **** 
  70:Src/stm32f1xx_hal_msp.c ****   __HAL_RCC_AFIO_CLK_ENABLE();
  35              		.loc 1 70 3 view .LVU1
  36              	.LBB2:
  37              		.loc 1 70 3 view .LVU2
  38              		.loc 1 70 3 view .LVU3
  39 0002 0E4B     		ldr	r3, .L3
  40 0004 9A69     		ldr	r2, [r3, #24]
  41 0006 42F00102 		orr	r2, r2, #1
  42 000a 9A61     		str	r2, [r3, #24]
  43              		.loc 1 70 3 view .LVU4
  44 000c 9A69     		ldr	r2, [r3, #24]
  45 000e 02F00102 		and	r2, r2, #1
ARM GAS  C:\Users\Vulca\AppData\Local\Temp\ccIdszul.s 			page 3


  46 0012 0092     		str	r2, [sp]
  47              		.loc 1 70 3 view .LVU5
  48 0014 009A     		ldr	r2, [sp]
  49              	.LBE2:
  50              		.loc 1 70 3 view .LVU6
  71:Src/stm32f1xx_hal_msp.c ****   __HAL_RCC_PWR_CLK_ENABLE();
  51              		.loc 1 71 3 view .LVU7
  52              	.LBB3:
  53              		.loc 1 71 3 view .LVU8
  54              		.loc 1 71 3 view .LVU9
  55 0016 DA69     		ldr	r2, [r3, #28]
  56 0018 42F08052 		orr	r2, r2, #268435456
  57 001c DA61     		str	r2, [r3, #28]
  58              		.loc 1 71 3 view .LVU10
  59 001e DB69     		ldr	r3, [r3, #28]
  60 0020 03F08053 		and	r3, r3, #268435456
  61 0024 0193     		str	r3, [sp, #4]
  62              		.loc 1 71 3 view .LVU11
  63 0026 019B     		ldr	r3, [sp, #4]
  64              	.LBE3:
  65              		.loc 1 71 3 view .LVU12
  72:Src/stm32f1xx_hal_msp.c **** 
  73:Src/stm32f1xx_hal_msp.c ****   /* System interrupt init*/
  74:Src/stm32f1xx_hal_msp.c **** 
  75:Src/stm32f1xx_hal_msp.c ****   /** NOJTAG: JTAG-DP Disabled and SW-DP Enabled 
  76:Src/stm32f1xx_hal_msp.c ****   */
  77:Src/stm32f1xx_hal_msp.c ****   __HAL_AFIO_REMAP_SWJ_NOJTAG();
  66              		.loc 1 77 3 view .LVU13
  67              	.LBB4:
  68              		.loc 1 77 3 view .LVU14
  69 0028 054A     		ldr	r2, .L3+4
  70 002a 5368     		ldr	r3, [r2, #4]
  71              	.LVL0:
  72              		.loc 1 77 3 view .LVU15
  73 002c 23F0E063 		bic	r3, r3, #117440512
  74              	.LVL1:
  75              		.loc 1 77 3 view .LVU16
  76 0030 43F00073 		orr	r3, r3, #33554432
  77              	.LVL2:
  78              		.loc 1 77 3 view .LVU17
  79 0034 5360     		str	r3, [r2, #4]
  80              	.LBE4:
  81              		.loc 1 77 3 view .LVU18
  78:Src/stm32f1xx_hal_msp.c **** 
  79:Src/stm32f1xx_hal_msp.c ****   /* USER CODE BEGIN MspInit 1 */
  80:Src/stm32f1xx_hal_msp.c **** 
  81:Src/stm32f1xx_hal_msp.c ****   /* USER CODE END MspInit 1 */
  82:Src/stm32f1xx_hal_msp.c **** }
  82              		.loc 1 82 1 is_stmt 0 view .LVU19
  83 0036 02B0     		add	sp, sp, #8
  84              	.LCFI1:
  85              		.cfi_def_cfa_offset 0
  86              		@ sp needed
  87 0038 7047     		bx	lr
  88              	.L4:
  89 003a 00BF     		.align	2
  90              	.L3:
ARM GAS  C:\Users\Vulca\AppData\Local\Temp\ccIdszul.s 			page 4


  91 003c 00100240 		.word	1073876992
  92 0040 00000140 		.word	1073807360
  93              		.cfi_endproc
  94              	.LFE65:
  96              		.section	.text.HAL_UART_MspInit,"ax",%progbits
  97              		.align	1
  98              		.global	HAL_UART_MspInit
  99              		.syntax unified
 100              		.thumb
 101              		.thumb_func
 102              		.fpu softvfp
 104              	HAL_UART_MspInit:
 105              	.LVL3:
 106              	.LFB66:
  83:Src/stm32f1xx_hal_msp.c **** 
  84:Src/stm32f1xx_hal_msp.c **** /**
  85:Src/stm32f1xx_hal_msp.c **** * @brief UART MSP Initialization
  86:Src/stm32f1xx_hal_msp.c **** * This function configures the hardware resources used in this example
  87:Src/stm32f1xx_hal_msp.c **** * @param huart: UART handle pointer
  88:Src/stm32f1xx_hal_msp.c **** * @retval None
  89:Src/stm32f1xx_hal_msp.c **** */
  90:Src/stm32f1xx_hal_msp.c **** void HAL_UART_MspInit(UART_HandleTypeDef *huart)
  91:Src/stm32f1xx_hal_msp.c **** {
 107              		.loc 1 91 1 is_stmt 1 view -0
 108              		.cfi_startproc
 109              		@ args = 0, pretend = 0, frame = 32
 110              		@ frame_needed = 0, uses_anonymous_args = 0
 111              		.loc 1 91 1 is_stmt 0 view .LVU21
 112 0000 10B5     		push	{r4, lr}
 113              	.LCFI2:
 114              		.cfi_def_cfa_offset 8
 115              		.cfi_offset 4, -8
 116              		.cfi_offset 14, -4
 117 0002 88B0     		sub	sp, sp, #32
 118              	.LCFI3:
 119              		.cfi_def_cfa_offset 40
 120 0004 0446     		mov	r4, r0
  92:Src/stm32f1xx_hal_msp.c ****   GPIO_InitTypeDef GPIO_InitStruct = {0};
 121              		.loc 1 92 3 is_stmt 1 view .LVU22
 122              		.loc 1 92 20 is_stmt 0 view .LVU23
 123 0006 0023     		movs	r3, #0
 124 0008 0493     		str	r3, [sp, #16]
 125 000a 0593     		str	r3, [sp, #20]
 126 000c 0693     		str	r3, [sp, #24]
 127 000e 0793     		str	r3, [sp, #28]
  93:Src/stm32f1xx_hal_msp.c ****   if (huart->Instance == USART2)
 128              		.loc 1 93 3 is_stmt 1 view .LVU24
 129              		.loc 1 93 12 is_stmt 0 view .LVU25
 130 0010 0268     		ldr	r2, [r0]
 131              		.loc 1 93 6 view .LVU26
 132 0012 224B     		ldr	r3, .L11
 133 0014 9A42     		cmp	r2, r3
 134 0016 05D0     		beq	.L9
 135              	.LVL4:
 136              	.L6:
  94:Src/stm32f1xx_hal_msp.c ****   {
  95:Src/stm32f1xx_hal_msp.c ****     /* USER CODE BEGIN USART2_MspInit 0 */
ARM GAS  C:\Users\Vulca\AppData\Local\Temp\ccIdszul.s 			page 5


  96:Src/stm32f1xx_hal_msp.c **** 
  97:Src/stm32f1xx_hal_msp.c ****     /* USER CODE END USART2_MspInit 0 */
  98:Src/stm32f1xx_hal_msp.c ****     /* Peripheral clock enable */
  99:Src/stm32f1xx_hal_msp.c ****     __HAL_RCC_USART2_CLK_ENABLE();
 100:Src/stm32f1xx_hal_msp.c **** 
 101:Src/stm32f1xx_hal_msp.c ****     __HAL_RCC_GPIOA_CLK_ENABLE();
 102:Src/stm32f1xx_hal_msp.c ****     /**USART2 GPIO Configuration    
 103:Src/stm32f1xx_hal_msp.c ****     PA2     ------> USART2_TX
 104:Src/stm32f1xx_hal_msp.c ****     PA3     ------> USART2_RX 
 105:Src/stm32f1xx_hal_msp.c ****     */
 106:Src/stm32f1xx_hal_msp.c ****     GPIO_InitStruct.Pin = USART_TX_Pin | USART_RX_Pin;
 107:Src/stm32f1xx_hal_msp.c ****     //GPIO_InitStruct.Mode = GPIO_MODE_AF_PP;
 108:Src/stm32f1xx_hal_msp.c ****     GPIO_InitStruct.Speed = GPIO_SPEED_FREQ_LOW;
 109:Src/stm32f1xx_hal_msp.c ****     HAL_GPIO_Init(GPIOA, &GPIO_InitStruct);
 110:Src/stm32f1xx_hal_msp.c **** 
 111:Src/stm32f1xx_hal_msp.c ****     /* USER CODE BEGIN USART2_MspInit 1 */
 112:Src/stm32f1xx_hal_msp.c **** 
 113:Src/stm32f1xx_hal_msp.c ****     /* USER CODE END USART2_MspInit 1 */
 114:Src/stm32f1xx_hal_msp.c ****   }
 115:Src/stm32f1xx_hal_msp.c **** 
 116:Src/stm32f1xx_hal_msp.c ****   if (huart->Instance == USART1)
 137              		.loc 1 116 3 is_stmt 1 view .LVU27
 138              		.loc 1 116 12 is_stmt 0 view .LVU28
 139 0018 2268     		ldr	r2, [r4]
 140              		.loc 1 116 6 view .LVU29
 141 001a 214B     		ldr	r3, .L11+4
 142 001c 9A42     		cmp	r2, r3
 143 001e 1ED0     		beq	.L10
 144              	.L5:
 117:Src/stm32f1xx_hal_msp.c ****   {
 118:Src/stm32f1xx_hal_msp.c ****     /* USER CODE BEGIN USART2_MspInit 0 */
 119:Src/stm32f1xx_hal_msp.c **** 
 120:Src/stm32f1xx_hal_msp.c ****     /* USER CODE END USART2_MspInit 0 */
 121:Src/stm32f1xx_hal_msp.c ****     /* Peripheral clock enable */
 122:Src/stm32f1xx_hal_msp.c ****     __HAL_RCC_USART1_CLK_ENABLE();
 123:Src/stm32f1xx_hal_msp.c **** 
 124:Src/stm32f1xx_hal_msp.c ****     __HAL_RCC_GPIOB_CLK_ENABLE();
 125:Src/stm32f1xx_hal_msp.c ****     /**USART2 GPIO Configuration    
 126:Src/stm32f1xx_hal_msp.c ****     PA2     ------> USART2_TX
 127:Src/stm32f1xx_hal_msp.c ****     PA3     ------> USART2_RX 
 128:Src/stm32f1xx_hal_msp.c ****     */
 129:Src/stm32f1xx_hal_msp.c ****     GPIO_InitStruct.Pin = USART1_TX_Pin | USART1_RX_Pin;
 130:Src/stm32f1xx_hal_msp.c ****     GPIO_InitStruct.Mode = GPIO_MODE_AF_PP;
 131:Src/stm32f1xx_hal_msp.c ****     GPIO_InitStruct.Speed = GPIO_SPEED_FREQ_LOW;
 132:Src/stm32f1xx_hal_msp.c ****     HAL_GPIO_Init(GPIOB, &GPIO_InitStruct);
 133:Src/stm32f1xx_hal_msp.c **** 
 134:Src/stm32f1xx_hal_msp.c ****     /* USER CODE BEGIN USART2_MspInit 1 */
 135:Src/stm32f1xx_hal_msp.c **** 
 136:Src/stm32f1xx_hal_msp.c ****     /* USER CODE END USART2_MspInit 1 */
 137:Src/stm32f1xx_hal_msp.c ****   }
 138:Src/stm32f1xx_hal_msp.c **** }
 145              		.loc 1 138 1 view .LVU30
 146 0020 08B0     		add	sp, sp, #32
 147              	.LCFI4:
 148              		.cfi_remember_state
 149              		.cfi_def_cfa_offset 8
 150              		@ sp needed
ARM GAS  C:\Users\Vulca\AppData\Local\Temp\ccIdszul.s 			page 6


 151 0022 10BD     		pop	{r4, pc}
 152              	.LVL5:
 153              	.L9:
 154              	.LCFI5:
 155              		.cfi_restore_state
  99:Src/stm32f1xx_hal_msp.c **** 
 156              		.loc 1 99 5 is_stmt 1 view .LVU31
 157              	.LBB5:
  99:Src/stm32f1xx_hal_msp.c **** 
 158              		.loc 1 99 5 view .LVU32
  99:Src/stm32f1xx_hal_msp.c **** 
 159              		.loc 1 99 5 view .LVU33
 160 0024 03F5E633 		add	r3, r3, #117760
 161 0028 DA69     		ldr	r2, [r3, #28]
 162 002a 42F40032 		orr	r2, r2, #131072
 163 002e DA61     		str	r2, [r3, #28]
  99:Src/stm32f1xx_hal_msp.c **** 
 164              		.loc 1 99 5 view .LVU34
 165 0030 DA69     		ldr	r2, [r3, #28]
 166 0032 02F40032 		and	r2, r2, #131072
 167 0036 0092     		str	r2, [sp]
  99:Src/stm32f1xx_hal_msp.c **** 
 168              		.loc 1 99 5 view .LVU35
 169 0038 009A     		ldr	r2, [sp]
 170              	.LBE5:
  99:Src/stm32f1xx_hal_msp.c **** 
 171              		.loc 1 99 5 view .LVU36
 101:Src/stm32f1xx_hal_msp.c ****     /**USART2 GPIO Configuration    
 172              		.loc 1 101 5 view .LVU37
 173              	.LBB6:
 101:Src/stm32f1xx_hal_msp.c ****     /**USART2 GPIO Configuration    
 174              		.loc 1 101 5 view .LVU38
 101:Src/stm32f1xx_hal_msp.c ****     /**USART2 GPIO Configuration    
 175              		.loc 1 101 5 view .LVU39
 176 003a 9A69     		ldr	r2, [r3, #24]
 177 003c 42F00402 		orr	r2, r2, #4
 178 0040 9A61     		str	r2, [r3, #24]
 101:Src/stm32f1xx_hal_msp.c ****     /**USART2 GPIO Configuration    
 179              		.loc 1 101 5 view .LVU40
 180 0042 9B69     		ldr	r3, [r3, #24]
 181 0044 03F00403 		and	r3, r3, #4
 182 0048 0193     		str	r3, [sp, #4]
 101:Src/stm32f1xx_hal_msp.c ****     /**USART2 GPIO Configuration    
 183              		.loc 1 101 5 view .LVU41
 184 004a 019B     		ldr	r3, [sp, #4]
 185              	.LBE6:
 101:Src/stm32f1xx_hal_msp.c ****     /**USART2 GPIO Configuration    
 186              		.loc 1 101 5 view .LVU42
 106:Src/stm32f1xx_hal_msp.c ****     //GPIO_InitStruct.Mode = GPIO_MODE_AF_PP;
 187              		.loc 1 106 5 view .LVU43
 106:Src/stm32f1xx_hal_msp.c ****     //GPIO_InitStruct.Mode = GPIO_MODE_AF_PP;
 188              		.loc 1 106 25 is_stmt 0 view .LVU44
 189 004c 0C23     		movs	r3, #12
 190 004e 0493     		str	r3, [sp, #16]
 108:Src/stm32f1xx_hal_msp.c ****     HAL_GPIO_Init(GPIOA, &GPIO_InitStruct);
 191              		.loc 1 108 5 is_stmt 1 view .LVU45
 108:Src/stm32f1xx_hal_msp.c ****     HAL_GPIO_Init(GPIOA, &GPIO_InitStruct);
ARM GAS  C:\Users\Vulca\AppData\Local\Temp\ccIdszul.s 			page 7


 192              		.loc 1 108 27 is_stmt 0 view .LVU46
 193 0050 0223     		movs	r3, #2
 194 0052 0793     		str	r3, [sp, #28]
 109:Src/stm32f1xx_hal_msp.c **** 
 195              		.loc 1 109 5 is_stmt 1 view .LVU47
 196 0054 04A9     		add	r1, sp, #16
 197 0056 1348     		ldr	r0, .L11+8
 198              	.LVL6:
 109:Src/stm32f1xx_hal_msp.c **** 
 199              		.loc 1 109 5 is_stmt 0 view .LVU48
 200 0058 FFF7FEFF 		bl	HAL_GPIO_Init
 201              	.LVL7:
 202 005c DCE7     		b	.L6
 203              	.L10:
 122:Src/stm32f1xx_hal_msp.c **** 
 204              		.loc 1 122 5 is_stmt 1 view .LVU49
 205              	.LBB7:
 122:Src/stm32f1xx_hal_msp.c **** 
 206              		.loc 1 122 5 view .LVU50
 122:Src/stm32f1xx_hal_msp.c **** 
 207              		.loc 1 122 5 view .LVU51
 208 005e 03F55843 		add	r3, r3, #55296
 209 0062 9A69     		ldr	r2, [r3, #24]
 210 0064 42F48042 		orr	r2, r2, #16384
 211 0068 9A61     		str	r2, [r3, #24]
 122:Src/stm32f1xx_hal_msp.c **** 
 212              		.loc 1 122 5 view .LVU52
 213 006a 9A69     		ldr	r2, [r3, #24]
 214 006c 02F48042 		and	r2, r2, #16384
 215 0070 0292     		str	r2, [sp, #8]
 122:Src/stm32f1xx_hal_msp.c **** 
 216              		.loc 1 122 5 view .LVU53
 217 0072 029A     		ldr	r2, [sp, #8]
 218              	.LBE7:
 122:Src/stm32f1xx_hal_msp.c **** 
 219              		.loc 1 122 5 view .LVU54
 124:Src/stm32f1xx_hal_msp.c ****     /**USART2 GPIO Configuration    
 220              		.loc 1 124 5 view .LVU55
 221              	.LBB8:
 124:Src/stm32f1xx_hal_msp.c ****     /**USART2 GPIO Configuration    
 222              		.loc 1 124 5 view .LVU56
 124:Src/stm32f1xx_hal_msp.c ****     /**USART2 GPIO Configuration    
 223              		.loc 1 124 5 view .LVU57
 224 0074 9A69     		ldr	r2, [r3, #24]
 225 0076 42F00802 		orr	r2, r2, #8
 226 007a 9A61     		str	r2, [r3, #24]
 124:Src/stm32f1xx_hal_msp.c ****     /**USART2 GPIO Configuration    
 227              		.loc 1 124 5 view .LVU58
 228 007c 9B69     		ldr	r3, [r3, #24]
 229 007e 03F00803 		and	r3, r3, #8
 230 0082 0393     		str	r3, [sp, #12]
 124:Src/stm32f1xx_hal_msp.c ****     /**USART2 GPIO Configuration    
 231              		.loc 1 124 5 view .LVU59
 232 0084 039B     		ldr	r3, [sp, #12]
 233              	.LBE8:
 124:Src/stm32f1xx_hal_msp.c ****     /**USART2 GPIO Configuration    
 234              		.loc 1 124 5 view .LVU60
ARM GAS  C:\Users\Vulca\AppData\Local\Temp\ccIdszul.s 			page 8


 129:Src/stm32f1xx_hal_msp.c ****     GPIO_InitStruct.Mode = GPIO_MODE_AF_PP;
 235              		.loc 1 129 5 view .LVU61
 129:Src/stm32f1xx_hal_msp.c ****     GPIO_InitStruct.Mode = GPIO_MODE_AF_PP;
 236              		.loc 1 129 25 is_stmt 0 view .LVU62
 237 0086 C023     		movs	r3, #192
 238 0088 0493     		str	r3, [sp, #16]
 130:Src/stm32f1xx_hal_msp.c ****     GPIO_InitStruct.Speed = GPIO_SPEED_FREQ_LOW;
 239              		.loc 1 130 5 is_stmt 1 view .LVU63
 130:Src/stm32f1xx_hal_msp.c ****     GPIO_InitStruct.Speed = GPIO_SPEED_FREQ_LOW;
 240              		.loc 1 130 26 is_stmt 0 view .LVU64
 241 008a 0223     		movs	r3, #2
 242 008c 0593     		str	r3, [sp, #20]
 131:Src/stm32f1xx_hal_msp.c ****     HAL_GPIO_Init(GPIOB, &GPIO_InitStruct);
 243              		.loc 1 131 5 is_stmt 1 view .LVU65
 131:Src/stm32f1xx_hal_msp.c ****     HAL_GPIO_Init(GPIOB, &GPIO_InitStruct);
 244              		.loc 1 131 27 is_stmt 0 view .LVU66
 245 008e 0793     		str	r3, [sp, #28]
 132:Src/stm32f1xx_hal_msp.c **** 
 246              		.loc 1 132 5 is_stmt 1 view .LVU67
 247 0090 04A9     		add	r1, sp, #16
 248 0092 0548     		ldr	r0, .L11+12
 249 0094 FFF7FEFF 		bl	HAL_GPIO_Init
 250              	.LVL8:
 251              		.loc 1 138 1 is_stmt 0 view .LVU68
 252 0098 C2E7     		b	.L5
 253              	.L12:
 254 009a 00BF     		.align	2
 255              	.L11:
 256 009c 00440040 		.word	1073759232
 257 00a0 00380140 		.word	1073821696
 258 00a4 00080140 		.word	1073809408
 259 00a8 000C0140 		.word	1073810432
 260              		.cfi_endproc
 261              	.LFE66:
 263              		.section	.text.HAL_UART_MspDeInit,"ax",%progbits
 264              		.align	1
 265              		.global	HAL_UART_MspDeInit
 266              		.syntax unified
 267              		.thumb
 268              		.thumb_func
 269              		.fpu softvfp
 271              	HAL_UART_MspDeInit:
 272              	.LVL9:
 273              	.LFB67:
 139:Src/stm32f1xx_hal_msp.c **** 
 140:Src/stm32f1xx_hal_msp.c **** /**
 141:Src/stm32f1xx_hal_msp.c **** * @brief UART MSP De-Initialization
 142:Src/stm32f1xx_hal_msp.c **** * This function freeze the hardware resources used in this example
 143:Src/stm32f1xx_hal_msp.c **** * @param huart: UART handle pointer
 144:Src/stm32f1xx_hal_msp.c **** * @retval None
 145:Src/stm32f1xx_hal_msp.c **** */
 146:Src/stm32f1xx_hal_msp.c **** void HAL_UART_MspDeInit(UART_HandleTypeDef *huart)
 147:Src/stm32f1xx_hal_msp.c **** {
 274              		.loc 1 147 1 is_stmt 1 view -0
 275              		.cfi_startproc
 276              		@ args = 0, pretend = 0, frame = 0
 277              		@ frame_needed = 0, uses_anonymous_args = 0
ARM GAS  C:\Users\Vulca\AppData\Local\Temp\ccIdszul.s 			page 9


 278              		.loc 1 147 1 is_stmt 0 view .LVU70
 279 0000 10B5     		push	{r4, lr}
 280              	.LCFI6:
 281              		.cfi_def_cfa_offset 8
 282              		.cfi_offset 4, -8
 283              		.cfi_offset 14, -4
 284 0002 0446     		mov	r4, r0
 148:Src/stm32f1xx_hal_msp.c ****   if (huart->Instance == USART2)
 285              		.loc 1 148 3 is_stmt 1 view .LVU71
 286              		.loc 1 148 12 is_stmt 0 view .LVU72
 287 0004 0268     		ldr	r2, [r0]
 288              		.loc 1 148 6 view .LVU73
 289 0006 0E4B     		ldr	r3, .L19
 290 0008 9A42     		cmp	r2, r3
 291 000a 04D0     		beq	.L17
 292              	.LVL10:
 293              	.L14:
 149:Src/stm32f1xx_hal_msp.c ****   {
 150:Src/stm32f1xx_hal_msp.c ****     /* USER CODE BEGIN USART2_MspDeInit 0 */
 151:Src/stm32f1xx_hal_msp.c **** 
 152:Src/stm32f1xx_hal_msp.c ****     /* USER CODE END USART2_MspDeInit 0 */
 153:Src/stm32f1xx_hal_msp.c ****     /* Peripheral clock disable */
 154:Src/stm32f1xx_hal_msp.c ****     __HAL_RCC_USART2_CLK_DISABLE();
 155:Src/stm32f1xx_hal_msp.c **** 
 156:Src/stm32f1xx_hal_msp.c ****     /**USART2 GPIO Configuration    
 157:Src/stm32f1xx_hal_msp.c ****     PA2     ------> USART2_TX
 158:Src/stm32f1xx_hal_msp.c ****     PA3     ------> USART2_RX 
 159:Src/stm32f1xx_hal_msp.c ****     */
 160:Src/stm32f1xx_hal_msp.c ****     HAL_GPIO_DeInit(GPIOA, USART_TX_Pin | USART_RX_Pin);
 161:Src/stm32f1xx_hal_msp.c **** 
 162:Src/stm32f1xx_hal_msp.c ****     /* USER CODE BEGIN USART2_MspDeInit 1 */
 163:Src/stm32f1xx_hal_msp.c **** 
 164:Src/stm32f1xx_hal_msp.c ****     /* USER CODE END USART2_MspDeInit 1 */
 165:Src/stm32f1xx_hal_msp.c ****   }
 166:Src/stm32f1xx_hal_msp.c **** 
 167:Src/stm32f1xx_hal_msp.c ****   if (huart->Instance == USART1)
 294              		.loc 1 167 3 is_stmt 1 view .LVU74
 295              		.loc 1 167 12 is_stmt 0 view .LVU75
 296 000c 2268     		ldr	r2, [r4]
 297              		.loc 1 167 6 view .LVU76
 298 000e 0D4B     		ldr	r3, .L19+4
 299 0010 9A42     		cmp	r2, r3
 300 0012 0AD0     		beq	.L18
 301              	.L13:
 168:Src/stm32f1xx_hal_msp.c ****   {
 169:Src/stm32f1xx_hal_msp.c ****     /* USER CODE BEGIN USART1_MspDeInit 0 */
 170:Src/stm32f1xx_hal_msp.c **** 
 171:Src/stm32f1xx_hal_msp.c ****     /* USER CODE END USART1_MspDeInit 0 */
 172:Src/stm32f1xx_hal_msp.c ****     /* Peripheral clock disable */
 173:Src/stm32f1xx_hal_msp.c ****     __HAL_RCC_USART1_CLK_DISABLE();
 174:Src/stm32f1xx_hal_msp.c **** 
 175:Src/stm32f1xx_hal_msp.c ****     /**USART1 GPIO Configuration    
 176:Src/stm32f1xx_hal_msp.c ****     PB6     ------> USART1_TX
 177:Src/stm32f1xx_hal_msp.c ****     PB7     ------> USART1_RX 
 178:Src/stm32f1xx_hal_msp.c ****     */
 179:Src/stm32f1xx_hal_msp.c ****     HAL_GPIO_DeInit(GPIOB, GPIO_PIN_6 | GPIO_PIN_7);
 180:Src/stm32f1xx_hal_msp.c **** 
ARM GAS  C:\Users\Vulca\AppData\Local\Temp\ccIdszul.s 			page 10


 181:Src/stm32f1xx_hal_msp.c ****     /* USER CODE BEGIN USART1_MspDeInit 1 */
 182:Src/stm32f1xx_hal_msp.c **** 
 183:Src/stm32f1xx_hal_msp.c ****     /* USER CODE END USART1_MspDeInit 1 */
 184:Src/stm32f1xx_hal_msp.c ****   }
 185:Src/stm32f1xx_hal_msp.c **** }
 302              		.loc 1 185 1 view .LVU77
 303 0014 10BD     		pop	{r4, pc}
 304              	.LVL11:
 305              	.L17:
 154:Src/stm32f1xx_hal_msp.c **** 
 306              		.loc 1 154 5 is_stmt 1 view .LVU78
 307 0016 0C4A     		ldr	r2, .L19+8
 308 0018 D369     		ldr	r3, [r2, #28]
 309 001a 23F40033 		bic	r3, r3, #131072
 310 001e D361     		str	r3, [r2, #28]
 160:Src/stm32f1xx_hal_msp.c **** 
 311              		.loc 1 160 5 view .LVU79
 312 0020 0C21     		movs	r1, #12
 313 0022 0A48     		ldr	r0, .L19+12
 314              	.LVL12:
 160:Src/stm32f1xx_hal_msp.c **** 
 315              		.loc 1 160 5 is_stmt 0 view .LVU80
 316 0024 FFF7FEFF 		bl	HAL_GPIO_DeInit
 317              	.LVL13:
 318 0028 F0E7     		b	.L14
 319              	.L18:
 173:Src/stm32f1xx_hal_msp.c **** 
 320              		.loc 1 173 5 is_stmt 1 view .LVU81
 321 002a 074A     		ldr	r2, .L19+8
 322 002c 9369     		ldr	r3, [r2, #24]
 323 002e 23F48043 		bic	r3, r3, #16384
 324 0032 9361     		str	r3, [r2, #24]
 179:Src/stm32f1xx_hal_msp.c **** 
 325              		.loc 1 179 5 view .LVU82
 326 0034 C021     		movs	r1, #192
 327 0036 0648     		ldr	r0, .L19+16
 328 0038 FFF7FEFF 		bl	HAL_GPIO_DeInit
 329              	.LVL14:
 330              		.loc 1 185 1 is_stmt 0 view .LVU83
 331 003c EAE7     		b	.L13
 332              	.L20:
 333 003e 00BF     		.align	2
 334              	.L19:
 335 0040 00440040 		.word	1073759232
 336 0044 00380140 		.word	1073821696
 337 0048 00100240 		.word	1073876992
 338 004c 00080140 		.word	1073809408
 339 0050 000C0140 		.word	1073810432
 340              		.cfi_endproc
 341              	.LFE67:
 343              		.text
 344              	.Letext0:
 345              		.file 2 "c:\\program files (x86)\\gnu tools arm embedded\\9 2019-q4-major\\arm-none-eabi\\include\
 346              		.file 3 "c:\\program files (x86)\\gnu tools arm embedded\\9 2019-q4-major\\arm-none-eabi\\include\
 347              		.file 4 "Drivers/CMSIS/Include/core_cm3.h"
 348              		.file 5 "Drivers/CMSIS/Device/ST/STM32F1xx/Include/system_stm32f1xx.h"
 349              		.file 6 "Drivers/CMSIS/Device/ST/STM32F1xx/Include/stm32f103xb.h"
ARM GAS  C:\Users\Vulca\AppData\Local\Temp\ccIdszul.s 			page 11


 350              		.file 7 "Drivers/STM32F1xx_HAL_Driver/Inc/stm32f1xx_hal_def.h"
 351              		.file 8 "Drivers/STM32F1xx_HAL_Driver/Inc/stm32f1xx_hal_gpio.h"
 352              		.file 9 "Drivers/STM32F1xx_HAL_Driver/Inc/stm32f1xx_hal_dma.h"
 353              		.file 10 "Drivers/STM32F1xx_HAL_Driver/Inc/stm32f1xx_hal_uart.h"
 354              		.file 11 "Drivers/STM32F1xx_HAL_Driver/Inc/stm32f1xx_hal.h"
 355              		.file 12 "Inc/main.h"
ARM GAS  C:\Users\Vulca\AppData\Local\Temp\ccIdszul.s 			page 12


DEFINED SYMBOLS
                            *ABS*:00000000 stm32f1xx_hal_msp.c
C:\Users\Vulca\AppData\Local\Temp\ccIdszul.s:16     .text.HAL_MspInit:00000000 $t
C:\Users\Vulca\AppData\Local\Temp\ccIdszul.s:24     .text.HAL_MspInit:00000000 HAL_MspInit
C:\Users\Vulca\AppData\Local\Temp\ccIdszul.s:91     .text.HAL_MspInit:0000003c $d
C:\Users\Vulca\AppData\Local\Temp\ccIdszul.s:97     .text.HAL_UART_MspInit:00000000 $t
C:\Users\Vulca\AppData\Local\Temp\ccIdszul.s:104    .text.HAL_UART_MspInit:00000000 HAL_UART_MspInit
C:\Users\Vulca\AppData\Local\Temp\ccIdszul.s:256    .text.HAL_UART_MspInit:0000009c $d
C:\Users\Vulca\AppData\Local\Temp\ccIdszul.s:264    .text.HAL_UART_MspDeInit:00000000 $t
C:\Users\Vulca\AppData\Local\Temp\ccIdszul.s:271    .text.HAL_UART_MspDeInit:00000000 HAL_UART_MspDeInit
C:\Users\Vulca\AppData\Local\Temp\ccIdszul.s:335    .text.HAL_UART_MspDeInit:00000040 $d

UNDEFINED SYMBOLS
HAL_GPIO_Init
HAL_GPIO_DeInit
