ARM GAS  C:\Users\ADMINI~1\AppData\Local\Temp\cccyU0iG.s 			page 1


   1              		.cpu cortex-m0
   2              		.eabi_attribute 20, 1
   3              		.eabi_attribute 21, 1
   4              		.eabi_attribute 23, 3
   5              		.eabi_attribute 24, 1
   6              		.eabi_attribute 25, 1
   7              		.eabi_attribute 26, 1
   8              		.eabi_attribute 30, 6
   9              		.eabi_attribute 34, 0
  10              		.eabi_attribute 18, 4
  11              		.file	"stm32f0xx_hal_msp.c"
  12              		.text
  13              	.Ltext0:
  14              		.cfi_sections	.debug_frame
  15              		.section	.text.HAL_MspInit,"ax",%progbits
  16              		.align	1
  17              		.global	HAL_MspInit
  18              		.arch armv6s-m
  19              		.syntax unified
  20              		.code	16
  21              		.thumb_func
  22              		.fpu softvfp
  24              	HAL_MspInit:
  25              	.LFB37:
  26              		.file 1 "Src/stm32f0xx_hal_msp.c"
   1:Src/stm32f0xx_hal_msp.c **** /* USER CODE BEGIN Header */
   2:Src/stm32f0xx_hal_msp.c **** /**
   3:Src/stm32f0xx_hal_msp.c ****   ******************************************************************************
   4:Src/stm32f0xx_hal_msp.c ****   * File Name          : stm32f0xx_hal_msp.c
   5:Src/stm32f0xx_hal_msp.c ****   * Description        : This file provides code for the MSP Initialization 
   6:Src/stm32f0xx_hal_msp.c ****   *                      and de-Initialization codes.
   7:Src/stm32f0xx_hal_msp.c ****   ******************************************************************************
   8:Src/stm32f0xx_hal_msp.c ****   * @attention
   9:Src/stm32f0xx_hal_msp.c ****   *
  10:Src/stm32f0xx_hal_msp.c ****   * <h2><center>&copy; Copyright (c) 2020 STMicroelectronics.
  11:Src/stm32f0xx_hal_msp.c ****   * All rights reserved.</center></h2>
  12:Src/stm32f0xx_hal_msp.c ****   *
  13:Src/stm32f0xx_hal_msp.c ****   * This software component is licensed by ST under BSD 3-Clause license,
  14:Src/stm32f0xx_hal_msp.c ****   * the "License"; You may not use this file except in compliance with the
  15:Src/stm32f0xx_hal_msp.c ****   * License. You may obtain a copy of the License at:
  16:Src/stm32f0xx_hal_msp.c ****   *                        opensource.org/licenses/BSD-3-Clause
  17:Src/stm32f0xx_hal_msp.c ****   *
  18:Src/stm32f0xx_hal_msp.c ****   ******************************************************************************
  19:Src/stm32f0xx_hal_msp.c ****   */
  20:Src/stm32f0xx_hal_msp.c **** /* USER CODE END Header */
  21:Src/stm32f0xx_hal_msp.c **** 
  22:Src/stm32f0xx_hal_msp.c **** /* Includes ------------------------------------------------------------------*/
  23:Src/stm32f0xx_hal_msp.c **** #include "main.h"
  24:Src/stm32f0xx_hal_msp.c **** /* USER CODE BEGIN Includes */
  25:Src/stm32f0xx_hal_msp.c **** 
  26:Src/stm32f0xx_hal_msp.c **** /* USER CODE END Includes */
  27:Src/stm32f0xx_hal_msp.c **** 
  28:Src/stm32f0xx_hal_msp.c **** /* Private typedef -----------------------------------------------------------*/
  29:Src/stm32f0xx_hal_msp.c **** /* USER CODE BEGIN TD */
  30:Src/stm32f0xx_hal_msp.c **** 
  31:Src/stm32f0xx_hal_msp.c **** /* USER CODE END TD */
  32:Src/stm32f0xx_hal_msp.c **** 
ARM GAS  C:\Users\ADMINI~1\AppData\Local\Temp\cccyU0iG.s 			page 2


  33:Src/stm32f0xx_hal_msp.c **** /* Private define ------------------------------------------------------------*/
  34:Src/stm32f0xx_hal_msp.c **** /* USER CODE BEGIN Define */
  35:Src/stm32f0xx_hal_msp.c ****  
  36:Src/stm32f0xx_hal_msp.c **** /* USER CODE END Define */
  37:Src/stm32f0xx_hal_msp.c **** 
  38:Src/stm32f0xx_hal_msp.c **** /* Private macro -------------------------------------------------------------*/
  39:Src/stm32f0xx_hal_msp.c **** /* USER CODE BEGIN Macro */
  40:Src/stm32f0xx_hal_msp.c **** 
  41:Src/stm32f0xx_hal_msp.c **** /* USER CODE END Macro */
  42:Src/stm32f0xx_hal_msp.c **** 
  43:Src/stm32f0xx_hal_msp.c **** /* Private variables ---------------------------------------------------------*/
  44:Src/stm32f0xx_hal_msp.c **** /* USER CODE BEGIN PV */
  45:Src/stm32f0xx_hal_msp.c **** 
  46:Src/stm32f0xx_hal_msp.c **** /* USER CODE END PV */
  47:Src/stm32f0xx_hal_msp.c **** 
  48:Src/stm32f0xx_hal_msp.c **** /* Private function prototypes -----------------------------------------------*/
  49:Src/stm32f0xx_hal_msp.c **** /* USER CODE BEGIN PFP */
  50:Src/stm32f0xx_hal_msp.c **** 
  51:Src/stm32f0xx_hal_msp.c **** /* USER CODE END PFP */
  52:Src/stm32f0xx_hal_msp.c **** 
  53:Src/stm32f0xx_hal_msp.c **** /* External functions --------------------------------------------------------*/
  54:Src/stm32f0xx_hal_msp.c **** /* USER CODE BEGIN ExternalFunctions */
  55:Src/stm32f0xx_hal_msp.c **** 
  56:Src/stm32f0xx_hal_msp.c **** /* USER CODE END ExternalFunctions */
  57:Src/stm32f0xx_hal_msp.c **** 
  58:Src/stm32f0xx_hal_msp.c **** /* USER CODE BEGIN 0 */
  59:Src/stm32f0xx_hal_msp.c **** 
  60:Src/stm32f0xx_hal_msp.c **** /* USER CODE END 0 */
  61:Src/stm32f0xx_hal_msp.c **** /**
  62:Src/stm32f0xx_hal_msp.c ****   * Initializes the Global MSP.
  63:Src/stm32f0xx_hal_msp.c ****   */
  64:Src/stm32f0xx_hal_msp.c **** void HAL_MspInit(void)
  65:Src/stm32f0xx_hal_msp.c **** {
  27              		.loc 1 65 1
  28              		.cfi_startproc
  29              		@ args = 0, pretend = 0, frame = 8
  30              		@ frame_needed = 1, uses_anonymous_args = 0
  31 0000 80B5     		push	{r7, lr}
  32              	.LCFI0:
  33              		.cfi_def_cfa_offset 8
  34              		.cfi_offset 7, -8
  35              		.cfi_offset 14, -4
  36 0002 82B0     		sub	sp, sp, #8
  37              	.LCFI1:
  38              		.cfi_def_cfa_offset 16
  39 0004 00AF     		add	r7, sp, #0
  40              	.LCFI2:
  41              		.cfi_def_cfa_register 7
  42              	.LBB2:
  66:Src/stm32f0xx_hal_msp.c ****   /* USER CODE BEGIN MspInit 0 */
  67:Src/stm32f0xx_hal_msp.c **** 
  68:Src/stm32f0xx_hal_msp.c ****   /* USER CODE END MspInit 0 */
  69:Src/stm32f0xx_hal_msp.c **** 
  70:Src/stm32f0xx_hal_msp.c ****   __HAL_RCC_SYSCFG_CLK_ENABLE();
  43              		.loc 1 70 3
  44 0006 0F4B     		ldr	r3, .L2
  45 0008 9A69     		ldr	r2, [r3, #24]
ARM GAS  C:\Users\ADMINI~1\AppData\Local\Temp\cccyU0iG.s 			page 3


  46 000a 0E4B     		ldr	r3, .L2
  47 000c 0121     		movs	r1, #1
  48 000e 0A43     		orrs	r2, r1
  49 0010 9A61     		str	r2, [r3, #24]
  50 0012 0C4B     		ldr	r3, .L2
  51 0014 9B69     		ldr	r3, [r3, #24]
  52 0016 0122     		movs	r2, #1
  53 0018 1340     		ands	r3, r2
  54 001a 7B60     		str	r3, [r7, #4]
  55 001c 7B68     		ldr	r3, [r7, #4]
  56              	.LBE2:
  57              	.LBB3:
  71:Src/stm32f0xx_hal_msp.c ****   __HAL_RCC_PWR_CLK_ENABLE();
  58              		.loc 1 71 3
  59 001e 094B     		ldr	r3, .L2
  60 0020 DA69     		ldr	r2, [r3, #28]
  61 0022 084B     		ldr	r3, .L2
  62 0024 8021     		movs	r1, #128
  63 0026 4905     		lsls	r1, r1, #21
  64 0028 0A43     		orrs	r2, r1
  65 002a DA61     		str	r2, [r3, #28]
  66 002c 054B     		ldr	r3, .L2
  67 002e DA69     		ldr	r2, [r3, #28]
  68 0030 8023     		movs	r3, #128
  69 0032 5B05     		lsls	r3, r3, #21
  70 0034 1340     		ands	r3, r2
  71 0036 3B60     		str	r3, [r7]
  72 0038 3B68     		ldr	r3, [r7]
  73              	.LBE3:
  72:Src/stm32f0xx_hal_msp.c **** 
  73:Src/stm32f0xx_hal_msp.c ****   /* System interrupt init*/
  74:Src/stm32f0xx_hal_msp.c **** 
  75:Src/stm32f0xx_hal_msp.c ****   /* USER CODE BEGIN MspInit 1 */
  76:Src/stm32f0xx_hal_msp.c **** 
  77:Src/stm32f0xx_hal_msp.c ****   /* USER CODE END MspInit 1 */
  78:Src/stm32f0xx_hal_msp.c **** }
  74              		.loc 1 78 1
  75 003a C046     		nop
  76 003c BD46     		mov	sp, r7
  77 003e 02B0     		add	sp, sp, #8
  78              		@ sp needed
  79 0040 80BD     		pop	{r7, pc}
  80              	.L3:
  81 0042 C046     		.align	2
  82              	.L2:
  83 0044 00100240 		.word	1073876992
  84              		.cfi_endproc
  85              	.LFE37:
  87              		.section	.text.HAL_UART_MspInit,"ax",%progbits
  88              		.align	1
  89              		.global	HAL_UART_MspInit
  90              		.syntax unified
  91              		.code	16
  92              		.thumb_func
  93              		.fpu softvfp
  95              	HAL_UART_MspInit:
  96              	.LFB38:
ARM GAS  C:\Users\ADMINI~1\AppData\Local\Temp\cccyU0iG.s 			page 4


  79:Src/stm32f0xx_hal_msp.c **** 
  80:Src/stm32f0xx_hal_msp.c **** /**
  81:Src/stm32f0xx_hal_msp.c **** * @brief UART MSP Initialization
  82:Src/stm32f0xx_hal_msp.c **** * This function configures the hardware resources used in this example
  83:Src/stm32f0xx_hal_msp.c **** * @param huart: UART handle pointer
  84:Src/stm32f0xx_hal_msp.c **** * @retval None
  85:Src/stm32f0xx_hal_msp.c **** */
  86:Src/stm32f0xx_hal_msp.c **** void HAL_UART_MspInit(UART_HandleTypeDef* huart)
  87:Src/stm32f0xx_hal_msp.c **** {
  97              		.loc 1 87 1
  98              		.cfi_startproc
  99              		@ args = 0, pretend = 0, frame = 40
 100              		@ frame_needed = 1, uses_anonymous_args = 0
 101 0000 90B5     		push	{r4, r7, lr}
 102              	.LCFI3:
 103              		.cfi_def_cfa_offset 12
 104              		.cfi_offset 4, -12
 105              		.cfi_offset 7, -8
 106              		.cfi_offset 14, -4
 107 0002 8BB0     		sub	sp, sp, #44
 108              	.LCFI4:
 109              		.cfi_def_cfa_offset 56
 110 0004 00AF     		add	r7, sp, #0
 111              	.LCFI5:
 112              		.cfi_def_cfa_register 7
 113 0006 7860     		str	r0, [r7, #4]
  88:Src/stm32f0xx_hal_msp.c ****   GPIO_InitTypeDef GPIO_InitStruct = {0};
 114              		.loc 1 88 20
 115 0008 1424     		movs	r4, #20
 116 000a 3B19     		adds	r3, r7, r4
 117 000c 1800     		movs	r0, r3
 118 000e 1423     		movs	r3, #20
 119 0010 1A00     		movs	r2, r3
 120 0012 0021     		movs	r1, #0
 121 0014 FFF7FEFF 		bl	memset
  89:Src/stm32f0xx_hal_msp.c ****   if(huart->Instance==USART2)
 122              		.loc 1 89 11
 123 0018 7B68     		ldr	r3, [r7, #4]
 124 001a 1B68     		ldr	r3, [r3]
 125              		.loc 1 89 5
 126 001c 1C4A     		ldr	r2, .L7
 127 001e 9342     		cmp	r3, r2
 128 0020 32D1     		bne	.L6
 129              	.LBB4:
  90:Src/stm32f0xx_hal_msp.c ****   {
  91:Src/stm32f0xx_hal_msp.c ****   /* USER CODE BEGIN USART2_MspInit 0 */
  92:Src/stm32f0xx_hal_msp.c **** 
  93:Src/stm32f0xx_hal_msp.c ****   /* USER CODE END USART2_MspInit 0 */
  94:Src/stm32f0xx_hal_msp.c ****     /* Peripheral clock enable */
  95:Src/stm32f0xx_hal_msp.c ****     __HAL_RCC_USART2_CLK_ENABLE();
 130              		.loc 1 95 5
 131 0022 1C4B     		ldr	r3, .L7+4
 132 0024 DA69     		ldr	r2, [r3, #28]
 133 0026 1B4B     		ldr	r3, .L7+4
 134 0028 8021     		movs	r1, #128
 135 002a 8902     		lsls	r1, r1, #10
 136 002c 0A43     		orrs	r2, r1
ARM GAS  C:\Users\ADMINI~1\AppData\Local\Temp\cccyU0iG.s 			page 5


 137 002e DA61     		str	r2, [r3, #28]
 138 0030 184B     		ldr	r3, .L7+4
 139 0032 DA69     		ldr	r2, [r3, #28]
 140 0034 8023     		movs	r3, #128
 141 0036 9B02     		lsls	r3, r3, #10
 142 0038 1340     		ands	r3, r2
 143 003a 3B61     		str	r3, [r7, #16]
 144 003c 3B69     		ldr	r3, [r7, #16]
 145              	.LBE4:
 146              	.LBB5:
  96:Src/stm32f0xx_hal_msp.c ****   
  97:Src/stm32f0xx_hal_msp.c ****     __HAL_RCC_GPIOA_CLK_ENABLE();
 147              		.loc 1 97 5
 148 003e 154B     		ldr	r3, .L7+4
 149 0040 5A69     		ldr	r2, [r3, #20]
 150 0042 144B     		ldr	r3, .L7+4
 151 0044 8021     		movs	r1, #128
 152 0046 8902     		lsls	r1, r1, #10
 153 0048 0A43     		orrs	r2, r1
 154 004a 5A61     		str	r2, [r3, #20]
 155 004c 114B     		ldr	r3, .L7+4
 156 004e 5A69     		ldr	r2, [r3, #20]
 157 0050 8023     		movs	r3, #128
 158 0052 9B02     		lsls	r3, r3, #10
 159 0054 1340     		ands	r3, r2
 160 0056 FB60     		str	r3, [r7, #12]
 161 0058 FB68     		ldr	r3, [r7, #12]
 162              	.LBE5:
  98:Src/stm32f0xx_hal_msp.c ****     /**USART2 GPIO Configuration    
  99:Src/stm32f0xx_hal_msp.c ****     PA2     ------> USART2_TX
 100:Src/stm32f0xx_hal_msp.c ****     PA3     ------> USART2_RX 
 101:Src/stm32f0xx_hal_msp.c ****     */
 102:Src/stm32f0xx_hal_msp.c ****     GPIO_InitStruct.Pin = USART_TX_Pin|USART_RX_Pin;
 163              		.loc 1 102 25
 164 005a 2100     		movs	r1, r4
 165 005c 7B18     		adds	r3, r7, r1
 166 005e 0C22     		movs	r2, #12
 167 0060 1A60     		str	r2, [r3]
 103:Src/stm32f0xx_hal_msp.c ****     GPIO_InitStruct.Mode = GPIO_MODE_AF_PP;
 168              		.loc 1 103 26
 169 0062 7B18     		adds	r3, r7, r1
 170 0064 0222     		movs	r2, #2
 171 0066 5A60     		str	r2, [r3, #4]
 104:Src/stm32f0xx_hal_msp.c ****     GPIO_InitStruct.Pull = GPIO_NOPULL;
 172              		.loc 1 104 26
 173 0068 7B18     		adds	r3, r7, r1
 174 006a 0022     		movs	r2, #0
 175 006c 9A60     		str	r2, [r3, #8]
 105:Src/stm32f0xx_hal_msp.c ****     GPIO_InitStruct.Speed = GPIO_SPEED_FREQ_LOW;
 176              		.loc 1 105 27
 177 006e 7B18     		adds	r3, r7, r1
 178 0070 0022     		movs	r2, #0
 179 0072 DA60     		str	r2, [r3, #12]
 106:Src/stm32f0xx_hal_msp.c ****     GPIO_InitStruct.Alternate = GPIO_AF1_USART2;
 180              		.loc 1 106 31
 181 0074 7B18     		adds	r3, r7, r1
 182 0076 0122     		movs	r2, #1
ARM GAS  C:\Users\ADMINI~1\AppData\Local\Temp\cccyU0iG.s 			page 6


 183 0078 1A61     		str	r2, [r3, #16]
 107:Src/stm32f0xx_hal_msp.c ****     HAL_GPIO_Init(GPIOA, &GPIO_InitStruct);
 184              		.loc 1 107 5
 185 007a 7A18     		adds	r2, r7, r1
 186 007c 9023     		movs	r3, #144
 187 007e DB05     		lsls	r3, r3, #23
 188 0080 1100     		movs	r1, r2
 189 0082 1800     		movs	r0, r3
 190 0084 FFF7FEFF 		bl	HAL_GPIO_Init
 191              	.L6:
 108:Src/stm32f0xx_hal_msp.c **** 
 109:Src/stm32f0xx_hal_msp.c ****   /* USER CODE BEGIN USART2_MspInit 1 */
 110:Src/stm32f0xx_hal_msp.c **** 
 111:Src/stm32f0xx_hal_msp.c ****   /* USER CODE END USART2_MspInit 1 */
 112:Src/stm32f0xx_hal_msp.c ****   }
 113:Src/stm32f0xx_hal_msp.c **** 
 114:Src/stm32f0xx_hal_msp.c **** }
 192              		.loc 1 114 1
 193 0088 C046     		nop
 194 008a BD46     		mov	sp, r7
 195 008c 0BB0     		add	sp, sp, #44
 196              		@ sp needed
 197 008e 90BD     		pop	{r4, r7, pc}
 198              	.L8:
 199              		.align	2
 200              	.L7:
 201 0090 00440040 		.word	1073759232
 202 0094 00100240 		.word	1073876992
 203              		.cfi_endproc
 204              	.LFE38:
 206              		.section	.text.HAL_UART_MspDeInit,"ax",%progbits
 207              		.align	1
 208              		.global	HAL_UART_MspDeInit
 209              		.syntax unified
 210              		.code	16
 211              		.thumb_func
 212              		.fpu softvfp
 214              	HAL_UART_MspDeInit:
 215              	.LFB39:
 115:Src/stm32f0xx_hal_msp.c **** 
 116:Src/stm32f0xx_hal_msp.c **** /**
 117:Src/stm32f0xx_hal_msp.c **** * @brief UART MSP De-Initialization
 118:Src/stm32f0xx_hal_msp.c **** * This function freeze the hardware resources used in this example
 119:Src/stm32f0xx_hal_msp.c **** * @param huart: UART handle pointer
 120:Src/stm32f0xx_hal_msp.c **** * @retval None
 121:Src/stm32f0xx_hal_msp.c **** */
 122:Src/stm32f0xx_hal_msp.c **** void HAL_UART_MspDeInit(UART_HandleTypeDef* huart)
 123:Src/stm32f0xx_hal_msp.c **** {
 216              		.loc 1 123 1
 217              		.cfi_startproc
 218              		@ args = 0, pretend = 0, frame = 8
 219              		@ frame_needed = 1, uses_anonymous_args = 0
 220 0000 80B5     		push	{r7, lr}
 221              	.LCFI6:
 222              		.cfi_def_cfa_offset 8
 223              		.cfi_offset 7, -8
 224              		.cfi_offset 14, -4
ARM GAS  C:\Users\ADMINI~1\AppData\Local\Temp\cccyU0iG.s 			page 7


 225 0002 82B0     		sub	sp, sp, #8
 226              	.LCFI7:
 227              		.cfi_def_cfa_offset 16
 228 0004 00AF     		add	r7, sp, #0
 229              	.LCFI8:
 230              		.cfi_def_cfa_register 7
 231 0006 7860     		str	r0, [r7, #4]
 124:Src/stm32f0xx_hal_msp.c ****   if(huart->Instance==USART2)
 232              		.loc 1 124 11
 233 0008 7B68     		ldr	r3, [r7, #4]
 234 000a 1B68     		ldr	r3, [r3]
 235              		.loc 1 124 5
 236 000c 094A     		ldr	r2, .L12
 237 000e 9342     		cmp	r3, r2
 238 0010 0BD1     		bne	.L11
 125:Src/stm32f0xx_hal_msp.c ****   {
 126:Src/stm32f0xx_hal_msp.c ****   /* USER CODE BEGIN USART2_MspDeInit 0 */
 127:Src/stm32f0xx_hal_msp.c **** 
 128:Src/stm32f0xx_hal_msp.c ****   /* USER CODE END USART2_MspDeInit 0 */
 129:Src/stm32f0xx_hal_msp.c ****     /* Peripheral clock disable */
 130:Src/stm32f0xx_hal_msp.c ****     __HAL_RCC_USART2_CLK_DISABLE();
 239              		.loc 1 130 5
 240 0012 094B     		ldr	r3, .L12+4
 241 0014 DA69     		ldr	r2, [r3, #28]
 242 0016 084B     		ldr	r3, .L12+4
 243 0018 0849     		ldr	r1, .L12+8
 244 001a 0A40     		ands	r2, r1
 245 001c DA61     		str	r2, [r3, #28]
 131:Src/stm32f0xx_hal_msp.c ****   
 132:Src/stm32f0xx_hal_msp.c ****     /**USART2 GPIO Configuration    
 133:Src/stm32f0xx_hal_msp.c ****     PA2     ------> USART2_TX
 134:Src/stm32f0xx_hal_msp.c ****     PA3     ------> USART2_RX 
 135:Src/stm32f0xx_hal_msp.c ****     */
 136:Src/stm32f0xx_hal_msp.c ****     HAL_GPIO_DeInit(GPIOA, USART_TX_Pin|USART_RX_Pin);
 246              		.loc 1 136 5
 247 001e 9023     		movs	r3, #144
 248 0020 DB05     		lsls	r3, r3, #23
 249 0022 0C21     		movs	r1, #12
 250 0024 1800     		movs	r0, r3
 251 0026 FFF7FEFF 		bl	HAL_GPIO_DeInit
 252              	.L11:
 137:Src/stm32f0xx_hal_msp.c **** 
 138:Src/stm32f0xx_hal_msp.c ****   /* USER CODE BEGIN USART2_MspDeInit 1 */
 139:Src/stm32f0xx_hal_msp.c **** 
 140:Src/stm32f0xx_hal_msp.c ****   /* USER CODE END USART2_MspDeInit 1 */
 141:Src/stm32f0xx_hal_msp.c ****   }
 142:Src/stm32f0xx_hal_msp.c **** 
 143:Src/stm32f0xx_hal_msp.c **** }
 253              		.loc 1 143 1
 254 002a C046     		nop
 255 002c BD46     		mov	sp, r7
 256 002e 02B0     		add	sp, sp, #8
 257              		@ sp needed
 258 0030 80BD     		pop	{r7, pc}
 259              	.L13:
 260 0032 C046     		.align	2
 261              	.L12:
ARM GAS  C:\Users\ADMINI~1\AppData\Local\Temp\cccyU0iG.s 			page 8


 262 0034 00440040 		.word	1073759232
 263 0038 00100240 		.word	1073876992
 264 003c FFFFFDFF 		.word	-131073
 265              		.cfi_endproc
 266              	.LFE39:
 268              		.text
 269              	.Letext0:
 270              		.file 2 "c:\\program files (x86)\\gnu tools arm embedded\\9 2019-q4-major\\arm-none-eabi\\include\
 271              		.file 3 "c:\\program files (x86)\\gnu tools arm embedded\\9 2019-q4-major\\arm-none-eabi\\include\
 272              		.file 4 "Drivers/CMSIS/Device/ST/STM32F0xx/Include/system_stm32f0xx.h"
 273              		.file 5 "Drivers/CMSIS/Device/ST/STM32F0xx/Include/stm32f091xc.h"
 274              		.file 6 "c:\\program files (x86)\\gnu tools arm embedded\\9 2019-q4-major\\arm-none-eabi\\include\
 275              		.file 7 "c:\\program files (x86)\\gnu tools arm embedded\\9 2019-q4-major\\arm-none-eabi\\include\
 276              		.file 8 "c:\\program files (x86)\\gnu tools arm embedded\\9 2019-q4-major\\lib\\gcc\\arm-none-eabi
 277              		.file 9 "c:\\program files (x86)\\gnu tools arm embedded\\9 2019-q4-major\\arm-none-eabi\\include\
 278              		.file 10 "Drivers/STM32F0xx_HAL_Driver/Inc/stm32f0xx_hal_def.h"
 279              		.file 11 "Drivers/STM32F0xx_HAL_Driver/Inc/stm32f0xx_hal_gpio.h"
 280              		.file 12 "Drivers/STM32F0xx_HAL_Driver/Inc/stm32f0xx_hal_dma.h"
 281              		.file 13 "Drivers/STM32F0xx_HAL_Driver/Inc/stm32f0xx_hal_uart.h"
ARM GAS  C:\Users\ADMINI~1\AppData\Local\Temp\cccyU0iG.s 			page 9


DEFINED SYMBOLS
                            *ABS*:00000000 stm32f0xx_hal_msp.c
C:\Users\ADMINI~1\AppData\Local\Temp\cccyU0iG.s:16     .text.HAL_MspInit:00000000 $t
C:\Users\ADMINI~1\AppData\Local\Temp\cccyU0iG.s:24     .text.HAL_MspInit:00000000 HAL_MspInit
C:\Users\ADMINI~1\AppData\Local\Temp\cccyU0iG.s:83     .text.HAL_MspInit:00000044 $d
C:\Users\ADMINI~1\AppData\Local\Temp\cccyU0iG.s:88     .text.HAL_UART_MspInit:00000000 $t
C:\Users\ADMINI~1\AppData\Local\Temp\cccyU0iG.s:95     .text.HAL_UART_MspInit:00000000 HAL_UART_MspInit
C:\Users\ADMINI~1\AppData\Local\Temp\cccyU0iG.s:201    .text.HAL_UART_MspInit:00000090 $d
C:\Users\ADMINI~1\AppData\Local\Temp\cccyU0iG.s:207    .text.HAL_UART_MspDeInit:00000000 $t
C:\Users\ADMINI~1\AppData\Local\Temp\cccyU0iG.s:214    .text.HAL_UART_MspDeInit:00000000 HAL_UART_MspDeInit
C:\Users\ADMINI~1\AppData\Local\Temp\cccyU0iG.s:262    .text.HAL_UART_MspDeInit:00000034 $d

UNDEFINED SYMBOLS
memset
HAL_GPIO_Init
HAL_GPIO_DeInit
