ARM GAS  C:\Users\ADMINI~1\AppData\Local\Temp\ccyyt7lf.s 			page 1


   1              		.cpu cortex-m0
   2              		.eabi_attribute 20, 1
   3              		.eabi_attribute 21, 1
   4              		.eabi_attribute 23, 3
   5              		.eabi_attribute 24, 1
   6              		.eabi_attribute 25, 1
   7              		.eabi_attribute 26, 1
   8              		.eabi_attribute 30, 6
   9              		.eabi_attribute 34, 0
  10              		.eabi_attribute 18, 4
  11              		.file	"stm32f0xx_hal.c"
  12              		.text
  13              	.Ltext0:
  14              		.cfi_sections	.debug_frame
  15              		.comm	uwTick,4,4
  16              		.section	.text.HAL_Init,"ax",%progbits
  17              		.align	1
  18              		.global	HAL_Init
  19              		.arch armv6s-m
  20              		.syntax unified
  21              		.code	16
  22              		.thumb_func
  23              		.fpu softvfp
  25              	HAL_Init:
  26              	.LFB37:
  27              		.file 1 "Drivers/STM32F0xx_HAL_Driver/Src/stm32f0xx_hal.c"
   1:Drivers/STM32F0xx_HAL_Driver/Src/stm32f0xx_hal.c **** /**
   2:Drivers/STM32F0xx_HAL_Driver/Src/stm32f0xx_hal.c ****   ******************************************************************************
   3:Drivers/STM32F0xx_HAL_Driver/Src/stm32f0xx_hal.c ****   * @file    stm32f0xx_hal.c
   4:Drivers/STM32F0xx_HAL_Driver/Src/stm32f0xx_hal.c ****   * @author  MCD Application Team
   5:Drivers/STM32F0xx_HAL_Driver/Src/stm32f0xx_hal.c ****   * @brief   HAL module driver.
   6:Drivers/STM32F0xx_HAL_Driver/Src/stm32f0xx_hal.c ****   *          This is the common part of the HAL initialization
   7:Drivers/STM32F0xx_HAL_Driver/Src/stm32f0xx_hal.c ****   *
   8:Drivers/STM32F0xx_HAL_Driver/Src/stm32f0xx_hal.c ****   @verbatim
   9:Drivers/STM32F0xx_HAL_Driver/Src/stm32f0xx_hal.c ****   ==============================================================================
  10:Drivers/STM32F0xx_HAL_Driver/Src/stm32f0xx_hal.c ****                      ##### How to use this driver #####
  11:Drivers/STM32F0xx_HAL_Driver/Src/stm32f0xx_hal.c ****   ==============================================================================
  12:Drivers/STM32F0xx_HAL_Driver/Src/stm32f0xx_hal.c ****     [..]
  13:Drivers/STM32F0xx_HAL_Driver/Src/stm32f0xx_hal.c ****     The common HAL driver contains a set of generic and common APIs that can be
  14:Drivers/STM32F0xx_HAL_Driver/Src/stm32f0xx_hal.c ****     used by the PPP peripheral drivers and the user to start using the HAL. 
  15:Drivers/STM32F0xx_HAL_Driver/Src/stm32f0xx_hal.c ****     [..]
  16:Drivers/STM32F0xx_HAL_Driver/Src/stm32f0xx_hal.c ****     The HAL contains two APIs categories:
  17:Drivers/STM32F0xx_HAL_Driver/Src/stm32f0xx_hal.c ****          (+) HAL Initialization and de-initialization functions
  18:Drivers/STM32F0xx_HAL_Driver/Src/stm32f0xx_hal.c ****          (+) HAL Control functions
  19:Drivers/STM32F0xx_HAL_Driver/Src/stm32f0xx_hal.c **** 
  20:Drivers/STM32F0xx_HAL_Driver/Src/stm32f0xx_hal.c ****   @endverbatim
  21:Drivers/STM32F0xx_HAL_Driver/Src/stm32f0xx_hal.c ****   ******************************************************************************
  22:Drivers/STM32F0xx_HAL_Driver/Src/stm32f0xx_hal.c ****   * @attention
  23:Drivers/STM32F0xx_HAL_Driver/Src/stm32f0xx_hal.c ****   *
  24:Drivers/STM32F0xx_HAL_Driver/Src/stm32f0xx_hal.c ****   * <h2><center>&copy; COPYRIGHT(c) 2016 STMicroelectronics</center></h2>
  25:Drivers/STM32F0xx_HAL_Driver/Src/stm32f0xx_hal.c ****   *
  26:Drivers/STM32F0xx_HAL_Driver/Src/stm32f0xx_hal.c ****   * Redistribution and use in source and binary forms, with or without modification,
  27:Drivers/STM32F0xx_HAL_Driver/Src/stm32f0xx_hal.c ****   * are permitted provided that the following conditions are met:
  28:Drivers/STM32F0xx_HAL_Driver/Src/stm32f0xx_hal.c ****   *   1. Redistributions of source code must retain the above copyright notice,
  29:Drivers/STM32F0xx_HAL_Driver/Src/stm32f0xx_hal.c ****   *      this list of conditions and the following disclaimer.
  30:Drivers/STM32F0xx_HAL_Driver/Src/stm32f0xx_hal.c ****   *   2. Redistributions in binary form must reproduce the above copyright notice,
  31:Drivers/STM32F0xx_HAL_Driver/Src/stm32f0xx_hal.c ****   *      this list of conditions and the following disclaimer in the documentation
ARM GAS  C:\Users\ADMINI~1\AppData\Local\Temp\ccyyt7lf.s 			page 2


  32:Drivers/STM32F0xx_HAL_Driver/Src/stm32f0xx_hal.c ****   *      and/or other materials provided with the distribution.
  33:Drivers/STM32F0xx_HAL_Driver/Src/stm32f0xx_hal.c ****   *   3. Neither the name of STMicroelectronics nor the names of its contributors
  34:Drivers/STM32F0xx_HAL_Driver/Src/stm32f0xx_hal.c ****   *      may be used to endorse or promote products derived from this software
  35:Drivers/STM32F0xx_HAL_Driver/Src/stm32f0xx_hal.c ****   *      without specific prior written permission.
  36:Drivers/STM32F0xx_HAL_Driver/Src/stm32f0xx_hal.c ****   *
  37:Drivers/STM32F0xx_HAL_Driver/Src/stm32f0xx_hal.c ****   * THIS SOFTWARE IS PROVIDED BY THE COPYRIGHT HOLDERS AND CONTRIBUTORS "AS IS"
  38:Drivers/STM32F0xx_HAL_Driver/Src/stm32f0xx_hal.c ****   * AND ANY EXPRESS OR IMPLIED WARRANTIES, INCLUDING, BUT NOT LIMITED TO, THE
  39:Drivers/STM32F0xx_HAL_Driver/Src/stm32f0xx_hal.c ****   * IMPLIED WARRANTIES OF MERCHANTABILITY AND FITNESS FOR A PARTICULAR PURPOSE ARE
  40:Drivers/STM32F0xx_HAL_Driver/Src/stm32f0xx_hal.c ****   * DISCLAIMED. IN NO EVENT SHALL THE COPYRIGHT HOLDER OR CONTRIBUTORS BE LIABLE
  41:Drivers/STM32F0xx_HAL_Driver/Src/stm32f0xx_hal.c ****   * FOR ANY DIRECT, INDIRECT, INCIDENTAL, SPECIAL, EXEMPLARY, OR CONSEQUENTIAL
  42:Drivers/STM32F0xx_HAL_Driver/Src/stm32f0xx_hal.c ****   * DAMAGES (INCLUDING, BUT NOT LIMITED TO, PROCUREMENT OF SUBSTITUTE GOODS OR
  43:Drivers/STM32F0xx_HAL_Driver/Src/stm32f0xx_hal.c ****   * SERVICES; LOSS OF USE, DATA, OR PROFITS; OR BUSINESS INTERRUPTION) HOWEVER
  44:Drivers/STM32F0xx_HAL_Driver/Src/stm32f0xx_hal.c ****   * CAUSED AND ON ANY THEORY OF LIABILITY, WHETHER IN CONTRACT, STRICT LIABILITY,
  45:Drivers/STM32F0xx_HAL_Driver/Src/stm32f0xx_hal.c ****   * OR TORT (INCLUDING NEGLIGENCE OR OTHERWISE) ARISING IN ANY WAY OUT OF THE USE
  46:Drivers/STM32F0xx_HAL_Driver/Src/stm32f0xx_hal.c ****   * OF THIS SOFTWARE, EVEN IF ADVISED OF THE POSSIBILITY OF SUCH DAMAGE.
  47:Drivers/STM32F0xx_HAL_Driver/Src/stm32f0xx_hal.c ****   *
  48:Drivers/STM32F0xx_HAL_Driver/Src/stm32f0xx_hal.c ****   ******************************************************************************
  49:Drivers/STM32F0xx_HAL_Driver/Src/stm32f0xx_hal.c ****   */
  50:Drivers/STM32F0xx_HAL_Driver/Src/stm32f0xx_hal.c **** 
  51:Drivers/STM32F0xx_HAL_Driver/Src/stm32f0xx_hal.c **** /* Includes ------------------------------------------------------------------*/
  52:Drivers/STM32F0xx_HAL_Driver/Src/stm32f0xx_hal.c **** #include "stm32f0xx_hal.h"
  53:Drivers/STM32F0xx_HAL_Driver/Src/stm32f0xx_hal.c **** 
  54:Drivers/STM32F0xx_HAL_Driver/Src/stm32f0xx_hal.c **** /** @addtogroup STM32F0xx_HAL_Driver
  55:Drivers/STM32F0xx_HAL_Driver/Src/stm32f0xx_hal.c ****   * @{
  56:Drivers/STM32F0xx_HAL_Driver/Src/stm32f0xx_hal.c ****   */
  57:Drivers/STM32F0xx_HAL_Driver/Src/stm32f0xx_hal.c **** 
  58:Drivers/STM32F0xx_HAL_Driver/Src/stm32f0xx_hal.c **** /** @defgroup HAL HAL
  59:Drivers/STM32F0xx_HAL_Driver/Src/stm32f0xx_hal.c ****   * @brief HAL module driver.
  60:Drivers/STM32F0xx_HAL_Driver/Src/stm32f0xx_hal.c ****   * @{
  61:Drivers/STM32F0xx_HAL_Driver/Src/stm32f0xx_hal.c ****   */
  62:Drivers/STM32F0xx_HAL_Driver/Src/stm32f0xx_hal.c **** 
  63:Drivers/STM32F0xx_HAL_Driver/Src/stm32f0xx_hal.c **** #ifdef HAL_MODULE_ENABLED
  64:Drivers/STM32F0xx_HAL_Driver/Src/stm32f0xx_hal.c **** 
  65:Drivers/STM32F0xx_HAL_Driver/Src/stm32f0xx_hal.c **** /* Private typedef -----------------------------------------------------------*/
  66:Drivers/STM32F0xx_HAL_Driver/Src/stm32f0xx_hal.c **** /* Private define ------------------------------------------------------------*/
  67:Drivers/STM32F0xx_HAL_Driver/Src/stm32f0xx_hal.c **** /** @defgroup HAL_Private_Constants HAL Private Constants
  68:Drivers/STM32F0xx_HAL_Driver/Src/stm32f0xx_hal.c ****   * @{
  69:Drivers/STM32F0xx_HAL_Driver/Src/stm32f0xx_hal.c ****   */
  70:Drivers/STM32F0xx_HAL_Driver/Src/stm32f0xx_hal.c **** /** 
  71:Drivers/STM32F0xx_HAL_Driver/Src/stm32f0xx_hal.c ****   * @brief STM32F0xx HAL Driver version number V1.7.2
  72:Drivers/STM32F0xx_HAL_Driver/Src/stm32f0xx_hal.c ****   */
  73:Drivers/STM32F0xx_HAL_Driver/Src/stm32f0xx_hal.c **** #define __STM32F0xx_HAL_VERSION_MAIN   (0x01) /*!< [31:24] main version */
  74:Drivers/STM32F0xx_HAL_Driver/Src/stm32f0xx_hal.c **** #define __STM32F0xx_HAL_VERSION_SUB1   (0x07) /*!< [23:16] sub1 version */
  75:Drivers/STM32F0xx_HAL_Driver/Src/stm32f0xx_hal.c **** #define __STM32F0xx_HAL_VERSION_SUB2   (0x02) /*!< [15:8]  sub2 version */
  76:Drivers/STM32F0xx_HAL_Driver/Src/stm32f0xx_hal.c **** #define __STM32F0xx_HAL_VERSION_RC     (0x00) /*!< [7:0]  release candidate */ 
  77:Drivers/STM32F0xx_HAL_Driver/Src/stm32f0xx_hal.c **** #define __STM32F0xx_HAL_VERSION         ((__STM32F0xx_HAL_VERSION_MAIN << 24U)\
  78:Drivers/STM32F0xx_HAL_Driver/Src/stm32f0xx_hal.c ****                                         |(__STM32F0xx_HAL_VERSION_SUB1 << 16U)\
  79:Drivers/STM32F0xx_HAL_Driver/Src/stm32f0xx_hal.c ****                                         |(__STM32F0xx_HAL_VERSION_SUB2 << 8U )\
  80:Drivers/STM32F0xx_HAL_Driver/Src/stm32f0xx_hal.c ****                                         |(__STM32F0xx_HAL_VERSION_RC))
  81:Drivers/STM32F0xx_HAL_Driver/Src/stm32f0xx_hal.c **** 
  82:Drivers/STM32F0xx_HAL_Driver/Src/stm32f0xx_hal.c **** #define IDCODE_DEVID_MASK    (0x00000FFFU)
  83:Drivers/STM32F0xx_HAL_Driver/Src/stm32f0xx_hal.c **** /**
  84:Drivers/STM32F0xx_HAL_Driver/Src/stm32f0xx_hal.c ****   * @}
  85:Drivers/STM32F0xx_HAL_Driver/Src/stm32f0xx_hal.c ****   */
  86:Drivers/STM32F0xx_HAL_Driver/Src/stm32f0xx_hal.c **** 
  87:Drivers/STM32F0xx_HAL_Driver/Src/stm32f0xx_hal.c **** /* Private macro -------------------------------------------------------------*/
  88:Drivers/STM32F0xx_HAL_Driver/Src/stm32f0xx_hal.c **** /** @defgroup HAL_Private_Macros HAL Private Macros
ARM GAS  C:\Users\ADMINI~1\AppData\Local\Temp\ccyyt7lf.s 			page 3


  89:Drivers/STM32F0xx_HAL_Driver/Src/stm32f0xx_hal.c ****   * @{
  90:Drivers/STM32F0xx_HAL_Driver/Src/stm32f0xx_hal.c ****   */
  91:Drivers/STM32F0xx_HAL_Driver/Src/stm32f0xx_hal.c **** /**
  92:Drivers/STM32F0xx_HAL_Driver/Src/stm32f0xx_hal.c ****   * @}
  93:Drivers/STM32F0xx_HAL_Driver/Src/stm32f0xx_hal.c ****   */
  94:Drivers/STM32F0xx_HAL_Driver/Src/stm32f0xx_hal.c **** 
  95:Drivers/STM32F0xx_HAL_Driver/Src/stm32f0xx_hal.c **** /* Private variables ---------------------------------------------------------*/
  96:Drivers/STM32F0xx_HAL_Driver/Src/stm32f0xx_hal.c **** /** @defgroup HAL_Private_Variables HAL Private Variables
  97:Drivers/STM32F0xx_HAL_Driver/Src/stm32f0xx_hal.c ****   * @{
  98:Drivers/STM32F0xx_HAL_Driver/Src/stm32f0xx_hal.c ****   */
  99:Drivers/STM32F0xx_HAL_Driver/Src/stm32f0xx_hal.c **** __IO uint32_t uwTick;
 100:Drivers/STM32F0xx_HAL_Driver/Src/stm32f0xx_hal.c **** /**
 101:Drivers/STM32F0xx_HAL_Driver/Src/stm32f0xx_hal.c ****   * @}
 102:Drivers/STM32F0xx_HAL_Driver/Src/stm32f0xx_hal.c ****   */
 103:Drivers/STM32F0xx_HAL_Driver/Src/stm32f0xx_hal.c **** /* Private function prototypes -----------------------------------------------*/
 104:Drivers/STM32F0xx_HAL_Driver/Src/stm32f0xx_hal.c **** /* Exported functions ---------------------------------------------------------*/
 105:Drivers/STM32F0xx_HAL_Driver/Src/stm32f0xx_hal.c **** 
 106:Drivers/STM32F0xx_HAL_Driver/Src/stm32f0xx_hal.c **** /** @defgroup HAL_Exported_Functions HAL Exported Functions
 107:Drivers/STM32F0xx_HAL_Driver/Src/stm32f0xx_hal.c ****   * @{
 108:Drivers/STM32F0xx_HAL_Driver/Src/stm32f0xx_hal.c ****   */
 109:Drivers/STM32F0xx_HAL_Driver/Src/stm32f0xx_hal.c **** 
 110:Drivers/STM32F0xx_HAL_Driver/Src/stm32f0xx_hal.c **** /** @defgroup HAL_Exported_Functions_Group1 Initialization and de-initialization Functions 
 111:Drivers/STM32F0xx_HAL_Driver/Src/stm32f0xx_hal.c ****   * @brief    Initialization and de-initialization functions
 112:Drivers/STM32F0xx_HAL_Driver/Src/stm32f0xx_hal.c ****   *
 113:Drivers/STM32F0xx_HAL_Driver/Src/stm32f0xx_hal.c **** @verbatim
 114:Drivers/STM32F0xx_HAL_Driver/Src/stm32f0xx_hal.c ****  ===============================================================================
 115:Drivers/STM32F0xx_HAL_Driver/Src/stm32f0xx_hal.c ****               ##### Initialization and de-initialization functions #####
 116:Drivers/STM32F0xx_HAL_Driver/Src/stm32f0xx_hal.c ****  ===============================================================================
 117:Drivers/STM32F0xx_HAL_Driver/Src/stm32f0xx_hal.c ****    [..]  This section provides functions allowing to:
 118:Drivers/STM32F0xx_HAL_Driver/Src/stm32f0xx_hal.c ****       (+) Initializes the Flash interface, the NVIC allocation and initial clock 
 119:Drivers/STM32F0xx_HAL_Driver/Src/stm32f0xx_hal.c ****           configuration. It initializes the source of time base also when timeout 
 120:Drivers/STM32F0xx_HAL_Driver/Src/stm32f0xx_hal.c ****           is needed and the backup domain when enabled.
 121:Drivers/STM32F0xx_HAL_Driver/Src/stm32f0xx_hal.c ****       (+) de-Initializes common part of the HAL.
 122:Drivers/STM32F0xx_HAL_Driver/Src/stm32f0xx_hal.c ****       (+) Configure The time base source to have 1ms time base with a dedicated 
 123:Drivers/STM32F0xx_HAL_Driver/Src/stm32f0xx_hal.c ****           Tick interrupt priority. 
 124:Drivers/STM32F0xx_HAL_Driver/Src/stm32f0xx_hal.c ****         (++) Systick timer is used by default as source of time base, but user 
 125:Drivers/STM32F0xx_HAL_Driver/Src/stm32f0xx_hal.c ****              can eventually implement his proper time base source (a general purpose 
 126:Drivers/STM32F0xx_HAL_Driver/Src/stm32f0xx_hal.c ****              timer for example or other time source), keeping in mind that Time base 
 127:Drivers/STM32F0xx_HAL_Driver/Src/stm32f0xx_hal.c ****              duration should be kept 1ms since PPP_TIMEOUT_VALUEs are defined and 
 128:Drivers/STM32F0xx_HAL_Driver/Src/stm32f0xx_hal.c ****              handled in milliseconds basis.
 129:Drivers/STM32F0xx_HAL_Driver/Src/stm32f0xx_hal.c ****         (++) Time base configuration function (HAL_InitTick ()) is called automatically 
 130:Drivers/STM32F0xx_HAL_Driver/Src/stm32f0xx_hal.c ****              at the beginning of the program after reset by HAL_Init() or at any time 
 131:Drivers/STM32F0xx_HAL_Driver/Src/stm32f0xx_hal.c ****              when clock is configured, by HAL_RCC_ClockConfig(). 
 132:Drivers/STM32F0xx_HAL_Driver/Src/stm32f0xx_hal.c ****         (++) Source of time base is configured  to generate interrupts at regular 
 133:Drivers/STM32F0xx_HAL_Driver/Src/stm32f0xx_hal.c ****              time intervals. Care must be taken if HAL_Delay() is called from a 
 134:Drivers/STM32F0xx_HAL_Driver/Src/stm32f0xx_hal.c ****              peripheral ISR process, the Tick interrupt line must have higher priority 
 135:Drivers/STM32F0xx_HAL_Driver/Src/stm32f0xx_hal.c ****             (numerically lower) than the peripheral interrupt. Otherwise the caller 
 136:Drivers/STM32F0xx_HAL_Driver/Src/stm32f0xx_hal.c ****             ISR process will be blocked. 
 137:Drivers/STM32F0xx_HAL_Driver/Src/stm32f0xx_hal.c ****        (++) functions affecting time base configurations are declared as __Weak  
 138:Drivers/STM32F0xx_HAL_Driver/Src/stm32f0xx_hal.c ****              to make  override possible  in case of other  implementations in user file.
 139:Drivers/STM32F0xx_HAL_Driver/Src/stm32f0xx_hal.c ****  
 140:Drivers/STM32F0xx_HAL_Driver/Src/stm32f0xx_hal.c **** @endverbatim
 141:Drivers/STM32F0xx_HAL_Driver/Src/stm32f0xx_hal.c ****   * @{
 142:Drivers/STM32F0xx_HAL_Driver/Src/stm32f0xx_hal.c ****   */
 143:Drivers/STM32F0xx_HAL_Driver/Src/stm32f0xx_hal.c **** 
 144:Drivers/STM32F0xx_HAL_Driver/Src/stm32f0xx_hal.c **** /**
 145:Drivers/STM32F0xx_HAL_Driver/Src/stm32f0xx_hal.c ****   * @brief  This function configures the Flash prefetch,
ARM GAS  C:\Users\ADMINI~1\AppData\Local\Temp\ccyyt7lf.s 			page 4


 146:Drivers/STM32F0xx_HAL_Driver/Src/stm32f0xx_hal.c ****   *        Configures time base source, NVIC and Low level hardware
 147:Drivers/STM32F0xx_HAL_Driver/Src/stm32f0xx_hal.c ****   * @note This function is called at the beginning of program after reset and before 
 148:Drivers/STM32F0xx_HAL_Driver/Src/stm32f0xx_hal.c ****   *       the clock configuration
 149:Drivers/STM32F0xx_HAL_Driver/Src/stm32f0xx_hal.c ****   * @note The time base configuration is based on HSI clock when exiting from Reset.
 150:Drivers/STM32F0xx_HAL_Driver/Src/stm32f0xx_hal.c ****   *       Once done, time base tick start incrementing.
 151:Drivers/STM32F0xx_HAL_Driver/Src/stm32f0xx_hal.c ****   *       In the default implementation,Systick is used as source of time base.
 152:Drivers/STM32F0xx_HAL_Driver/Src/stm32f0xx_hal.c ****   *       The tick variable is incremented each 1ms in its ISR.
 153:Drivers/STM32F0xx_HAL_Driver/Src/stm32f0xx_hal.c ****   * @retval HAL status
 154:Drivers/STM32F0xx_HAL_Driver/Src/stm32f0xx_hal.c ****   */
 155:Drivers/STM32F0xx_HAL_Driver/Src/stm32f0xx_hal.c **** HAL_StatusTypeDef HAL_Init(void)
 156:Drivers/STM32F0xx_HAL_Driver/Src/stm32f0xx_hal.c **** {
  28              		.loc 1 156 1
  29              		.cfi_startproc
  30              		@ args = 0, pretend = 0, frame = 0
  31              		@ frame_needed = 1, uses_anonymous_args = 0
  32 0000 80B5     		push	{r7, lr}
  33              	.LCFI0:
  34              		.cfi_def_cfa_offset 8
  35              		.cfi_offset 7, -8
  36              		.cfi_offset 14, -4
  37 0002 00AF     		add	r7, sp, #0
  38              	.LCFI1:
  39              		.cfi_def_cfa_register 7
 157:Drivers/STM32F0xx_HAL_Driver/Src/stm32f0xx_hal.c ****   /* Configure Flash prefetch */ 
 158:Drivers/STM32F0xx_HAL_Driver/Src/stm32f0xx_hal.c **** #if (PREFETCH_ENABLE != 0)
 159:Drivers/STM32F0xx_HAL_Driver/Src/stm32f0xx_hal.c ****   __HAL_FLASH_PREFETCH_BUFFER_ENABLE();
  40              		.loc 1 159 3
  41 0004 074B     		ldr	r3, .L3
  42 0006 1A68     		ldr	r2, [r3]
  43 0008 064B     		ldr	r3, .L3
  44 000a 1021     		movs	r1, #16
  45 000c 0A43     		orrs	r2, r1
  46 000e 1A60     		str	r2, [r3]
 160:Drivers/STM32F0xx_HAL_Driver/Src/stm32f0xx_hal.c **** #endif /* PREFETCH_ENABLE */
 161:Drivers/STM32F0xx_HAL_Driver/Src/stm32f0xx_hal.c **** 
 162:Drivers/STM32F0xx_HAL_Driver/Src/stm32f0xx_hal.c ****   /* Use systick as time base source and configure 1ms tick (default clock after Reset is HSI) */
 163:Drivers/STM32F0xx_HAL_Driver/Src/stm32f0xx_hal.c **** 
 164:Drivers/STM32F0xx_HAL_Driver/Src/stm32f0xx_hal.c ****   HAL_InitTick(TICK_INT_PRIORITY);
  47              		.loc 1 164 3
  48 0010 0020     		movs	r0, #0
  49 0012 FFF7FEFF 		bl	HAL_InitTick
 165:Drivers/STM32F0xx_HAL_Driver/Src/stm32f0xx_hal.c **** 
 166:Drivers/STM32F0xx_HAL_Driver/Src/stm32f0xx_hal.c ****   /* Init the low level hardware */
 167:Drivers/STM32F0xx_HAL_Driver/Src/stm32f0xx_hal.c ****   HAL_MspInit();
  50              		.loc 1 167 3
  51 0016 FFF7FEFF 		bl	HAL_MspInit
 168:Drivers/STM32F0xx_HAL_Driver/Src/stm32f0xx_hal.c **** 
 169:Drivers/STM32F0xx_HAL_Driver/Src/stm32f0xx_hal.c ****   /* Return function status */
 170:Drivers/STM32F0xx_HAL_Driver/Src/stm32f0xx_hal.c ****   return HAL_OK;
  52              		.loc 1 170 10
  53 001a 0023     		movs	r3, #0
 171:Drivers/STM32F0xx_HAL_Driver/Src/stm32f0xx_hal.c **** }
  54              		.loc 1 171 1
  55 001c 1800     		movs	r0, r3
  56 001e BD46     		mov	sp, r7
  57              		@ sp needed
  58 0020 80BD     		pop	{r7, pc}
ARM GAS  C:\Users\ADMINI~1\AppData\Local\Temp\ccyyt7lf.s 			page 5


  59              	.L4:
  60 0022 C046     		.align	2
  61              	.L3:
  62 0024 00200240 		.word	1073881088
  63              		.cfi_endproc
  64              	.LFE37:
  66              		.section	.text.HAL_DeInit,"ax",%progbits
  67              		.align	1
  68              		.global	HAL_DeInit
  69              		.syntax unified
  70              		.code	16
  71              		.thumb_func
  72              		.fpu softvfp
  74              	HAL_DeInit:
  75              	.LFB38:
 172:Drivers/STM32F0xx_HAL_Driver/Src/stm32f0xx_hal.c **** 
 173:Drivers/STM32F0xx_HAL_Driver/Src/stm32f0xx_hal.c **** /**
 174:Drivers/STM32F0xx_HAL_Driver/Src/stm32f0xx_hal.c ****   * @brief This function de-Initializes common part of the HAL and stops the source
 175:Drivers/STM32F0xx_HAL_Driver/Src/stm32f0xx_hal.c ****   *        of time base.
 176:Drivers/STM32F0xx_HAL_Driver/Src/stm32f0xx_hal.c ****   * @note This function is optional.
 177:Drivers/STM32F0xx_HAL_Driver/Src/stm32f0xx_hal.c ****   * @retval HAL status
 178:Drivers/STM32F0xx_HAL_Driver/Src/stm32f0xx_hal.c ****   */
 179:Drivers/STM32F0xx_HAL_Driver/Src/stm32f0xx_hal.c **** HAL_StatusTypeDef HAL_DeInit(void)
 180:Drivers/STM32F0xx_HAL_Driver/Src/stm32f0xx_hal.c **** {
  76              		.loc 1 180 1
  77              		.cfi_startproc
  78              		@ args = 0, pretend = 0, frame = 0
  79              		@ frame_needed = 1, uses_anonymous_args = 0
  80 0000 80B5     		push	{r7, lr}
  81              	.LCFI2:
  82              		.cfi_def_cfa_offset 8
  83              		.cfi_offset 7, -8
  84              		.cfi_offset 14, -4
  85 0002 00AF     		add	r7, sp, #0
  86              	.LCFI3:
  87              		.cfi_def_cfa_register 7
 181:Drivers/STM32F0xx_HAL_Driver/Src/stm32f0xx_hal.c ****   /* Reset of all peripherals */
 182:Drivers/STM32F0xx_HAL_Driver/Src/stm32f0xx_hal.c ****   __HAL_RCC_APB1_FORCE_RESET();
  88              		.loc 1 182 3
  89 0004 0D4B     		ldr	r3, .L7
  90 0006 0122     		movs	r2, #1
  91 0008 5242     		rsbs	r2, r2, #0
  92 000a 1A61     		str	r2, [r3, #16]
 183:Drivers/STM32F0xx_HAL_Driver/Src/stm32f0xx_hal.c ****   __HAL_RCC_APB1_RELEASE_RESET();
  93              		.loc 1 183 3
  94 000c 0B4B     		ldr	r3, .L7
  95 000e 0022     		movs	r2, #0
  96 0010 1A61     		str	r2, [r3, #16]
 184:Drivers/STM32F0xx_HAL_Driver/Src/stm32f0xx_hal.c **** 
 185:Drivers/STM32F0xx_HAL_Driver/Src/stm32f0xx_hal.c ****   __HAL_RCC_APB2_FORCE_RESET();
  97              		.loc 1 185 3
  98 0012 0A4B     		ldr	r3, .L7
  99 0014 0122     		movs	r2, #1
 100 0016 5242     		rsbs	r2, r2, #0
 101 0018 DA60     		str	r2, [r3, #12]
 186:Drivers/STM32F0xx_HAL_Driver/Src/stm32f0xx_hal.c ****   __HAL_RCC_APB2_RELEASE_RESET();
 102              		.loc 1 186 3
ARM GAS  C:\Users\ADMINI~1\AppData\Local\Temp\ccyyt7lf.s 			page 6


 103 001a 084B     		ldr	r3, .L7
 104 001c 0022     		movs	r2, #0
 105 001e DA60     		str	r2, [r3, #12]
 187:Drivers/STM32F0xx_HAL_Driver/Src/stm32f0xx_hal.c **** 
 188:Drivers/STM32F0xx_HAL_Driver/Src/stm32f0xx_hal.c ****   __HAL_RCC_AHB_FORCE_RESET();
 106              		.loc 1 188 3
 107 0020 064B     		ldr	r3, .L7
 108 0022 0122     		movs	r2, #1
 109 0024 5242     		rsbs	r2, r2, #0
 110 0026 9A62     		str	r2, [r3, #40]
 189:Drivers/STM32F0xx_HAL_Driver/Src/stm32f0xx_hal.c ****   __HAL_RCC_AHB_RELEASE_RESET();
 111              		.loc 1 189 3
 112 0028 044B     		ldr	r3, .L7
 113 002a 0022     		movs	r2, #0
 114 002c 9A62     		str	r2, [r3, #40]
 190:Drivers/STM32F0xx_HAL_Driver/Src/stm32f0xx_hal.c **** 
 191:Drivers/STM32F0xx_HAL_Driver/Src/stm32f0xx_hal.c ****   /* De-Init the low level hardware */
 192:Drivers/STM32F0xx_HAL_Driver/Src/stm32f0xx_hal.c ****   HAL_MspDeInit();
 115              		.loc 1 192 3
 116 002e FFF7FEFF 		bl	HAL_MspDeInit
 193:Drivers/STM32F0xx_HAL_Driver/Src/stm32f0xx_hal.c ****     
 194:Drivers/STM32F0xx_HAL_Driver/Src/stm32f0xx_hal.c ****   /* Return function status */
 195:Drivers/STM32F0xx_HAL_Driver/Src/stm32f0xx_hal.c ****   return HAL_OK;
 117              		.loc 1 195 10
 118 0032 0023     		movs	r3, #0
 196:Drivers/STM32F0xx_HAL_Driver/Src/stm32f0xx_hal.c **** }
 119              		.loc 1 196 1
 120 0034 1800     		movs	r0, r3
 121 0036 BD46     		mov	sp, r7
 122              		@ sp needed
 123 0038 80BD     		pop	{r7, pc}
 124              	.L8:
 125 003a C046     		.align	2
 126              	.L7:
 127 003c 00100240 		.word	1073876992
 128              		.cfi_endproc
 129              	.LFE38:
 131              		.section	.text.HAL_MspInit,"ax",%progbits
 132              		.align	1
 133              		.weak	HAL_MspInit
 134              		.syntax unified
 135              		.code	16
 136              		.thumb_func
 137              		.fpu softvfp
 139              	HAL_MspInit:
 140              	.LFB39:
 197:Drivers/STM32F0xx_HAL_Driver/Src/stm32f0xx_hal.c **** 
 198:Drivers/STM32F0xx_HAL_Driver/Src/stm32f0xx_hal.c **** /**
 199:Drivers/STM32F0xx_HAL_Driver/Src/stm32f0xx_hal.c ****   * @brief  Initializes the MSP.
 200:Drivers/STM32F0xx_HAL_Driver/Src/stm32f0xx_hal.c ****   * @retval None
 201:Drivers/STM32F0xx_HAL_Driver/Src/stm32f0xx_hal.c ****   */
 202:Drivers/STM32F0xx_HAL_Driver/Src/stm32f0xx_hal.c **** __weak void HAL_MspInit(void)
 203:Drivers/STM32F0xx_HAL_Driver/Src/stm32f0xx_hal.c **** {
 141              		.loc 1 203 1
 142              		.cfi_startproc
 143              		@ args = 0, pretend = 0, frame = 0
 144              		@ frame_needed = 1, uses_anonymous_args = 0
ARM GAS  C:\Users\ADMINI~1\AppData\Local\Temp\ccyyt7lf.s 			page 7


 145 0000 80B5     		push	{r7, lr}
 146              	.LCFI4:
 147              		.cfi_def_cfa_offset 8
 148              		.cfi_offset 7, -8
 149              		.cfi_offset 14, -4
 150 0002 00AF     		add	r7, sp, #0
 151              	.LCFI5:
 152              		.cfi_def_cfa_register 7
 204:Drivers/STM32F0xx_HAL_Driver/Src/stm32f0xx_hal.c ****   /* NOTE : This function Should not be modified, when the callback is needed,
 205:Drivers/STM32F0xx_HAL_Driver/Src/stm32f0xx_hal.c ****             the HAL_MspInit could be implemented in the user file
 206:Drivers/STM32F0xx_HAL_Driver/Src/stm32f0xx_hal.c ****    */
 207:Drivers/STM32F0xx_HAL_Driver/Src/stm32f0xx_hal.c **** }
 153              		.loc 1 207 1
 154 0004 C046     		nop
 155 0006 BD46     		mov	sp, r7
 156              		@ sp needed
 157 0008 80BD     		pop	{r7, pc}
 158              		.cfi_endproc
 159              	.LFE39:
 161              		.section	.text.HAL_MspDeInit,"ax",%progbits
 162              		.align	1
 163              		.weak	HAL_MspDeInit
 164              		.syntax unified
 165              		.code	16
 166              		.thumb_func
 167              		.fpu softvfp
 169              	HAL_MspDeInit:
 170              	.LFB40:
 208:Drivers/STM32F0xx_HAL_Driver/Src/stm32f0xx_hal.c **** 
 209:Drivers/STM32F0xx_HAL_Driver/Src/stm32f0xx_hal.c **** /**
 210:Drivers/STM32F0xx_HAL_Driver/Src/stm32f0xx_hal.c ****   * @brief  DeInitializes the MSP.
 211:Drivers/STM32F0xx_HAL_Driver/Src/stm32f0xx_hal.c ****   * @retval None
 212:Drivers/STM32F0xx_HAL_Driver/Src/stm32f0xx_hal.c ****   */
 213:Drivers/STM32F0xx_HAL_Driver/Src/stm32f0xx_hal.c **** __weak void HAL_MspDeInit(void)
 214:Drivers/STM32F0xx_HAL_Driver/Src/stm32f0xx_hal.c **** {
 171              		.loc 1 214 1
 172              		.cfi_startproc
 173              		@ args = 0, pretend = 0, frame = 0
 174              		@ frame_needed = 1, uses_anonymous_args = 0
 175 0000 80B5     		push	{r7, lr}
 176              	.LCFI6:
 177              		.cfi_def_cfa_offset 8
 178              		.cfi_offset 7, -8
 179              		.cfi_offset 14, -4
 180 0002 00AF     		add	r7, sp, #0
 181              	.LCFI7:
 182              		.cfi_def_cfa_register 7
 215:Drivers/STM32F0xx_HAL_Driver/Src/stm32f0xx_hal.c ****   /* NOTE : This function Should not be modified, when the callback is needed,
 216:Drivers/STM32F0xx_HAL_Driver/Src/stm32f0xx_hal.c ****             the HAL_MspDeInit could be implemented in the user file
 217:Drivers/STM32F0xx_HAL_Driver/Src/stm32f0xx_hal.c ****    */
 218:Drivers/STM32F0xx_HAL_Driver/Src/stm32f0xx_hal.c **** }
 183              		.loc 1 218 1
 184 0004 C046     		nop
 185 0006 BD46     		mov	sp, r7
 186              		@ sp needed
 187 0008 80BD     		pop	{r7, pc}
 188              		.cfi_endproc
ARM GAS  C:\Users\ADMINI~1\AppData\Local\Temp\ccyyt7lf.s 			page 8


 189              	.LFE40:
 191              		.global	__aeabi_uidiv
 192              		.section	.text.HAL_InitTick,"ax",%progbits
 193              		.align	1
 194              		.weak	HAL_InitTick
 195              		.syntax unified
 196              		.code	16
 197              		.thumb_func
 198              		.fpu softvfp
 200              	HAL_InitTick:
 201              	.LFB41:
 219:Drivers/STM32F0xx_HAL_Driver/Src/stm32f0xx_hal.c **** 
 220:Drivers/STM32F0xx_HAL_Driver/Src/stm32f0xx_hal.c **** /**
 221:Drivers/STM32F0xx_HAL_Driver/Src/stm32f0xx_hal.c ****   * @brief This function configures the source of the time base. 
 222:Drivers/STM32F0xx_HAL_Driver/Src/stm32f0xx_hal.c ****   *        The time source is configured  to have 1ms time base with a dedicated 
 223:Drivers/STM32F0xx_HAL_Driver/Src/stm32f0xx_hal.c ****   *        Tick interrupt priority.
 224:Drivers/STM32F0xx_HAL_Driver/Src/stm32f0xx_hal.c ****   * @note This function is called  automatically at the beginning of program after
 225:Drivers/STM32F0xx_HAL_Driver/Src/stm32f0xx_hal.c ****   *       reset by HAL_Init() or at any time when clock is reconfigured  by HAL_RCC_ClockConfig(). 
 226:Drivers/STM32F0xx_HAL_Driver/Src/stm32f0xx_hal.c ****   * @note In the default implementation, SysTick timer is the source of time base. 
 227:Drivers/STM32F0xx_HAL_Driver/Src/stm32f0xx_hal.c ****   *       It is used to generate interrupts at regular time intervals. 
 228:Drivers/STM32F0xx_HAL_Driver/Src/stm32f0xx_hal.c ****   *       Care must be taken if HAL_Delay() is called from a peripheral ISR process, 
 229:Drivers/STM32F0xx_HAL_Driver/Src/stm32f0xx_hal.c ****   *       The the SysTick interrupt must have higher priority (numerically lower) 
 230:Drivers/STM32F0xx_HAL_Driver/Src/stm32f0xx_hal.c ****   *       than the peripheral interrupt. Otherwise the caller ISR process will be blocked.
 231:Drivers/STM32F0xx_HAL_Driver/Src/stm32f0xx_hal.c ****   *       The function is declared as __Weak  to be overwritten  in case of other
 232:Drivers/STM32F0xx_HAL_Driver/Src/stm32f0xx_hal.c ****   *       implementation  in user file.
 233:Drivers/STM32F0xx_HAL_Driver/Src/stm32f0xx_hal.c ****   * @param TickPriority Tick interrupt priority.
 234:Drivers/STM32F0xx_HAL_Driver/Src/stm32f0xx_hal.c ****   * @retval HAL status
 235:Drivers/STM32F0xx_HAL_Driver/Src/stm32f0xx_hal.c ****   */
 236:Drivers/STM32F0xx_HAL_Driver/Src/stm32f0xx_hal.c **** __weak HAL_StatusTypeDef HAL_InitTick(uint32_t TickPriority)
 237:Drivers/STM32F0xx_HAL_Driver/Src/stm32f0xx_hal.c **** {
 202              		.loc 1 237 1
 203              		.cfi_startproc
 204              		@ args = 0, pretend = 0, frame = 8
 205              		@ frame_needed = 1, uses_anonymous_args = 0
 206 0000 80B5     		push	{r7, lr}
 207              	.LCFI8:
 208              		.cfi_def_cfa_offset 8
 209              		.cfi_offset 7, -8
 210              		.cfi_offset 14, -4
 211 0002 82B0     		sub	sp, sp, #8
 212              	.LCFI9:
 213              		.cfi_def_cfa_offset 16
 214 0004 00AF     		add	r7, sp, #0
 215              	.LCFI10:
 216              		.cfi_def_cfa_register 7
 217 0006 7860     		str	r0, [r7, #4]
 238:Drivers/STM32F0xx_HAL_Driver/Src/stm32f0xx_hal.c ****   /*Configure the SysTick to have interrupt in 1ms time basis*/
 239:Drivers/STM32F0xx_HAL_Driver/Src/stm32f0xx_hal.c ****   HAL_SYSTICK_Config(HAL_RCC_GetHCLKFreq()/1000U);
 218              		.loc 1 239 22
 219 0008 FFF7FEFF 		bl	HAL_RCC_GetHCLKFreq
 220 000c 0200     		movs	r2, r0
 221              		.loc 1 239 3
 222 000e FA23     		movs	r3, #250
 223 0010 9900     		lsls	r1, r3, #2
 224 0012 1000     		movs	r0, r2
 225 0014 FFF7FEFF 		bl	__aeabi_uidiv
 226              	.LVL0:
ARM GAS  C:\Users\ADMINI~1\AppData\Local\Temp\ccyyt7lf.s 			page 9


 227 0018 0300     		movs	r3, r0
 228 001a 1800     		movs	r0, r3
 229 001c FFF7FEFF 		bl	HAL_SYSTICK_Config
 240:Drivers/STM32F0xx_HAL_Driver/Src/stm32f0xx_hal.c **** 
 241:Drivers/STM32F0xx_HAL_Driver/Src/stm32f0xx_hal.c ****   /*Configure the SysTick IRQ priority */
 242:Drivers/STM32F0xx_HAL_Driver/Src/stm32f0xx_hal.c ****   HAL_NVIC_SetPriority(SysTick_IRQn, TickPriority ,0U);
 230              		.loc 1 242 3
 231 0020 7968     		ldr	r1, [r7, #4]
 232 0022 0123     		movs	r3, #1
 233 0024 5B42     		rsbs	r3, r3, #0
 234 0026 0022     		movs	r2, #0
 235 0028 1800     		movs	r0, r3
 236 002a FFF7FEFF 		bl	HAL_NVIC_SetPriority
 243:Drivers/STM32F0xx_HAL_Driver/Src/stm32f0xx_hal.c **** 
 244:Drivers/STM32F0xx_HAL_Driver/Src/stm32f0xx_hal.c ****    /* Return function status */
 245:Drivers/STM32F0xx_HAL_Driver/Src/stm32f0xx_hal.c ****   return HAL_OK;
 237              		.loc 1 245 10
 238 002e 0023     		movs	r3, #0
 246:Drivers/STM32F0xx_HAL_Driver/Src/stm32f0xx_hal.c **** }
 239              		.loc 1 246 1
 240 0030 1800     		movs	r0, r3
 241 0032 BD46     		mov	sp, r7
 242 0034 02B0     		add	sp, sp, #8
 243              		@ sp needed
 244 0036 80BD     		pop	{r7, pc}
 245              		.cfi_endproc
 246              	.LFE41:
 248              		.section	.text.HAL_IncTick,"ax",%progbits
 249              		.align	1
 250              		.weak	HAL_IncTick
 251              		.syntax unified
 252              		.code	16
 253              		.thumb_func
 254              		.fpu softvfp
 256              	HAL_IncTick:
 257              	.LFB42:
 247:Drivers/STM32F0xx_HAL_Driver/Src/stm32f0xx_hal.c **** 
 248:Drivers/STM32F0xx_HAL_Driver/Src/stm32f0xx_hal.c **** /**
 249:Drivers/STM32F0xx_HAL_Driver/Src/stm32f0xx_hal.c ****   * @}
 250:Drivers/STM32F0xx_HAL_Driver/Src/stm32f0xx_hal.c ****   */
 251:Drivers/STM32F0xx_HAL_Driver/Src/stm32f0xx_hal.c **** 
 252:Drivers/STM32F0xx_HAL_Driver/Src/stm32f0xx_hal.c **** /** @defgroup HAL_Exported_Functions_Group2 HAL Control functions 
 253:Drivers/STM32F0xx_HAL_Driver/Src/stm32f0xx_hal.c ****   * @brief    HAL Control functions
 254:Drivers/STM32F0xx_HAL_Driver/Src/stm32f0xx_hal.c ****   *
 255:Drivers/STM32F0xx_HAL_Driver/Src/stm32f0xx_hal.c **** @verbatim
 256:Drivers/STM32F0xx_HAL_Driver/Src/stm32f0xx_hal.c ****  ===============================================================================
 257:Drivers/STM32F0xx_HAL_Driver/Src/stm32f0xx_hal.c ****                       ##### HAL Control functions #####
 258:Drivers/STM32F0xx_HAL_Driver/Src/stm32f0xx_hal.c ****  ===============================================================================
 259:Drivers/STM32F0xx_HAL_Driver/Src/stm32f0xx_hal.c ****     [..]  This section provides functions allowing to:
 260:Drivers/STM32F0xx_HAL_Driver/Src/stm32f0xx_hal.c ****       (+) Provide a tick value in millisecond
 261:Drivers/STM32F0xx_HAL_Driver/Src/stm32f0xx_hal.c ****       (+) Provide a blocking delay in millisecond
 262:Drivers/STM32F0xx_HAL_Driver/Src/stm32f0xx_hal.c ****       (+) Suspend the time base source interrupt
 263:Drivers/STM32F0xx_HAL_Driver/Src/stm32f0xx_hal.c ****       (+) Resume the time base source interrupt
 264:Drivers/STM32F0xx_HAL_Driver/Src/stm32f0xx_hal.c ****       (+) Get the HAL API driver version
 265:Drivers/STM32F0xx_HAL_Driver/Src/stm32f0xx_hal.c ****       (+) Get the device identifier
 266:Drivers/STM32F0xx_HAL_Driver/Src/stm32f0xx_hal.c ****       (+) Get the device revision identifier
 267:Drivers/STM32F0xx_HAL_Driver/Src/stm32f0xx_hal.c ****       (+) Enable/Disable Debug module during Sleep mode
ARM GAS  C:\Users\ADMINI~1\AppData\Local\Temp\ccyyt7lf.s 			page 10


 268:Drivers/STM32F0xx_HAL_Driver/Src/stm32f0xx_hal.c ****       (+) Enable/Disable Debug module during STOP mode
 269:Drivers/STM32F0xx_HAL_Driver/Src/stm32f0xx_hal.c ****       (+) Enable/Disable Debug module during STANDBY mode
 270:Drivers/STM32F0xx_HAL_Driver/Src/stm32f0xx_hal.c ****       
 271:Drivers/STM32F0xx_HAL_Driver/Src/stm32f0xx_hal.c **** @endverbatim
 272:Drivers/STM32F0xx_HAL_Driver/Src/stm32f0xx_hal.c ****   * @{
 273:Drivers/STM32F0xx_HAL_Driver/Src/stm32f0xx_hal.c ****   */
 274:Drivers/STM32F0xx_HAL_Driver/Src/stm32f0xx_hal.c **** 
 275:Drivers/STM32F0xx_HAL_Driver/Src/stm32f0xx_hal.c **** /**
 276:Drivers/STM32F0xx_HAL_Driver/Src/stm32f0xx_hal.c ****   * @brief This function is called to increment  a global variable "uwTick"
 277:Drivers/STM32F0xx_HAL_Driver/Src/stm32f0xx_hal.c ****   *        used as application time base.
 278:Drivers/STM32F0xx_HAL_Driver/Src/stm32f0xx_hal.c ****   * @note In the default implementation, this variable is incremented each 1ms
 279:Drivers/STM32F0xx_HAL_Driver/Src/stm32f0xx_hal.c ****   *       in Systick ISR.
 280:Drivers/STM32F0xx_HAL_Driver/Src/stm32f0xx_hal.c ****   * @note This function is declared as __weak to be overwritten in case of other 
 281:Drivers/STM32F0xx_HAL_Driver/Src/stm32f0xx_hal.c ****   *       implementations in user file.
 282:Drivers/STM32F0xx_HAL_Driver/Src/stm32f0xx_hal.c ****   * @retval None
 283:Drivers/STM32F0xx_HAL_Driver/Src/stm32f0xx_hal.c ****   */
 284:Drivers/STM32F0xx_HAL_Driver/Src/stm32f0xx_hal.c **** __weak void HAL_IncTick(void)
 285:Drivers/STM32F0xx_HAL_Driver/Src/stm32f0xx_hal.c **** {
 258              		.loc 1 285 1
 259              		.cfi_startproc
 260              		@ args = 0, pretend = 0, frame = 0
 261              		@ frame_needed = 1, uses_anonymous_args = 0
 262 0000 80B5     		push	{r7, lr}
 263              	.LCFI11:
 264              		.cfi_def_cfa_offset 8
 265              		.cfi_offset 7, -8
 266              		.cfi_offset 14, -4
 267 0002 00AF     		add	r7, sp, #0
 268              	.LCFI12:
 269              		.cfi_def_cfa_register 7
 286:Drivers/STM32F0xx_HAL_Driver/Src/stm32f0xx_hal.c ****   uwTick++;
 270              		.loc 1 286 9
 271 0004 034B     		ldr	r3, .L14
 272 0006 1B68     		ldr	r3, [r3]
 273 0008 5A1C     		adds	r2, r3, #1
 274 000a 024B     		ldr	r3, .L14
 275 000c 1A60     		str	r2, [r3]
 287:Drivers/STM32F0xx_HAL_Driver/Src/stm32f0xx_hal.c **** }
 276              		.loc 1 287 1
 277 000e C046     		nop
 278 0010 BD46     		mov	sp, r7
 279              		@ sp needed
 280 0012 80BD     		pop	{r7, pc}
 281              	.L15:
 282              		.align	2
 283              	.L14:
 284 0014 00000000 		.word	uwTick
 285              		.cfi_endproc
 286              	.LFE42:
 288              		.section	.text.HAL_GetTick,"ax",%progbits
 289              		.align	1
 290              		.weak	HAL_GetTick
 291              		.syntax unified
 292              		.code	16
 293              		.thumb_func
 294              		.fpu softvfp
 296              	HAL_GetTick:
ARM GAS  C:\Users\ADMINI~1\AppData\Local\Temp\ccyyt7lf.s 			page 11


 297              	.LFB43:
 288:Drivers/STM32F0xx_HAL_Driver/Src/stm32f0xx_hal.c **** 
 289:Drivers/STM32F0xx_HAL_Driver/Src/stm32f0xx_hal.c **** /**
 290:Drivers/STM32F0xx_HAL_Driver/Src/stm32f0xx_hal.c ****   * @brief  Provides a tick value in millisecond.
 291:Drivers/STM32F0xx_HAL_Driver/Src/stm32f0xx_hal.c ****   * @note   This function is declared as __weak  to be overwritten  in case of other 
 292:Drivers/STM32F0xx_HAL_Driver/Src/stm32f0xx_hal.c ****   *       implementations in user file.
 293:Drivers/STM32F0xx_HAL_Driver/Src/stm32f0xx_hal.c ****   * @retval tick value
 294:Drivers/STM32F0xx_HAL_Driver/Src/stm32f0xx_hal.c ****   */
 295:Drivers/STM32F0xx_HAL_Driver/Src/stm32f0xx_hal.c **** __weak uint32_t HAL_GetTick(void)
 296:Drivers/STM32F0xx_HAL_Driver/Src/stm32f0xx_hal.c **** {
 298              		.loc 1 296 1
 299              		.cfi_startproc
 300              		@ args = 0, pretend = 0, frame = 0
 301              		@ frame_needed = 1, uses_anonymous_args = 0
 302 0000 80B5     		push	{r7, lr}
 303              	.LCFI13:
 304              		.cfi_def_cfa_offset 8
 305              		.cfi_offset 7, -8
 306              		.cfi_offset 14, -4
 307 0002 00AF     		add	r7, sp, #0
 308              	.LCFI14:
 309              		.cfi_def_cfa_register 7
 297:Drivers/STM32F0xx_HAL_Driver/Src/stm32f0xx_hal.c ****   return uwTick;
 310              		.loc 1 297 10
 311 0004 024B     		ldr	r3, .L18
 312 0006 1B68     		ldr	r3, [r3]
 298:Drivers/STM32F0xx_HAL_Driver/Src/stm32f0xx_hal.c **** }
 313              		.loc 1 298 1
 314 0008 1800     		movs	r0, r3
 315 000a BD46     		mov	sp, r7
 316              		@ sp needed
 317 000c 80BD     		pop	{r7, pc}
 318              	.L19:
 319 000e C046     		.align	2
 320              	.L18:
 321 0010 00000000 		.word	uwTick
 322              		.cfi_endproc
 323              	.LFE43:
 325              		.section	.text.HAL_Delay,"ax",%progbits
 326              		.align	1
 327              		.weak	HAL_Delay
 328              		.syntax unified
 329              		.code	16
 330              		.thumb_func
 331              		.fpu softvfp
 333              	HAL_Delay:
 334              	.LFB44:
 299:Drivers/STM32F0xx_HAL_Driver/Src/stm32f0xx_hal.c **** 
 300:Drivers/STM32F0xx_HAL_Driver/Src/stm32f0xx_hal.c **** /**
 301:Drivers/STM32F0xx_HAL_Driver/Src/stm32f0xx_hal.c ****   * @brief This function provides accurate delay (in milliseconds) based 
 302:Drivers/STM32F0xx_HAL_Driver/Src/stm32f0xx_hal.c ****   *        on variable incremented.
 303:Drivers/STM32F0xx_HAL_Driver/Src/stm32f0xx_hal.c ****   * @note In the default implementation , SysTick timer is the source of time base.
 304:Drivers/STM32F0xx_HAL_Driver/Src/stm32f0xx_hal.c ****   *       It is used to generate interrupts at regular time intervals where uwTick
 305:Drivers/STM32F0xx_HAL_Driver/Src/stm32f0xx_hal.c ****   *       is incremented.
 306:Drivers/STM32F0xx_HAL_Driver/Src/stm32f0xx_hal.c ****   * @note ThiS function is declared as __weak to be overwritten in case of other
 307:Drivers/STM32F0xx_HAL_Driver/Src/stm32f0xx_hal.c ****   *       implementations in user file.
 308:Drivers/STM32F0xx_HAL_Driver/Src/stm32f0xx_hal.c ****   * @param Delay specifies the delay time length, in milliseconds.
ARM GAS  C:\Users\ADMINI~1\AppData\Local\Temp\ccyyt7lf.s 			page 12


 309:Drivers/STM32F0xx_HAL_Driver/Src/stm32f0xx_hal.c ****   * @retval None
 310:Drivers/STM32F0xx_HAL_Driver/Src/stm32f0xx_hal.c ****   */
 311:Drivers/STM32F0xx_HAL_Driver/Src/stm32f0xx_hal.c **** __weak void HAL_Delay(__IO uint32_t Delay)
 312:Drivers/STM32F0xx_HAL_Driver/Src/stm32f0xx_hal.c **** {
 335              		.loc 1 312 1
 336              		.cfi_startproc
 337              		@ args = 0, pretend = 0, frame = 16
 338              		@ frame_needed = 1, uses_anonymous_args = 0
 339 0000 80B5     		push	{r7, lr}
 340              	.LCFI15:
 341              		.cfi_def_cfa_offset 8
 342              		.cfi_offset 7, -8
 343              		.cfi_offset 14, -4
 344 0002 84B0     		sub	sp, sp, #16
 345              	.LCFI16:
 346              		.cfi_def_cfa_offset 24
 347 0004 00AF     		add	r7, sp, #0
 348              	.LCFI17:
 349              		.cfi_def_cfa_register 7
 350 0006 7860     		str	r0, [r7, #4]
 313:Drivers/STM32F0xx_HAL_Driver/Src/stm32f0xx_hal.c ****   uint32_t tickstart = HAL_GetTick();
 351              		.loc 1 313 24
 352 0008 FFF7FEFF 		bl	HAL_GetTick
 353 000c 0300     		movs	r3, r0
 354 000e BB60     		str	r3, [r7, #8]
 314:Drivers/STM32F0xx_HAL_Driver/Src/stm32f0xx_hal.c ****   uint32_t wait = Delay;
 355              		.loc 1 314 12
 356 0010 7B68     		ldr	r3, [r7, #4]
 357 0012 FB60     		str	r3, [r7, #12]
 315:Drivers/STM32F0xx_HAL_Driver/Src/stm32f0xx_hal.c ****   
 316:Drivers/STM32F0xx_HAL_Driver/Src/stm32f0xx_hal.c ****   /* Add a period to guarantee minimum wait */
 317:Drivers/STM32F0xx_HAL_Driver/Src/stm32f0xx_hal.c ****   if (wait < HAL_MAX_DELAY)
 358              		.loc 1 317 6
 359 0014 FB68     		ldr	r3, [r7, #12]
 360 0016 0133     		adds	r3, r3, #1
 361 0018 02D0     		beq	.L23
 318:Drivers/STM32F0xx_HAL_Driver/Src/stm32f0xx_hal.c ****   {
 319:Drivers/STM32F0xx_HAL_Driver/Src/stm32f0xx_hal.c ****      wait++;
 362              		.loc 1 319 10
 363 001a FB68     		ldr	r3, [r7, #12]
 364 001c 0133     		adds	r3, r3, #1
 365 001e FB60     		str	r3, [r7, #12]
 366              	.L23:
 320:Drivers/STM32F0xx_HAL_Driver/Src/stm32f0xx_hal.c ****   }
 321:Drivers/STM32F0xx_HAL_Driver/Src/stm32f0xx_hal.c ****   
 322:Drivers/STM32F0xx_HAL_Driver/Src/stm32f0xx_hal.c ****   while((HAL_GetTick() - tickstart) < wait)
 367              		.loc 1 322 8
 368 0020 C046     		nop
 369              	.L22:
 370              		.loc 1 322 10 discriminator 1
 371 0022 FFF7FEFF 		bl	HAL_GetTick
 372 0026 0200     		movs	r2, r0
 373              		.loc 1 322 24 discriminator 1
 374 0028 BB68     		ldr	r3, [r7, #8]
 375 002a D31A     		subs	r3, r2, r3
 376              		.loc 1 322 8 discriminator 1
 377 002c FA68     		ldr	r2, [r7, #12]
ARM GAS  C:\Users\ADMINI~1\AppData\Local\Temp\ccyyt7lf.s 			page 13


 378 002e 9A42     		cmp	r2, r3
 379 0030 F7D8     		bhi	.L22
 323:Drivers/STM32F0xx_HAL_Driver/Src/stm32f0xx_hal.c ****   {
 324:Drivers/STM32F0xx_HAL_Driver/Src/stm32f0xx_hal.c ****   }
 325:Drivers/STM32F0xx_HAL_Driver/Src/stm32f0xx_hal.c **** }
 380              		.loc 1 325 1
 381 0032 C046     		nop
 382 0034 C046     		nop
 383 0036 BD46     		mov	sp, r7
 384 0038 04B0     		add	sp, sp, #16
 385              		@ sp needed
 386 003a 80BD     		pop	{r7, pc}
 387              		.cfi_endproc
 388              	.LFE44:
 390              		.section	.text.HAL_SuspendTick,"ax",%progbits
 391              		.align	1
 392              		.weak	HAL_SuspendTick
 393              		.syntax unified
 394              		.code	16
 395              		.thumb_func
 396              		.fpu softvfp
 398              	HAL_SuspendTick:
 399              	.LFB45:
 326:Drivers/STM32F0xx_HAL_Driver/Src/stm32f0xx_hal.c **** 
 327:Drivers/STM32F0xx_HAL_Driver/Src/stm32f0xx_hal.c **** /**
 328:Drivers/STM32F0xx_HAL_Driver/Src/stm32f0xx_hal.c ****   * @brief Suspend Tick increment.
 329:Drivers/STM32F0xx_HAL_Driver/Src/stm32f0xx_hal.c ****   * @note In the default implementation , SysTick timer is the source of time base. It is
 330:Drivers/STM32F0xx_HAL_Driver/Src/stm32f0xx_hal.c ****   *       used to generate interrupts at regular time intervals. Once HAL_SuspendTick()
 331:Drivers/STM32F0xx_HAL_Driver/Src/stm32f0xx_hal.c ****   *       is called, the the SysTick interrupt will be disabled and so Tick increment 
 332:Drivers/STM32F0xx_HAL_Driver/Src/stm32f0xx_hal.c ****   *       is suspended.
 333:Drivers/STM32F0xx_HAL_Driver/Src/stm32f0xx_hal.c ****   * @note This function is declared as __weak to be overwritten in case of other
 334:Drivers/STM32F0xx_HAL_Driver/Src/stm32f0xx_hal.c ****   *       implementations in user file.
 335:Drivers/STM32F0xx_HAL_Driver/Src/stm32f0xx_hal.c ****   * @retval None
 336:Drivers/STM32F0xx_HAL_Driver/Src/stm32f0xx_hal.c ****   */
 337:Drivers/STM32F0xx_HAL_Driver/Src/stm32f0xx_hal.c **** __weak void HAL_SuspendTick(void)
 338:Drivers/STM32F0xx_HAL_Driver/Src/stm32f0xx_hal.c **** 
 339:Drivers/STM32F0xx_HAL_Driver/Src/stm32f0xx_hal.c **** {
 400              		.loc 1 339 1
 401              		.cfi_startproc
 402              		@ args = 0, pretend = 0, frame = 0
 403              		@ frame_needed = 1, uses_anonymous_args = 0
 404 0000 80B5     		push	{r7, lr}
 405              	.LCFI18:
 406              		.cfi_def_cfa_offset 8
 407              		.cfi_offset 7, -8
 408              		.cfi_offset 14, -4
 409 0002 00AF     		add	r7, sp, #0
 410              	.LCFI19:
 411              		.cfi_def_cfa_register 7
 340:Drivers/STM32F0xx_HAL_Driver/Src/stm32f0xx_hal.c ****   /* Disable SysTick Interrupt */
 341:Drivers/STM32F0xx_HAL_Driver/Src/stm32f0xx_hal.c ****   CLEAR_BIT(SysTick->CTRL,SysTick_CTRL_TICKINT_Msk);
 412              		.loc 1 341 3
 413 0004 044B     		ldr	r3, .L25
 414 0006 1A68     		ldr	r2, [r3]
 415 0008 034B     		ldr	r3, .L25
 416 000a 0221     		movs	r1, #2
 417 000c 8A43     		bics	r2, r1
ARM GAS  C:\Users\ADMINI~1\AppData\Local\Temp\ccyyt7lf.s 			page 14


 418 000e 1A60     		str	r2, [r3]
 342:Drivers/STM32F0xx_HAL_Driver/Src/stm32f0xx_hal.c **** }
 419              		.loc 1 342 1
 420 0010 C046     		nop
 421 0012 BD46     		mov	sp, r7
 422              		@ sp needed
 423 0014 80BD     		pop	{r7, pc}
 424              	.L26:
 425 0016 C046     		.align	2
 426              	.L25:
 427 0018 10E000E0 		.word	-536813552
 428              		.cfi_endproc
 429              	.LFE45:
 431              		.section	.text.HAL_ResumeTick,"ax",%progbits
 432              		.align	1
 433              		.weak	HAL_ResumeTick
 434              		.syntax unified
 435              		.code	16
 436              		.thumb_func
 437              		.fpu softvfp
 439              	HAL_ResumeTick:
 440              	.LFB46:
 343:Drivers/STM32F0xx_HAL_Driver/Src/stm32f0xx_hal.c **** 
 344:Drivers/STM32F0xx_HAL_Driver/Src/stm32f0xx_hal.c **** /**
 345:Drivers/STM32F0xx_HAL_Driver/Src/stm32f0xx_hal.c ****   * @brief Resume Tick increment.
 346:Drivers/STM32F0xx_HAL_Driver/Src/stm32f0xx_hal.c ****   * @note In the default implementation , SysTick timer is the source of time base. It is
 347:Drivers/STM32F0xx_HAL_Driver/Src/stm32f0xx_hal.c ****   *       used to generate interrupts at regular time intervals. Once HAL_ResumeTick()
 348:Drivers/STM32F0xx_HAL_Driver/Src/stm32f0xx_hal.c ****   *       is called, the the SysTick interrupt will be enabled and so Tick increment 
 349:Drivers/STM32F0xx_HAL_Driver/Src/stm32f0xx_hal.c ****   *       is resumed.
 350:Drivers/STM32F0xx_HAL_Driver/Src/stm32f0xx_hal.c ****   * @note This function is declared as __weak  to be overwritten  in case of other
 351:Drivers/STM32F0xx_HAL_Driver/Src/stm32f0xx_hal.c ****   *       implementations in user file.
 352:Drivers/STM32F0xx_HAL_Driver/Src/stm32f0xx_hal.c ****   * @retval None
 353:Drivers/STM32F0xx_HAL_Driver/Src/stm32f0xx_hal.c ****   */
 354:Drivers/STM32F0xx_HAL_Driver/Src/stm32f0xx_hal.c **** __weak void HAL_ResumeTick(void)
 355:Drivers/STM32F0xx_HAL_Driver/Src/stm32f0xx_hal.c **** {
 441              		.loc 1 355 1
 442              		.cfi_startproc
 443              		@ args = 0, pretend = 0, frame = 0
 444              		@ frame_needed = 1, uses_anonymous_args = 0
 445 0000 80B5     		push	{r7, lr}
 446              	.LCFI20:
 447              		.cfi_def_cfa_offset 8
 448              		.cfi_offset 7, -8
 449              		.cfi_offset 14, -4
 450 0002 00AF     		add	r7, sp, #0
 451              	.LCFI21:
 452              		.cfi_def_cfa_register 7
 356:Drivers/STM32F0xx_HAL_Driver/Src/stm32f0xx_hal.c ****   /* Enable SysTick Interrupt */
 357:Drivers/STM32F0xx_HAL_Driver/Src/stm32f0xx_hal.c ****   SET_BIT(SysTick->CTRL,SysTick_CTRL_TICKINT_Msk);
 453              		.loc 1 357 3
 454 0004 044B     		ldr	r3, .L28
 455 0006 1A68     		ldr	r2, [r3]
 456 0008 034B     		ldr	r3, .L28
 457 000a 0221     		movs	r1, #2
 458 000c 0A43     		orrs	r2, r1
 459 000e 1A60     		str	r2, [r3]
 358:Drivers/STM32F0xx_HAL_Driver/Src/stm32f0xx_hal.c **** }
ARM GAS  C:\Users\ADMINI~1\AppData\Local\Temp\ccyyt7lf.s 			page 15


 460              		.loc 1 358 1
 461 0010 C046     		nop
 462 0012 BD46     		mov	sp, r7
 463              		@ sp needed
 464 0014 80BD     		pop	{r7, pc}
 465              	.L29:
 466 0016 C046     		.align	2
 467              	.L28:
 468 0018 10E000E0 		.word	-536813552
 469              		.cfi_endproc
 470              	.LFE46:
 472              		.section	.text.HAL_GetHalVersion,"ax",%progbits
 473              		.align	1
 474              		.global	HAL_GetHalVersion
 475              		.syntax unified
 476              		.code	16
 477              		.thumb_func
 478              		.fpu softvfp
 480              	HAL_GetHalVersion:
 481              	.LFB47:
 359:Drivers/STM32F0xx_HAL_Driver/Src/stm32f0xx_hal.c **** 
 360:Drivers/STM32F0xx_HAL_Driver/Src/stm32f0xx_hal.c **** /**
 361:Drivers/STM32F0xx_HAL_Driver/Src/stm32f0xx_hal.c ****   * @brief  This method returns the HAL revision
 362:Drivers/STM32F0xx_HAL_Driver/Src/stm32f0xx_hal.c ****   * @retval version : 0xXYZR (8bits for each decimal, R for RC)
 363:Drivers/STM32F0xx_HAL_Driver/Src/stm32f0xx_hal.c ****   */
 364:Drivers/STM32F0xx_HAL_Driver/Src/stm32f0xx_hal.c **** uint32_t HAL_GetHalVersion(void)
 365:Drivers/STM32F0xx_HAL_Driver/Src/stm32f0xx_hal.c **** {
 482              		.loc 1 365 1
 483              		.cfi_startproc
 484              		@ args = 0, pretend = 0, frame = 0
 485              		@ frame_needed = 1, uses_anonymous_args = 0
 486 0000 80B5     		push	{r7, lr}
 487              	.LCFI22:
 488              		.cfi_def_cfa_offset 8
 489              		.cfi_offset 7, -8
 490              		.cfi_offset 14, -4
 491 0002 00AF     		add	r7, sp, #0
 492              	.LCFI23:
 493              		.cfi_def_cfa_register 7
 366:Drivers/STM32F0xx_HAL_Driver/Src/stm32f0xx_hal.c ****  return __STM32F0xx_HAL_VERSION;
 494              		.loc 1 366 9
 495 0004 014B     		ldr	r3, .L32
 367:Drivers/STM32F0xx_HAL_Driver/Src/stm32f0xx_hal.c **** }
 496              		.loc 1 367 1
 497 0006 1800     		movs	r0, r3
 498 0008 BD46     		mov	sp, r7
 499              		@ sp needed
 500 000a 80BD     		pop	{r7, pc}
 501              	.L33:
 502              		.align	2
 503              	.L32:
 504 000c 00020701 		.word	17236480
 505              		.cfi_endproc
 506              	.LFE47:
 508              		.section	.text.HAL_GetREVID,"ax",%progbits
 509              		.align	1
 510              		.global	HAL_GetREVID
ARM GAS  C:\Users\ADMINI~1\AppData\Local\Temp\ccyyt7lf.s 			page 16


 511              		.syntax unified
 512              		.code	16
 513              		.thumb_func
 514              		.fpu softvfp
 516              	HAL_GetREVID:
 517              	.LFB48:
 368:Drivers/STM32F0xx_HAL_Driver/Src/stm32f0xx_hal.c **** 
 369:Drivers/STM32F0xx_HAL_Driver/Src/stm32f0xx_hal.c **** /**
 370:Drivers/STM32F0xx_HAL_Driver/Src/stm32f0xx_hal.c ****   * @brief  Returns the device revision identifier.
 371:Drivers/STM32F0xx_HAL_Driver/Src/stm32f0xx_hal.c ****   * @retval Device revision identifier
 372:Drivers/STM32F0xx_HAL_Driver/Src/stm32f0xx_hal.c ****   */
 373:Drivers/STM32F0xx_HAL_Driver/Src/stm32f0xx_hal.c **** uint32_t HAL_GetREVID(void)
 374:Drivers/STM32F0xx_HAL_Driver/Src/stm32f0xx_hal.c **** {
 518              		.loc 1 374 1
 519              		.cfi_startproc
 520              		@ args = 0, pretend = 0, frame = 0
 521              		@ frame_needed = 1, uses_anonymous_args = 0
 522 0000 80B5     		push	{r7, lr}
 523              	.LCFI24:
 524              		.cfi_def_cfa_offset 8
 525              		.cfi_offset 7, -8
 526              		.cfi_offset 14, -4
 527 0002 00AF     		add	r7, sp, #0
 528              	.LCFI25:
 529              		.cfi_def_cfa_register 7
 375:Drivers/STM32F0xx_HAL_Driver/Src/stm32f0xx_hal.c ****    return((DBGMCU->IDCODE) >> 16U);
 530              		.loc 1 375 18
 531 0004 024B     		ldr	r3, .L36
 532 0006 1B68     		ldr	r3, [r3]
 533              		.loc 1 375 28
 534 0008 1B0C     		lsrs	r3, r3, #16
 376:Drivers/STM32F0xx_HAL_Driver/Src/stm32f0xx_hal.c **** }
 535              		.loc 1 376 1
 536 000a 1800     		movs	r0, r3
 537 000c BD46     		mov	sp, r7
 538              		@ sp needed
 539 000e 80BD     		pop	{r7, pc}
 540              	.L37:
 541              		.align	2
 542              	.L36:
 543 0010 00580140 		.word	1073829888
 544              		.cfi_endproc
 545              	.LFE48:
 547              		.section	.text.HAL_GetDEVID,"ax",%progbits
 548              		.align	1
 549              		.global	HAL_GetDEVID
 550              		.syntax unified
 551              		.code	16
 552              		.thumb_func
 553              		.fpu softvfp
 555              	HAL_GetDEVID:
 556              	.LFB49:
 377:Drivers/STM32F0xx_HAL_Driver/Src/stm32f0xx_hal.c **** 
 378:Drivers/STM32F0xx_HAL_Driver/Src/stm32f0xx_hal.c **** /**
 379:Drivers/STM32F0xx_HAL_Driver/Src/stm32f0xx_hal.c ****   * @brief  Returns the device identifier.
 380:Drivers/STM32F0xx_HAL_Driver/Src/stm32f0xx_hal.c ****   * @retval Device identifier
 381:Drivers/STM32F0xx_HAL_Driver/Src/stm32f0xx_hal.c ****   */
ARM GAS  C:\Users\ADMINI~1\AppData\Local\Temp\ccyyt7lf.s 			page 17


 382:Drivers/STM32F0xx_HAL_Driver/Src/stm32f0xx_hal.c **** uint32_t HAL_GetDEVID(void)
 383:Drivers/STM32F0xx_HAL_Driver/Src/stm32f0xx_hal.c **** {
 557              		.loc 1 383 1
 558              		.cfi_startproc
 559              		@ args = 0, pretend = 0, frame = 0
 560              		@ frame_needed = 1, uses_anonymous_args = 0
 561 0000 80B5     		push	{r7, lr}
 562              	.LCFI26:
 563              		.cfi_def_cfa_offset 8
 564              		.cfi_offset 7, -8
 565              		.cfi_offset 14, -4
 566 0002 00AF     		add	r7, sp, #0
 567              	.LCFI27:
 568              		.cfi_def_cfa_register 7
 384:Drivers/STM32F0xx_HAL_Driver/Src/stm32f0xx_hal.c ****    return((DBGMCU->IDCODE) & IDCODE_DEVID_MASK);
 569              		.loc 1 384 18
 570 0004 034B     		ldr	r3, .L40
 571 0006 1B68     		ldr	r3, [r3]
 572              		.loc 1 384 28
 573 0008 1B05     		lsls	r3, r3, #20
 574 000a 1B0D     		lsrs	r3, r3, #20
 385:Drivers/STM32F0xx_HAL_Driver/Src/stm32f0xx_hal.c **** }
 575              		.loc 1 385 1
 576 000c 1800     		movs	r0, r3
 577 000e BD46     		mov	sp, r7
 578              		@ sp needed
 579 0010 80BD     		pop	{r7, pc}
 580              	.L41:
 581 0012 C046     		.align	2
 582              	.L40:
 583 0014 00580140 		.word	1073829888
 584              		.cfi_endproc
 585              	.LFE49:
 587              		.section	.text.HAL_GetUIDw0,"ax",%progbits
 588              		.align	1
 589              		.global	HAL_GetUIDw0
 590              		.syntax unified
 591              		.code	16
 592              		.thumb_func
 593              		.fpu softvfp
 595              	HAL_GetUIDw0:
 596              	.LFB50:
 386:Drivers/STM32F0xx_HAL_Driver/Src/stm32f0xx_hal.c **** 
 387:Drivers/STM32F0xx_HAL_Driver/Src/stm32f0xx_hal.c **** /**
 388:Drivers/STM32F0xx_HAL_Driver/Src/stm32f0xx_hal.c ****   * @brief  Returns first word of the unique device identifier (UID based on 96 bits)
 389:Drivers/STM32F0xx_HAL_Driver/Src/stm32f0xx_hal.c ****   * @retval Device identifier
 390:Drivers/STM32F0xx_HAL_Driver/Src/stm32f0xx_hal.c ****   */
 391:Drivers/STM32F0xx_HAL_Driver/Src/stm32f0xx_hal.c **** uint32_t HAL_GetUIDw0(void)
 392:Drivers/STM32F0xx_HAL_Driver/Src/stm32f0xx_hal.c **** {
 597              		.loc 1 392 1
 598              		.cfi_startproc
 599              		@ args = 0, pretend = 0, frame = 0
 600              		@ frame_needed = 1, uses_anonymous_args = 0
 601 0000 80B5     		push	{r7, lr}
 602              	.LCFI28:
 603              		.cfi_def_cfa_offset 8
 604              		.cfi_offset 7, -8
ARM GAS  C:\Users\ADMINI~1\AppData\Local\Temp\ccyyt7lf.s 			page 18


 605              		.cfi_offset 14, -4
 606 0002 00AF     		add	r7, sp, #0
 607              	.LCFI29:
 608              		.cfi_def_cfa_register 7
 393:Drivers/STM32F0xx_HAL_Driver/Src/stm32f0xx_hal.c ****    return(READ_REG(*((uint32_t *)UID_BASE)));
 609              		.loc 1 393 11
 610 0004 024B     		ldr	r3, .L44
 611 0006 1B68     		ldr	r3, [r3]
 394:Drivers/STM32F0xx_HAL_Driver/Src/stm32f0xx_hal.c **** }
 612              		.loc 1 394 1
 613 0008 1800     		movs	r0, r3
 614 000a BD46     		mov	sp, r7
 615              		@ sp needed
 616 000c 80BD     		pop	{r7, pc}
 617              	.L45:
 618 000e C046     		.align	2
 619              	.L44:
 620 0010 ACF7FF1F 		.word	536868780
 621              		.cfi_endproc
 622              	.LFE50:
 624              		.section	.text.HAL_GetUIDw1,"ax",%progbits
 625              		.align	1
 626              		.global	HAL_GetUIDw1
 627              		.syntax unified
 628              		.code	16
 629              		.thumb_func
 630              		.fpu softvfp
 632              	HAL_GetUIDw1:
 633              	.LFB51:
 395:Drivers/STM32F0xx_HAL_Driver/Src/stm32f0xx_hal.c **** 
 396:Drivers/STM32F0xx_HAL_Driver/Src/stm32f0xx_hal.c **** /**
 397:Drivers/STM32F0xx_HAL_Driver/Src/stm32f0xx_hal.c ****   * @brief  Returns second word of the unique device identifier (UID based on 96 bits)
 398:Drivers/STM32F0xx_HAL_Driver/Src/stm32f0xx_hal.c ****   * @retval Device identifier
 399:Drivers/STM32F0xx_HAL_Driver/Src/stm32f0xx_hal.c ****   */
 400:Drivers/STM32F0xx_HAL_Driver/Src/stm32f0xx_hal.c **** uint32_t HAL_GetUIDw1(void)
 401:Drivers/STM32F0xx_HAL_Driver/Src/stm32f0xx_hal.c **** {
 634              		.loc 1 401 1
 635              		.cfi_startproc
 636              		@ args = 0, pretend = 0, frame = 0
 637              		@ frame_needed = 1, uses_anonymous_args = 0
 638 0000 80B5     		push	{r7, lr}
 639              	.LCFI30:
 640              		.cfi_def_cfa_offset 8
 641              		.cfi_offset 7, -8
 642              		.cfi_offset 14, -4
 643 0002 00AF     		add	r7, sp, #0
 644              	.LCFI31:
 645              		.cfi_def_cfa_register 7
 402:Drivers/STM32F0xx_HAL_Driver/Src/stm32f0xx_hal.c ****    return(READ_REG(*((uint32_t *)(UID_BASE + 4U))));
 646              		.loc 1 402 11
 647 0004 024B     		ldr	r3, .L48
 648 0006 1B68     		ldr	r3, [r3]
 403:Drivers/STM32F0xx_HAL_Driver/Src/stm32f0xx_hal.c **** }
 649              		.loc 1 403 1
 650 0008 1800     		movs	r0, r3
 651 000a BD46     		mov	sp, r7
 652              		@ sp needed
ARM GAS  C:\Users\ADMINI~1\AppData\Local\Temp\ccyyt7lf.s 			page 19


 653 000c 80BD     		pop	{r7, pc}
 654              	.L49:
 655 000e C046     		.align	2
 656              	.L48:
 657 0010 B0F7FF1F 		.word	536868784
 658              		.cfi_endproc
 659              	.LFE51:
 661              		.section	.text.HAL_GetUIDw2,"ax",%progbits
 662              		.align	1
 663              		.global	HAL_GetUIDw2
 664              		.syntax unified
 665              		.code	16
 666              		.thumb_func
 667              		.fpu softvfp
 669              	HAL_GetUIDw2:
 670              	.LFB52:
 404:Drivers/STM32F0xx_HAL_Driver/Src/stm32f0xx_hal.c **** 
 405:Drivers/STM32F0xx_HAL_Driver/Src/stm32f0xx_hal.c **** /**
 406:Drivers/STM32F0xx_HAL_Driver/Src/stm32f0xx_hal.c ****   * @brief  Returns third word of the unique device identifier (UID based on 96 bits)
 407:Drivers/STM32F0xx_HAL_Driver/Src/stm32f0xx_hal.c ****   * @retval Device identifier
 408:Drivers/STM32F0xx_HAL_Driver/Src/stm32f0xx_hal.c ****   */
 409:Drivers/STM32F0xx_HAL_Driver/Src/stm32f0xx_hal.c **** uint32_t HAL_GetUIDw2(void)
 410:Drivers/STM32F0xx_HAL_Driver/Src/stm32f0xx_hal.c **** {
 671              		.loc 1 410 1
 672              		.cfi_startproc
 673              		@ args = 0, pretend = 0, frame = 0
 674              		@ frame_needed = 1, uses_anonymous_args = 0
 675 0000 80B5     		push	{r7, lr}
 676              	.LCFI32:
 677              		.cfi_def_cfa_offset 8
 678              		.cfi_offset 7, -8
 679              		.cfi_offset 14, -4
 680 0002 00AF     		add	r7, sp, #0
 681              	.LCFI33:
 682              		.cfi_def_cfa_register 7
 411:Drivers/STM32F0xx_HAL_Driver/Src/stm32f0xx_hal.c ****    return(READ_REG(*((uint32_t *)(UID_BASE + 8U))));
 683              		.loc 1 411 11
 684 0004 024B     		ldr	r3, .L52
 685 0006 1B68     		ldr	r3, [r3]
 412:Drivers/STM32F0xx_HAL_Driver/Src/stm32f0xx_hal.c **** }
 686              		.loc 1 412 1
 687 0008 1800     		movs	r0, r3
 688 000a BD46     		mov	sp, r7
 689              		@ sp needed
 690 000c 80BD     		pop	{r7, pc}
 691              	.L53:
 692 000e C046     		.align	2
 693              	.L52:
 694 0010 B4F7FF1F 		.word	536868788
 695              		.cfi_endproc
 696              	.LFE52:
 698              		.section	.text.HAL_DBGMCU_EnableDBGStopMode,"ax",%progbits
 699              		.align	1
 700              		.global	HAL_DBGMCU_EnableDBGStopMode
 701              		.syntax unified
 702              		.code	16
 703              		.thumb_func
ARM GAS  C:\Users\ADMINI~1\AppData\Local\Temp\ccyyt7lf.s 			page 20


 704              		.fpu softvfp
 706              	HAL_DBGMCU_EnableDBGStopMode:
 707              	.LFB53:
 413:Drivers/STM32F0xx_HAL_Driver/Src/stm32f0xx_hal.c **** 
 414:Drivers/STM32F0xx_HAL_Driver/Src/stm32f0xx_hal.c **** /**
 415:Drivers/STM32F0xx_HAL_Driver/Src/stm32f0xx_hal.c ****   * @brief  Enable the Debug Module during STOP mode       
 416:Drivers/STM32F0xx_HAL_Driver/Src/stm32f0xx_hal.c ****   * @retval None
 417:Drivers/STM32F0xx_HAL_Driver/Src/stm32f0xx_hal.c ****   */
 418:Drivers/STM32F0xx_HAL_Driver/Src/stm32f0xx_hal.c **** void HAL_DBGMCU_EnableDBGStopMode(void)
 419:Drivers/STM32F0xx_HAL_Driver/Src/stm32f0xx_hal.c **** {
 708              		.loc 1 419 1
 709              		.cfi_startproc
 710              		@ args = 0, pretend = 0, frame = 0
 711              		@ frame_needed = 1, uses_anonymous_args = 0
 712 0000 80B5     		push	{r7, lr}
 713              	.LCFI34:
 714              		.cfi_def_cfa_offset 8
 715              		.cfi_offset 7, -8
 716              		.cfi_offset 14, -4
 717 0002 00AF     		add	r7, sp, #0
 718              	.LCFI35:
 719              		.cfi_def_cfa_register 7
 420:Drivers/STM32F0xx_HAL_Driver/Src/stm32f0xx_hal.c ****   SET_BIT(DBGMCU->CR, DBGMCU_CR_DBG_STOP);
 720              		.loc 1 420 3
 721 0004 044B     		ldr	r3, .L55
 722 0006 5A68     		ldr	r2, [r3, #4]
 723 0008 034B     		ldr	r3, .L55
 724 000a 0221     		movs	r1, #2
 725 000c 0A43     		orrs	r2, r1
 726 000e 5A60     		str	r2, [r3, #4]
 421:Drivers/STM32F0xx_HAL_Driver/Src/stm32f0xx_hal.c **** }
 727              		.loc 1 421 1
 728 0010 C046     		nop
 729 0012 BD46     		mov	sp, r7
 730              		@ sp needed
 731 0014 80BD     		pop	{r7, pc}
 732              	.L56:
 733 0016 C046     		.align	2
 734              	.L55:
 735 0018 00580140 		.word	1073829888
 736              		.cfi_endproc
 737              	.LFE53:
 739              		.section	.text.HAL_DBGMCU_DisableDBGStopMode,"ax",%progbits
 740              		.align	1
 741              		.global	HAL_DBGMCU_DisableDBGStopMode
 742              		.syntax unified
 743              		.code	16
 744              		.thumb_func
 745              		.fpu softvfp
 747              	HAL_DBGMCU_DisableDBGStopMode:
 748              	.LFB54:
 422:Drivers/STM32F0xx_HAL_Driver/Src/stm32f0xx_hal.c **** 
 423:Drivers/STM32F0xx_HAL_Driver/Src/stm32f0xx_hal.c **** /**
 424:Drivers/STM32F0xx_HAL_Driver/Src/stm32f0xx_hal.c ****   * @brief  Disable the Debug Module during STOP mode       
 425:Drivers/STM32F0xx_HAL_Driver/Src/stm32f0xx_hal.c ****   * @retval None
 426:Drivers/STM32F0xx_HAL_Driver/Src/stm32f0xx_hal.c ****   */
 427:Drivers/STM32F0xx_HAL_Driver/Src/stm32f0xx_hal.c **** void HAL_DBGMCU_DisableDBGStopMode(void)
ARM GAS  C:\Users\ADMINI~1\AppData\Local\Temp\ccyyt7lf.s 			page 21


 428:Drivers/STM32F0xx_HAL_Driver/Src/stm32f0xx_hal.c **** {
 749              		.loc 1 428 1
 750              		.cfi_startproc
 751              		@ args = 0, pretend = 0, frame = 0
 752              		@ frame_needed = 1, uses_anonymous_args = 0
 753 0000 80B5     		push	{r7, lr}
 754              	.LCFI36:
 755              		.cfi_def_cfa_offset 8
 756              		.cfi_offset 7, -8
 757              		.cfi_offset 14, -4
 758 0002 00AF     		add	r7, sp, #0
 759              	.LCFI37:
 760              		.cfi_def_cfa_register 7
 429:Drivers/STM32F0xx_HAL_Driver/Src/stm32f0xx_hal.c ****   CLEAR_BIT(DBGMCU->CR, DBGMCU_CR_DBG_STOP);
 761              		.loc 1 429 3
 762 0004 044B     		ldr	r3, .L58
 763 0006 5A68     		ldr	r2, [r3, #4]
 764 0008 034B     		ldr	r3, .L58
 765 000a 0221     		movs	r1, #2
 766 000c 8A43     		bics	r2, r1
 767 000e 5A60     		str	r2, [r3, #4]
 430:Drivers/STM32F0xx_HAL_Driver/Src/stm32f0xx_hal.c **** }
 768              		.loc 1 430 1
 769 0010 C046     		nop
 770 0012 BD46     		mov	sp, r7
 771              		@ sp needed
 772 0014 80BD     		pop	{r7, pc}
 773              	.L59:
 774 0016 C046     		.align	2
 775              	.L58:
 776 0018 00580140 		.word	1073829888
 777              		.cfi_endproc
 778              	.LFE54:
 780              		.section	.text.HAL_DBGMCU_EnableDBGStandbyMode,"ax",%progbits
 781              		.align	1
 782              		.global	HAL_DBGMCU_EnableDBGStandbyMode
 783              		.syntax unified
 784              		.code	16
 785              		.thumb_func
 786              		.fpu softvfp
 788              	HAL_DBGMCU_EnableDBGStandbyMode:
 789              	.LFB55:
 431:Drivers/STM32F0xx_HAL_Driver/Src/stm32f0xx_hal.c **** 
 432:Drivers/STM32F0xx_HAL_Driver/Src/stm32f0xx_hal.c **** /**
 433:Drivers/STM32F0xx_HAL_Driver/Src/stm32f0xx_hal.c ****   * @brief  Enable the Debug Module during STANDBY mode       
 434:Drivers/STM32F0xx_HAL_Driver/Src/stm32f0xx_hal.c ****   * @retval None
 435:Drivers/STM32F0xx_HAL_Driver/Src/stm32f0xx_hal.c ****   */
 436:Drivers/STM32F0xx_HAL_Driver/Src/stm32f0xx_hal.c **** void HAL_DBGMCU_EnableDBGStandbyMode(void)
 437:Drivers/STM32F0xx_HAL_Driver/Src/stm32f0xx_hal.c **** {
 790              		.loc 1 437 1
 791              		.cfi_startproc
 792              		@ args = 0, pretend = 0, frame = 0
 793              		@ frame_needed = 1, uses_anonymous_args = 0
 794 0000 80B5     		push	{r7, lr}
 795              	.LCFI38:
 796              		.cfi_def_cfa_offset 8
 797              		.cfi_offset 7, -8
ARM GAS  C:\Users\ADMINI~1\AppData\Local\Temp\ccyyt7lf.s 			page 22


 798              		.cfi_offset 14, -4
 799 0002 00AF     		add	r7, sp, #0
 800              	.LCFI39:
 801              		.cfi_def_cfa_register 7
 438:Drivers/STM32F0xx_HAL_Driver/Src/stm32f0xx_hal.c ****   SET_BIT(DBGMCU->CR, DBGMCU_CR_DBG_STANDBY);
 802              		.loc 1 438 3
 803 0004 044B     		ldr	r3, .L61
 804 0006 5A68     		ldr	r2, [r3, #4]
 805 0008 034B     		ldr	r3, .L61
 806 000a 0421     		movs	r1, #4
 807 000c 0A43     		orrs	r2, r1
 808 000e 5A60     		str	r2, [r3, #4]
 439:Drivers/STM32F0xx_HAL_Driver/Src/stm32f0xx_hal.c **** }
 809              		.loc 1 439 1
 810 0010 C046     		nop
 811 0012 BD46     		mov	sp, r7
 812              		@ sp needed
 813 0014 80BD     		pop	{r7, pc}
 814              	.L62:
 815 0016 C046     		.align	2
 816              	.L61:
 817 0018 00580140 		.word	1073829888
 818              		.cfi_endproc
 819              	.LFE55:
 821              		.section	.text.HAL_DBGMCU_DisableDBGStandbyMode,"ax",%progbits
 822              		.align	1
 823              		.global	HAL_DBGMCU_DisableDBGStandbyMode
 824              		.syntax unified
 825              		.code	16
 826              		.thumb_func
 827              		.fpu softvfp
 829              	HAL_DBGMCU_DisableDBGStandbyMode:
 830              	.LFB56:
 440:Drivers/STM32F0xx_HAL_Driver/Src/stm32f0xx_hal.c **** 
 441:Drivers/STM32F0xx_HAL_Driver/Src/stm32f0xx_hal.c **** /**
 442:Drivers/STM32F0xx_HAL_Driver/Src/stm32f0xx_hal.c ****   * @brief  Disable the Debug Module during STANDBY mode       
 443:Drivers/STM32F0xx_HAL_Driver/Src/stm32f0xx_hal.c ****   * @retval None
 444:Drivers/STM32F0xx_HAL_Driver/Src/stm32f0xx_hal.c ****   */
 445:Drivers/STM32F0xx_HAL_Driver/Src/stm32f0xx_hal.c **** void HAL_DBGMCU_DisableDBGStandbyMode(void)
 446:Drivers/STM32F0xx_HAL_Driver/Src/stm32f0xx_hal.c **** {
 831              		.loc 1 446 1
 832              		.cfi_startproc
 833              		@ args = 0, pretend = 0, frame = 0
 834              		@ frame_needed = 1, uses_anonymous_args = 0
 835 0000 80B5     		push	{r7, lr}
 836              	.LCFI40:
 837              		.cfi_def_cfa_offset 8
 838              		.cfi_offset 7, -8
 839              		.cfi_offset 14, -4
 840 0002 00AF     		add	r7, sp, #0
 841              	.LCFI41:
 842              		.cfi_def_cfa_register 7
 447:Drivers/STM32F0xx_HAL_Driver/Src/stm32f0xx_hal.c ****   CLEAR_BIT(DBGMCU->CR, DBGMCU_CR_DBG_STANDBY);
 843              		.loc 1 447 3
 844 0004 044B     		ldr	r3, .L64
 845 0006 5A68     		ldr	r2, [r3, #4]
 846 0008 034B     		ldr	r3, .L64
ARM GAS  C:\Users\ADMINI~1\AppData\Local\Temp\ccyyt7lf.s 			page 23


 847 000a 0421     		movs	r1, #4
 848 000c 8A43     		bics	r2, r1
 849 000e 5A60     		str	r2, [r3, #4]
 448:Drivers/STM32F0xx_HAL_Driver/Src/stm32f0xx_hal.c **** }
 850              		.loc 1 448 1
 851 0010 C046     		nop
 852 0012 BD46     		mov	sp, r7
 853              		@ sp needed
 854 0014 80BD     		pop	{r7, pc}
 855              	.L65:
 856 0016 C046     		.align	2
 857              	.L64:
 858 0018 00580140 		.word	1073829888
 859              		.cfi_endproc
 860              	.LFE56:
 862              		.text
 863              	.Letext0:
 864              		.file 2 "c:\\program files (x86)\\gnu tools arm embedded\\9 2019-q4-major\\arm-none-eabi\\include\
 865              		.file 3 "c:\\program files (x86)\\gnu tools arm embedded\\9 2019-q4-major\\arm-none-eabi\\include\
 866              		.file 4 "Drivers/CMSIS/Include/core_cm0.h"
 867              		.file 5 "Drivers/CMSIS/Device/ST/STM32F0xx/Include/system_stm32f0xx.h"
 868              		.file 6 "Drivers/CMSIS/Device/ST/STM32F0xx/Include/stm32f091xc.h"
 869              		.file 7 "c:\\program files (x86)\\gnu tools arm embedded\\9 2019-q4-major\\arm-none-eabi\\include\
 870              		.file 8 "c:\\program files (x86)\\gnu tools arm embedded\\9 2019-q4-major\\arm-none-eabi\\include\
 871              		.file 9 "c:\\program files (x86)\\gnu tools arm embedded\\9 2019-q4-major\\lib\\gcc\\arm-none-eabi
 872              		.file 10 "c:\\program files (x86)\\gnu tools arm embedded\\9 2019-q4-major\\arm-none-eabi\\include
 873              		.file 11 "Drivers/STM32F0xx_HAL_Driver/Inc/stm32f0xx_hal_def.h"
ARM GAS  C:\Users\ADMINI~1\AppData\Local\Temp\ccyyt7lf.s 			page 24


DEFINED SYMBOLS
                            *ABS*:00000000 stm32f0xx_hal.c
                            *COM*:00000004 uwTick
C:\Users\ADMINI~1\AppData\Local\Temp\ccyyt7lf.s:17     .text.HAL_Init:00000000 $t
C:\Users\ADMINI~1\AppData\Local\Temp\ccyyt7lf.s:25     .text.HAL_Init:00000000 HAL_Init
C:\Users\ADMINI~1\AppData\Local\Temp\ccyyt7lf.s:200    .text.HAL_InitTick:00000000 HAL_InitTick
C:\Users\ADMINI~1\AppData\Local\Temp\ccyyt7lf.s:139    .text.HAL_MspInit:00000000 HAL_MspInit
C:\Users\ADMINI~1\AppData\Local\Temp\ccyyt7lf.s:62     .text.HAL_Init:00000024 $d
C:\Users\ADMINI~1\AppData\Local\Temp\ccyyt7lf.s:67     .text.HAL_DeInit:00000000 $t
C:\Users\ADMINI~1\AppData\Local\Temp\ccyyt7lf.s:74     .text.HAL_DeInit:00000000 HAL_DeInit
C:\Users\ADMINI~1\AppData\Local\Temp\ccyyt7lf.s:169    .text.HAL_MspDeInit:00000000 HAL_MspDeInit
C:\Users\ADMINI~1\AppData\Local\Temp\ccyyt7lf.s:127    .text.HAL_DeInit:0000003c $d
C:\Users\ADMINI~1\AppData\Local\Temp\ccyyt7lf.s:132    .text.HAL_MspInit:00000000 $t
C:\Users\ADMINI~1\AppData\Local\Temp\ccyyt7lf.s:162    .text.HAL_MspDeInit:00000000 $t
C:\Users\ADMINI~1\AppData\Local\Temp\ccyyt7lf.s:193    .text.HAL_InitTick:00000000 $t
C:\Users\ADMINI~1\AppData\Local\Temp\ccyyt7lf.s:249    .text.HAL_IncTick:00000000 $t
C:\Users\ADMINI~1\AppData\Local\Temp\ccyyt7lf.s:256    .text.HAL_IncTick:00000000 HAL_IncTick
C:\Users\ADMINI~1\AppData\Local\Temp\ccyyt7lf.s:284    .text.HAL_IncTick:00000014 $d
C:\Users\ADMINI~1\AppData\Local\Temp\ccyyt7lf.s:289    .text.HAL_GetTick:00000000 $t
C:\Users\ADMINI~1\AppData\Local\Temp\ccyyt7lf.s:296    .text.HAL_GetTick:00000000 HAL_GetTick
C:\Users\ADMINI~1\AppData\Local\Temp\ccyyt7lf.s:321    .text.HAL_GetTick:00000010 $d
C:\Users\ADMINI~1\AppData\Local\Temp\ccyyt7lf.s:326    .text.HAL_Delay:00000000 $t
C:\Users\ADMINI~1\AppData\Local\Temp\ccyyt7lf.s:333    .text.HAL_Delay:00000000 HAL_Delay
C:\Users\ADMINI~1\AppData\Local\Temp\ccyyt7lf.s:391    .text.HAL_SuspendTick:00000000 $t
C:\Users\ADMINI~1\AppData\Local\Temp\ccyyt7lf.s:398    .text.HAL_SuspendTick:00000000 HAL_SuspendTick
C:\Users\ADMINI~1\AppData\Local\Temp\ccyyt7lf.s:427    .text.HAL_SuspendTick:00000018 $d
C:\Users\ADMINI~1\AppData\Local\Temp\ccyyt7lf.s:432    .text.HAL_ResumeTick:00000000 $t
C:\Users\ADMINI~1\AppData\Local\Temp\ccyyt7lf.s:439    .text.HAL_ResumeTick:00000000 HAL_ResumeTick
C:\Users\ADMINI~1\AppData\Local\Temp\ccyyt7lf.s:468    .text.HAL_ResumeTick:00000018 $d
C:\Users\ADMINI~1\AppData\Local\Temp\ccyyt7lf.s:473    .text.HAL_GetHalVersion:00000000 $t
C:\Users\ADMINI~1\AppData\Local\Temp\ccyyt7lf.s:480    .text.HAL_GetHalVersion:00000000 HAL_GetHalVersion
C:\Users\ADMINI~1\AppData\Local\Temp\ccyyt7lf.s:504    .text.HAL_GetHalVersion:0000000c $d
C:\Users\ADMINI~1\AppData\Local\Temp\ccyyt7lf.s:509    .text.HAL_GetREVID:00000000 $t
C:\Users\ADMINI~1\AppData\Local\Temp\ccyyt7lf.s:516    .text.HAL_GetREVID:00000000 HAL_GetREVID
C:\Users\ADMINI~1\AppData\Local\Temp\ccyyt7lf.s:543    .text.HAL_GetREVID:00000010 $d
C:\Users\ADMINI~1\AppData\Local\Temp\ccyyt7lf.s:548    .text.HAL_GetDEVID:00000000 $t
C:\Users\ADMINI~1\AppData\Local\Temp\ccyyt7lf.s:555    .text.HAL_GetDEVID:00000000 HAL_GetDEVID
C:\Users\ADMINI~1\AppData\Local\Temp\ccyyt7lf.s:583    .text.HAL_GetDEVID:00000014 $d
C:\Users\ADMINI~1\AppData\Local\Temp\ccyyt7lf.s:588    .text.HAL_GetUIDw0:00000000 $t
C:\Users\ADMINI~1\AppData\Local\Temp\ccyyt7lf.s:595    .text.HAL_GetUIDw0:00000000 HAL_GetUIDw0
C:\Users\ADMINI~1\AppData\Local\Temp\ccyyt7lf.s:620    .text.HAL_GetUIDw0:00000010 $d
C:\Users\ADMINI~1\AppData\Local\Temp\ccyyt7lf.s:625    .text.HAL_GetUIDw1:00000000 $t
C:\Users\ADMINI~1\AppData\Local\Temp\ccyyt7lf.s:632    .text.HAL_GetUIDw1:00000000 HAL_GetUIDw1
C:\Users\ADMINI~1\AppData\Local\Temp\ccyyt7lf.s:657    .text.HAL_GetUIDw1:00000010 $d
C:\Users\ADMINI~1\AppData\Local\Temp\ccyyt7lf.s:662    .text.HAL_GetUIDw2:00000000 $t
C:\Users\ADMINI~1\AppData\Local\Temp\ccyyt7lf.s:669    .text.HAL_GetUIDw2:00000000 HAL_GetUIDw2
C:\Users\ADMINI~1\AppData\Local\Temp\ccyyt7lf.s:694    .text.HAL_GetUIDw2:00000010 $d
C:\Users\ADMINI~1\AppData\Local\Temp\ccyyt7lf.s:699    .text.HAL_DBGMCU_EnableDBGStopMode:00000000 $t
C:\Users\ADMINI~1\AppData\Local\Temp\ccyyt7lf.s:706    .text.HAL_DBGMCU_EnableDBGStopMode:00000000 HAL_DBGMCU_EnableDBGStopMode
C:\Users\ADMINI~1\AppData\Local\Temp\ccyyt7lf.s:735    .text.HAL_DBGMCU_EnableDBGStopMode:00000018 $d
C:\Users\ADMINI~1\AppData\Local\Temp\ccyyt7lf.s:740    .text.HAL_DBGMCU_DisableDBGStopMode:00000000 $t
C:\Users\ADMINI~1\AppData\Local\Temp\ccyyt7lf.s:747    .text.HAL_DBGMCU_DisableDBGStopMode:00000000 HAL_DBGMCU_DisableDBGStopMode
C:\Users\ADMINI~1\AppData\Local\Temp\ccyyt7lf.s:776    .text.HAL_DBGMCU_DisableDBGStopMode:00000018 $d
C:\Users\ADMINI~1\AppData\Local\Temp\ccyyt7lf.s:781    .text.HAL_DBGMCU_EnableDBGStandbyMode:00000000 $t
C:\Users\ADMINI~1\AppData\Local\Temp\ccyyt7lf.s:788    .text.HAL_DBGMCU_EnableDBGStandbyMode:00000000 HAL_DBGMCU_EnableDBGStandbyMode
C:\Users\ADMINI~1\AppData\Local\Temp\ccyyt7lf.s:817    .text.HAL_DBGMCU_EnableDBGStandbyMode:00000018 $d
C:\Users\ADMINI~1\AppData\Local\Temp\ccyyt7lf.s:822    .text.HAL_DBGMCU_DisableDBGStandbyMode:00000000 $t
ARM GAS  C:\Users\ADMINI~1\AppData\Local\Temp\ccyyt7lf.s 			page 25


C:\Users\ADMINI~1\AppData\Local\Temp\ccyyt7lf.s:829    .text.HAL_DBGMCU_DisableDBGStandbyMode:00000000 HAL_DBGMCU_DisableDBGStandbyMode
C:\Users\ADMINI~1\AppData\Local\Temp\ccyyt7lf.s:858    .text.HAL_DBGMCU_DisableDBGStandbyMode:00000018 $d

UNDEFINED SYMBOLS
__aeabi_uidiv
HAL_RCC_GetHCLKFreq
HAL_SYSTICK_Config
HAL_NVIC_SetPriority
