ARM GAS  C:\Users\ADMINI~1\AppData\Local\Temp\ccsW3aFd.s 			page 1


   1              		.cpu cortex-m0
   2              		.eabi_attribute 20, 1
   3              		.eabi_attribute 21, 1
   4              		.eabi_attribute 23, 3
   5              		.eabi_attribute 24, 1
   6              		.eabi_attribute 25, 1
   7              		.eabi_attribute 26, 1
   8              		.eabi_attribute 30, 6
   9              		.eabi_attribute 34, 0
  10              		.eabi_attribute 18, 4
  11              		.file	"stm32f0xx_hal_i2c_ex.c"
  12              		.text
  13              	.Ltext0:
  14              		.cfi_sections	.debug_frame
  15              		.section	.text.HAL_I2CEx_ConfigAnalogFilter,"ax",%progbits
  16              		.align	1
  17              		.global	HAL_I2CEx_ConfigAnalogFilter
  18              		.arch armv6s-m
  19              		.syntax unified
  20              		.code	16
  21              		.thumb_func
  22              		.fpu softvfp
  24              	HAL_I2CEx_ConfigAnalogFilter:
  25              	.LFB37:
  26              		.file 1 "Drivers/STM32F0xx_HAL_Driver/Src/stm32f0xx_hal_i2c_ex.c"
   1:Drivers/STM32F0xx_HAL_Driver/Src/stm32f0xx_hal_i2c_ex.c **** /**
   2:Drivers/STM32F0xx_HAL_Driver/Src/stm32f0xx_hal_i2c_ex.c ****   ******************************************************************************
   3:Drivers/STM32F0xx_HAL_Driver/Src/stm32f0xx_hal_i2c_ex.c ****   * @file    stm32f0xx_hal_i2c_ex.c
   4:Drivers/STM32F0xx_HAL_Driver/Src/stm32f0xx_hal_i2c_ex.c ****   * @author  MCD Application Team
   5:Drivers/STM32F0xx_HAL_Driver/Src/stm32f0xx_hal_i2c_ex.c ****   * @brief   I2C Extended HAL module driver.
   6:Drivers/STM32F0xx_HAL_Driver/Src/stm32f0xx_hal_i2c_ex.c ****   *          This file provides firmware functions to manage the following
   7:Drivers/STM32F0xx_HAL_Driver/Src/stm32f0xx_hal_i2c_ex.c ****   *          functionalities of I2C Extended peripheral:
   8:Drivers/STM32F0xx_HAL_Driver/Src/stm32f0xx_hal_i2c_ex.c ****   *           + Extended features functions
   9:Drivers/STM32F0xx_HAL_Driver/Src/stm32f0xx_hal_i2c_ex.c ****   *
  10:Drivers/STM32F0xx_HAL_Driver/Src/stm32f0xx_hal_i2c_ex.c ****   @verbatim
  11:Drivers/STM32F0xx_HAL_Driver/Src/stm32f0xx_hal_i2c_ex.c ****   ==============================================================================
  12:Drivers/STM32F0xx_HAL_Driver/Src/stm32f0xx_hal_i2c_ex.c ****                ##### I2C peripheral Extended features  #####
  13:Drivers/STM32F0xx_HAL_Driver/Src/stm32f0xx_hal_i2c_ex.c ****   ==============================================================================
  14:Drivers/STM32F0xx_HAL_Driver/Src/stm32f0xx_hal_i2c_ex.c **** 
  15:Drivers/STM32F0xx_HAL_Driver/Src/stm32f0xx_hal_i2c_ex.c ****   [..] Comparing to other previous devices, the I2C interface for STM32F0xx
  16:Drivers/STM32F0xx_HAL_Driver/Src/stm32f0xx_hal_i2c_ex.c ****        devices contains the following additional features
  17:Drivers/STM32F0xx_HAL_Driver/Src/stm32f0xx_hal_i2c_ex.c **** 
  18:Drivers/STM32F0xx_HAL_Driver/Src/stm32f0xx_hal_i2c_ex.c ****        (+) Possibility to disable or enable Analog Noise Filter
  19:Drivers/STM32F0xx_HAL_Driver/Src/stm32f0xx_hal_i2c_ex.c ****        (+) Use of a configured Digital Noise Filter
  20:Drivers/STM32F0xx_HAL_Driver/Src/stm32f0xx_hal_i2c_ex.c ****        (+) Disable or enable wakeup from Stop mode
  21:Drivers/STM32F0xx_HAL_Driver/Src/stm32f0xx_hal_i2c_ex.c **** 
  22:Drivers/STM32F0xx_HAL_Driver/Src/stm32f0xx_hal_i2c_ex.c ****                      ##### How to use this driver #####
  23:Drivers/STM32F0xx_HAL_Driver/Src/stm32f0xx_hal_i2c_ex.c ****   ==============================================================================
  24:Drivers/STM32F0xx_HAL_Driver/Src/stm32f0xx_hal_i2c_ex.c ****   [..] This driver provides functions to configure Noise Filter and Wake Up Feature
  25:Drivers/STM32F0xx_HAL_Driver/Src/stm32f0xx_hal_i2c_ex.c ****     (#) Configure I2C Analog noise filter using the function HAL_I2CEx_ConfigAnalogFilter()
  26:Drivers/STM32F0xx_HAL_Driver/Src/stm32f0xx_hal_i2c_ex.c ****     (#) Configure I2C Digital noise filter using the function HAL_I2CEx_ConfigDigitalFilter()
  27:Drivers/STM32F0xx_HAL_Driver/Src/stm32f0xx_hal_i2c_ex.c ****     (#) Configure the enable or disable of I2C Wake Up Mode using the functions :
  28:Drivers/STM32F0xx_HAL_Driver/Src/stm32f0xx_hal_i2c_ex.c ****           (++) HAL_I2CEx_EnableWakeUp()
  29:Drivers/STM32F0xx_HAL_Driver/Src/stm32f0xx_hal_i2c_ex.c ****           (++) HAL_I2CEx_DisableWakeUp()
  30:Drivers/STM32F0xx_HAL_Driver/Src/stm32f0xx_hal_i2c_ex.c ****     (#) Configure the enable or disable of fast mode plus driving capability using the functions :
  31:Drivers/STM32F0xx_HAL_Driver/Src/stm32f0xx_hal_i2c_ex.c ****           (++) HAL_I2CEx_EnableFastModePlus()
  32:Drivers/STM32F0xx_HAL_Driver/Src/stm32f0xx_hal_i2c_ex.c ****           (++) HAL_I2CEx_DisableFastModePlus()
ARM GAS  C:\Users\ADMINI~1\AppData\Local\Temp\ccsW3aFd.s 			page 2


  33:Drivers/STM32F0xx_HAL_Driver/Src/stm32f0xx_hal_i2c_ex.c ****   @endverbatim
  34:Drivers/STM32F0xx_HAL_Driver/Src/stm32f0xx_hal_i2c_ex.c ****   ******************************************************************************
  35:Drivers/STM32F0xx_HAL_Driver/Src/stm32f0xx_hal_i2c_ex.c ****   * @attention
  36:Drivers/STM32F0xx_HAL_Driver/Src/stm32f0xx_hal_i2c_ex.c ****   *
  37:Drivers/STM32F0xx_HAL_Driver/Src/stm32f0xx_hal_i2c_ex.c ****   * <h2><center>&copy; COPYRIGHT(c) 2016 STMicroelectronics</center></h2>
  38:Drivers/STM32F0xx_HAL_Driver/Src/stm32f0xx_hal_i2c_ex.c ****   *
  39:Drivers/STM32F0xx_HAL_Driver/Src/stm32f0xx_hal_i2c_ex.c ****   * Redistribution and use in source and binary forms, with or without modification,
  40:Drivers/STM32F0xx_HAL_Driver/Src/stm32f0xx_hal_i2c_ex.c ****   * are permitted provided that the following conditions are met:
  41:Drivers/STM32F0xx_HAL_Driver/Src/stm32f0xx_hal_i2c_ex.c ****   *   1. Redistributions of source code must retain the above copyright notice,
  42:Drivers/STM32F0xx_HAL_Driver/Src/stm32f0xx_hal_i2c_ex.c ****   *      this list of conditions and the following disclaimer.
  43:Drivers/STM32F0xx_HAL_Driver/Src/stm32f0xx_hal_i2c_ex.c ****   *   2. Redistributions in binary form must reproduce the above copyright notice,
  44:Drivers/STM32F0xx_HAL_Driver/Src/stm32f0xx_hal_i2c_ex.c ****   *      this list of conditions and the following disclaimer in the documentation
  45:Drivers/STM32F0xx_HAL_Driver/Src/stm32f0xx_hal_i2c_ex.c ****   *      and/or other materials provided with the distribution.
  46:Drivers/STM32F0xx_HAL_Driver/Src/stm32f0xx_hal_i2c_ex.c ****   *   3. Neither the name of STMicroelectronics nor the names of its contributors
  47:Drivers/STM32F0xx_HAL_Driver/Src/stm32f0xx_hal_i2c_ex.c ****   *      may be used to endorse or promote products derived from this software
  48:Drivers/STM32F0xx_HAL_Driver/Src/stm32f0xx_hal_i2c_ex.c ****   *      without specific prior written permission.
  49:Drivers/STM32F0xx_HAL_Driver/Src/stm32f0xx_hal_i2c_ex.c ****   *
  50:Drivers/STM32F0xx_HAL_Driver/Src/stm32f0xx_hal_i2c_ex.c ****   * THIS SOFTWARE IS PROVIDED BY THE COPYRIGHT HOLDERS AND CONTRIBUTORS "AS IS"
  51:Drivers/STM32F0xx_HAL_Driver/Src/stm32f0xx_hal_i2c_ex.c ****   * AND ANY EXPRESS OR IMPLIED WARRANTIES, INCLUDING, BUT NOT LIMITED TO, THE
  52:Drivers/STM32F0xx_HAL_Driver/Src/stm32f0xx_hal_i2c_ex.c ****   * IMPLIED WARRANTIES OF MERCHANTABILITY AND FITNESS FOR A PARTICULAR PURPOSE ARE
  53:Drivers/STM32F0xx_HAL_Driver/Src/stm32f0xx_hal_i2c_ex.c ****   * DISCLAIMED. IN NO EVENT SHALL THE COPYRIGHT HOLDER OR CONTRIBUTORS BE LIABLE
  54:Drivers/STM32F0xx_HAL_Driver/Src/stm32f0xx_hal_i2c_ex.c ****   * FOR ANY DIRECT, INDIRECT, INCIDENTAL, SPECIAL, EXEMPLARY, OR CONSEQUENTIAL
  55:Drivers/STM32F0xx_HAL_Driver/Src/stm32f0xx_hal_i2c_ex.c ****   * DAMAGES (INCLUDING, BUT NOT LIMITED TO, PROCUREMENT OF SUBSTITUTE GOODS OR
  56:Drivers/STM32F0xx_HAL_Driver/Src/stm32f0xx_hal_i2c_ex.c ****   * SERVICES; LOSS OF USE, DATA, OR PROFITS; OR BUSINESS INTERRUPTION) HOWEVER
  57:Drivers/STM32F0xx_HAL_Driver/Src/stm32f0xx_hal_i2c_ex.c ****   * CAUSED AND ON ANY THEORY OF LIABILITY, WHETHER IN CONTRACT, STRICT LIABILITY,
  58:Drivers/STM32F0xx_HAL_Driver/Src/stm32f0xx_hal_i2c_ex.c ****   * OR TORT (INCLUDING NEGLIGENCE OR OTHERWISE) ARISING IN ANY WAY OUT OF THE USE
  59:Drivers/STM32F0xx_HAL_Driver/Src/stm32f0xx_hal_i2c_ex.c ****   * OF THIS SOFTWARE, EVEN IF ADVISED OF THE POSSIBILITY OF SUCH DAMAGE.
  60:Drivers/STM32F0xx_HAL_Driver/Src/stm32f0xx_hal_i2c_ex.c ****   *
  61:Drivers/STM32F0xx_HAL_Driver/Src/stm32f0xx_hal_i2c_ex.c ****   ******************************************************************************
  62:Drivers/STM32F0xx_HAL_Driver/Src/stm32f0xx_hal_i2c_ex.c ****   */
  63:Drivers/STM32F0xx_HAL_Driver/Src/stm32f0xx_hal_i2c_ex.c **** 
  64:Drivers/STM32F0xx_HAL_Driver/Src/stm32f0xx_hal_i2c_ex.c **** /* Includes ------------------------------------------------------------------*/
  65:Drivers/STM32F0xx_HAL_Driver/Src/stm32f0xx_hal_i2c_ex.c **** #include "stm32f0xx_hal.h"
  66:Drivers/STM32F0xx_HAL_Driver/Src/stm32f0xx_hal_i2c_ex.c **** 
  67:Drivers/STM32F0xx_HAL_Driver/Src/stm32f0xx_hal_i2c_ex.c **** /** @addtogroup STM32F0xx_HAL_Driver
  68:Drivers/STM32F0xx_HAL_Driver/Src/stm32f0xx_hal_i2c_ex.c ****   * @{
  69:Drivers/STM32F0xx_HAL_Driver/Src/stm32f0xx_hal_i2c_ex.c ****   */
  70:Drivers/STM32F0xx_HAL_Driver/Src/stm32f0xx_hal_i2c_ex.c **** 
  71:Drivers/STM32F0xx_HAL_Driver/Src/stm32f0xx_hal_i2c_ex.c **** /** @defgroup I2CEx I2CEx
  72:Drivers/STM32F0xx_HAL_Driver/Src/stm32f0xx_hal_i2c_ex.c ****   * @brief I2C Extended HAL module driver
  73:Drivers/STM32F0xx_HAL_Driver/Src/stm32f0xx_hal_i2c_ex.c ****   * @{
  74:Drivers/STM32F0xx_HAL_Driver/Src/stm32f0xx_hal_i2c_ex.c ****   */
  75:Drivers/STM32F0xx_HAL_Driver/Src/stm32f0xx_hal_i2c_ex.c **** 
  76:Drivers/STM32F0xx_HAL_Driver/Src/stm32f0xx_hal_i2c_ex.c **** #ifdef HAL_I2C_MODULE_ENABLED
  77:Drivers/STM32F0xx_HAL_Driver/Src/stm32f0xx_hal_i2c_ex.c **** 
  78:Drivers/STM32F0xx_HAL_Driver/Src/stm32f0xx_hal_i2c_ex.c **** /* Private typedef -----------------------------------------------------------*/
  79:Drivers/STM32F0xx_HAL_Driver/Src/stm32f0xx_hal_i2c_ex.c **** /* Private define ------------------------------------------------------------*/
  80:Drivers/STM32F0xx_HAL_Driver/Src/stm32f0xx_hal_i2c_ex.c **** /* Private macro -------------------------------------------------------------*/
  81:Drivers/STM32F0xx_HAL_Driver/Src/stm32f0xx_hal_i2c_ex.c **** /* Private variables ---------------------------------------------------------*/
  82:Drivers/STM32F0xx_HAL_Driver/Src/stm32f0xx_hal_i2c_ex.c **** /* Private function prototypes -----------------------------------------------*/
  83:Drivers/STM32F0xx_HAL_Driver/Src/stm32f0xx_hal_i2c_ex.c **** /* Private functions ---------------------------------------------------------*/
  84:Drivers/STM32F0xx_HAL_Driver/Src/stm32f0xx_hal_i2c_ex.c **** 
  85:Drivers/STM32F0xx_HAL_Driver/Src/stm32f0xx_hal_i2c_ex.c **** /** @defgroup I2CEx_Exported_Functions I2C Extended Exported Functions
  86:Drivers/STM32F0xx_HAL_Driver/Src/stm32f0xx_hal_i2c_ex.c ****   * @{
  87:Drivers/STM32F0xx_HAL_Driver/Src/stm32f0xx_hal_i2c_ex.c ****   */
  88:Drivers/STM32F0xx_HAL_Driver/Src/stm32f0xx_hal_i2c_ex.c **** 
  89:Drivers/STM32F0xx_HAL_Driver/Src/stm32f0xx_hal_i2c_ex.c **** /** @defgroup I2CEx_Exported_Functions_Group1 Extended features functions
ARM GAS  C:\Users\ADMINI~1\AppData\Local\Temp\ccsW3aFd.s 			page 3


  90:Drivers/STM32F0xx_HAL_Driver/Src/stm32f0xx_hal_i2c_ex.c ****   * @brief    Extended features functions
  91:Drivers/STM32F0xx_HAL_Driver/Src/stm32f0xx_hal_i2c_ex.c ****  *
  92:Drivers/STM32F0xx_HAL_Driver/Src/stm32f0xx_hal_i2c_ex.c **** @verbatim
  93:Drivers/STM32F0xx_HAL_Driver/Src/stm32f0xx_hal_i2c_ex.c ****  ===============================================================================
  94:Drivers/STM32F0xx_HAL_Driver/Src/stm32f0xx_hal_i2c_ex.c ****                       ##### Extended features functions #####
  95:Drivers/STM32F0xx_HAL_Driver/Src/stm32f0xx_hal_i2c_ex.c ****  ===============================================================================
  96:Drivers/STM32F0xx_HAL_Driver/Src/stm32f0xx_hal_i2c_ex.c ****     [..] This section provides functions allowing to:
  97:Drivers/STM32F0xx_HAL_Driver/Src/stm32f0xx_hal_i2c_ex.c ****       (+) Configure Noise Filters
  98:Drivers/STM32F0xx_HAL_Driver/Src/stm32f0xx_hal_i2c_ex.c ****       (+) Configure Wake Up Feature
  99:Drivers/STM32F0xx_HAL_Driver/Src/stm32f0xx_hal_i2c_ex.c **** 
 100:Drivers/STM32F0xx_HAL_Driver/Src/stm32f0xx_hal_i2c_ex.c **** @endverbatim
 101:Drivers/STM32F0xx_HAL_Driver/Src/stm32f0xx_hal_i2c_ex.c ****   * @{
 102:Drivers/STM32F0xx_HAL_Driver/Src/stm32f0xx_hal_i2c_ex.c ****   */
 103:Drivers/STM32F0xx_HAL_Driver/Src/stm32f0xx_hal_i2c_ex.c **** 
 104:Drivers/STM32F0xx_HAL_Driver/Src/stm32f0xx_hal_i2c_ex.c **** /**
 105:Drivers/STM32F0xx_HAL_Driver/Src/stm32f0xx_hal_i2c_ex.c ****   * @brief  Configure I2C Analog noise filter.
 106:Drivers/STM32F0xx_HAL_Driver/Src/stm32f0xx_hal_i2c_ex.c ****   * @param  hi2c Pointer to a I2C_HandleTypeDef structure that contains
 107:Drivers/STM32F0xx_HAL_Driver/Src/stm32f0xx_hal_i2c_ex.c ****   *                the configuration information for the specified I2Cx peripheral.
 108:Drivers/STM32F0xx_HAL_Driver/Src/stm32f0xx_hal_i2c_ex.c ****   * @param  AnalogFilter New state of the Analog filter.
 109:Drivers/STM32F0xx_HAL_Driver/Src/stm32f0xx_hal_i2c_ex.c ****   * @retval HAL status
 110:Drivers/STM32F0xx_HAL_Driver/Src/stm32f0xx_hal_i2c_ex.c ****   */
 111:Drivers/STM32F0xx_HAL_Driver/Src/stm32f0xx_hal_i2c_ex.c **** HAL_StatusTypeDef HAL_I2CEx_ConfigAnalogFilter(I2C_HandleTypeDef *hi2c, uint32_t AnalogFilter)
 112:Drivers/STM32F0xx_HAL_Driver/Src/stm32f0xx_hal_i2c_ex.c **** {
  27              		.loc 1 112 1
  28              		.cfi_startproc
  29              		@ args = 0, pretend = 0, frame = 8
  30              		@ frame_needed = 1, uses_anonymous_args = 0
  31 0000 80B5     		push	{r7, lr}
  32              	.LCFI0:
  33              		.cfi_def_cfa_offset 8
  34              		.cfi_offset 7, -8
  35              		.cfi_offset 14, -4
  36 0002 82B0     		sub	sp, sp, #8
  37              	.LCFI1:
  38              		.cfi_def_cfa_offset 16
  39 0004 00AF     		add	r7, sp, #0
  40              	.LCFI2:
  41              		.cfi_def_cfa_register 7
  42 0006 7860     		str	r0, [r7, #4]
  43 0008 3960     		str	r1, [r7]
 113:Drivers/STM32F0xx_HAL_Driver/Src/stm32f0xx_hal_i2c_ex.c ****   /* Check the parameters */
 114:Drivers/STM32F0xx_HAL_Driver/Src/stm32f0xx_hal_i2c_ex.c ****   assert_param(IS_I2C_ALL_INSTANCE(hi2c->Instance));
 115:Drivers/STM32F0xx_HAL_Driver/Src/stm32f0xx_hal_i2c_ex.c ****   assert_param(IS_I2C_ANALOG_FILTER(AnalogFilter));
 116:Drivers/STM32F0xx_HAL_Driver/Src/stm32f0xx_hal_i2c_ex.c **** 
 117:Drivers/STM32F0xx_HAL_Driver/Src/stm32f0xx_hal_i2c_ex.c ****   if (hi2c->State == HAL_I2C_STATE_READY)
  44              		.loc 1 117 11
  45 000a 7B68     		ldr	r3, [r7, #4]
  46 000c 4122     		movs	r2, #65
  47 000e 9B5C     		ldrb	r3, [r3, r2]
  48 0010 DBB2     		uxtb	r3, r3
  49              		.loc 1 117 6
  50 0012 202B     		cmp	r3, #32
  51 0014 38D1     		bne	.L2
 118:Drivers/STM32F0xx_HAL_Driver/Src/stm32f0xx_hal_i2c_ex.c ****   {
 119:Drivers/STM32F0xx_HAL_Driver/Src/stm32f0xx_hal_i2c_ex.c ****     /* Process Locked */
 120:Drivers/STM32F0xx_HAL_Driver/Src/stm32f0xx_hal_i2c_ex.c ****     __HAL_LOCK(hi2c);
  52              		.loc 1 120 5
ARM GAS  C:\Users\ADMINI~1\AppData\Local\Temp\ccsW3aFd.s 			page 4


  53 0016 7B68     		ldr	r3, [r7, #4]
  54 0018 4022     		movs	r2, #64
  55 001a 9B5C     		ldrb	r3, [r3, r2]
  56 001c 012B     		cmp	r3, #1
  57 001e 01D1     		bne	.L3
  58              		.loc 1 120 5 is_stmt 0 discriminator 1
  59 0020 0223     		movs	r3, #2
  60 0022 32E0     		b	.L4
  61              	.L3:
  62              		.loc 1 120 5 discriminator 2
  63 0024 7B68     		ldr	r3, [r7, #4]
  64 0026 4022     		movs	r2, #64
  65 0028 0121     		movs	r1, #1
  66 002a 9954     		strb	r1, [r3, r2]
 121:Drivers/STM32F0xx_HAL_Driver/Src/stm32f0xx_hal_i2c_ex.c **** 
 122:Drivers/STM32F0xx_HAL_Driver/Src/stm32f0xx_hal_i2c_ex.c ****     hi2c->State = HAL_I2C_STATE_BUSY;
  67              		.loc 1 122 17 is_stmt 1 discriminator 2
  68 002c 7B68     		ldr	r3, [r7, #4]
  69 002e 4122     		movs	r2, #65
  70 0030 2421     		movs	r1, #36
  71 0032 9954     		strb	r1, [r3, r2]
 123:Drivers/STM32F0xx_HAL_Driver/Src/stm32f0xx_hal_i2c_ex.c **** 
 124:Drivers/STM32F0xx_HAL_Driver/Src/stm32f0xx_hal_i2c_ex.c ****     /* Disable the selected I2C peripheral */
 125:Drivers/STM32F0xx_HAL_Driver/Src/stm32f0xx_hal_i2c_ex.c ****     __HAL_I2C_DISABLE(hi2c);
  72              		.loc 1 125 5 discriminator 2
  73 0034 7B68     		ldr	r3, [r7, #4]
  74 0036 1B68     		ldr	r3, [r3]
  75 0038 1A68     		ldr	r2, [r3]
  76 003a 7B68     		ldr	r3, [r7, #4]
  77 003c 1B68     		ldr	r3, [r3]
  78 003e 0121     		movs	r1, #1
  79 0040 8A43     		bics	r2, r1
  80 0042 1A60     		str	r2, [r3]
 126:Drivers/STM32F0xx_HAL_Driver/Src/stm32f0xx_hal_i2c_ex.c **** 
 127:Drivers/STM32F0xx_HAL_Driver/Src/stm32f0xx_hal_i2c_ex.c ****     /* Reset I2Cx ANOFF bit */
 128:Drivers/STM32F0xx_HAL_Driver/Src/stm32f0xx_hal_i2c_ex.c ****     hi2c->Instance->CR1 &= ~(I2C_CR1_ANFOFF);
  81              		.loc 1 128 9 discriminator 2
  82 0044 7B68     		ldr	r3, [r7, #4]
  83 0046 1B68     		ldr	r3, [r3]
  84              		.loc 1 128 25 discriminator 2
  85 0048 1A68     		ldr	r2, [r3]
  86              		.loc 1 128 9 discriminator 2
  87 004a 7B68     		ldr	r3, [r7, #4]
  88 004c 1B68     		ldr	r3, [r3]
  89              		.loc 1 128 25 discriminator 2
  90 004e 1149     		ldr	r1, .L5
  91 0050 0A40     		ands	r2, r1
  92 0052 1A60     		str	r2, [r3]
 129:Drivers/STM32F0xx_HAL_Driver/Src/stm32f0xx_hal_i2c_ex.c **** 
 130:Drivers/STM32F0xx_HAL_Driver/Src/stm32f0xx_hal_i2c_ex.c ****     /* Set analog filter bit*/
 131:Drivers/STM32F0xx_HAL_Driver/Src/stm32f0xx_hal_i2c_ex.c ****     hi2c->Instance->CR1 |= AnalogFilter;
  93              		.loc 1 131 9 discriminator 2
  94 0054 7B68     		ldr	r3, [r7, #4]
  95 0056 1B68     		ldr	r3, [r3]
  96              		.loc 1 131 25 discriminator 2
  97 0058 1968     		ldr	r1, [r3]
  98              		.loc 1 131 9 discriminator 2
ARM GAS  C:\Users\ADMINI~1\AppData\Local\Temp\ccsW3aFd.s 			page 5


  99 005a 7B68     		ldr	r3, [r7, #4]
 100 005c 1B68     		ldr	r3, [r3]
 101              		.loc 1 131 25 discriminator 2
 102 005e 3A68     		ldr	r2, [r7]
 103 0060 0A43     		orrs	r2, r1
 104 0062 1A60     		str	r2, [r3]
 132:Drivers/STM32F0xx_HAL_Driver/Src/stm32f0xx_hal_i2c_ex.c **** 
 133:Drivers/STM32F0xx_HAL_Driver/Src/stm32f0xx_hal_i2c_ex.c ****     __HAL_I2C_ENABLE(hi2c);
 105              		.loc 1 133 5 discriminator 2
 106 0064 7B68     		ldr	r3, [r7, #4]
 107 0066 1B68     		ldr	r3, [r3]
 108 0068 1A68     		ldr	r2, [r3]
 109 006a 7B68     		ldr	r3, [r7, #4]
 110 006c 1B68     		ldr	r3, [r3]
 111 006e 0121     		movs	r1, #1
 112 0070 0A43     		orrs	r2, r1
 113 0072 1A60     		str	r2, [r3]
 134:Drivers/STM32F0xx_HAL_Driver/Src/stm32f0xx_hal_i2c_ex.c **** 
 135:Drivers/STM32F0xx_HAL_Driver/Src/stm32f0xx_hal_i2c_ex.c ****     hi2c->State = HAL_I2C_STATE_READY;
 114              		.loc 1 135 17 discriminator 2
 115 0074 7B68     		ldr	r3, [r7, #4]
 116 0076 4122     		movs	r2, #65
 117 0078 2021     		movs	r1, #32
 118 007a 9954     		strb	r1, [r3, r2]
 136:Drivers/STM32F0xx_HAL_Driver/Src/stm32f0xx_hal_i2c_ex.c **** 
 137:Drivers/STM32F0xx_HAL_Driver/Src/stm32f0xx_hal_i2c_ex.c ****     /* Process Unlocked */
 138:Drivers/STM32F0xx_HAL_Driver/Src/stm32f0xx_hal_i2c_ex.c ****     __HAL_UNLOCK(hi2c);
 119              		.loc 1 138 5 discriminator 2
 120 007c 7B68     		ldr	r3, [r7, #4]
 121 007e 4022     		movs	r2, #64
 122 0080 0021     		movs	r1, #0
 123 0082 9954     		strb	r1, [r3, r2]
 139:Drivers/STM32F0xx_HAL_Driver/Src/stm32f0xx_hal_i2c_ex.c **** 
 140:Drivers/STM32F0xx_HAL_Driver/Src/stm32f0xx_hal_i2c_ex.c ****     return HAL_OK;
 124              		.loc 1 140 12 discriminator 2
 125 0084 0023     		movs	r3, #0
 126 0086 00E0     		b	.L4
 127              	.L2:
 141:Drivers/STM32F0xx_HAL_Driver/Src/stm32f0xx_hal_i2c_ex.c ****   }
 142:Drivers/STM32F0xx_HAL_Driver/Src/stm32f0xx_hal_i2c_ex.c ****   else
 143:Drivers/STM32F0xx_HAL_Driver/Src/stm32f0xx_hal_i2c_ex.c ****   {
 144:Drivers/STM32F0xx_HAL_Driver/Src/stm32f0xx_hal_i2c_ex.c ****     return HAL_BUSY;
 128              		.loc 1 144 12
 129 0088 0223     		movs	r3, #2
 130              	.L4:
 145:Drivers/STM32F0xx_HAL_Driver/Src/stm32f0xx_hal_i2c_ex.c ****   }
 146:Drivers/STM32F0xx_HAL_Driver/Src/stm32f0xx_hal_i2c_ex.c **** }
 131              		.loc 1 146 1
 132 008a 1800     		movs	r0, r3
 133 008c BD46     		mov	sp, r7
 134 008e 02B0     		add	sp, sp, #8
 135              		@ sp needed
 136 0090 80BD     		pop	{r7, pc}
 137              	.L6:
 138 0092 C046     		.align	2
 139              	.L5:
 140 0094 FFEFFFFF 		.word	-4097
ARM GAS  C:\Users\ADMINI~1\AppData\Local\Temp\ccsW3aFd.s 			page 6


 141              		.cfi_endproc
 142              	.LFE37:
 144              		.section	.text.HAL_I2CEx_ConfigDigitalFilter,"ax",%progbits
 145              		.align	1
 146              		.global	HAL_I2CEx_ConfigDigitalFilter
 147              		.syntax unified
 148              		.code	16
 149              		.thumb_func
 150              		.fpu softvfp
 152              	HAL_I2CEx_ConfigDigitalFilter:
 153              	.LFB38:
 147:Drivers/STM32F0xx_HAL_Driver/Src/stm32f0xx_hal_i2c_ex.c **** 
 148:Drivers/STM32F0xx_HAL_Driver/Src/stm32f0xx_hal_i2c_ex.c **** /**
 149:Drivers/STM32F0xx_HAL_Driver/Src/stm32f0xx_hal_i2c_ex.c ****   * @brief  Configure I2C Digital noise filter.
 150:Drivers/STM32F0xx_HAL_Driver/Src/stm32f0xx_hal_i2c_ex.c ****   * @param  hi2c Pointer to a I2C_HandleTypeDef structure that contains
 151:Drivers/STM32F0xx_HAL_Driver/Src/stm32f0xx_hal_i2c_ex.c ****   *                the configuration information for the specified I2Cx peripheral.
 152:Drivers/STM32F0xx_HAL_Driver/Src/stm32f0xx_hal_i2c_ex.c ****   * @param  DigitalFilter Coefficient of digital noise filter between Min_Data=0x00 and Max_Data=0x
 153:Drivers/STM32F0xx_HAL_Driver/Src/stm32f0xx_hal_i2c_ex.c ****   * @retval HAL status
 154:Drivers/STM32F0xx_HAL_Driver/Src/stm32f0xx_hal_i2c_ex.c ****   */
 155:Drivers/STM32F0xx_HAL_Driver/Src/stm32f0xx_hal_i2c_ex.c **** HAL_StatusTypeDef HAL_I2CEx_ConfigDigitalFilter(I2C_HandleTypeDef *hi2c, uint32_t DigitalFilter)
 156:Drivers/STM32F0xx_HAL_Driver/Src/stm32f0xx_hal_i2c_ex.c **** {
 154              		.loc 1 156 1
 155              		.cfi_startproc
 156              		@ args = 0, pretend = 0, frame = 16
 157              		@ frame_needed = 1, uses_anonymous_args = 0
 158 0000 80B5     		push	{r7, lr}
 159              	.LCFI3:
 160              		.cfi_def_cfa_offset 8
 161              		.cfi_offset 7, -8
 162              		.cfi_offset 14, -4
 163 0002 84B0     		sub	sp, sp, #16
 164              	.LCFI4:
 165              		.cfi_def_cfa_offset 24
 166 0004 00AF     		add	r7, sp, #0
 167              	.LCFI5:
 168              		.cfi_def_cfa_register 7
 169 0006 7860     		str	r0, [r7, #4]
 170 0008 3960     		str	r1, [r7]
 157:Drivers/STM32F0xx_HAL_Driver/Src/stm32f0xx_hal_i2c_ex.c ****   uint32_t tmpreg = 0U;
 171              		.loc 1 157 12
 172 000a 0023     		movs	r3, #0
 173 000c FB60     		str	r3, [r7, #12]
 158:Drivers/STM32F0xx_HAL_Driver/Src/stm32f0xx_hal_i2c_ex.c **** 
 159:Drivers/STM32F0xx_HAL_Driver/Src/stm32f0xx_hal_i2c_ex.c ****   /* Check the parameters */
 160:Drivers/STM32F0xx_HAL_Driver/Src/stm32f0xx_hal_i2c_ex.c ****   assert_param(IS_I2C_ALL_INSTANCE(hi2c->Instance));
 161:Drivers/STM32F0xx_HAL_Driver/Src/stm32f0xx_hal_i2c_ex.c ****   assert_param(IS_I2C_DIGITAL_FILTER(DigitalFilter));
 162:Drivers/STM32F0xx_HAL_Driver/Src/stm32f0xx_hal_i2c_ex.c **** 
 163:Drivers/STM32F0xx_HAL_Driver/Src/stm32f0xx_hal_i2c_ex.c ****   if (hi2c->State == HAL_I2C_STATE_READY)
 174              		.loc 1 163 11
 175 000e 7B68     		ldr	r3, [r7, #4]
 176 0010 4122     		movs	r2, #65
 177 0012 9B5C     		ldrb	r3, [r3, r2]
 178 0014 DBB2     		uxtb	r3, r3
 179              		.loc 1 163 6
 180 0016 202B     		cmp	r3, #32
 181 0018 39D1     		bne	.L8
 164:Drivers/STM32F0xx_HAL_Driver/Src/stm32f0xx_hal_i2c_ex.c ****   {
ARM GAS  C:\Users\ADMINI~1\AppData\Local\Temp\ccsW3aFd.s 			page 7


 165:Drivers/STM32F0xx_HAL_Driver/Src/stm32f0xx_hal_i2c_ex.c ****     /* Process Locked */
 166:Drivers/STM32F0xx_HAL_Driver/Src/stm32f0xx_hal_i2c_ex.c ****     __HAL_LOCK(hi2c);
 182              		.loc 1 166 5
 183 001a 7B68     		ldr	r3, [r7, #4]
 184 001c 4022     		movs	r2, #64
 185 001e 9B5C     		ldrb	r3, [r3, r2]
 186 0020 012B     		cmp	r3, #1
 187 0022 01D1     		bne	.L9
 188              		.loc 1 166 5 is_stmt 0 discriminator 1
 189 0024 0223     		movs	r3, #2
 190 0026 33E0     		b	.L10
 191              	.L9:
 192              		.loc 1 166 5 discriminator 2
 193 0028 7B68     		ldr	r3, [r7, #4]
 194 002a 4022     		movs	r2, #64
 195 002c 0121     		movs	r1, #1
 196 002e 9954     		strb	r1, [r3, r2]
 167:Drivers/STM32F0xx_HAL_Driver/Src/stm32f0xx_hal_i2c_ex.c **** 
 168:Drivers/STM32F0xx_HAL_Driver/Src/stm32f0xx_hal_i2c_ex.c ****     hi2c->State = HAL_I2C_STATE_BUSY;
 197              		.loc 1 168 17 is_stmt 1 discriminator 2
 198 0030 7B68     		ldr	r3, [r7, #4]
 199 0032 4122     		movs	r2, #65
 200 0034 2421     		movs	r1, #36
 201 0036 9954     		strb	r1, [r3, r2]
 169:Drivers/STM32F0xx_HAL_Driver/Src/stm32f0xx_hal_i2c_ex.c **** 
 170:Drivers/STM32F0xx_HAL_Driver/Src/stm32f0xx_hal_i2c_ex.c ****     /* Disable the selected I2C peripheral */
 171:Drivers/STM32F0xx_HAL_Driver/Src/stm32f0xx_hal_i2c_ex.c ****     __HAL_I2C_DISABLE(hi2c);
 202              		.loc 1 171 5 discriminator 2
 203 0038 7B68     		ldr	r3, [r7, #4]
 204 003a 1B68     		ldr	r3, [r3]
 205 003c 1A68     		ldr	r2, [r3]
 206 003e 7B68     		ldr	r3, [r7, #4]
 207 0040 1B68     		ldr	r3, [r3]
 208 0042 0121     		movs	r1, #1
 209 0044 8A43     		bics	r2, r1
 210 0046 1A60     		str	r2, [r3]
 172:Drivers/STM32F0xx_HAL_Driver/Src/stm32f0xx_hal_i2c_ex.c **** 
 173:Drivers/STM32F0xx_HAL_Driver/Src/stm32f0xx_hal_i2c_ex.c ****     /* Get the old register value */
 174:Drivers/STM32F0xx_HAL_Driver/Src/stm32f0xx_hal_i2c_ex.c ****     tmpreg = hi2c->Instance->CR1;
 211              		.loc 1 174 18 discriminator 2
 212 0048 7B68     		ldr	r3, [r7, #4]
 213 004a 1B68     		ldr	r3, [r3]
 214              		.loc 1 174 12 discriminator 2
 215 004c 1B68     		ldr	r3, [r3]
 216 004e FB60     		str	r3, [r7, #12]
 175:Drivers/STM32F0xx_HAL_Driver/Src/stm32f0xx_hal_i2c_ex.c **** 
 176:Drivers/STM32F0xx_HAL_Driver/Src/stm32f0xx_hal_i2c_ex.c ****     /* Reset I2Cx DNF bits [11:8] */
 177:Drivers/STM32F0xx_HAL_Driver/Src/stm32f0xx_hal_i2c_ex.c ****     tmpreg &= ~(I2C_CR1_DNF);
 217              		.loc 1 177 12 discriminator 2
 218 0050 FB68     		ldr	r3, [r7, #12]
 219 0052 114A     		ldr	r2, .L11
 220 0054 1340     		ands	r3, r2
 221 0056 FB60     		str	r3, [r7, #12]
 178:Drivers/STM32F0xx_HAL_Driver/Src/stm32f0xx_hal_i2c_ex.c **** 
 179:Drivers/STM32F0xx_HAL_Driver/Src/stm32f0xx_hal_i2c_ex.c ****     /* Set I2Cx DNF coefficient */
 180:Drivers/STM32F0xx_HAL_Driver/Src/stm32f0xx_hal_i2c_ex.c ****     tmpreg |= DigitalFilter << 8U;
 222              		.loc 1 180 29 discriminator 2
ARM GAS  C:\Users\ADMINI~1\AppData\Local\Temp\ccsW3aFd.s 			page 8


 223 0058 3B68     		ldr	r3, [r7]
 224 005a 1B02     		lsls	r3, r3, #8
 225              		.loc 1 180 12 discriminator 2
 226 005c FA68     		ldr	r2, [r7, #12]
 227 005e 1343     		orrs	r3, r2
 228 0060 FB60     		str	r3, [r7, #12]
 181:Drivers/STM32F0xx_HAL_Driver/Src/stm32f0xx_hal_i2c_ex.c **** 
 182:Drivers/STM32F0xx_HAL_Driver/Src/stm32f0xx_hal_i2c_ex.c ****     /* Store the new register value */
 183:Drivers/STM32F0xx_HAL_Driver/Src/stm32f0xx_hal_i2c_ex.c ****     hi2c->Instance->CR1 = tmpreg;
 229              		.loc 1 183 9 discriminator 2
 230 0062 7B68     		ldr	r3, [r7, #4]
 231 0064 1B68     		ldr	r3, [r3]
 232              		.loc 1 183 25 discriminator 2
 233 0066 FA68     		ldr	r2, [r7, #12]
 234 0068 1A60     		str	r2, [r3]
 184:Drivers/STM32F0xx_HAL_Driver/Src/stm32f0xx_hal_i2c_ex.c **** 
 185:Drivers/STM32F0xx_HAL_Driver/Src/stm32f0xx_hal_i2c_ex.c ****     __HAL_I2C_ENABLE(hi2c);
 235              		.loc 1 185 5 discriminator 2
 236 006a 7B68     		ldr	r3, [r7, #4]
 237 006c 1B68     		ldr	r3, [r3]
 238 006e 1A68     		ldr	r2, [r3]
 239 0070 7B68     		ldr	r3, [r7, #4]
 240 0072 1B68     		ldr	r3, [r3]
 241 0074 0121     		movs	r1, #1
 242 0076 0A43     		orrs	r2, r1
 243 0078 1A60     		str	r2, [r3]
 186:Drivers/STM32F0xx_HAL_Driver/Src/stm32f0xx_hal_i2c_ex.c **** 
 187:Drivers/STM32F0xx_HAL_Driver/Src/stm32f0xx_hal_i2c_ex.c ****     hi2c->State = HAL_I2C_STATE_READY;
 244              		.loc 1 187 17 discriminator 2
 245 007a 7B68     		ldr	r3, [r7, #4]
 246 007c 4122     		movs	r2, #65
 247 007e 2021     		movs	r1, #32
 248 0080 9954     		strb	r1, [r3, r2]
 188:Drivers/STM32F0xx_HAL_Driver/Src/stm32f0xx_hal_i2c_ex.c **** 
 189:Drivers/STM32F0xx_HAL_Driver/Src/stm32f0xx_hal_i2c_ex.c ****     /* Process Unlocked */
 190:Drivers/STM32F0xx_HAL_Driver/Src/stm32f0xx_hal_i2c_ex.c ****     __HAL_UNLOCK(hi2c);
 249              		.loc 1 190 5 discriminator 2
 250 0082 7B68     		ldr	r3, [r7, #4]
 251 0084 4022     		movs	r2, #64
 252 0086 0021     		movs	r1, #0
 253 0088 9954     		strb	r1, [r3, r2]
 191:Drivers/STM32F0xx_HAL_Driver/Src/stm32f0xx_hal_i2c_ex.c **** 
 192:Drivers/STM32F0xx_HAL_Driver/Src/stm32f0xx_hal_i2c_ex.c ****     return HAL_OK;
 254              		.loc 1 192 12 discriminator 2
 255 008a 0023     		movs	r3, #0
 256 008c 00E0     		b	.L10
 257              	.L8:
 193:Drivers/STM32F0xx_HAL_Driver/Src/stm32f0xx_hal_i2c_ex.c ****   }
 194:Drivers/STM32F0xx_HAL_Driver/Src/stm32f0xx_hal_i2c_ex.c ****   else
 195:Drivers/STM32F0xx_HAL_Driver/Src/stm32f0xx_hal_i2c_ex.c ****   {
 196:Drivers/STM32F0xx_HAL_Driver/Src/stm32f0xx_hal_i2c_ex.c ****     return HAL_BUSY;
 258              		.loc 1 196 12
 259 008e 0223     		movs	r3, #2
 260              	.L10:
 197:Drivers/STM32F0xx_HAL_Driver/Src/stm32f0xx_hal_i2c_ex.c ****   }
 198:Drivers/STM32F0xx_HAL_Driver/Src/stm32f0xx_hal_i2c_ex.c **** }
 261              		.loc 1 198 1
ARM GAS  C:\Users\ADMINI~1\AppData\Local\Temp\ccsW3aFd.s 			page 9


 262 0090 1800     		movs	r0, r3
 263 0092 BD46     		mov	sp, r7
 264 0094 04B0     		add	sp, sp, #16
 265              		@ sp needed
 266 0096 80BD     		pop	{r7, pc}
 267              	.L12:
 268              		.align	2
 269              	.L11:
 270 0098 FFF0FFFF 		.word	-3841
 271              		.cfi_endproc
 272              	.LFE38:
 274              		.section	.text.HAL_I2CEx_EnableWakeUp,"ax",%progbits
 275              		.align	1
 276              		.global	HAL_I2CEx_EnableWakeUp
 277              		.syntax unified
 278              		.code	16
 279              		.thumb_func
 280              		.fpu softvfp
 282              	HAL_I2CEx_EnableWakeUp:
 283              	.LFB39:
 199:Drivers/STM32F0xx_HAL_Driver/Src/stm32f0xx_hal_i2c_ex.c **** #if defined(I2C_CR1_WUPEN)
 200:Drivers/STM32F0xx_HAL_Driver/Src/stm32f0xx_hal_i2c_ex.c **** 
 201:Drivers/STM32F0xx_HAL_Driver/Src/stm32f0xx_hal_i2c_ex.c **** /**
 202:Drivers/STM32F0xx_HAL_Driver/Src/stm32f0xx_hal_i2c_ex.c ****   * @brief  Enable I2C wakeup from stop mode.
 203:Drivers/STM32F0xx_HAL_Driver/Src/stm32f0xx_hal_i2c_ex.c ****   * @param  hi2c Pointer to a I2C_HandleTypeDef structure that contains
 204:Drivers/STM32F0xx_HAL_Driver/Src/stm32f0xx_hal_i2c_ex.c ****   *                the configuration information for the specified I2Cx peripheral.
 205:Drivers/STM32F0xx_HAL_Driver/Src/stm32f0xx_hal_i2c_ex.c ****   * @retval HAL status
 206:Drivers/STM32F0xx_HAL_Driver/Src/stm32f0xx_hal_i2c_ex.c ****   */
 207:Drivers/STM32F0xx_HAL_Driver/Src/stm32f0xx_hal_i2c_ex.c **** HAL_StatusTypeDef HAL_I2CEx_EnableWakeUp(I2C_HandleTypeDef *hi2c)
 208:Drivers/STM32F0xx_HAL_Driver/Src/stm32f0xx_hal_i2c_ex.c **** {
 284              		.loc 1 208 1
 285              		.cfi_startproc
 286              		@ args = 0, pretend = 0, frame = 8
 287              		@ frame_needed = 1, uses_anonymous_args = 0
 288 0000 80B5     		push	{r7, lr}
 289              	.LCFI6:
 290              		.cfi_def_cfa_offset 8
 291              		.cfi_offset 7, -8
 292              		.cfi_offset 14, -4
 293 0002 82B0     		sub	sp, sp, #8
 294              	.LCFI7:
 295              		.cfi_def_cfa_offset 16
 296 0004 00AF     		add	r7, sp, #0
 297              	.LCFI8:
 298              		.cfi_def_cfa_register 7
 299 0006 7860     		str	r0, [r7, #4]
 209:Drivers/STM32F0xx_HAL_Driver/Src/stm32f0xx_hal_i2c_ex.c ****   /* Check the parameters */
 210:Drivers/STM32F0xx_HAL_Driver/Src/stm32f0xx_hal_i2c_ex.c ****   assert_param(IS_I2C_WAKEUP_FROMSTOP_INSTANCE(hi2c->Instance));
 211:Drivers/STM32F0xx_HAL_Driver/Src/stm32f0xx_hal_i2c_ex.c **** 
 212:Drivers/STM32F0xx_HAL_Driver/Src/stm32f0xx_hal_i2c_ex.c ****   if (hi2c->State == HAL_I2C_STATE_READY)
 300              		.loc 1 212 11
 301 0008 7B68     		ldr	r3, [r7, #4]
 302 000a 4122     		movs	r2, #65
 303 000c 9B5C     		ldrb	r3, [r3, r2]
 304 000e DBB2     		uxtb	r3, r3
 305              		.loc 1 212 6
 306 0010 202B     		cmp	r3, #32
ARM GAS  C:\Users\ADMINI~1\AppData\Local\Temp\ccsW3aFd.s 			page 10


 307 0012 31D1     		bne	.L14
 213:Drivers/STM32F0xx_HAL_Driver/Src/stm32f0xx_hal_i2c_ex.c ****   {
 214:Drivers/STM32F0xx_HAL_Driver/Src/stm32f0xx_hal_i2c_ex.c ****     /* Process Locked */
 215:Drivers/STM32F0xx_HAL_Driver/Src/stm32f0xx_hal_i2c_ex.c ****     __HAL_LOCK(hi2c);
 308              		.loc 1 215 5
 309 0014 7B68     		ldr	r3, [r7, #4]
 310 0016 4022     		movs	r2, #64
 311 0018 9B5C     		ldrb	r3, [r3, r2]
 312 001a 012B     		cmp	r3, #1
 313 001c 01D1     		bne	.L15
 314              		.loc 1 215 5 is_stmt 0 discriminator 1
 315 001e 0223     		movs	r3, #2
 316 0020 2BE0     		b	.L16
 317              	.L15:
 318              		.loc 1 215 5 discriminator 2
 319 0022 7B68     		ldr	r3, [r7, #4]
 320 0024 4022     		movs	r2, #64
 321 0026 0121     		movs	r1, #1
 322 0028 9954     		strb	r1, [r3, r2]
 216:Drivers/STM32F0xx_HAL_Driver/Src/stm32f0xx_hal_i2c_ex.c **** 
 217:Drivers/STM32F0xx_HAL_Driver/Src/stm32f0xx_hal_i2c_ex.c ****     hi2c->State = HAL_I2C_STATE_BUSY;
 323              		.loc 1 217 17 is_stmt 1 discriminator 2
 324 002a 7B68     		ldr	r3, [r7, #4]
 325 002c 4122     		movs	r2, #65
 326 002e 2421     		movs	r1, #36
 327 0030 9954     		strb	r1, [r3, r2]
 218:Drivers/STM32F0xx_HAL_Driver/Src/stm32f0xx_hal_i2c_ex.c **** 
 219:Drivers/STM32F0xx_HAL_Driver/Src/stm32f0xx_hal_i2c_ex.c ****     /* Disable the selected I2C peripheral */
 220:Drivers/STM32F0xx_HAL_Driver/Src/stm32f0xx_hal_i2c_ex.c ****     __HAL_I2C_DISABLE(hi2c);
 328              		.loc 1 220 5 discriminator 2
 329 0032 7B68     		ldr	r3, [r7, #4]
 330 0034 1B68     		ldr	r3, [r3]
 331 0036 1A68     		ldr	r2, [r3]
 332 0038 7B68     		ldr	r3, [r7, #4]
 333 003a 1B68     		ldr	r3, [r3]
 334 003c 0121     		movs	r1, #1
 335 003e 8A43     		bics	r2, r1
 336 0040 1A60     		str	r2, [r3]
 221:Drivers/STM32F0xx_HAL_Driver/Src/stm32f0xx_hal_i2c_ex.c **** 
 222:Drivers/STM32F0xx_HAL_Driver/Src/stm32f0xx_hal_i2c_ex.c ****     /* Enable wakeup from stop mode */
 223:Drivers/STM32F0xx_HAL_Driver/Src/stm32f0xx_hal_i2c_ex.c ****     hi2c->Instance->CR1 |= I2C_CR1_WUPEN;
 337              		.loc 1 223 9 discriminator 2
 338 0042 7B68     		ldr	r3, [r7, #4]
 339 0044 1B68     		ldr	r3, [r3]
 340              		.loc 1 223 25 discriminator 2
 341 0046 1A68     		ldr	r2, [r3]
 342              		.loc 1 223 9 discriminator 2
 343 0048 7B68     		ldr	r3, [r7, #4]
 344 004a 1B68     		ldr	r3, [r3]
 345              		.loc 1 223 25 discriminator 2
 346 004c 8021     		movs	r1, #128
 347 004e C902     		lsls	r1, r1, #11
 348 0050 0A43     		orrs	r2, r1
 349 0052 1A60     		str	r2, [r3]
 224:Drivers/STM32F0xx_HAL_Driver/Src/stm32f0xx_hal_i2c_ex.c **** 
 225:Drivers/STM32F0xx_HAL_Driver/Src/stm32f0xx_hal_i2c_ex.c ****     __HAL_I2C_ENABLE(hi2c);
 350              		.loc 1 225 5 discriminator 2
ARM GAS  C:\Users\ADMINI~1\AppData\Local\Temp\ccsW3aFd.s 			page 11


 351 0054 7B68     		ldr	r3, [r7, #4]
 352 0056 1B68     		ldr	r3, [r3]
 353 0058 1A68     		ldr	r2, [r3]
 354 005a 7B68     		ldr	r3, [r7, #4]
 355 005c 1B68     		ldr	r3, [r3]
 356 005e 0121     		movs	r1, #1
 357 0060 0A43     		orrs	r2, r1
 358 0062 1A60     		str	r2, [r3]
 226:Drivers/STM32F0xx_HAL_Driver/Src/stm32f0xx_hal_i2c_ex.c **** 
 227:Drivers/STM32F0xx_HAL_Driver/Src/stm32f0xx_hal_i2c_ex.c ****     hi2c->State = HAL_I2C_STATE_READY;
 359              		.loc 1 227 17 discriminator 2
 360 0064 7B68     		ldr	r3, [r7, #4]
 361 0066 4122     		movs	r2, #65
 362 0068 2021     		movs	r1, #32
 363 006a 9954     		strb	r1, [r3, r2]
 228:Drivers/STM32F0xx_HAL_Driver/Src/stm32f0xx_hal_i2c_ex.c **** 
 229:Drivers/STM32F0xx_HAL_Driver/Src/stm32f0xx_hal_i2c_ex.c ****     /* Process Unlocked */
 230:Drivers/STM32F0xx_HAL_Driver/Src/stm32f0xx_hal_i2c_ex.c ****     __HAL_UNLOCK(hi2c);
 364              		.loc 1 230 5 discriminator 2
 365 006c 7B68     		ldr	r3, [r7, #4]
 366 006e 4022     		movs	r2, #64
 367 0070 0021     		movs	r1, #0
 368 0072 9954     		strb	r1, [r3, r2]
 231:Drivers/STM32F0xx_HAL_Driver/Src/stm32f0xx_hal_i2c_ex.c **** 
 232:Drivers/STM32F0xx_HAL_Driver/Src/stm32f0xx_hal_i2c_ex.c ****     return HAL_OK;
 369              		.loc 1 232 12 discriminator 2
 370 0074 0023     		movs	r3, #0
 371 0076 00E0     		b	.L16
 372              	.L14:
 233:Drivers/STM32F0xx_HAL_Driver/Src/stm32f0xx_hal_i2c_ex.c ****   }
 234:Drivers/STM32F0xx_HAL_Driver/Src/stm32f0xx_hal_i2c_ex.c ****   else
 235:Drivers/STM32F0xx_HAL_Driver/Src/stm32f0xx_hal_i2c_ex.c ****   {
 236:Drivers/STM32F0xx_HAL_Driver/Src/stm32f0xx_hal_i2c_ex.c ****     return HAL_BUSY;
 373              		.loc 1 236 12
 374 0078 0223     		movs	r3, #2
 375              	.L16:
 237:Drivers/STM32F0xx_HAL_Driver/Src/stm32f0xx_hal_i2c_ex.c ****   }
 238:Drivers/STM32F0xx_HAL_Driver/Src/stm32f0xx_hal_i2c_ex.c **** }
 376              		.loc 1 238 1
 377 007a 1800     		movs	r0, r3
 378 007c BD46     		mov	sp, r7
 379 007e 02B0     		add	sp, sp, #8
 380              		@ sp needed
 381 0080 80BD     		pop	{r7, pc}
 382              		.cfi_endproc
 383              	.LFE39:
 385              		.section	.text.HAL_I2CEx_DisableWakeUp,"ax",%progbits
 386              		.align	1
 387              		.global	HAL_I2CEx_DisableWakeUp
 388              		.syntax unified
 389              		.code	16
 390              		.thumb_func
 391              		.fpu softvfp
 393              	HAL_I2CEx_DisableWakeUp:
 394              	.LFB40:
 239:Drivers/STM32F0xx_HAL_Driver/Src/stm32f0xx_hal_i2c_ex.c **** 
 240:Drivers/STM32F0xx_HAL_Driver/Src/stm32f0xx_hal_i2c_ex.c **** /**
ARM GAS  C:\Users\ADMINI~1\AppData\Local\Temp\ccsW3aFd.s 			page 12


 241:Drivers/STM32F0xx_HAL_Driver/Src/stm32f0xx_hal_i2c_ex.c ****   * @brief  Disable I2C wakeup from stop mode.
 242:Drivers/STM32F0xx_HAL_Driver/Src/stm32f0xx_hal_i2c_ex.c ****   * @param  hi2c Pointer to a I2C_HandleTypeDef structure that contains
 243:Drivers/STM32F0xx_HAL_Driver/Src/stm32f0xx_hal_i2c_ex.c ****   *                the configuration information for the specified I2Cx peripheral.
 244:Drivers/STM32F0xx_HAL_Driver/Src/stm32f0xx_hal_i2c_ex.c ****   * @retval HAL status
 245:Drivers/STM32F0xx_HAL_Driver/Src/stm32f0xx_hal_i2c_ex.c ****   */
 246:Drivers/STM32F0xx_HAL_Driver/Src/stm32f0xx_hal_i2c_ex.c **** HAL_StatusTypeDef HAL_I2CEx_DisableWakeUp(I2C_HandleTypeDef *hi2c)
 247:Drivers/STM32F0xx_HAL_Driver/Src/stm32f0xx_hal_i2c_ex.c **** {
 395              		.loc 1 247 1
 396              		.cfi_startproc
 397              		@ args = 0, pretend = 0, frame = 8
 398              		@ frame_needed = 1, uses_anonymous_args = 0
 399 0000 80B5     		push	{r7, lr}
 400              	.LCFI9:
 401              		.cfi_def_cfa_offset 8
 402              		.cfi_offset 7, -8
 403              		.cfi_offset 14, -4
 404 0002 82B0     		sub	sp, sp, #8
 405              	.LCFI10:
 406              		.cfi_def_cfa_offset 16
 407 0004 00AF     		add	r7, sp, #0
 408              	.LCFI11:
 409              		.cfi_def_cfa_register 7
 410 0006 7860     		str	r0, [r7, #4]
 248:Drivers/STM32F0xx_HAL_Driver/Src/stm32f0xx_hal_i2c_ex.c ****   /* Check the parameters */
 249:Drivers/STM32F0xx_HAL_Driver/Src/stm32f0xx_hal_i2c_ex.c ****   assert_param(IS_I2C_WAKEUP_FROMSTOP_INSTANCE(hi2c->Instance));
 250:Drivers/STM32F0xx_HAL_Driver/Src/stm32f0xx_hal_i2c_ex.c **** 
 251:Drivers/STM32F0xx_HAL_Driver/Src/stm32f0xx_hal_i2c_ex.c ****   if (hi2c->State == HAL_I2C_STATE_READY)
 411              		.loc 1 251 11
 412 0008 7B68     		ldr	r3, [r7, #4]
 413 000a 4122     		movs	r2, #65
 414 000c 9B5C     		ldrb	r3, [r3, r2]
 415 000e DBB2     		uxtb	r3, r3
 416              		.loc 1 251 6
 417 0010 202B     		cmp	r3, #32
 418 0012 30D1     		bne	.L18
 252:Drivers/STM32F0xx_HAL_Driver/Src/stm32f0xx_hal_i2c_ex.c ****   {
 253:Drivers/STM32F0xx_HAL_Driver/Src/stm32f0xx_hal_i2c_ex.c ****     /* Process Locked */
 254:Drivers/STM32F0xx_HAL_Driver/Src/stm32f0xx_hal_i2c_ex.c ****     __HAL_LOCK(hi2c);
 419              		.loc 1 254 5
 420 0014 7B68     		ldr	r3, [r7, #4]
 421 0016 4022     		movs	r2, #64
 422 0018 9B5C     		ldrb	r3, [r3, r2]
 423 001a 012B     		cmp	r3, #1
 424 001c 01D1     		bne	.L19
 425              		.loc 1 254 5 is_stmt 0 discriminator 1
 426 001e 0223     		movs	r3, #2
 427 0020 2AE0     		b	.L20
 428              	.L19:
 429              		.loc 1 254 5 discriminator 2
 430 0022 7B68     		ldr	r3, [r7, #4]
 431 0024 4022     		movs	r2, #64
 432 0026 0121     		movs	r1, #1
 433 0028 9954     		strb	r1, [r3, r2]
 255:Drivers/STM32F0xx_HAL_Driver/Src/stm32f0xx_hal_i2c_ex.c **** 
 256:Drivers/STM32F0xx_HAL_Driver/Src/stm32f0xx_hal_i2c_ex.c ****     hi2c->State = HAL_I2C_STATE_BUSY;
 434              		.loc 1 256 17 is_stmt 1 discriminator 2
 435 002a 7B68     		ldr	r3, [r7, #4]
ARM GAS  C:\Users\ADMINI~1\AppData\Local\Temp\ccsW3aFd.s 			page 13


 436 002c 4122     		movs	r2, #65
 437 002e 2421     		movs	r1, #36
 438 0030 9954     		strb	r1, [r3, r2]
 257:Drivers/STM32F0xx_HAL_Driver/Src/stm32f0xx_hal_i2c_ex.c **** 
 258:Drivers/STM32F0xx_HAL_Driver/Src/stm32f0xx_hal_i2c_ex.c ****     /* Disable the selected I2C peripheral */
 259:Drivers/STM32F0xx_HAL_Driver/Src/stm32f0xx_hal_i2c_ex.c ****     __HAL_I2C_DISABLE(hi2c);
 439              		.loc 1 259 5 discriminator 2
 440 0032 7B68     		ldr	r3, [r7, #4]
 441 0034 1B68     		ldr	r3, [r3]
 442 0036 1A68     		ldr	r2, [r3]
 443 0038 7B68     		ldr	r3, [r7, #4]
 444 003a 1B68     		ldr	r3, [r3]
 445 003c 0121     		movs	r1, #1
 446 003e 8A43     		bics	r2, r1
 447 0040 1A60     		str	r2, [r3]
 260:Drivers/STM32F0xx_HAL_Driver/Src/stm32f0xx_hal_i2c_ex.c **** 
 261:Drivers/STM32F0xx_HAL_Driver/Src/stm32f0xx_hal_i2c_ex.c ****     /* Enable wakeup from stop mode */
 262:Drivers/STM32F0xx_HAL_Driver/Src/stm32f0xx_hal_i2c_ex.c ****     hi2c->Instance->CR1 &= ~(I2C_CR1_WUPEN);
 448              		.loc 1 262 9 discriminator 2
 449 0042 7B68     		ldr	r3, [r7, #4]
 450 0044 1B68     		ldr	r3, [r3]
 451              		.loc 1 262 25 discriminator 2
 452 0046 1A68     		ldr	r2, [r3]
 453              		.loc 1 262 9 discriminator 2
 454 0048 7B68     		ldr	r3, [r7, #4]
 455 004a 1B68     		ldr	r3, [r3]
 456              		.loc 1 262 25 discriminator 2
 457 004c 0C49     		ldr	r1, .L21
 458 004e 0A40     		ands	r2, r1
 459 0050 1A60     		str	r2, [r3]
 263:Drivers/STM32F0xx_HAL_Driver/Src/stm32f0xx_hal_i2c_ex.c **** 
 264:Drivers/STM32F0xx_HAL_Driver/Src/stm32f0xx_hal_i2c_ex.c ****     __HAL_I2C_ENABLE(hi2c);
 460              		.loc 1 264 5 discriminator 2
 461 0052 7B68     		ldr	r3, [r7, #4]
 462 0054 1B68     		ldr	r3, [r3]
 463 0056 1A68     		ldr	r2, [r3]
 464 0058 7B68     		ldr	r3, [r7, #4]
 465 005a 1B68     		ldr	r3, [r3]
 466 005c 0121     		movs	r1, #1
 467 005e 0A43     		orrs	r2, r1
 468 0060 1A60     		str	r2, [r3]
 265:Drivers/STM32F0xx_HAL_Driver/Src/stm32f0xx_hal_i2c_ex.c **** 
 266:Drivers/STM32F0xx_HAL_Driver/Src/stm32f0xx_hal_i2c_ex.c ****     hi2c->State = HAL_I2C_STATE_READY;
 469              		.loc 1 266 17 discriminator 2
 470 0062 7B68     		ldr	r3, [r7, #4]
 471 0064 4122     		movs	r2, #65
 472 0066 2021     		movs	r1, #32
 473 0068 9954     		strb	r1, [r3, r2]
 267:Drivers/STM32F0xx_HAL_Driver/Src/stm32f0xx_hal_i2c_ex.c **** 
 268:Drivers/STM32F0xx_HAL_Driver/Src/stm32f0xx_hal_i2c_ex.c ****     /* Process Unlocked */
 269:Drivers/STM32F0xx_HAL_Driver/Src/stm32f0xx_hal_i2c_ex.c ****     __HAL_UNLOCK(hi2c);
 474              		.loc 1 269 5 discriminator 2
 475 006a 7B68     		ldr	r3, [r7, #4]
 476 006c 4022     		movs	r2, #64
 477 006e 0021     		movs	r1, #0
 478 0070 9954     		strb	r1, [r3, r2]
 270:Drivers/STM32F0xx_HAL_Driver/Src/stm32f0xx_hal_i2c_ex.c **** 
ARM GAS  C:\Users\ADMINI~1\AppData\Local\Temp\ccsW3aFd.s 			page 14


 271:Drivers/STM32F0xx_HAL_Driver/Src/stm32f0xx_hal_i2c_ex.c ****     return HAL_OK;
 479              		.loc 1 271 12 discriminator 2
 480 0072 0023     		movs	r3, #0
 481 0074 00E0     		b	.L20
 482              	.L18:
 272:Drivers/STM32F0xx_HAL_Driver/Src/stm32f0xx_hal_i2c_ex.c ****   }
 273:Drivers/STM32F0xx_HAL_Driver/Src/stm32f0xx_hal_i2c_ex.c ****   else
 274:Drivers/STM32F0xx_HAL_Driver/Src/stm32f0xx_hal_i2c_ex.c ****   {
 275:Drivers/STM32F0xx_HAL_Driver/Src/stm32f0xx_hal_i2c_ex.c ****     return HAL_BUSY;
 483              		.loc 1 275 12
 484 0076 0223     		movs	r3, #2
 485              	.L20:
 276:Drivers/STM32F0xx_HAL_Driver/Src/stm32f0xx_hal_i2c_ex.c ****   }
 277:Drivers/STM32F0xx_HAL_Driver/Src/stm32f0xx_hal_i2c_ex.c **** }
 486              		.loc 1 277 1
 487 0078 1800     		movs	r0, r3
 488 007a BD46     		mov	sp, r7
 489 007c 02B0     		add	sp, sp, #8
 490              		@ sp needed
 491 007e 80BD     		pop	{r7, pc}
 492              	.L22:
 493              		.align	2
 494              	.L21:
 495 0080 FFFFFBFF 		.word	-262145
 496              		.cfi_endproc
 497              	.LFE40:
 499              		.section	.text.HAL_I2CEx_EnableFastModePlus,"ax",%progbits
 500              		.align	1
 501              		.global	HAL_I2CEx_EnableFastModePlus
 502              		.syntax unified
 503              		.code	16
 504              		.thumb_func
 505              		.fpu softvfp
 507              	HAL_I2CEx_EnableFastModePlus:
 508              	.LFB41:
 278:Drivers/STM32F0xx_HAL_Driver/Src/stm32f0xx_hal_i2c_ex.c **** #endif
 279:Drivers/STM32F0xx_HAL_Driver/Src/stm32f0xx_hal_i2c_ex.c **** 
 280:Drivers/STM32F0xx_HAL_Driver/Src/stm32f0xx_hal_i2c_ex.c **** /**
 281:Drivers/STM32F0xx_HAL_Driver/Src/stm32f0xx_hal_i2c_ex.c ****   * @brief Enable the I2C fast mode plus driving capability.
 282:Drivers/STM32F0xx_HAL_Driver/Src/stm32f0xx_hal_i2c_ex.c ****   * @param ConfigFastModePlus Selects the pin.
 283:Drivers/STM32F0xx_HAL_Driver/Src/stm32f0xx_hal_i2c_ex.c ****   *   This parameter can be one of the @ref I2CEx_FastModePlus values
 284:Drivers/STM32F0xx_HAL_Driver/Src/stm32f0xx_hal_i2c_ex.c ****   * @note  For I2C1, fast mode plus driving capability can be enabled on all selected
 285:Drivers/STM32F0xx_HAL_Driver/Src/stm32f0xx_hal_i2c_ex.c ****   *        I2C1 pins using I2C_FASTMODEPLUS_I2C1 parameter or independently
 286:Drivers/STM32F0xx_HAL_Driver/Src/stm32f0xx_hal_i2c_ex.c ****   *        on each one of the following pins PB6, PB7, PB8 and PB9.
 287:Drivers/STM32F0xx_HAL_Driver/Src/stm32f0xx_hal_i2c_ex.c ****   * @note  For remaining I2C1 pins (PA14, PA15...) fast mode plus driving capability
 288:Drivers/STM32F0xx_HAL_Driver/Src/stm32f0xx_hal_i2c_ex.c ****   *        can be enabled only by using I2C_FASTMODEPLUS_I2C1 parameter.
 289:Drivers/STM32F0xx_HAL_Driver/Src/stm32f0xx_hal_i2c_ex.c ****   * @note  For all I2C2 pins fast mode plus driving capability can be enabled
 290:Drivers/STM32F0xx_HAL_Driver/Src/stm32f0xx_hal_i2c_ex.c ****   *        only by using I2C_FASTMODEPLUS_I2C2 parameter.
 291:Drivers/STM32F0xx_HAL_Driver/Src/stm32f0xx_hal_i2c_ex.c ****   * @retval None
 292:Drivers/STM32F0xx_HAL_Driver/Src/stm32f0xx_hal_i2c_ex.c ****   */
 293:Drivers/STM32F0xx_HAL_Driver/Src/stm32f0xx_hal_i2c_ex.c **** void HAL_I2CEx_EnableFastModePlus(uint32_t ConfigFastModePlus)
 294:Drivers/STM32F0xx_HAL_Driver/Src/stm32f0xx_hal_i2c_ex.c **** {
 509              		.loc 1 294 1
 510              		.cfi_startproc
 511              		@ args = 0, pretend = 0, frame = 16
 512              		@ frame_needed = 1, uses_anonymous_args = 0
 513 0000 80B5     		push	{r7, lr}
ARM GAS  C:\Users\ADMINI~1\AppData\Local\Temp\ccsW3aFd.s 			page 15


 514              	.LCFI12:
 515              		.cfi_def_cfa_offset 8
 516              		.cfi_offset 7, -8
 517              		.cfi_offset 14, -4
 518 0002 84B0     		sub	sp, sp, #16
 519              	.LCFI13:
 520              		.cfi_def_cfa_offset 24
 521 0004 00AF     		add	r7, sp, #0
 522              	.LCFI14:
 523              		.cfi_def_cfa_register 7
 524 0006 7860     		str	r0, [r7, #4]
 525              	.LBB2:
 295:Drivers/STM32F0xx_HAL_Driver/Src/stm32f0xx_hal_i2c_ex.c ****   /* Check the parameter */
 296:Drivers/STM32F0xx_HAL_Driver/Src/stm32f0xx_hal_i2c_ex.c ****   assert_param(IS_I2C_FASTMODEPLUS(ConfigFastModePlus));
 297:Drivers/STM32F0xx_HAL_Driver/Src/stm32f0xx_hal_i2c_ex.c **** 
 298:Drivers/STM32F0xx_HAL_Driver/Src/stm32f0xx_hal_i2c_ex.c ****   /* Enable SYSCFG clock */
 299:Drivers/STM32F0xx_HAL_Driver/Src/stm32f0xx_hal_i2c_ex.c ****   __HAL_RCC_SYSCFG_CLK_ENABLE();
 526              		.loc 1 299 3
 527 0008 0A4B     		ldr	r3, .L24
 528 000a 9A69     		ldr	r2, [r3, #24]
 529 000c 094B     		ldr	r3, .L24
 530 000e 0121     		movs	r1, #1
 531 0010 0A43     		orrs	r2, r1
 532 0012 9A61     		str	r2, [r3, #24]
 533 0014 074B     		ldr	r3, .L24
 534 0016 9B69     		ldr	r3, [r3, #24]
 535 0018 0122     		movs	r2, #1
 536 001a 1340     		ands	r3, r2
 537 001c FB60     		str	r3, [r7, #12]
 538 001e FB68     		ldr	r3, [r7, #12]
 539              	.LBE2:
 300:Drivers/STM32F0xx_HAL_Driver/Src/stm32f0xx_hal_i2c_ex.c **** 
 301:Drivers/STM32F0xx_HAL_Driver/Src/stm32f0xx_hal_i2c_ex.c ****   /* Enable fast mode plus driving capability for selected pin */
 302:Drivers/STM32F0xx_HAL_Driver/Src/stm32f0xx_hal_i2c_ex.c ****   SET_BIT(SYSCFG->CFGR1, (uint32_t)ConfigFastModePlus);
 540              		.loc 1 302 3
 541 0020 054B     		ldr	r3, .L24+4
 542 0022 1968     		ldr	r1, [r3]
 543 0024 044B     		ldr	r3, .L24+4
 544 0026 7A68     		ldr	r2, [r7, #4]
 545 0028 0A43     		orrs	r2, r1
 546 002a 1A60     		str	r2, [r3]
 303:Drivers/STM32F0xx_HAL_Driver/Src/stm32f0xx_hal_i2c_ex.c **** }
 547              		.loc 1 303 1
 548 002c C046     		nop
 549 002e BD46     		mov	sp, r7
 550 0030 04B0     		add	sp, sp, #16
 551              		@ sp needed
 552 0032 80BD     		pop	{r7, pc}
 553              	.L25:
 554              		.align	2
 555              	.L24:
 556 0034 00100240 		.word	1073876992
 557 0038 00000140 		.word	1073807360
 558              		.cfi_endproc
 559              	.LFE41:
 561              		.section	.text.HAL_I2CEx_DisableFastModePlus,"ax",%progbits
 562              		.align	1
ARM GAS  C:\Users\ADMINI~1\AppData\Local\Temp\ccsW3aFd.s 			page 16


 563              		.global	HAL_I2CEx_DisableFastModePlus
 564              		.syntax unified
 565              		.code	16
 566              		.thumb_func
 567              		.fpu softvfp
 569              	HAL_I2CEx_DisableFastModePlus:
 570              	.LFB42:
 304:Drivers/STM32F0xx_HAL_Driver/Src/stm32f0xx_hal_i2c_ex.c **** 
 305:Drivers/STM32F0xx_HAL_Driver/Src/stm32f0xx_hal_i2c_ex.c **** /**
 306:Drivers/STM32F0xx_HAL_Driver/Src/stm32f0xx_hal_i2c_ex.c ****   * @brief Disable the I2C fast mode plus driving capability.
 307:Drivers/STM32F0xx_HAL_Driver/Src/stm32f0xx_hal_i2c_ex.c ****   * @param ConfigFastModePlus Selects the pin.
 308:Drivers/STM32F0xx_HAL_Driver/Src/stm32f0xx_hal_i2c_ex.c ****   *   This parameter can be one of the @ref I2CEx_FastModePlus values
 309:Drivers/STM32F0xx_HAL_Driver/Src/stm32f0xx_hal_i2c_ex.c ****   * @note  For I2C1, fast mode plus driving capability can be disabled on all selected
 310:Drivers/STM32F0xx_HAL_Driver/Src/stm32f0xx_hal_i2c_ex.c ****   *        I2C1 pins using I2C_FASTMODEPLUS_I2C1 parameter or independently
 311:Drivers/STM32F0xx_HAL_Driver/Src/stm32f0xx_hal_i2c_ex.c ****   *        on each one of the following pins PB6, PB7, PB8 and PB9.
 312:Drivers/STM32F0xx_HAL_Driver/Src/stm32f0xx_hal_i2c_ex.c ****   * @note  For remaining I2C1 pins (PA14, PA15...) fast mode plus driving capability
 313:Drivers/STM32F0xx_HAL_Driver/Src/stm32f0xx_hal_i2c_ex.c ****   *        can be disabled only by using I2C_FASTMODEPLUS_I2C1 parameter.
 314:Drivers/STM32F0xx_HAL_Driver/Src/stm32f0xx_hal_i2c_ex.c ****   * @note  For all I2C2 pins fast mode plus driving capability can be disabled
 315:Drivers/STM32F0xx_HAL_Driver/Src/stm32f0xx_hal_i2c_ex.c ****   *        only by using I2C_FASTMODEPLUS_I2C2 parameter.
 316:Drivers/STM32F0xx_HAL_Driver/Src/stm32f0xx_hal_i2c_ex.c ****   * @retval None
 317:Drivers/STM32F0xx_HAL_Driver/Src/stm32f0xx_hal_i2c_ex.c ****   */
 318:Drivers/STM32F0xx_HAL_Driver/Src/stm32f0xx_hal_i2c_ex.c **** void HAL_I2CEx_DisableFastModePlus(uint32_t ConfigFastModePlus)
 319:Drivers/STM32F0xx_HAL_Driver/Src/stm32f0xx_hal_i2c_ex.c **** {
 571              		.loc 1 319 1
 572              		.cfi_startproc
 573              		@ args = 0, pretend = 0, frame = 16
 574              		@ frame_needed = 1, uses_anonymous_args = 0
 575 0000 80B5     		push	{r7, lr}
 576              	.LCFI15:
 577              		.cfi_def_cfa_offset 8
 578              		.cfi_offset 7, -8
 579              		.cfi_offset 14, -4
 580 0002 84B0     		sub	sp, sp, #16
 581              	.LCFI16:
 582              		.cfi_def_cfa_offset 24
 583 0004 00AF     		add	r7, sp, #0
 584              	.LCFI17:
 585              		.cfi_def_cfa_register 7
 586 0006 7860     		str	r0, [r7, #4]
 587              	.LBB3:
 320:Drivers/STM32F0xx_HAL_Driver/Src/stm32f0xx_hal_i2c_ex.c ****   /* Check the parameter */
 321:Drivers/STM32F0xx_HAL_Driver/Src/stm32f0xx_hal_i2c_ex.c ****   assert_param(IS_I2C_FASTMODEPLUS(ConfigFastModePlus));
 322:Drivers/STM32F0xx_HAL_Driver/Src/stm32f0xx_hal_i2c_ex.c **** 
 323:Drivers/STM32F0xx_HAL_Driver/Src/stm32f0xx_hal_i2c_ex.c ****   /* Enable SYSCFG clock */
 324:Drivers/STM32F0xx_HAL_Driver/Src/stm32f0xx_hal_i2c_ex.c ****   __HAL_RCC_SYSCFG_CLK_ENABLE();
 588              		.loc 1 324 3
 589 0008 0B4B     		ldr	r3, .L27
 590 000a 9A69     		ldr	r2, [r3, #24]
 591 000c 0A4B     		ldr	r3, .L27
 592 000e 0121     		movs	r1, #1
 593 0010 0A43     		orrs	r2, r1
 594 0012 9A61     		str	r2, [r3, #24]
 595 0014 084B     		ldr	r3, .L27
 596 0016 9B69     		ldr	r3, [r3, #24]
 597 0018 0122     		movs	r2, #1
 598 001a 1340     		ands	r3, r2
 599 001c FB60     		str	r3, [r7, #12]
ARM GAS  C:\Users\ADMINI~1\AppData\Local\Temp\ccsW3aFd.s 			page 17


 600 001e FB68     		ldr	r3, [r7, #12]
 601              	.LBE3:
 325:Drivers/STM32F0xx_HAL_Driver/Src/stm32f0xx_hal_i2c_ex.c **** 
 326:Drivers/STM32F0xx_HAL_Driver/Src/stm32f0xx_hal_i2c_ex.c ****   /* Disable fast mode plus driving capability for selected pin */
 327:Drivers/STM32F0xx_HAL_Driver/Src/stm32f0xx_hal_i2c_ex.c ****   CLEAR_BIT(SYSCFG->CFGR1, (uint32_t)ConfigFastModePlus);
 602              		.loc 1 327 3
 603 0020 064B     		ldr	r3, .L27+4
 604 0022 1A68     		ldr	r2, [r3]
 605 0024 7B68     		ldr	r3, [r7, #4]
 606 0026 D943     		mvns	r1, r3
 607 0028 044B     		ldr	r3, .L27+4
 608 002a 0A40     		ands	r2, r1
 609 002c 1A60     		str	r2, [r3]
 328:Drivers/STM32F0xx_HAL_Driver/Src/stm32f0xx_hal_i2c_ex.c **** }
 610              		.loc 1 328 1
 611 002e C046     		nop
 612 0030 BD46     		mov	sp, r7
 613 0032 04B0     		add	sp, sp, #16
 614              		@ sp needed
 615 0034 80BD     		pop	{r7, pc}
 616              	.L28:
 617 0036 C046     		.align	2
 618              	.L27:
 619 0038 00100240 		.word	1073876992
 620 003c 00000140 		.word	1073807360
 621              		.cfi_endproc
 622              	.LFE42:
 624              		.text
 625              	.Letext0:
 626              		.file 2 "c:\\program files (x86)\\gnu tools arm embedded\\9 2019-q4-major\\arm-none-eabi\\include\
 627              		.file 3 "c:\\program files (x86)\\gnu tools arm embedded\\9 2019-q4-major\\arm-none-eabi\\include\
 628              		.file 4 "Drivers/CMSIS/Device/ST/STM32F0xx/Include/system_stm32f0xx.h"
 629              		.file 5 "Drivers/CMSIS/Device/ST/STM32F0xx/Include/stm32f091xc.h"
 630              		.file 6 "c:\\program files (x86)\\gnu tools arm embedded\\9 2019-q4-major\\arm-none-eabi\\include\
 631              		.file 7 "c:\\program files (x86)\\gnu tools arm embedded\\9 2019-q4-major\\arm-none-eabi\\include\
 632              		.file 8 "c:\\program files (x86)\\gnu tools arm embedded\\9 2019-q4-major\\lib\\gcc\\arm-none-eabi
 633              		.file 9 "c:\\program files (x86)\\gnu tools arm embedded\\9 2019-q4-major\\arm-none-eabi\\include\
 634              		.file 10 "Drivers/STM32F0xx_HAL_Driver/Inc/stm32f0xx_hal_def.h"
 635              		.file 11 "Drivers/STM32F0xx_HAL_Driver/Inc/stm32f0xx_hal_dma.h"
 636              		.file 12 "Drivers/STM32F0xx_HAL_Driver/Inc/stm32f0xx_hal_i2c.h"
ARM GAS  C:\Users\ADMINI~1\AppData\Local\Temp\ccsW3aFd.s 			page 18


DEFINED SYMBOLS
                            *ABS*:00000000 stm32f0xx_hal_i2c_ex.c
C:\Users\ADMINI~1\AppData\Local\Temp\ccsW3aFd.s:16     .text.HAL_I2CEx_ConfigAnalogFilter:00000000 $t
C:\Users\ADMINI~1\AppData\Local\Temp\ccsW3aFd.s:24     .text.HAL_I2CEx_ConfigAnalogFilter:00000000 HAL_I2CEx_ConfigAnalogFilter
C:\Users\ADMINI~1\AppData\Local\Temp\ccsW3aFd.s:140    .text.HAL_I2CEx_ConfigAnalogFilter:00000094 $d
C:\Users\ADMINI~1\AppData\Local\Temp\ccsW3aFd.s:145    .text.HAL_I2CEx_ConfigDigitalFilter:00000000 $t
C:\Users\ADMINI~1\AppData\Local\Temp\ccsW3aFd.s:152    .text.HAL_I2CEx_ConfigDigitalFilter:00000000 HAL_I2CEx_ConfigDigitalFilter
C:\Users\ADMINI~1\AppData\Local\Temp\ccsW3aFd.s:270    .text.HAL_I2CEx_ConfigDigitalFilter:00000098 $d
C:\Users\ADMINI~1\AppData\Local\Temp\ccsW3aFd.s:275    .text.HAL_I2CEx_EnableWakeUp:00000000 $t
C:\Users\ADMINI~1\AppData\Local\Temp\ccsW3aFd.s:282    .text.HAL_I2CEx_EnableWakeUp:00000000 HAL_I2CEx_EnableWakeUp
C:\Users\ADMINI~1\AppData\Local\Temp\ccsW3aFd.s:386    .text.HAL_I2CEx_DisableWakeUp:00000000 $t
C:\Users\ADMINI~1\AppData\Local\Temp\ccsW3aFd.s:393    .text.HAL_I2CEx_DisableWakeUp:00000000 HAL_I2CEx_DisableWakeUp
C:\Users\ADMINI~1\AppData\Local\Temp\ccsW3aFd.s:495    .text.HAL_I2CEx_DisableWakeUp:00000080 $d
C:\Users\ADMINI~1\AppData\Local\Temp\ccsW3aFd.s:500    .text.HAL_I2CEx_EnableFastModePlus:00000000 $t
C:\Users\ADMINI~1\AppData\Local\Temp\ccsW3aFd.s:507    .text.HAL_I2CEx_EnableFastModePlus:00000000 HAL_I2CEx_EnableFastModePlus
C:\Users\ADMINI~1\AppData\Local\Temp\ccsW3aFd.s:556    .text.HAL_I2CEx_EnableFastModePlus:00000034 $d
C:\Users\ADMINI~1\AppData\Local\Temp\ccsW3aFd.s:562    .text.HAL_I2CEx_DisableFastModePlus:00000000 $t
C:\Users\ADMINI~1\AppData\Local\Temp\ccsW3aFd.s:569    .text.HAL_I2CEx_DisableFastModePlus:00000000 HAL_I2CEx_DisableFastModePlus
C:\Users\ADMINI~1\AppData\Local\Temp\ccsW3aFd.s:619    .text.HAL_I2CEx_DisableFastModePlus:00000038 $d

NO UNDEFINED SYMBOLS
