ARM GAS  C:\Users\Vulca\AppData\Local\Temp\ccF2hNMC.s 			page 1


   1              		.cpu cortex-m0
   2              		.eabi_attribute 20, 1
   3              		.eabi_attribute 21, 1
   4              		.eabi_attribute 23, 3
   5              		.eabi_attribute 24, 1
   6              		.eabi_attribute 25, 1
   7              		.eabi_attribute 26, 1
   8              		.eabi_attribute 30, 6
   9              		.eabi_attribute 34, 0
  10              		.eabi_attribute 18, 4
  11              		.file	"main.c"
  12              		.text
  13              	.Ltext0:
  14              		.cfi_sections	.debug_frame
  15              		.comm	huart2,128,4
  16              		.comm	hdma_usart2_tx,68,4
  17              		.section	.rodata
  18              		.align	2
  19              	.LC0:
  20 0000 660D0A00 		.ascii	"f\015\012\000"
  21              		.section	.text.main,"ax",%progbits
  22              		.align	1
  23              		.global	main
  24              		.arch armv6s-m
  25              		.syntax unified
  26              		.code	16
  27              		.thumb_func
  28              		.fpu softvfp
  30              	main:
  31              	.LFB40:
  32              		.file 1 "Src/main.c"
   1:Src/main.c    **** /* USER CODE BEGIN Header */
   2:Src/main.c    **** /**
   3:Src/main.c    ****   ******************************************************************************
   4:Src/main.c    ****   * @file           : main.c
   5:Src/main.c    ****   * @brief          : Main program body
   6:Src/main.c    ****   ******************************************************************************
   7:Src/main.c    ****   * @attention
   8:Src/main.c    ****   *
   9:Src/main.c    ****   * <h2><center>&copy; Copyright (c) 2020 STMicroelectronics.
  10:Src/main.c    ****   * All rights reserved.</center></h2>
  11:Src/main.c    ****   *
  12:Src/main.c    ****   * This software component is licensed by ST under BSD 3-Clause license,
  13:Src/main.c    ****   * the "License"; You may not use this file except in compliance with the
  14:Src/main.c    ****   * License. You may obtain a copy of the License at:
  15:Src/main.c    ****   *                        opensource.org/licenses/BSD-3-Clause
  16:Src/main.c    ****   *
  17:Src/main.c    ****   ******************************************************************************
  18:Src/main.c    ****   */
  19:Src/main.c    **** /* USER CODE END Header */
  20:Src/main.c    **** 
  21:Src/main.c    **** /* Includes ------------------------------------------------------------------*/
  22:Src/main.c    **** #include "main.h"
  23:Src/main.c    **** #include <string.h>
  24:Src/main.c    **** 
  25:Src/main.c    **** /* Private includes ----------------------------------------------------------*/
  26:Src/main.c    **** /* USER CODE BEGIN Includes */
ARM GAS  C:\Users\Vulca\AppData\Local\Temp\ccF2hNMC.s 			page 2


  27:Src/main.c    **** 
  28:Src/main.c    **** /* USER CODE END Includes */
  29:Src/main.c    **** 
  30:Src/main.c    **** /* Private typedef -----------------------------------------------------------*/
  31:Src/main.c    **** /* USER CODE BEGIN PTD */
  32:Src/main.c    **** 
  33:Src/main.c    **** /* USER CODE END PTD */
  34:Src/main.c    **** 
  35:Src/main.c    **** /* Private define ------------------------------------------------------------*/
  36:Src/main.c    **** /* USER CODE BEGIN PD */
  37:Src/main.c    **** /* USER CODE END PD */
  38:Src/main.c    **** 
  39:Src/main.c    **** /* Private macro -------------------------------------------------------------*/
  40:Src/main.c    **** /* USER CODE BEGIN PM */
  41:Src/main.c    **** 
  42:Src/main.c    **** /* USER CODE END PM */
  43:Src/main.c    **** 
  44:Src/main.c    **** /* Private variables ---------------------------------------------------------*/
  45:Src/main.c    **** UART_HandleTypeDef huart2;
  46:Src/main.c    **** DMA_HandleTypeDef hdma_usart2_tx;
  47:Src/main.c    **** 
  48:Src/main.c    **** /* USER CODE BEGIN PV */
  49:Src/main.c    **** 
  50:Src/main.c    **** /* USER CODE END PV */
  51:Src/main.c    **** 
  52:Src/main.c    **** /* Private function prototypes -----------------------------------------------*/
  53:Src/main.c    **** void SystemClock_Config(void);
  54:Src/main.c    **** static void MX_GPIO_Init(void);
  55:Src/main.c    **** static void MX_DMA_Init(void);
  56:Src/main.c    **** static void MX_USART2_UART_Init(void);
  57:Src/main.c    **** /* USER CODE BEGIN PFP */
  58:Src/main.c    **** 
  59:Src/main.c    **** /* USER CODE END PFP */
  60:Src/main.c    **** 
  61:Src/main.c    **** /* Private user code ---------------------------------------------------------*/
  62:Src/main.c    **** /* USER CODE BEGIN 0 */
  63:Src/main.c    **** 
  64:Src/main.c    **** /* USER CODE END 0 */
  65:Src/main.c    **** 
  66:Src/main.c    **** /**
  67:Src/main.c    ****   * @brief  The application entry point.
  68:Src/main.c    ****   * @retval int
  69:Src/main.c    ****   */
  70:Src/main.c    **** int main(void)
  71:Src/main.c    **** {
  33              		.loc 1 71 1
  34              		.cfi_startproc
  35              		@ args = 0, pretend = 0, frame = 0
  36              		@ frame_needed = 1, uses_anonymous_args = 0
  37 0000 80B5     		push	{r7, lr}
  38              	.LCFI0:
  39              		.cfi_def_cfa_offset 8
  40              		.cfi_offset 7, -8
  41              		.cfi_offset 14, -4
  42 0002 00AF     		add	r7, sp, #0
  43              	.LCFI1:
  44              		.cfi_def_cfa_register 7
ARM GAS  C:\Users\Vulca\AppData\Local\Temp\ccF2hNMC.s 			page 3


  72:Src/main.c    ****   /* USER CODE BEGIN 1 */
  73:Src/main.c    **** 
  74:Src/main.c    ****   /* USER CODE END 1 */
  75:Src/main.c    **** 
  76:Src/main.c    ****   /* MCU Configuration--------------------------------------------------------*/
  77:Src/main.c    **** 
  78:Src/main.c    ****   /* Reset of all peripherals, Initializes the Flash interface and the Systick. */
  79:Src/main.c    ****   HAL_Init();
  45              		.loc 1 79 3
  46 0004 FFF7FEFF 		bl	HAL_Init
  80:Src/main.c    **** 
  81:Src/main.c    ****   /* USER CODE BEGIN Init */
  82:Src/main.c    **** 
  83:Src/main.c    ****   /* USER CODE END Init */
  84:Src/main.c    **** 
  85:Src/main.c    ****   /* Configure the system clock */
  86:Src/main.c    ****   SystemClock_Config();
  47              		.loc 1 86 3
  48 0008 FFF7FEFF 		bl	SystemClock_Config
  87:Src/main.c    **** 
  88:Src/main.c    ****   /* USER CODE BEGIN SysInit */
  89:Src/main.c    **** 
  90:Src/main.c    ****   /* USER CODE END SysInit */
  91:Src/main.c    **** 
  92:Src/main.c    ****   /* Initialize all configured peripherals */
  93:Src/main.c    ****   MX_GPIO_Init();
  49              		.loc 1 93 3
  50 000c FFF7FEFF 		bl	MX_GPIO_Init
  94:Src/main.c    ****   MX_DMA_Init();
  51              		.loc 1 94 3
  52 0010 FFF7FEFF 		bl	MX_DMA_Init
  95:Src/main.c    ****   MX_USART2_UART_Init();
  53              		.loc 1 95 3
  54 0014 FFF7FEFF 		bl	MX_USART2_UART_Init
  96:Src/main.c    ****   /* USER CODE BEGIN 2 */
  97:Src/main.c    **** 
  98:Src/main.c    ****   /* USER CODE END 2 */
  99:Src/main.c    **** 
 100:Src/main.c    ****   /* Infinite loop */
 101:Src/main.c    ****   /* USER CODE BEGIN WHILE */
 102:Src/main.c    **** 
 103:Src/main.c    ****   HAL_UART_Transmit_DMA(&huart2, (uint8_t *)"f\r\n", strlen("f\r\n"));
  55              		.loc 1 103 3
  56 0018 0549     		ldr	r1, .L3
  57 001a 064B     		ldr	r3, .L3+4
  58 001c 0322     		movs	r2, #3
  59 001e 1800     		movs	r0, r3
  60 0020 FFF7FEFF 		bl	HAL_UART_Transmit_DMA
  61              	.L2:
 104:Src/main.c    **** 
 105:Src/main.c    ****   while (1)
 106:Src/main.c    ****   {
 107:Src/main.c    ****     // HAL_UART_DMAPause(&huart2);
 108:Src/main.c    ****     // HAL_Delay(1000);
 109:Src/main.c    ****     //HAL_UART_DMAResume(&huart2);
 110:Src/main.c    ****     // HAL_Delay(10);
 111:Src/main.c    **** 
ARM GAS  C:\Users\Vulca\AppData\Local\Temp\ccF2hNMC.s 			page 4


 112:Src/main.c    ****     HAL_Delay(1000);
  62              		.loc 1 112 5 discriminator 1
  63 0024 FA23     		movs	r3, #250
  64 0026 9B00     		lsls	r3, r3, #2
  65 0028 1800     		movs	r0, r3
  66 002a FFF7FEFF 		bl	HAL_Delay
  67 002e F9E7     		b	.L2
  68              	.L4:
  69              		.align	2
  70              	.L3:
  71 0030 00000000 		.word	.LC0
  72 0034 00000000 		.word	huart2
  73              		.cfi_endproc
  74              	.LFE40:
  76              		.section	.text.SystemClock_Config,"ax",%progbits
  77              		.align	1
  78              		.global	SystemClock_Config
  79              		.syntax unified
  80              		.code	16
  81              		.thumb_func
  82              		.fpu softvfp
  84              	SystemClock_Config:
  85              	.LFB41:
 113:Src/main.c    **** 
 114:Src/main.c    ****     /* USER CODE END WHILE */
 115:Src/main.c    **** 
 116:Src/main.c    ****     /* USER CODE BEGIN 3 */
 117:Src/main.c    ****   }
 118:Src/main.c    ****   /* USER CODE END 3 */
 119:Src/main.c    **** }
 120:Src/main.c    **** 
 121:Src/main.c    **** /**
 122:Src/main.c    ****   * @brief System Clock Configuration
 123:Src/main.c    ****   * @retval None
 124:Src/main.c    ****   */
 125:Src/main.c    **** void SystemClock_Config(void)
 126:Src/main.c    **** {
  86              		.loc 1 126 1
  87              		.cfi_startproc
  88              		@ args = 0, pretend = 0, frame = 96
  89              		@ frame_needed = 1, uses_anonymous_args = 0
  90 0000 90B5     		push	{r4, r7, lr}
  91              	.LCFI2:
  92              		.cfi_def_cfa_offset 12
  93              		.cfi_offset 4, -12
  94              		.cfi_offset 7, -8
  95              		.cfi_offset 14, -4
  96 0002 99B0     		sub	sp, sp, #100
  97              	.LCFI3:
  98              		.cfi_def_cfa_offset 112
  99 0004 00AF     		add	r7, sp, #0
 100              	.LCFI4:
 101              		.cfi_def_cfa_register 7
 127:Src/main.c    ****   RCC_OscInitTypeDef RCC_OscInitStruct = {0};
 102              		.loc 1 127 22
 103 0006 2C24     		movs	r4, #44
 104 0008 3B19     		adds	r3, r7, r4
ARM GAS  C:\Users\Vulca\AppData\Local\Temp\ccF2hNMC.s 			page 5


 105 000a 1800     		movs	r0, r3
 106 000c 3423     		movs	r3, #52
 107 000e 1A00     		movs	r2, r3
 108 0010 0021     		movs	r1, #0
 109 0012 FFF7FEFF 		bl	memset
 128:Src/main.c    ****   RCC_ClkInitTypeDef RCC_ClkInitStruct = {0};
 110              		.loc 1 128 22
 111 0016 1C23     		movs	r3, #28
 112 0018 FB18     		adds	r3, r7, r3
 113 001a 1800     		movs	r0, r3
 114 001c 1023     		movs	r3, #16
 115 001e 1A00     		movs	r2, r3
 116 0020 0021     		movs	r1, #0
 117 0022 FFF7FEFF 		bl	memset
 129:Src/main.c    ****   RCC_PeriphCLKInitTypeDef PeriphClkInit = {0};
 118              		.loc 1 129 28
 119 0026 3B00     		movs	r3, r7
 120 0028 1800     		movs	r0, r3
 121 002a 1C23     		movs	r3, #28
 122 002c 1A00     		movs	r2, r3
 123 002e 0021     		movs	r1, #0
 124 0030 FFF7FEFF 		bl	memset
 130:Src/main.c    **** 
 131:Src/main.c    ****   /** Initializes the CPU, AHB and APB busses clocks 
 132:Src/main.c    ****   */
 133:Src/main.c    ****   RCC_OscInitStruct.OscillatorType = RCC_OSCILLATORTYPE_HSI48;
 125              		.loc 1 133 36
 126 0034 3B19     		adds	r3, r7, r4
 127 0036 2022     		movs	r2, #32
 128 0038 1A60     		str	r2, [r3]
 134:Src/main.c    ****   RCC_OscInitStruct.HSI48State = RCC_HSI48_ON;
 129              		.loc 1 134 32
 130 003a 3B19     		adds	r3, r7, r4
 131 003c 0122     		movs	r2, #1
 132 003e 1A62     		str	r2, [r3, #32]
 135:Src/main.c    ****   RCC_OscInitStruct.PLL.PLLState = RCC_PLL_NONE;
 133              		.loc 1 135 34
 134 0040 3B19     		adds	r3, r7, r4
 135 0042 0022     		movs	r2, #0
 136 0044 5A62     		str	r2, [r3, #36]
 136:Src/main.c    ****   if (HAL_RCC_OscConfig(&RCC_OscInitStruct) != HAL_OK)
 137              		.loc 1 136 7
 138 0046 3B19     		adds	r3, r7, r4
 139 0048 1800     		movs	r0, r3
 140 004a FFF7FEFF 		bl	HAL_RCC_OscConfig
 141 004e 031E     		subs	r3, r0, #0
 142              		.loc 1 136 6
 143 0050 01D0     		beq	.L6
 137:Src/main.c    ****   {
 138:Src/main.c    ****     Error_Handler();
 144              		.loc 1 138 5
 145 0052 FFF7FEFF 		bl	Error_Handler
 146              	.L6:
 139:Src/main.c    ****   }
 140:Src/main.c    ****   /** Initializes the CPU, AHB and APB busses clocks 
 141:Src/main.c    ****   */
 142:Src/main.c    ****   RCC_ClkInitStruct.ClockType = RCC_CLOCKTYPE_HCLK | RCC_CLOCKTYPE_SYSCLK | RCC_CLOCKTYPE_PCLK1;
ARM GAS  C:\Users\Vulca\AppData\Local\Temp\ccF2hNMC.s 			page 6


 147              		.loc 1 142 31
 148 0056 1C21     		movs	r1, #28
 149 0058 7B18     		adds	r3, r7, r1
 150 005a 0722     		movs	r2, #7
 151 005c 1A60     		str	r2, [r3]
 143:Src/main.c    ****   RCC_ClkInitStruct.SYSCLKSource = RCC_SYSCLKSOURCE_HSI48;
 152              		.loc 1 143 34
 153 005e 7B18     		adds	r3, r7, r1
 154 0060 0322     		movs	r2, #3
 155 0062 5A60     		str	r2, [r3, #4]
 144:Src/main.c    ****   RCC_ClkInitStruct.AHBCLKDivider = RCC_SYSCLK_DIV1;
 156              		.loc 1 144 35
 157 0064 7B18     		adds	r3, r7, r1
 158 0066 0022     		movs	r2, #0
 159 0068 9A60     		str	r2, [r3, #8]
 145:Src/main.c    ****   RCC_ClkInitStruct.APB1CLKDivider = RCC_HCLK_DIV1;
 160              		.loc 1 145 36
 161 006a 7B18     		adds	r3, r7, r1
 162 006c 0022     		movs	r2, #0
 163 006e DA60     		str	r2, [r3, #12]
 146:Src/main.c    **** 
 147:Src/main.c    ****   if (HAL_RCC_ClockConfig(&RCC_ClkInitStruct, FLASH_LATENCY_1) != HAL_OK)
 164              		.loc 1 147 7
 165 0070 7B18     		adds	r3, r7, r1
 166 0072 0121     		movs	r1, #1
 167 0074 1800     		movs	r0, r3
 168 0076 FFF7FEFF 		bl	HAL_RCC_ClockConfig
 169 007a 031E     		subs	r3, r0, #0
 170              		.loc 1 147 6
 171 007c 01D0     		beq	.L7
 148:Src/main.c    ****   {
 149:Src/main.c    ****     Error_Handler();
 172              		.loc 1 149 5
 173 007e FFF7FEFF 		bl	Error_Handler
 174              	.L7:
 150:Src/main.c    ****   }
 151:Src/main.c    ****   PeriphClkInit.PeriphClockSelection = RCC_PERIPHCLK_USART2;
 175              		.loc 1 151 38
 176 0082 3B00     		movs	r3, r7
 177 0084 0222     		movs	r2, #2
 178 0086 1A60     		str	r2, [r3]
 152:Src/main.c    ****   PeriphClkInit.Usart2ClockSelection = RCC_USART2CLKSOURCE_PCLK1;
 179              		.loc 1 152 38
 180 0088 3B00     		movs	r3, r7
 181 008a 0022     		movs	r2, #0
 182 008c DA60     		str	r2, [r3, #12]
 153:Src/main.c    ****   if (HAL_RCCEx_PeriphCLKConfig(&PeriphClkInit) != HAL_OK)
 183              		.loc 1 153 7
 184 008e 3B00     		movs	r3, r7
 185 0090 1800     		movs	r0, r3
 186 0092 FFF7FEFF 		bl	HAL_RCCEx_PeriphCLKConfig
 187 0096 031E     		subs	r3, r0, #0
 188              		.loc 1 153 6
 189 0098 01D0     		beq	.L9
 154:Src/main.c    ****   {
 155:Src/main.c    ****     Error_Handler();
 190              		.loc 1 155 5
ARM GAS  C:\Users\Vulca\AppData\Local\Temp\ccF2hNMC.s 			page 7


 191 009a FFF7FEFF 		bl	Error_Handler
 192              	.L9:
 156:Src/main.c    ****   }
 157:Src/main.c    **** }
 193              		.loc 1 157 1
 194 009e C046     		nop
 195 00a0 BD46     		mov	sp, r7
 196 00a2 19B0     		add	sp, sp, #100
 197              		@ sp needed
 198 00a4 90BD     		pop	{r4, r7, pc}
 199              		.cfi_endproc
 200              	.LFE41:
 202              		.section	.text.MX_USART2_UART_Init,"ax",%progbits
 203              		.align	1
 204              		.syntax unified
 205              		.code	16
 206              		.thumb_func
 207              		.fpu softvfp
 209              	MX_USART2_UART_Init:
 210              	.LFB42:
 158:Src/main.c    **** 
 159:Src/main.c    **** /**
 160:Src/main.c    ****   * @brief USART2 Initialization Function
 161:Src/main.c    ****   * @param None
 162:Src/main.c    ****   * @retval None
 163:Src/main.c    ****   */
 164:Src/main.c    **** static void MX_USART2_UART_Init(void)
 165:Src/main.c    **** {
 211              		.loc 1 165 1
 212              		.cfi_startproc
 213              		@ args = 0, pretend = 0, frame = 0
 214              		@ frame_needed = 1, uses_anonymous_args = 0
 215 0000 80B5     		push	{r7, lr}
 216              	.LCFI5:
 217              		.cfi_def_cfa_offset 8
 218              		.cfi_offset 7, -8
 219              		.cfi_offset 14, -4
 220 0002 00AF     		add	r7, sp, #0
 221              	.LCFI6:
 222              		.cfi_def_cfa_register 7
 166:Src/main.c    ****   HAL_NVIC_SetPriority(USART2_IRQn, 0, 0);
 223              		.loc 1 166 3
 224 0004 0022     		movs	r2, #0
 225 0006 0021     		movs	r1, #0
 226 0008 1C20     		movs	r0, #28
 227 000a FFF7FEFF 		bl	HAL_NVIC_SetPriority
 167:Src/main.c    ****   HAL_NVIC_EnableIRQ(USART2_IRQn);
 228              		.loc 1 167 3
 229 000e 1C20     		movs	r0, #28
 230 0010 FFF7FEFF 		bl	HAL_NVIC_EnableIRQ
 168:Src/main.c    **** 
 169:Src/main.c    ****   /* USER CODE BEGIN USART2_Init 0 */
 170:Src/main.c    **** 
 171:Src/main.c    ****   /* USER CODE END USART2_Init 0 */
 172:Src/main.c    **** 
 173:Src/main.c    ****   /* USER CODE BEGIN USART2_Init 1 */
 174:Src/main.c    **** 
ARM GAS  C:\Users\Vulca\AppData\Local\Temp\ccF2hNMC.s 			page 8


 175:Src/main.c    ****   /* USER CODE END USART2_Init 1 */
 176:Src/main.c    ****   huart2.Instance = USART2;
 231              		.loc 1 176 19
 232 0014 144B     		ldr	r3, .L13
 233 0016 154A     		ldr	r2, .L13+4
 234 0018 1A60     		str	r2, [r3]
 177:Src/main.c    ****   huart2.Init.BaudRate = 115200;
 235              		.loc 1 177 24
 236 001a 134B     		ldr	r3, .L13
 237 001c E122     		movs	r2, #225
 238 001e 5202     		lsls	r2, r2, #9
 239 0020 5A60     		str	r2, [r3, #4]
 178:Src/main.c    ****   huart2.Init.WordLength = UART_WORDLENGTH_8B;
 240              		.loc 1 178 26
 241 0022 114B     		ldr	r3, .L13
 242 0024 0022     		movs	r2, #0
 243 0026 9A60     		str	r2, [r3, #8]
 179:Src/main.c    ****   huart2.Init.StopBits = UART_STOPBITS_1;
 244              		.loc 1 179 24
 245 0028 0F4B     		ldr	r3, .L13
 246 002a 0022     		movs	r2, #0
 247 002c DA60     		str	r2, [r3, #12]
 180:Src/main.c    ****   huart2.Init.Parity = UART_PARITY_NONE;
 248              		.loc 1 180 22
 249 002e 0E4B     		ldr	r3, .L13
 250 0030 0022     		movs	r2, #0
 251 0032 1A61     		str	r2, [r3, #16]
 181:Src/main.c    ****   huart2.Init.Mode = UART_MODE_TX_RX;
 252              		.loc 1 181 20
 253 0034 0C4B     		ldr	r3, .L13
 254 0036 0C22     		movs	r2, #12
 255 0038 5A61     		str	r2, [r3, #20]
 182:Src/main.c    ****   huart2.Init.HwFlowCtl = UART_HWCONTROL_NONE;
 256              		.loc 1 182 25
 257 003a 0B4B     		ldr	r3, .L13
 258 003c 0022     		movs	r2, #0
 259 003e 9A61     		str	r2, [r3, #24]
 183:Src/main.c    ****   huart2.Init.OverSampling = UART_OVERSAMPLING_16;
 260              		.loc 1 183 28
 261 0040 094B     		ldr	r3, .L13
 262 0042 0022     		movs	r2, #0
 263 0044 DA61     		str	r2, [r3, #28]
 184:Src/main.c    ****   huart2.Init.OneBitSampling = UART_ONE_BIT_SAMPLE_DISABLE;
 264              		.loc 1 184 30
 265 0046 084B     		ldr	r3, .L13
 266 0048 0022     		movs	r2, #0
 267 004a 1A62     		str	r2, [r3, #32]
 185:Src/main.c    ****   huart2.AdvancedInit.AdvFeatureInit = UART_ADVFEATURE_NO_INIT;
 268              		.loc 1 185 38
 269 004c 064B     		ldr	r3, .L13
 270 004e 0022     		movs	r2, #0
 271 0050 5A62     		str	r2, [r3, #36]
 186:Src/main.c    ****   if (HAL_UART_Init(&huart2) != HAL_OK)
 272              		.loc 1 186 7
 273 0052 054B     		ldr	r3, .L13
 274 0054 1800     		movs	r0, r3
 275 0056 FFF7FEFF 		bl	HAL_UART_Init
ARM GAS  C:\Users\Vulca\AppData\Local\Temp\ccF2hNMC.s 			page 9


 276 005a 031E     		subs	r3, r0, #0
 277              		.loc 1 186 6
 278 005c 01D0     		beq	.L12
 187:Src/main.c    ****   {
 188:Src/main.c    ****     Error_Handler();
 279              		.loc 1 188 5
 280 005e FFF7FEFF 		bl	Error_Handler
 281              	.L12:
 189:Src/main.c    ****   }
 190:Src/main.c    ****   /* USER CODE BEGIN USART2_Init 2 */
 191:Src/main.c    **** 
 192:Src/main.c    ****   /* USER CODE END USART2_Init 2 */
 193:Src/main.c    **** }
 282              		.loc 1 193 1
 283 0062 C046     		nop
 284 0064 BD46     		mov	sp, r7
 285              		@ sp needed
 286 0066 80BD     		pop	{r7, pc}
 287              	.L14:
 288              		.align	2
 289              	.L13:
 290 0068 00000000 		.word	huart2
 291 006c 00440040 		.word	1073759232
 292              		.cfi_endproc
 293              	.LFE42:
 295              		.section	.text.MX_DMA_Init,"ax",%progbits
 296              		.align	1
 297              		.syntax unified
 298              		.code	16
 299              		.thumb_func
 300              		.fpu softvfp
 302              	MX_DMA_Init:
 303              	.LFB43:
 194:Src/main.c    **** 
 195:Src/main.c    **** /** 
 196:Src/main.c    ****   * Enable DMA controller clock
 197:Src/main.c    ****   */
 198:Src/main.c    **** static void MX_DMA_Init(void)
 199:Src/main.c    **** {
 304              		.loc 1 199 1
 305              		.cfi_startproc
 306              		@ args = 0, pretend = 0, frame = 8
 307              		@ frame_needed = 1, uses_anonymous_args = 0
 308 0000 80B5     		push	{r7, lr}
 309              	.LCFI7:
 310              		.cfi_def_cfa_offset 8
 311              		.cfi_offset 7, -8
 312              		.cfi_offset 14, -4
 313 0002 82B0     		sub	sp, sp, #8
 314              	.LCFI8:
 315              		.cfi_def_cfa_offset 16
 316 0004 00AF     		add	r7, sp, #0
 317              	.LCFI9:
 318              		.cfi_def_cfa_register 7
 319              	.LBB2:
 200:Src/main.c    **** 
 201:Src/main.c    ****   /* DMA controller clock enable */
ARM GAS  C:\Users\Vulca\AppData\Local\Temp\ccF2hNMC.s 			page 10


 202:Src/main.c    ****   __HAL_RCC_DMA1_CLK_ENABLE();
 320              		.loc 1 202 3
 321 0006 0C4B     		ldr	r3, .L16
 322 0008 5A69     		ldr	r2, [r3, #20]
 323 000a 0B4B     		ldr	r3, .L16
 324 000c 0121     		movs	r1, #1
 325 000e 0A43     		orrs	r2, r1
 326 0010 5A61     		str	r2, [r3, #20]
 327 0012 094B     		ldr	r3, .L16
 328 0014 5B69     		ldr	r3, [r3, #20]
 329 0016 0122     		movs	r2, #1
 330 0018 1340     		ands	r3, r2
 331 001a 7B60     		str	r3, [r7, #4]
 332 001c 7B68     		ldr	r3, [r7, #4]
 333              	.LBE2:
 203:Src/main.c    **** 
 204:Src/main.c    ****   /* DMA interrupt init */
 205:Src/main.c    ****   /* DMA1_Ch2_3_DMA2_Ch1_2_IRQn interrupt configuration */
 206:Src/main.c    ****   HAL_NVIC_SetPriority(DMA1_Ch2_3_DMA2_Ch1_2_IRQn, 0, 0);
 334              		.loc 1 206 3
 335 001e 0022     		movs	r2, #0
 336 0020 0021     		movs	r1, #0
 337 0022 0A20     		movs	r0, #10
 338 0024 FFF7FEFF 		bl	HAL_NVIC_SetPriority
 207:Src/main.c    ****   HAL_NVIC_EnableIRQ(DMA1_Ch2_3_DMA2_Ch1_2_IRQn);
 339              		.loc 1 207 3
 340 0028 0A20     		movs	r0, #10
 341 002a FFF7FEFF 		bl	HAL_NVIC_EnableIRQ
 208:Src/main.c    **** }
 342              		.loc 1 208 1
 343 002e C046     		nop
 344 0030 BD46     		mov	sp, r7
 345 0032 02B0     		add	sp, sp, #8
 346              		@ sp needed
 347 0034 80BD     		pop	{r7, pc}
 348              	.L17:
 349 0036 C046     		.align	2
 350              	.L16:
 351 0038 00100240 		.word	1073876992
 352              		.cfi_endproc
 353              	.LFE43:
 355              		.section	.text.MX_GPIO_Init,"ax",%progbits
 356              		.align	1
 357              		.syntax unified
 358              		.code	16
 359              		.thumb_func
 360              		.fpu softvfp
 362              	MX_GPIO_Init:
 363              	.LFB44:
 209:Src/main.c    **** 
 210:Src/main.c    **** /**
 211:Src/main.c    ****   * @brief GPIO Initialization Function
 212:Src/main.c    ****   * @param None
 213:Src/main.c    ****   * @retval None
 214:Src/main.c    ****   */
 215:Src/main.c    **** static void MX_GPIO_Init(void)
 216:Src/main.c    **** {
ARM GAS  C:\Users\Vulca\AppData\Local\Temp\ccF2hNMC.s 			page 11


 364              		.loc 1 216 1
 365              		.cfi_startproc
 366              		@ args = 0, pretend = 0, frame = 32
 367              		@ frame_needed = 1, uses_anonymous_args = 0
 368 0000 90B5     		push	{r4, r7, lr}
 369              	.LCFI10:
 370              		.cfi_def_cfa_offset 12
 371              		.cfi_offset 4, -12
 372              		.cfi_offset 7, -8
 373              		.cfi_offset 14, -4
 374 0002 89B0     		sub	sp, sp, #36
 375              	.LCFI11:
 376              		.cfi_def_cfa_offset 48
 377 0004 00AF     		add	r7, sp, #0
 378              	.LCFI12:
 379              		.cfi_def_cfa_register 7
 217:Src/main.c    ****   GPIO_InitTypeDef GPIO_InitStruct = {0};
 380              		.loc 1 217 20
 381 0006 0C24     		movs	r4, #12
 382 0008 3B19     		adds	r3, r7, r4
 383 000a 1800     		movs	r0, r3
 384 000c 1423     		movs	r3, #20
 385 000e 1A00     		movs	r2, r3
 386 0010 0021     		movs	r1, #0
 387 0012 FFF7FEFF 		bl	memset
 388              	.LBB3:
 218:Src/main.c    **** 
 219:Src/main.c    ****   /* GPIO Ports Clock Enable */
 220:Src/main.c    ****   __HAL_RCC_GPIOC_CLK_ENABLE();
 389              		.loc 1 220 3
 390 0016 2C4B     		ldr	r3, .L19
 391 0018 5A69     		ldr	r2, [r3, #20]
 392 001a 2B4B     		ldr	r3, .L19
 393 001c 8021     		movs	r1, #128
 394 001e 0903     		lsls	r1, r1, #12
 395 0020 0A43     		orrs	r2, r1
 396 0022 5A61     		str	r2, [r3, #20]
 397 0024 284B     		ldr	r3, .L19
 398 0026 5A69     		ldr	r2, [r3, #20]
 399 0028 8023     		movs	r3, #128
 400 002a 1B03     		lsls	r3, r3, #12
 401 002c 1340     		ands	r3, r2
 402 002e BB60     		str	r3, [r7, #8]
 403 0030 BB68     		ldr	r3, [r7, #8]
 404              	.LBE3:
 405              	.LBB4:
 221:Src/main.c    ****   __HAL_RCC_GPIOF_CLK_ENABLE();
 406              		.loc 1 221 3
 407 0032 254B     		ldr	r3, .L19
 408 0034 5A69     		ldr	r2, [r3, #20]
 409 0036 244B     		ldr	r3, .L19
 410 0038 8021     		movs	r1, #128
 411 003a C903     		lsls	r1, r1, #15
 412 003c 0A43     		orrs	r2, r1
 413 003e 5A61     		str	r2, [r3, #20]
 414 0040 214B     		ldr	r3, .L19
 415 0042 5A69     		ldr	r2, [r3, #20]
ARM GAS  C:\Users\Vulca\AppData\Local\Temp\ccF2hNMC.s 			page 12


 416 0044 8023     		movs	r3, #128
 417 0046 DB03     		lsls	r3, r3, #15
 418 0048 1340     		ands	r3, r2
 419 004a 7B60     		str	r3, [r7, #4]
 420 004c 7B68     		ldr	r3, [r7, #4]
 421              	.LBE4:
 422              	.LBB5:
 222:Src/main.c    ****   __HAL_RCC_GPIOA_CLK_ENABLE();
 423              		.loc 1 222 3
 424 004e 1E4B     		ldr	r3, .L19
 425 0050 5A69     		ldr	r2, [r3, #20]
 426 0052 1D4B     		ldr	r3, .L19
 427 0054 8021     		movs	r1, #128
 428 0056 8902     		lsls	r1, r1, #10
 429 0058 0A43     		orrs	r2, r1
 430 005a 5A61     		str	r2, [r3, #20]
 431 005c 1A4B     		ldr	r3, .L19
 432 005e 5A69     		ldr	r2, [r3, #20]
 433 0060 8023     		movs	r3, #128
 434 0062 9B02     		lsls	r3, r3, #10
 435 0064 1340     		ands	r3, r2
 436 0066 3B60     		str	r3, [r7]
 437 0068 3B68     		ldr	r3, [r7]
 438              	.LBE5:
 223:Src/main.c    **** 
 224:Src/main.c    ****   /*Configure GPIO pin Output Level */
 225:Src/main.c    ****   HAL_GPIO_WritePin(LD2_GPIO_Port, LD2_Pin, GPIO_PIN_RESET);
 439              		.loc 1 225 3
 440 006a 9023     		movs	r3, #144
 441 006c DB05     		lsls	r3, r3, #23
 442 006e 0022     		movs	r2, #0
 443 0070 2021     		movs	r1, #32
 444 0072 1800     		movs	r0, r3
 445 0074 FFF7FEFF 		bl	HAL_GPIO_WritePin
 226:Src/main.c    **** 
 227:Src/main.c    ****   /*Configure GPIO pin : B1_Pin */
 228:Src/main.c    ****   GPIO_InitStruct.Pin = B1_Pin;
 446              		.loc 1 228 23
 447 0078 3B19     		adds	r3, r7, r4
 448 007a 8022     		movs	r2, #128
 449 007c 9201     		lsls	r2, r2, #6
 450 007e 1A60     		str	r2, [r3]
 229:Src/main.c    ****   GPIO_InitStruct.Mode = GPIO_MODE_IT_FALLING;
 451              		.loc 1 229 24
 452 0080 3B19     		adds	r3, r7, r4
 453 0082 124A     		ldr	r2, .L19+4
 454 0084 5A60     		str	r2, [r3, #4]
 230:Src/main.c    ****   GPIO_InitStruct.Pull = GPIO_NOPULL;
 455              		.loc 1 230 24
 456 0086 3B19     		adds	r3, r7, r4
 457 0088 0022     		movs	r2, #0
 458 008a 9A60     		str	r2, [r3, #8]
 231:Src/main.c    ****   HAL_GPIO_Init(B1_GPIO_Port, &GPIO_InitStruct);
 459              		.loc 1 231 3
 460 008c 3B19     		adds	r3, r7, r4
 461 008e 104A     		ldr	r2, .L19+8
 462 0090 1900     		movs	r1, r3
ARM GAS  C:\Users\Vulca\AppData\Local\Temp\ccF2hNMC.s 			page 13


 463 0092 1000     		movs	r0, r2
 464 0094 FFF7FEFF 		bl	HAL_GPIO_Init
 232:Src/main.c    **** 
 233:Src/main.c    ****   /*Configure GPIO pin : LD2_Pin */
 234:Src/main.c    ****   GPIO_InitStruct.Pin = LD2_Pin;
 465              		.loc 1 234 23
 466 0098 2100     		movs	r1, r4
 467 009a 7B18     		adds	r3, r7, r1
 468 009c 2022     		movs	r2, #32
 469 009e 1A60     		str	r2, [r3]
 235:Src/main.c    ****   GPIO_InitStruct.Mode = GPIO_MODE_OUTPUT_PP;
 470              		.loc 1 235 24
 471 00a0 7B18     		adds	r3, r7, r1
 472 00a2 0122     		movs	r2, #1
 473 00a4 5A60     		str	r2, [r3, #4]
 236:Src/main.c    ****   GPIO_InitStruct.Pull = GPIO_NOPULL;
 474              		.loc 1 236 24
 475 00a6 7B18     		adds	r3, r7, r1
 476 00a8 0022     		movs	r2, #0
 477 00aa 9A60     		str	r2, [r3, #8]
 237:Src/main.c    ****   GPIO_InitStruct.Speed = GPIO_SPEED_FREQ_LOW;
 478              		.loc 1 237 25
 479 00ac 7B18     		adds	r3, r7, r1
 480 00ae 0022     		movs	r2, #0
 481 00b0 DA60     		str	r2, [r3, #12]
 238:Src/main.c    ****   HAL_GPIO_Init(LD2_GPIO_Port, &GPIO_InitStruct);
 482              		.loc 1 238 3
 483 00b2 7A18     		adds	r2, r7, r1
 484 00b4 9023     		movs	r3, #144
 485 00b6 DB05     		lsls	r3, r3, #23
 486 00b8 1100     		movs	r1, r2
 487 00ba 1800     		movs	r0, r3
 488 00bc FFF7FEFF 		bl	HAL_GPIO_Init
 239:Src/main.c    **** }
 489              		.loc 1 239 1
 490 00c0 C046     		nop
 491 00c2 BD46     		mov	sp, r7
 492 00c4 09B0     		add	sp, sp, #36
 493              		@ sp needed
 494 00c6 90BD     		pop	{r4, r7, pc}
 495              	.L20:
 496              		.align	2
 497              	.L19:
 498 00c8 00100240 		.word	1073876992
 499 00cc 00002110 		.word	270598144
 500 00d0 00080048 		.word	1207961600
 501              		.cfi_endproc
 502              	.LFE44:
 504              		.section	.text.HAL_UART_TxCpltCallback,"ax",%progbits
 505              		.align	1
 506              		.global	HAL_UART_TxCpltCallback
 507              		.syntax unified
 508              		.code	16
 509              		.thumb_func
 510              		.fpu softvfp
 512              	HAL_UART_TxCpltCallback:
 513              	.LFB45:
ARM GAS  C:\Users\Vulca\AppData\Local\Temp\ccF2hNMC.s 			page 14


 240:Src/main.c    **** 
 241:Src/main.c    **** /* USER CODE BEGIN 4 */
 242:Src/main.c    **** void HAL_UART_TxCpltCallback(UART_HandleTypeDef *huart)
 243:Src/main.c    **** {
 514              		.loc 1 243 1
 515              		.cfi_startproc
 516              		@ args = 0, pretend = 0, frame = 8
 517              		@ frame_needed = 1, uses_anonymous_args = 0
 518 0000 80B5     		push	{r7, lr}
 519              	.LCFI13:
 520              		.cfi_def_cfa_offset 8
 521              		.cfi_offset 7, -8
 522              		.cfi_offset 14, -4
 523 0002 82B0     		sub	sp, sp, #8
 524              	.LCFI14:
 525              		.cfi_def_cfa_offset 16
 526 0004 00AF     		add	r7, sp, #0
 527              	.LCFI15:
 528              		.cfi_def_cfa_register 7
 529 0006 7860     		str	r0, [r7, #4]
 244:Src/main.c    ****   HAL_GPIO_TogglePin(LD2_GPIO_Port, LD2_Pin);
 530              		.loc 1 244 3
 531 0008 9023     		movs	r3, #144
 532 000a DB05     		lsls	r3, r3, #23
 533 000c 2021     		movs	r1, #32
 534 000e 1800     		movs	r0, r3
 535 0010 FFF7FEFF 		bl	HAL_GPIO_TogglePin
 245:Src/main.c    **** }
 536              		.loc 1 245 1
 537 0014 C046     		nop
 538 0016 BD46     		mov	sp, r7
 539 0018 02B0     		add	sp, sp, #8
 540              		@ sp needed
 541 001a 80BD     		pop	{r7, pc}
 542              		.cfi_endproc
 543              	.LFE45:
 545              		.section	.text.HAL_UART_TxHalfCpltCallback,"ax",%progbits
 546              		.align	1
 547              		.global	HAL_UART_TxHalfCpltCallback
 548              		.syntax unified
 549              		.code	16
 550              		.thumb_func
 551              		.fpu softvfp
 553              	HAL_UART_TxHalfCpltCallback:
 554              	.LFB46:
 246:Src/main.c    **** 
 247:Src/main.c    **** void HAL_UART_TxHalfCpltCallback(UART_HandleTypeDef *huart)
 248:Src/main.c    **** {
 555              		.loc 1 248 1
 556              		.cfi_startproc
 557              		@ args = 0, pretend = 0, frame = 16
 558              		@ frame_needed = 1, uses_anonymous_args = 0
 559 0000 80B5     		push	{r7, lr}
 560              	.LCFI16:
 561              		.cfi_def_cfa_offset 8
 562              		.cfi_offset 7, -8
 563              		.cfi_offset 14, -4
ARM GAS  C:\Users\Vulca\AppData\Local\Temp\ccF2hNMC.s 			page 15


 564 0002 84B0     		sub	sp, sp, #16
 565              	.LCFI17:
 566              		.cfi_def_cfa_offset 24
 567 0004 00AF     		add	r7, sp, #0
 568              	.LCFI18:
 569              		.cfi_def_cfa_register 7
 570 0006 7860     		str	r0, [r7, #4]
 249:Src/main.c    ****   int i = 1;
 571              		.loc 1 249 7
 572 0008 0123     		movs	r3, #1
 573 000a FB60     		str	r3, [r7, #12]
 250:Src/main.c    **** }
 574              		.loc 1 250 1
 575 000c C046     		nop
 576 000e BD46     		mov	sp, r7
 577 0010 04B0     		add	sp, sp, #16
 578              		@ sp needed
 579 0012 80BD     		pop	{r7, pc}
 580              		.cfi_endproc
 581              	.LFE46:
 583              		.section	.text.Error_Handler,"ax",%progbits
 584              		.align	1
 585              		.global	Error_Handler
 586              		.syntax unified
 587              		.code	16
 588              		.thumb_func
 589              		.fpu softvfp
 591              	Error_Handler:
 592              	.LFB47:
 251:Src/main.c    **** /* USER CODE END 4 */
 252:Src/main.c    **** 
 253:Src/main.c    **** /**
 254:Src/main.c    ****   * @brief  This function is executed in case of error occurrence.
 255:Src/main.c    ****   * @retval None
 256:Src/main.c    ****   */
 257:Src/main.c    **** void Error_Handler(void)
 258:Src/main.c    **** {
 593              		.loc 1 258 1
 594              		.cfi_startproc
 595              		@ args = 0, pretend = 0, frame = 0
 596              		@ frame_needed = 1, uses_anonymous_args = 0
 597 0000 80B5     		push	{r7, lr}
 598              	.LCFI19:
 599              		.cfi_def_cfa_offset 8
 600              		.cfi_offset 7, -8
 601              		.cfi_offset 14, -4
 602 0002 00AF     		add	r7, sp, #0
 603              	.LCFI20:
 604              		.cfi_def_cfa_register 7
 259:Src/main.c    ****   /* USER CODE BEGIN Error_Handler_Debug */
 260:Src/main.c    ****   /* User can add his own implementation to report the HAL error return state */
 261:Src/main.c    **** 
 262:Src/main.c    ****   /* USER CODE END Error_Handler_Debug */
 263:Src/main.c    **** }
 605              		.loc 1 263 1
 606 0004 C046     		nop
 607 0006 BD46     		mov	sp, r7
ARM GAS  C:\Users\Vulca\AppData\Local\Temp\ccF2hNMC.s 			page 16


 608              		@ sp needed
 609 0008 80BD     		pop	{r7, pc}
 610              		.cfi_endproc
 611              	.LFE47:
 613              		.text
 614              	.Letext0:
 615              		.file 2 "c:\\program files (x86)\\gnu tools arm embedded\\9 2019-q4-major\\arm-none-eabi\\include\
 616              		.file 3 "c:\\program files (x86)\\gnu tools arm embedded\\9 2019-q4-major\\arm-none-eabi\\include\
 617              		.file 4 "Drivers/CMSIS/Device/ST/STM32F0xx/Include/system_stm32f0xx.h"
 618              		.file 5 "Drivers/CMSIS/Device/ST/STM32F0xx/Include/stm32f091xc.h"
 619              		.file 6 "Drivers/STM32F0xx_HAL_Driver/Inc/stm32f0xx_hal_def.h"
 620              		.file 7 "Drivers/STM32F0xx_HAL_Driver/Inc/stm32f0xx_hal_rcc.h"
 621              		.file 8 "Drivers/STM32F0xx_HAL_Driver/Inc/stm32f0xx_hal_rcc_ex.h"
 622              		.file 9 "Drivers/STM32F0xx_HAL_Driver/Inc/stm32f0xx_hal_gpio.h"
 623              		.file 10 "Drivers/STM32F0xx_HAL_Driver/Inc/stm32f0xx_hal_dma.h"
 624              		.file 11 "Drivers/STM32F0xx_HAL_Driver/Inc/stm32f0xx_hal_uart.h"
 625              		.file 12 "Drivers/STM32F0xx_HAL_Driver/Inc/stm32f0xx_hal.h"
 626              		.file 13 "c:\\program files (x86)\\gnu tools arm embedded\\9 2019-q4-major\\arm-none-eabi\\include
 627              		.file 14 "c:\\program files (x86)\\gnu tools arm embedded\\9 2019-q4-major\\arm-none-eabi\\include
 628              		.file 15 "c:\\program files (x86)\\gnu tools arm embedded\\9 2019-q4-major\\lib\\gcc\\arm-none-eab
 629              		.file 16 "c:\\program files (x86)\\gnu tools arm embedded\\9 2019-q4-major\\arm-none-eabi\\include
ARM GAS  C:\Users\Vulca\AppData\Local\Temp\ccF2hNMC.s 			page 17


DEFINED SYMBOLS
                            *ABS*:00000000 main.c
                            *COM*:00000080 huart2
                            *COM*:00000044 hdma_usart2_tx
C:\Users\Vulca\AppData\Local\Temp\ccF2hNMC.s:18     .rodata:00000000 $d
C:\Users\Vulca\AppData\Local\Temp\ccF2hNMC.s:22     .text.main:00000000 $t
C:\Users\Vulca\AppData\Local\Temp\ccF2hNMC.s:30     .text.main:00000000 main
C:\Users\Vulca\AppData\Local\Temp\ccF2hNMC.s:84     .text.SystemClock_Config:00000000 SystemClock_Config
C:\Users\Vulca\AppData\Local\Temp\ccF2hNMC.s:362    .text.MX_GPIO_Init:00000000 MX_GPIO_Init
C:\Users\Vulca\AppData\Local\Temp\ccF2hNMC.s:302    .text.MX_DMA_Init:00000000 MX_DMA_Init
C:\Users\Vulca\AppData\Local\Temp\ccF2hNMC.s:209    .text.MX_USART2_UART_Init:00000000 MX_USART2_UART_Init
C:\Users\Vulca\AppData\Local\Temp\ccF2hNMC.s:71     .text.main:00000030 $d
C:\Users\Vulca\AppData\Local\Temp\ccF2hNMC.s:77     .text.SystemClock_Config:00000000 $t
C:\Users\Vulca\AppData\Local\Temp\ccF2hNMC.s:591    .text.Error_Handler:00000000 Error_Handler
C:\Users\Vulca\AppData\Local\Temp\ccF2hNMC.s:203    .text.MX_USART2_UART_Init:00000000 $t
C:\Users\Vulca\AppData\Local\Temp\ccF2hNMC.s:290    .text.MX_USART2_UART_Init:00000068 $d
C:\Users\Vulca\AppData\Local\Temp\ccF2hNMC.s:296    .text.MX_DMA_Init:00000000 $t
C:\Users\Vulca\AppData\Local\Temp\ccF2hNMC.s:351    .text.MX_DMA_Init:00000038 $d
C:\Users\Vulca\AppData\Local\Temp\ccF2hNMC.s:356    .text.MX_GPIO_Init:00000000 $t
C:\Users\Vulca\AppData\Local\Temp\ccF2hNMC.s:498    .text.MX_GPIO_Init:000000c8 $d
C:\Users\Vulca\AppData\Local\Temp\ccF2hNMC.s:505    .text.HAL_UART_TxCpltCallback:00000000 $t
C:\Users\Vulca\AppData\Local\Temp\ccF2hNMC.s:512    .text.HAL_UART_TxCpltCallback:00000000 HAL_UART_TxCpltCallback
C:\Users\Vulca\AppData\Local\Temp\ccF2hNMC.s:546    .text.HAL_UART_TxHalfCpltCallback:00000000 $t
C:\Users\Vulca\AppData\Local\Temp\ccF2hNMC.s:553    .text.HAL_UART_TxHalfCpltCallback:00000000 HAL_UART_TxHalfCpltCallback
C:\Users\Vulca\AppData\Local\Temp\ccF2hNMC.s:584    .text.Error_Handler:00000000 $t

UNDEFINED SYMBOLS
HAL_Init
HAL_UART_Transmit_DMA
HAL_Delay
memset
HAL_RCC_OscConfig
HAL_RCC_ClockConfig
HAL_RCCEx_PeriphCLKConfig
HAL_NVIC_SetPriority
HAL_NVIC_EnableIRQ
HAL_UART_Init
HAL_GPIO_WritePin
HAL_GPIO_Init
HAL_GPIO_TogglePin
