ARM GAS  C:\Users\Vulca\AppData\Local\Temp\ccPAz3MP.s 			page 1


   1              		.cpu cortex-m0
   2              		.eabi_attribute 20, 1
   3              		.eabi_attribute 21, 1
   4              		.eabi_attribute 23, 3
   5              		.eabi_attribute 24, 1
   6              		.eabi_attribute 25, 1
   7              		.eabi_attribute 26, 1
   8              		.eabi_attribute 30, 1
   9              		.eabi_attribute 34, 0
  10              		.eabi_attribute 18, 4
  11              		.file	"stm32f0xx_hal_msp.c"
  12              		.text
  13              	.Ltext0:
  14              		.cfi_sections	.debug_frame
  15              		.section	.text.HAL_MspInit,"ax",%progbits
  16              		.align	1
  17              		.global	HAL_MspInit
  18              		.arch armv6s-m
  19              		.syntax unified
  20              		.code	16
  21              		.thumb_func
  22              		.fpu softvfp
  24              	HAL_MspInit:
  25              	.LFB40:
  26              		.file 1 "Src/stm32f0xx_hal_msp.c"
   1:Src/stm32f0xx_hal_msp.c **** /* USER CODE BEGIN Header */
   2:Src/stm32f0xx_hal_msp.c **** /**
   3:Src/stm32f0xx_hal_msp.c ****   ******************************************************************************
   4:Src/stm32f0xx_hal_msp.c ****   * File Name          : stm32f0xx_hal_msp.c
   5:Src/stm32f0xx_hal_msp.c ****   * Description        : This file provides code for the MSP Initialization 
   6:Src/stm32f0xx_hal_msp.c ****   *                      and de-Initialization codes.
   7:Src/stm32f0xx_hal_msp.c ****   ******************************************************************************
   8:Src/stm32f0xx_hal_msp.c ****   * @attention
   9:Src/stm32f0xx_hal_msp.c ****   *
  10:Src/stm32f0xx_hal_msp.c ****   * <h2><center>&copy; Copyright (c) 2020 STMicroelectronics.
  11:Src/stm32f0xx_hal_msp.c ****   * All rights reserved.</center></h2>
  12:Src/stm32f0xx_hal_msp.c ****   *
  13:Src/stm32f0xx_hal_msp.c ****   * This software component is licensed by ST under BSD 3-Clause license,
  14:Src/stm32f0xx_hal_msp.c ****   * the "License"; You may not use this file except in compliance with the
  15:Src/stm32f0xx_hal_msp.c ****   * License. You may obtain a copy of the License at:
  16:Src/stm32f0xx_hal_msp.c ****   *                        opensource.org/licenses/BSD-3-Clause
  17:Src/stm32f0xx_hal_msp.c ****   *
  18:Src/stm32f0xx_hal_msp.c ****   ******************************************************************************
  19:Src/stm32f0xx_hal_msp.c ****   */
  20:Src/stm32f0xx_hal_msp.c **** /* USER CODE END Header */
  21:Src/stm32f0xx_hal_msp.c **** 
  22:Src/stm32f0xx_hal_msp.c **** /* Includes ------------------------------------------------------------------*/
  23:Src/stm32f0xx_hal_msp.c **** #include "main.h"
  24:Src/stm32f0xx_hal_msp.c **** /* USER CODE BEGIN Includes */
  25:Src/stm32f0xx_hal_msp.c **** 
  26:Src/stm32f0xx_hal_msp.c **** /* USER CODE END Includes */
  27:Src/stm32f0xx_hal_msp.c **** extern DMA_HandleTypeDef hdma_usart2_rx;
  28:Src/stm32f0xx_hal_msp.c **** 
  29:Src/stm32f0xx_hal_msp.c **** extern DMA_HandleTypeDef hdma_usart2_tx;
  30:Src/stm32f0xx_hal_msp.c **** 
  31:Src/stm32f0xx_hal_msp.c **** /* Private typedef -----------------------------------------------------------*/
  32:Src/stm32f0xx_hal_msp.c **** /* USER CODE BEGIN TD */
ARM GAS  C:\Users\Vulca\AppData\Local\Temp\ccPAz3MP.s 			page 2


  33:Src/stm32f0xx_hal_msp.c **** 
  34:Src/stm32f0xx_hal_msp.c **** /* USER CODE END TD */
  35:Src/stm32f0xx_hal_msp.c **** 
  36:Src/stm32f0xx_hal_msp.c **** /* Private define ------------------------------------------------------------*/
  37:Src/stm32f0xx_hal_msp.c **** /* USER CODE BEGIN Define */
  38:Src/stm32f0xx_hal_msp.c ****  
  39:Src/stm32f0xx_hal_msp.c **** /* USER CODE END Define */
  40:Src/stm32f0xx_hal_msp.c **** 
  41:Src/stm32f0xx_hal_msp.c **** /* Private macro -------------------------------------------------------------*/
  42:Src/stm32f0xx_hal_msp.c **** /* USER CODE BEGIN Macro */
  43:Src/stm32f0xx_hal_msp.c **** 
  44:Src/stm32f0xx_hal_msp.c **** /* USER CODE END Macro */
  45:Src/stm32f0xx_hal_msp.c **** 
  46:Src/stm32f0xx_hal_msp.c **** /* Private variables ---------------------------------------------------------*/
  47:Src/stm32f0xx_hal_msp.c **** /* USER CODE BEGIN PV */
  48:Src/stm32f0xx_hal_msp.c **** 
  49:Src/stm32f0xx_hal_msp.c **** /* USER CODE END PV */
  50:Src/stm32f0xx_hal_msp.c **** 
  51:Src/stm32f0xx_hal_msp.c **** /* Private function prototypes -----------------------------------------------*/
  52:Src/stm32f0xx_hal_msp.c **** /* USER CODE BEGIN PFP */
  53:Src/stm32f0xx_hal_msp.c **** 
  54:Src/stm32f0xx_hal_msp.c **** /* USER CODE END PFP */
  55:Src/stm32f0xx_hal_msp.c **** 
  56:Src/stm32f0xx_hal_msp.c **** /* External functions --------------------------------------------------------*/
  57:Src/stm32f0xx_hal_msp.c **** /* USER CODE BEGIN ExternalFunctions */
  58:Src/stm32f0xx_hal_msp.c **** 
  59:Src/stm32f0xx_hal_msp.c **** /* USER CODE END ExternalFunctions */
  60:Src/stm32f0xx_hal_msp.c **** 
  61:Src/stm32f0xx_hal_msp.c **** /* USER CODE BEGIN 0 */
  62:Src/stm32f0xx_hal_msp.c **** 
  63:Src/stm32f0xx_hal_msp.c **** /* USER CODE END 0 */
  64:Src/stm32f0xx_hal_msp.c **** /**
  65:Src/stm32f0xx_hal_msp.c ****   * Initializes the Global MSP.
  66:Src/stm32f0xx_hal_msp.c ****   */
  67:Src/stm32f0xx_hal_msp.c **** void HAL_MspInit(void)
  68:Src/stm32f0xx_hal_msp.c **** {
  27              		.loc 1 68 1 view -0
  28              		.cfi_startproc
  29              		@ args = 0, pretend = 0, frame = 8
  30              		@ frame_needed = 0, uses_anonymous_args = 0
  31              		@ link register save eliminated.
  32 0000 82B0     		sub	sp, sp, #8
  33              	.LCFI0:
  34              		.cfi_def_cfa_offset 8
  69:Src/stm32f0xx_hal_msp.c ****   /* USER CODE BEGIN MspInit 0 */
  70:Src/stm32f0xx_hal_msp.c **** 
  71:Src/stm32f0xx_hal_msp.c ****   /* USER CODE END MspInit 0 */
  72:Src/stm32f0xx_hal_msp.c **** 
  73:Src/stm32f0xx_hal_msp.c ****   __HAL_RCC_SYSCFG_CLK_ENABLE();
  35              		.loc 1 73 3 view .LVU1
  36              	.LBB2:
  37              		.loc 1 73 3 view .LVU2
  38              		.loc 1 73 3 view .LVU3
  39 0002 0A4B     		ldr	r3, .L2
  40 0004 9969     		ldr	r1, [r3, #24]
  41 0006 0122     		movs	r2, #1
  42 0008 1143     		orrs	r1, r2
ARM GAS  C:\Users\Vulca\AppData\Local\Temp\ccPAz3MP.s 			page 3


  43 000a 9961     		str	r1, [r3, #24]
  44              		.loc 1 73 3 view .LVU4
  45 000c 9969     		ldr	r1, [r3, #24]
  46 000e 0A40     		ands	r2, r1
  47 0010 0092     		str	r2, [sp]
  48              		.loc 1 73 3 view .LVU5
  49 0012 009A     		ldr	r2, [sp]
  50              	.LBE2:
  51              		.loc 1 73 3 view .LVU6
  74:Src/stm32f0xx_hal_msp.c ****   __HAL_RCC_PWR_CLK_ENABLE();
  52              		.loc 1 74 3 view .LVU7
  53              	.LBB3:
  54              		.loc 1 74 3 view .LVU8
  55              		.loc 1 74 3 view .LVU9
  56 0014 DA69     		ldr	r2, [r3, #28]
  57 0016 8021     		movs	r1, #128
  58 0018 4905     		lsls	r1, r1, #21
  59 001a 0A43     		orrs	r2, r1
  60 001c DA61     		str	r2, [r3, #28]
  61              		.loc 1 74 3 view .LVU10
  62 001e DB69     		ldr	r3, [r3, #28]
  63 0020 0B40     		ands	r3, r1
  64 0022 0193     		str	r3, [sp, #4]
  65              		.loc 1 74 3 view .LVU11
  66 0024 019B     		ldr	r3, [sp, #4]
  67              	.LBE3:
  68              		.loc 1 74 3 view .LVU12
  75:Src/stm32f0xx_hal_msp.c **** 
  76:Src/stm32f0xx_hal_msp.c ****   /* System interrupt init*/
  77:Src/stm32f0xx_hal_msp.c **** 
  78:Src/stm32f0xx_hal_msp.c ****   /* USER CODE BEGIN MspInit 1 */
  79:Src/stm32f0xx_hal_msp.c **** 
  80:Src/stm32f0xx_hal_msp.c ****   /* USER CODE END MspInit 1 */
  81:Src/stm32f0xx_hal_msp.c **** }
  69              		.loc 1 81 1 is_stmt 0 view .LVU13
  70 0026 02B0     		add	sp, sp, #8
  71              		@ sp needed
  72 0028 7047     		bx	lr
  73              	.L3:
  74 002a C046     		.align	2
  75              	.L2:
  76 002c 00100240 		.word	1073876992
  77              		.cfi_endproc
  78              	.LFE40:
  80              		.section	.text.HAL_UART_MspInit,"ax",%progbits
  81              		.align	1
  82              		.global	HAL_UART_MspInit
  83              		.syntax unified
  84              		.code	16
  85              		.thumb_func
  86              		.fpu softvfp
  88              	HAL_UART_MspInit:
  89              	.LVL0:
  90              	.LFB41:
  82:Src/stm32f0xx_hal_msp.c **** 
  83:Src/stm32f0xx_hal_msp.c **** /**
  84:Src/stm32f0xx_hal_msp.c **** * @brief UART MSP Initialization
ARM GAS  C:\Users\Vulca\AppData\Local\Temp\ccPAz3MP.s 			page 4


  85:Src/stm32f0xx_hal_msp.c **** * This function configures the hardware resources used in this example
  86:Src/stm32f0xx_hal_msp.c **** * @param huart: UART handle pointer
  87:Src/stm32f0xx_hal_msp.c **** * @retval None
  88:Src/stm32f0xx_hal_msp.c **** */
  89:Src/stm32f0xx_hal_msp.c **** void HAL_UART_MspInit(UART_HandleTypeDef* huart)
  90:Src/stm32f0xx_hal_msp.c **** {
  91              		.loc 1 90 1 is_stmt 1 view -0
  92              		.cfi_startproc
  93              		@ args = 0, pretend = 0, frame = 32
  94              		@ frame_needed = 0, uses_anonymous_args = 0
  95              		.loc 1 90 1 is_stmt 0 view .LVU15
  96 0000 30B5     		push	{r4, r5, lr}
  97              	.LCFI1:
  98              		.cfi_def_cfa_offset 12
  99              		.cfi_offset 4, -12
 100              		.cfi_offset 5, -8
 101              		.cfi_offset 14, -4
 102 0002 89B0     		sub	sp, sp, #36
 103              	.LCFI2:
 104              		.cfi_def_cfa_offset 48
 105 0004 0400     		movs	r4, r0
  91:Src/stm32f0xx_hal_msp.c ****   GPIO_InitTypeDef GPIO_InitStruct = {0};
 106              		.loc 1 91 3 is_stmt 1 view .LVU16
 107              		.loc 1 91 20 is_stmt 0 view .LVU17
 108 0006 1422     		movs	r2, #20
 109 0008 0021     		movs	r1, #0
 110 000a 03A8     		add	r0, sp, #12
 111              	.LVL1:
 112              		.loc 1 91 20 view .LVU18
 113 000c FFF7FEFF 		bl	memset
 114              	.LVL2:
  92:Src/stm32f0xx_hal_msp.c ****   if(huart->Instance==USART2)
 115              		.loc 1 92 3 is_stmt 1 view .LVU19
 116              		.loc 1 92 5 is_stmt 0 view .LVU20
 117 0010 324B     		ldr	r3, .L11
 118 0012 2268     		ldr	r2, [r4]
 119 0014 9A42     		cmp	r2, r3
 120 0016 01D0     		beq	.L8
 121              	.L4:
  93:Src/stm32f0xx_hal_msp.c ****   {
  94:Src/stm32f0xx_hal_msp.c ****   /* USER CODE BEGIN USART2_MspInit 0 */
  95:Src/stm32f0xx_hal_msp.c **** 
  96:Src/stm32f0xx_hal_msp.c ****   /* USER CODE END USART2_MspInit 0 */
  97:Src/stm32f0xx_hal_msp.c ****     /* Peripheral clock enable */
  98:Src/stm32f0xx_hal_msp.c ****     __HAL_RCC_USART2_CLK_ENABLE();
  99:Src/stm32f0xx_hal_msp.c ****   
 100:Src/stm32f0xx_hal_msp.c ****     __HAL_RCC_GPIOA_CLK_ENABLE();
 101:Src/stm32f0xx_hal_msp.c ****     /**USART2 GPIO Configuration    
 102:Src/stm32f0xx_hal_msp.c ****     PA2     ------> USART2_TX
 103:Src/stm32f0xx_hal_msp.c ****     PA3     ------> USART2_RX 
 104:Src/stm32f0xx_hal_msp.c ****     */
 105:Src/stm32f0xx_hal_msp.c ****     GPIO_InitStruct.Pin = USART_TX_Pin|USART_RX_Pin;
 106:Src/stm32f0xx_hal_msp.c ****     GPIO_InitStruct.Mode = GPIO_MODE_AF_PP;
 107:Src/stm32f0xx_hal_msp.c ****     GPIO_InitStruct.Pull = GPIO_NOPULL;
 108:Src/stm32f0xx_hal_msp.c ****     GPIO_InitStruct.Speed = GPIO_SPEED_FREQ_LOW;
 109:Src/stm32f0xx_hal_msp.c ****     GPIO_InitStruct.Alternate = GPIO_AF1_USART2;
 110:Src/stm32f0xx_hal_msp.c ****     HAL_GPIO_Init(GPIOA, &GPIO_InitStruct);
ARM GAS  C:\Users\Vulca\AppData\Local\Temp\ccPAz3MP.s 			page 5


 111:Src/stm32f0xx_hal_msp.c **** 
 112:Src/stm32f0xx_hal_msp.c ****     /* USART2 DMA Init */
 113:Src/stm32f0xx_hal_msp.c ****     /* USART2_RX Init */
 114:Src/stm32f0xx_hal_msp.c ****     hdma_usart2_rx.Instance = DMA1_Channel1;
 115:Src/stm32f0xx_hal_msp.c ****     hdma_usart2_rx.Init.Direction = DMA_PERIPH_TO_MEMORY;
 116:Src/stm32f0xx_hal_msp.c ****     hdma_usart2_rx.Init.PeriphInc = DMA_PINC_DISABLE;
 117:Src/stm32f0xx_hal_msp.c ****     hdma_usart2_rx.Init.MemInc = DMA_MINC_ENABLE;
 118:Src/stm32f0xx_hal_msp.c ****     hdma_usart2_rx.Init.PeriphDataAlignment = DMA_PDATAALIGN_BYTE;
 119:Src/stm32f0xx_hal_msp.c ****     hdma_usart2_rx.Init.MemDataAlignment = DMA_MDATAALIGN_BYTE;
 120:Src/stm32f0xx_hal_msp.c ****     hdma_usart2_rx.Init.Mode = DMA_NORMAL;
 121:Src/stm32f0xx_hal_msp.c ****     hdma_usart2_rx.Init.Priority = DMA_PRIORITY_LOW;
 122:Src/stm32f0xx_hal_msp.c ****     if (HAL_DMA_Init(&hdma_usart2_rx) != HAL_OK)
 123:Src/stm32f0xx_hal_msp.c ****     {
 124:Src/stm32f0xx_hal_msp.c ****       Error_Handler();
 125:Src/stm32f0xx_hal_msp.c ****     }
 126:Src/stm32f0xx_hal_msp.c **** 
 127:Src/stm32f0xx_hal_msp.c ****     __HAL_DMA1_REMAP(HAL_DMA1_CH1_USART2_RX);
 128:Src/stm32f0xx_hal_msp.c **** 
 129:Src/stm32f0xx_hal_msp.c ****     __HAL_LINKDMA(huart,hdmarx,hdma_usart2_rx);
 130:Src/stm32f0xx_hal_msp.c **** 
 131:Src/stm32f0xx_hal_msp.c ****     /* USART2_TX Init */
 132:Src/stm32f0xx_hal_msp.c ****     hdma_usart2_tx.Instance = DMA1_Channel2;
 133:Src/stm32f0xx_hal_msp.c ****     hdma_usart2_tx.Init.Direction = DMA_MEMORY_TO_PERIPH;
 134:Src/stm32f0xx_hal_msp.c ****     hdma_usart2_tx.Init.PeriphInc = DMA_PINC_DISABLE;
 135:Src/stm32f0xx_hal_msp.c ****     hdma_usart2_tx.Init.MemInc = DMA_MINC_ENABLE;
 136:Src/stm32f0xx_hal_msp.c ****     hdma_usart2_tx.Init.PeriphDataAlignment = DMA_PDATAALIGN_BYTE;
 137:Src/stm32f0xx_hal_msp.c ****     hdma_usart2_tx.Init.MemDataAlignment = DMA_MDATAALIGN_BYTE;
 138:Src/stm32f0xx_hal_msp.c ****     hdma_usart2_tx.Init.Mode = DMA_NORMAL;
 139:Src/stm32f0xx_hal_msp.c ****     hdma_usart2_tx.Init.Priority = DMA_PRIORITY_LOW;
 140:Src/stm32f0xx_hal_msp.c ****     if (HAL_DMA_Init(&hdma_usart2_tx) != HAL_OK)
 141:Src/stm32f0xx_hal_msp.c ****     {
 142:Src/stm32f0xx_hal_msp.c ****       Error_Handler();
 143:Src/stm32f0xx_hal_msp.c ****     }
 144:Src/stm32f0xx_hal_msp.c **** 
 145:Src/stm32f0xx_hal_msp.c ****     __HAL_DMA1_REMAP(HAL_DMA1_CH2_USART2_TX);
 146:Src/stm32f0xx_hal_msp.c **** 
 147:Src/stm32f0xx_hal_msp.c ****     __HAL_LINKDMA(huart,hdmatx,hdma_usart2_tx);
 148:Src/stm32f0xx_hal_msp.c **** 
 149:Src/stm32f0xx_hal_msp.c ****   /* USER CODE BEGIN USART2_MspInit 1 */
 150:Src/stm32f0xx_hal_msp.c **** 
 151:Src/stm32f0xx_hal_msp.c ****   /* USER CODE END USART2_MspInit 1 */
 152:Src/stm32f0xx_hal_msp.c ****   }
 153:Src/stm32f0xx_hal_msp.c **** 
 154:Src/stm32f0xx_hal_msp.c **** }
 122              		.loc 1 154 1 view .LVU21
 123 0018 09B0     		add	sp, sp, #36
 124              		@ sp needed
 125              	.LVL3:
 126              		.loc 1 154 1 view .LVU22
 127 001a 30BD     		pop	{r4, r5, pc}
 128              	.LVL4:
 129              	.L8:
  98:Src/stm32f0xx_hal_msp.c ****   
 130              		.loc 1 98 5 is_stmt 1 view .LVU23
 131              	.LBB4:
  98:Src/stm32f0xx_hal_msp.c ****   
 132              		.loc 1 98 5 view .LVU24
ARM GAS  C:\Users\Vulca\AppData\Local\Temp\ccPAz3MP.s 			page 6


  98:Src/stm32f0xx_hal_msp.c ****   
 133              		.loc 1 98 5 view .LVU25
 134 001c 304B     		ldr	r3, .L11+4
 135 001e D969     		ldr	r1, [r3, #28]
 136 0020 8022     		movs	r2, #128
 137 0022 9202     		lsls	r2, r2, #10
 138 0024 1143     		orrs	r1, r2
 139 0026 D961     		str	r1, [r3, #28]
  98:Src/stm32f0xx_hal_msp.c ****   
 140              		.loc 1 98 5 view .LVU26
 141 0028 D969     		ldr	r1, [r3, #28]
 142 002a 1140     		ands	r1, r2
 143 002c 0191     		str	r1, [sp, #4]
  98:Src/stm32f0xx_hal_msp.c ****   
 144              		.loc 1 98 5 view .LVU27
 145 002e 0199     		ldr	r1, [sp, #4]
 146              	.LBE4:
  98:Src/stm32f0xx_hal_msp.c ****   
 147              		.loc 1 98 5 view .LVU28
 100:Src/stm32f0xx_hal_msp.c ****     /**USART2 GPIO Configuration    
 148              		.loc 1 100 5 view .LVU29
 149              	.LBB5:
 100:Src/stm32f0xx_hal_msp.c ****     /**USART2 GPIO Configuration    
 150              		.loc 1 100 5 view .LVU30
 100:Src/stm32f0xx_hal_msp.c ****     /**USART2 GPIO Configuration    
 151              		.loc 1 100 5 view .LVU31
 152 0030 5969     		ldr	r1, [r3, #20]
 153 0032 1143     		orrs	r1, r2
 154 0034 5961     		str	r1, [r3, #20]
 100:Src/stm32f0xx_hal_msp.c ****     /**USART2 GPIO Configuration    
 155              		.loc 1 100 5 view .LVU32
 156 0036 5B69     		ldr	r3, [r3, #20]
 157 0038 1A40     		ands	r2, r3
 158 003a 0292     		str	r2, [sp, #8]
 100:Src/stm32f0xx_hal_msp.c ****     /**USART2 GPIO Configuration    
 159              		.loc 1 100 5 view .LVU33
 160 003c 029B     		ldr	r3, [sp, #8]
 161              	.LBE5:
 100:Src/stm32f0xx_hal_msp.c ****     /**USART2 GPIO Configuration    
 162              		.loc 1 100 5 view .LVU34
 105:Src/stm32f0xx_hal_msp.c ****     GPIO_InitStruct.Mode = GPIO_MODE_AF_PP;
 163              		.loc 1 105 5 view .LVU35
 105:Src/stm32f0xx_hal_msp.c ****     GPIO_InitStruct.Mode = GPIO_MODE_AF_PP;
 164              		.loc 1 105 25 is_stmt 0 view .LVU36
 165 003e 0C23     		movs	r3, #12
 166 0040 0393     		str	r3, [sp, #12]
 106:Src/stm32f0xx_hal_msp.c ****     GPIO_InitStruct.Pull = GPIO_NOPULL;
 167              		.loc 1 106 5 is_stmt 1 view .LVU37
 106:Src/stm32f0xx_hal_msp.c ****     GPIO_InitStruct.Pull = GPIO_NOPULL;
 168              		.loc 1 106 26 is_stmt 0 view .LVU38
 169 0042 0A3B     		subs	r3, r3, #10
 170 0044 0493     		str	r3, [sp, #16]
 107:Src/stm32f0xx_hal_msp.c ****     GPIO_InitStruct.Speed = GPIO_SPEED_FREQ_LOW;
 171              		.loc 1 107 5 is_stmt 1 view .LVU39
 107:Src/stm32f0xx_hal_msp.c ****     GPIO_InitStruct.Speed = GPIO_SPEED_FREQ_LOW;
 172              		.loc 1 107 26 is_stmt 0 view .LVU40
 173 0046 0025     		movs	r5, #0
ARM GAS  C:\Users\Vulca\AppData\Local\Temp\ccPAz3MP.s 			page 7


 174 0048 0595     		str	r5, [sp, #20]
 108:Src/stm32f0xx_hal_msp.c ****     GPIO_InitStruct.Alternate = GPIO_AF1_USART2;
 175              		.loc 1 108 5 is_stmt 1 view .LVU41
 108:Src/stm32f0xx_hal_msp.c ****     GPIO_InitStruct.Alternate = GPIO_AF1_USART2;
 176              		.loc 1 108 27 is_stmt 0 view .LVU42
 177 004a 0695     		str	r5, [sp, #24]
 109:Src/stm32f0xx_hal_msp.c ****     HAL_GPIO_Init(GPIOA, &GPIO_InitStruct);
 178              		.loc 1 109 5 is_stmt 1 view .LVU43
 109:Src/stm32f0xx_hal_msp.c ****     HAL_GPIO_Init(GPIOA, &GPIO_InitStruct);
 179              		.loc 1 109 31 is_stmt 0 view .LVU44
 180 004c 013B     		subs	r3, r3, #1
 181 004e 0793     		str	r3, [sp, #28]
 110:Src/stm32f0xx_hal_msp.c **** 
 182              		.loc 1 110 5 is_stmt 1 view .LVU45
 183 0050 9020     		movs	r0, #144
 184 0052 03A9     		add	r1, sp, #12
 185 0054 C005     		lsls	r0, r0, #23
 186 0056 FFF7FEFF 		bl	HAL_GPIO_Init
 187              	.LVL5:
 114:Src/stm32f0xx_hal_msp.c ****     hdma_usart2_rx.Init.Direction = DMA_PERIPH_TO_MEMORY;
 188              		.loc 1 114 5 view .LVU46
 114:Src/stm32f0xx_hal_msp.c ****     hdma_usart2_rx.Init.Direction = DMA_PERIPH_TO_MEMORY;
 189              		.loc 1 114 29 is_stmt 0 view .LVU47
 190 005a 2248     		ldr	r0, .L11+8
 191 005c 224B     		ldr	r3, .L11+12
 192 005e 0360     		str	r3, [r0]
 115:Src/stm32f0xx_hal_msp.c ****     hdma_usart2_rx.Init.PeriphInc = DMA_PINC_DISABLE;
 193              		.loc 1 115 5 is_stmt 1 view .LVU48
 115:Src/stm32f0xx_hal_msp.c ****     hdma_usart2_rx.Init.PeriphInc = DMA_PINC_DISABLE;
 194              		.loc 1 115 35 is_stmt 0 view .LVU49
 195 0060 4560     		str	r5, [r0, #4]
 116:Src/stm32f0xx_hal_msp.c ****     hdma_usart2_rx.Init.MemInc = DMA_MINC_ENABLE;
 196              		.loc 1 116 5 is_stmt 1 view .LVU50
 116:Src/stm32f0xx_hal_msp.c ****     hdma_usart2_rx.Init.MemInc = DMA_MINC_ENABLE;
 197              		.loc 1 116 35 is_stmt 0 view .LVU51
 198 0062 8560     		str	r5, [r0, #8]
 117:Src/stm32f0xx_hal_msp.c ****     hdma_usart2_rx.Init.PeriphDataAlignment = DMA_PDATAALIGN_BYTE;
 199              		.loc 1 117 5 is_stmt 1 view .LVU52
 117:Src/stm32f0xx_hal_msp.c ****     hdma_usart2_rx.Init.PeriphDataAlignment = DMA_PDATAALIGN_BYTE;
 200              		.loc 1 117 32 is_stmt 0 view .LVU53
 201 0064 8023     		movs	r3, #128
 202 0066 C360     		str	r3, [r0, #12]
 118:Src/stm32f0xx_hal_msp.c ****     hdma_usart2_rx.Init.MemDataAlignment = DMA_MDATAALIGN_BYTE;
 203              		.loc 1 118 5 is_stmt 1 view .LVU54
 118:Src/stm32f0xx_hal_msp.c ****     hdma_usart2_rx.Init.MemDataAlignment = DMA_MDATAALIGN_BYTE;
 204              		.loc 1 118 45 is_stmt 0 view .LVU55
 205 0068 0561     		str	r5, [r0, #16]
 119:Src/stm32f0xx_hal_msp.c ****     hdma_usart2_rx.Init.Mode = DMA_NORMAL;
 206              		.loc 1 119 5 is_stmt 1 view .LVU56
 119:Src/stm32f0xx_hal_msp.c ****     hdma_usart2_rx.Init.Mode = DMA_NORMAL;
 207              		.loc 1 119 42 is_stmt 0 view .LVU57
 208 006a 4561     		str	r5, [r0, #20]
 120:Src/stm32f0xx_hal_msp.c ****     hdma_usart2_rx.Init.Priority = DMA_PRIORITY_LOW;
 209              		.loc 1 120 5 is_stmt 1 view .LVU58
 120:Src/stm32f0xx_hal_msp.c ****     hdma_usart2_rx.Init.Priority = DMA_PRIORITY_LOW;
 210              		.loc 1 120 30 is_stmt 0 view .LVU59
 211 006c 8561     		str	r5, [r0, #24]
ARM GAS  C:\Users\Vulca\AppData\Local\Temp\ccPAz3MP.s 			page 8


 121:Src/stm32f0xx_hal_msp.c ****     if (HAL_DMA_Init(&hdma_usart2_rx) != HAL_OK)
 212              		.loc 1 121 5 is_stmt 1 view .LVU60
 121:Src/stm32f0xx_hal_msp.c ****     if (HAL_DMA_Init(&hdma_usart2_rx) != HAL_OK)
 213              		.loc 1 121 34 is_stmt 0 view .LVU61
 214 006e C561     		str	r5, [r0, #28]
 122:Src/stm32f0xx_hal_msp.c ****     {
 215              		.loc 1 122 5 is_stmt 1 view .LVU62
 122:Src/stm32f0xx_hal_msp.c ****     {
 216              		.loc 1 122 9 is_stmt 0 view .LVU63
 217 0070 FFF7FEFF 		bl	HAL_DMA_Init
 218              	.LVL6:
 122:Src/stm32f0xx_hal_msp.c ****     {
 219              		.loc 1 122 8 view .LVU64
 220 0074 0028     		cmp	r0, #0
 221 0076 2BD1     		bne	.L9
 222              	.L6:
 127:Src/stm32f0xx_hal_msp.c **** 
 223              		.loc 1 127 5 is_stmt 1 view .LVU65
 127:Src/stm32f0xx_hal_msp.c **** 
 224              		.loc 1 127 5 view .LVU66
 127:Src/stm32f0xx_hal_msp.c **** 
 225              		.loc 1 127 5 view .LVU67
 226 0078 1C4A     		ldr	r2, .L11+16
 227 007a A823     		movs	r3, #168
 228 007c D158     		ldr	r1, [r2, r3]
 229 007e 0F20     		movs	r0, #15
 230 0080 8143     		bics	r1, r0
 231 0082 D150     		str	r1, [r2, r3]
 127:Src/stm32f0xx_hal_msp.c **** 
 232              		.loc 1 127 5 view .LVU68
 233 0084 D158     		ldr	r1, [r2, r3]
 234 0086 0638     		subs	r0, r0, #6
 235 0088 0143     		orrs	r1, r0
 236 008a D150     		str	r1, [r2, r3]
 127:Src/stm32f0xx_hal_msp.c **** 
 237              		.loc 1 127 5 view .LVU69
 129:Src/stm32f0xx_hal_msp.c **** 
 238              		.loc 1 129 5 view .LVU70
 129:Src/stm32f0xx_hal_msp.c **** 
 239              		.loc 1 129 5 view .LVU71
 240 008c 154B     		ldr	r3, .L11+8
 241 008e E366     		str	r3, [r4, #108]
 129:Src/stm32f0xx_hal_msp.c **** 
 242              		.loc 1 129 5 view .LVU72
 243 0090 5C62     		str	r4, [r3, #36]
 129:Src/stm32f0xx_hal_msp.c **** 
 244              		.loc 1 129 5 view .LVU73
 132:Src/stm32f0xx_hal_msp.c ****     hdma_usart2_tx.Init.Direction = DMA_MEMORY_TO_PERIPH;
 245              		.loc 1 132 5 view .LVU74
 132:Src/stm32f0xx_hal_msp.c ****     hdma_usart2_tx.Init.Direction = DMA_MEMORY_TO_PERIPH;
 246              		.loc 1 132 29 is_stmt 0 view .LVU75
 247 0092 1748     		ldr	r0, .L11+20
 248 0094 174B     		ldr	r3, .L11+24
 249 0096 0360     		str	r3, [r0]
 133:Src/stm32f0xx_hal_msp.c ****     hdma_usart2_tx.Init.PeriphInc = DMA_PINC_DISABLE;
 250              		.loc 1 133 5 is_stmt 1 view .LVU76
 133:Src/stm32f0xx_hal_msp.c ****     hdma_usart2_tx.Init.PeriphInc = DMA_PINC_DISABLE;
ARM GAS  C:\Users\Vulca\AppData\Local\Temp\ccPAz3MP.s 			page 9


 251              		.loc 1 133 35 is_stmt 0 view .LVU77
 252 0098 1023     		movs	r3, #16
 253 009a 4360     		str	r3, [r0, #4]
 134:Src/stm32f0xx_hal_msp.c ****     hdma_usart2_tx.Init.MemInc = DMA_MINC_ENABLE;
 254              		.loc 1 134 5 is_stmt 1 view .LVU78
 134:Src/stm32f0xx_hal_msp.c ****     hdma_usart2_tx.Init.MemInc = DMA_MINC_ENABLE;
 255              		.loc 1 134 35 is_stmt 0 view .LVU79
 256 009c 0023     		movs	r3, #0
 257 009e 8360     		str	r3, [r0, #8]
 135:Src/stm32f0xx_hal_msp.c ****     hdma_usart2_tx.Init.PeriphDataAlignment = DMA_PDATAALIGN_BYTE;
 258              		.loc 1 135 5 is_stmt 1 view .LVU80
 135:Src/stm32f0xx_hal_msp.c ****     hdma_usart2_tx.Init.PeriphDataAlignment = DMA_PDATAALIGN_BYTE;
 259              		.loc 1 135 32 is_stmt 0 view .LVU81
 260 00a0 8022     		movs	r2, #128
 261 00a2 C260     		str	r2, [r0, #12]
 136:Src/stm32f0xx_hal_msp.c ****     hdma_usart2_tx.Init.MemDataAlignment = DMA_MDATAALIGN_BYTE;
 262              		.loc 1 136 5 is_stmt 1 view .LVU82
 136:Src/stm32f0xx_hal_msp.c ****     hdma_usart2_tx.Init.MemDataAlignment = DMA_MDATAALIGN_BYTE;
 263              		.loc 1 136 45 is_stmt 0 view .LVU83
 264 00a4 0361     		str	r3, [r0, #16]
 137:Src/stm32f0xx_hal_msp.c ****     hdma_usart2_tx.Init.Mode = DMA_NORMAL;
 265              		.loc 1 137 5 is_stmt 1 view .LVU84
 137:Src/stm32f0xx_hal_msp.c ****     hdma_usart2_tx.Init.Mode = DMA_NORMAL;
 266              		.loc 1 137 42 is_stmt 0 view .LVU85
 267 00a6 4361     		str	r3, [r0, #20]
 138:Src/stm32f0xx_hal_msp.c ****     hdma_usart2_tx.Init.Priority = DMA_PRIORITY_LOW;
 268              		.loc 1 138 5 is_stmt 1 view .LVU86
 138:Src/stm32f0xx_hal_msp.c ****     hdma_usart2_tx.Init.Priority = DMA_PRIORITY_LOW;
 269              		.loc 1 138 30 is_stmt 0 view .LVU87
 270 00a8 8361     		str	r3, [r0, #24]
 139:Src/stm32f0xx_hal_msp.c ****     if (HAL_DMA_Init(&hdma_usart2_tx) != HAL_OK)
 271              		.loc 1 139 5 is_stmt 1 view .LVU88
 139:Src/stm32f0xx_hal_msp.c ****     if (HAL_DMA_Init(&hdma_usart2_tx) != HAL_OK)
 272              		.loc 1 139 34 is_stmt 0 view .LVU89
 273 00aa C361     		str	r3, [r0, #28]
 140:Src/stm32f0xx_hal_msp.c ****     {
 274              		.loc 1 140 5 is_stmt 1 view .LVU90
 140:Src/stm32f0xx_hal_msp.c ****     {
 275              		.loc 1 140 9 is_stmt 0 view .LVU91
 276 00ac FFF7FEFF 		bl	HAL_DMA_Init
 277              	.LVL7:
 140:Src/stm32f0xx_hal_msp.c ****     {
 278              		.loc 1 140 8 view .LVU92
 279 00b0 0028     		cmp	r0, #0
 280 00b2 10D1     		bne	.L10
 281              	.L7:
 145:Src/stm32f0xx_hal_msp.c **** 
 282              		.loc 1 145 5 is_stmt 1 view .LVU93
 145:Src/stm32f0xx_hal_msp.c **** 
 283              		.loc 1 145 5 view .LVU94
 145:Src/stm32f0xx_hal_msp.c **** 
 284              		.loc 1 145 5 view .LVU95
 285 00b4 0D4A     		ldr	r2, .L11+16
 286 00b6 A823     		movs	r3, #168
 287 00b8 D158     		ldr	r1, [r2, r3]
 288 00ba F020     		movs	r0, #240
 289 00bc 8143     		bics	r1, r0
ARM GAS  C:\Users\Vulca\AppData\Local\Temp\ccPAz3MP.s 			page 10


 290 00be D150     		str	r1, [r2, r3]
 145:Src/stm32f0xx_hal_msp.c **** 
 291              		.loc 1 145 5 view .LVU96
 292 00c0 D158     		ldr	r1, [r2, r3]
 293 00c2 6038     		subs	r0, r0, #96
 294 00c4 0143     		orrs	r1, r0
 295 00c6 D150     		str	r1, [r2, r3]
 145:Src/stm32f0xx_hal_msp.c **** 
 296              		.loc 1 145 5 view .LVU97
 147:Src/stm32f0xx_hal_msp.c **** 
 297              		.loc 1 147 5 view .LVU98
 147:Src/stm32f0xx_hal_msp.c **** 
 298              		.loc 1 147 5 view .LVU99
 299 00c8 094B     		ldr	r3, .L11+20
 300 00ca A366     		str	r3, [r4, #104]
 147:Src/stm32f0xx_hal_msp.c **** 
 301              		.loc 1 147 5 view .LVU100
 302 00cc 5C62     		str	r4, [r3, #36]
 147:Src/stm32f0xx_hal_msp.c **** 
 303              		.loc 1 147 5 view .LVU101
 304              		.loc 1 154 1 is_stmt 0 view .LVU102
 305 00ce A3E7     		b	.L4
 306              	.L9:
 124:Src/stm32f0xx_hal_msp.c ****     }
 307              		.loc 1 124 7 is_stmt 1 view .LVU103
 308 00d0 FFF7FEFF 		bl	Error_Handler
 309              	.LVL8:
 310 00d4 D0E7     		b	.L6
 311              	.L10:
 142:Src/stm32f0xx_hal_msp.c ****     }
 312              		.loc 1 142 7 view .LVU104
 313 00d6 FFF7FEFF 		bl	Error_Handler
 314              	.LVL9:
 315 00da EBE7     		b	.L7
 316              	.L12:
 317              		.align	2
 318              	.L11:
 319 00dc 00440040 		.word	1073759232
 320 00e0 00100240 		.word	1073876992
 321 00e4 00000000 		.word	hdma_usart2_rx
 322 00e8 08000240 		.word	1073872904
 323 00ec 00000240 		.word	1073872896
 324 00f0 00000000 		.word	hdma_usart2_tx
 325 00f4 1C000240 		.word	1073872924
 326              		.cfi_endproc
 327              	.LFE41:
 329              		.section	.text.HAL_UART_MspDeInit,"ax",%progbits
 330              		.align	1
 331              		.global	HAL_UART_MspDeInit
 332              		.syntax unified
 333              		.code	16
 334              		.thumb_func
 335              		.fpu softvfp
 337              	HAL_UART_MspDeInit:
 338              	.LVL10:
 339              	.LFB42:
 155:Src/stm32f0xx_hal_msp.c **** 
ARM GAS  C:\Users\Vulca\AppData\Local\Temp\ccPAz3MP.s 			page 11


 156:Src/stm32f0xx_hal_msp.c **** /**
 157:Src/stm32f0xx_hal_msp.c **** * @brief UART MSP De-Initialization
 158:Src/stm32f0xx_hal_msp.c **** * This function freeze the hardware resources used in this example
 159:Src/stm32f0xx_hal_msp.c **** * @param huart: UART handle pointer
 160:Src/stm32f0xx_hal_msp.c **** * @retval None
 161:Src/stm32f0xx_hal_msp.c **** */
 162:Src/stm32f0xx_hal_msp.c **** void HAL_UART_MspDeInit(UART_HandleTypeDef* huart)
 163:Src/stm32f0xx_hal_msp.c **** {
 340              		.loc 1 163 1 view -0
 341              		.cfi_startproc
 342              		@ args = 0, pretend = 0, frame = 0
 343              		@ frame_needed = 0, uses_anonymous_args = 0
 344              		.loc 1 163 1 is_stmt 0 view .LVU106
 345 0000 10B5     		push	{r4, lr}
 346              	.LCFI3:
 347              		.cfi_def_cfa_offset 8
 348              		.cfi_offset 4, -8
 349              		.cfi_offset 14, -4
 350 0002 0400     		movs	r4, r0
 164:Src/stm32f0xx_hal_msp.c ****   if(huart->Instance==USART2)
 351              		.loc 1 164 3 is_stmt 1 view .LVU107
 352              		.loc 1 164 5 is_stmt 0 view .LVU108
 353 0004 0A4B     		ldr	r3, .L16
 354 0006 0268     		ldr	r2, [r0]
 355 0008 9A42     		cmp	r2, r3
 356 000a 00D0     		beq	.L15
 357              	.LVL11:
 358              	.L13:
 165:Src/stm32f0xx_hal_msp.c ****   {
 166:Src/stm32f0xx_hal_msp.c ****   /* USER CODE BEGIN USART2_MspDeInit 0 */
 167:Src/stm32f0xx_hal_msp.c **** 
 168:Src/stm32f0xx_hal_msp.c ****   /* USER CODE END USART2_MspDeInit 0 */
 169:Src/stm32f0xx_hal_msp.c ****     /* Peripheral clock disable */
 170:Src/stm32f0xx_hal_msp.c ****     __HAL_RCC_USART2_CLK_DISABLE();
 171:Src/stm32f0xx_hal_msp.c ****   
 172:Src/stm32f0xx_hal_msp.c ****     /**USART2 GPIO Configuration    
 173:Src/stm32f0xx_hal_msp.c ****     PA2     ------> USART2_TX
 174:Src/stm32f0xx_hal_msp.c ****     PA3     ------> USART2_RX 
 175:Src/stm32f0xx_hal_msp.c ****     */
 176:Src/stm32f0xx_hal_msp.c ****     HAL_GPIO_DeInit(GPIOA, USART_TX_Pin|USART_RX_Pin);
 177:Src/stm32f0xx_hal_msp.c **** 
 178:Src/stm32f0xx_hal_msp.c ****     /* USART2 DMA DeInit */
 179:Src/stm32f0xx_hal_msp.c ****     HAL_DMA_DeInit(huart->hdmarx);
 180:Src/stm32f0xx_hal_msp.c ****     HAL_DMA_DeInit(huart->hdmatx);
 181:Src/stm32f0xx_hal_msp.c ****   /* USER CODE BEGIN USART2_MspDeInit 1 */
 182:Src/stm32f0xx_hal_msp.c **** 
 183:Src/stm32f0xx_hal_msp.c ****   /* USER CODE END USART2_MspDeInit 1 */
 184:Src/stm32f0xx_hal_msp.c ****   }
 185:Src/stm32f0xx_hal_msp.c **** 
 186:Src/stm32f0xx_hal_msp.c **** }
 359              		.loc 1 186 1 view .LVU109
 360              		@ sp needed
 361              	.LVL12:
 362              		.loc 1 186 1 view .LVU110
 363 000c 10BD     		pop	{r4, pc}
 364              	.LVL13:
 365              	.L15:
ARM GAS  C:\Users\Vulca\AppData\Local\Temp\ccPAz3MP.s 			page 12


 170:Src/stm32f0xx_hal_msp.c ****   
 366              		.loc 1 170 5 is_stmt 1 view .LVU111
 367 000e 094A     		ldr	r2, .L16+4
 368 0010 D369     		ldr	r3, [r2, #28]
 369 0012 0949     		ldr	r1, .L16+8
 370 0014 0B40     		ands	r3, r1
 371 0016 D361     		str	r3, [r2, #28]
 176:Src/stm32f0xx_hal_msp.c **** 
 372              		.loc 1 176 5 view .LVU112
 373 0018 9020     		movs	r0, #144
 374              	.LVL14:
 176:Src/stm32f0xx_hal_msp.c **** 
 375              		.loc 1 176 5 is_stmt 0 view .LVU113
 376 001a 0C21     		movs	r1, #12
 377 001c C005     		lsls	r0, r0, #23
 378 001e FFF7FEFF 		bl	HAL_GPIO_DeInit
 379              	.LVL15:
 179:Src/stm32f0xx_hal_msp.c ****     HAL_DMA_DeInit(huart->hdmatx);
 380              		.loc 1 179 5 is_stmt 1 view .LVU114
 381 0022 E06E     		ldr	r0, [r4, #108]
 382 0024 FFF7FEFF 		bl	HAL_DMA_DeInit
 383              	.LVL16:
 180:Src/stm32f0xx_hal_msp.c ****   /* USER CODE BEGIN USART2_MspDeInit 1 */
 384              		.loc 1 180 5 view .LVU115
 385 0028 A06E     		ldr	r0, [r4, #104]
 386 002a FFF7FEFF 		bl	HAL_DMA_DeInit
 387              	.LVL17:
 388              		.loc 1 186 1 is_stmt 0 view .LVU116
 389 002e EDE7     		b	.L13
 390              	.L17:
 391              		.align	2
 392              	.L16:
 393 0030 00440040 		.word	1073759232
 394 0034 00100240 		.word	1073876992
 395 0038 FFFFFDFF 		.word	-131073
 396              		.cfi_endproc
 397              	.LFE42:
 399              		.text
 400              	.Letext0:
 401              		.file 2 "c:\\program files (x86)\\gnu tools arm embedded\\9 2019-q4-major\\arm-none-eabi\\include\
 402              		.file 3 "c:\\program files (x86)\\gnu tools arm embedded\\9 2019-q4-major\\arm-none-eabi\\include\
 403              		.file 4 "Drivers/CMSIS/Device/ST/STM32F0xx/Include/system_stm32f0xx.h"
 404              		.file 5 "Drivers/CMSIS/Device/ST/STM32F0xx/Include/stm32f091xc.h"
 405              		.file 6 "Drivers/STM32F0xx_HAL_Driver/Inc/stm32f0xx_hal_def.h"
 406              		.file 7 "Drivers/STM32F0xx_HAL_Driver/Inc/stm32f0xx_hal_gpio.h"
 407              		.file 8 "Drivers/STM32F0xx_HAL_Driver/Inc/stm32f0xx_hal_dma.h"
 408              		.file 9 "Drivers/STM32F0xx_HAL_Driver/Inc/stm32f0xx_hal_uart.h"
 409              		.file 10 "Drivers/STM32F0xx_HAL_Driver/Inc/stm32f0xx_hal.h"
 410              		.file 11 "Inc/main.h"
 411              		.file 12 "<built-in>"
ARM GAS  C:\Users\Vulca\AppData\Local\Temp\ccPAz3MP.s 			page 13


DEFINED SYMBOLS
                            *ABS*:00000000 stm32f0xx_hal_msp.c
C:\Users\Vulca\AppData\Local\Temp\ccPAz3MP.s:16     .text.HAL_MspInit:00000000 $t
C:\Users\Vulca\AppData\Local\Temp\ccPAz3MP.s:24     .text.HAL_MspInit:00000000 HAL_MspInit
C:\Users\Vulca\AppData\Local\Temp\ccPAz3MP.s:76     .text.HAL_MspInit:0000002c $d
C:\Users\Vulca\AppData\Local\Temp\ccPAz3MP.s:81     .text.HAL_UART_MspInit:00000000 $t
C:\Users\Vulca\AppData\Local\Temp\ccPAz3MP.s:88     .text.HAL_UART_MspInit:00000000 HAL_UART_MspInit
C:\Users\Vulca\AppData\Local\Temp\ccPAz3MP.s:319    .text.HAL_UART_MspInit:000000dc $d
C:\Users\Vulca\AppData\Local\Temp\ccPAz3MP.s:330    .text.HAL_UART_MspDeInit:00000000 $t
C:\Users\Vulca\AppData\Local\Temp\ccPAz3MP.s:337    .text.HAL_UART_MspDeInit:00000000 HAL_UART_MspDeInit
C:\Users\Vulca\AppData\Local\Temp\ccPAz3MP.s:393    .text.HAL_UART_MspDeInit:00000030 $d

UNDEFINED SYMBOLS
memset
HAL_GPIO_Init
HAL_DMA_Init
Error_Handler
hdma_usart2_rx
hdma_usart2_tx
HAL_GPIO_DeInit
HAL_DMA_DeInit
