ARM GAS  C:\Users\Vulca\AppData\Local\Temp\ccw46spm.s 			page 1


   1              		.cpu cortex-m0
   2              		.eabi_attribute 20, 1
   3              		.eabi_attribute 21, 1
   4              		.eabi_attribute 23, 3
   5              		.eabi_attribute 24, 1
   6              		.eabi_attribute 25, 1
   7              		.eabi_attribute 26, 1
   8              		.eabi_attribute 30, 6
   9              		.eabi_attribute 34, 0
  10              		.eabi_attribute 18, 4
  11              		.file	"stm32f0xx_hal_exti.c"
  12              		.text
  13              	.Ltext0:
  14              		.cfi_sections	.debug_frame
  15              		.section	.text.HAL_EXTI_SetConfigLine,"ax",%progbits
  16              		.align	1
  17              		.global	HAL_EXTI_SetConfigLine
  18              		.arch armv6s-m
  19              		.syntax unified
  20              		.code	16
  21              		.thumb_func
  22              		.fpu softvfp
  24              	HAL_EXTI_SetConfigLine:
  25              	.LFB40:
  26              		.file 1 "Drivers/STM32F0xx_HAL_Driver/Src/stm32f0xx_hal_exti.c"
   1:Drivers/STM32F0xx_HAL_Driver/Src/stm32f0xx_hal_exti.c **** /**
   2:Drivers/STM32F0xx_HAL_Driver/Src/stm32f0xx_hal_exti.c ****   ******************************************************************************
   3:Drivers/STM32F0xx_HAL_Driver/Src/stm32f0xx_hal_exti.c ****   * @file    stm32f0xx_hal_exti.c
   4:Drivers/STM32F0xx_HAL_Driver/Src/stm32f0xx_hal_exti.c ****   * @author  MCD Application Team
   5:Drivers/STM32F0xx_HAL_Driver/Src/stm32f0xx_hal_exti.c ****   * @brief   EXTI HAL module driver.
   6:Drivers/STM32F0xx_HAL_Driver/Src/stm32f0xx_hal_exti.c ****   *          This file provides firmware functions to manage the following
   7:Drivers/STM32F0xx_HAL_Driver/Src/stm32f0xx_hal_exti.c ****   *          functionalities of the Extended Interrupts and events controller (EXTI) peripheral:
   8:Drivers/STM32F0xx_HAL_Driver/Src/stm32f0xx_hal_exti.c ****   *           + Initialization and de-initialization functions
   9:Drivers/STM32F0xx_HAL_Driver/Src/stm32f0xx_hal_exti.c ****   *           + IO operation functions
  10:Drivers/STM32F0xx_HAL_Driver/Src/stm32f0xx_hal_exti.c ****   *
  11:Drivers/STM32F0xx_HAL_Driver/Src/stm32f0xx_hal_exti.c ****   @verbatim
  12:Drivers/STM32F0xx_HAL_Driver/Src/stm32f0xx_hal_exti.c ****   ==============================================================================
  13:Drivers/STM32F0xx_HAL_Driver/Src/stm32f0xx_hal_exti.c ****                     ##### EXTI Peripheral features #####
  14:Drivers/STM32F0xx_HAL_Driver/Src/stm32f0xx_hal_exti.c ****   ==============================================================================
  15:Drivers/STM32F0xx_HAL_Driver/Src/stm32f0xx_hal_exti.c ****   [..]
  16:Drivers/STM32F0xx_HAL_Driver/Src/stm32f0xx_hal_exti.c ****     (+) Each Exti line can be configured within this driver.
  17:Drivers/STM32F0xx_HAL_Driver/Src/stm32f0xx_hal_exti.c **** 
  18:Drivers/STM32F0xx_HAL_Driver/Src/stm32f0xx_hal_exti.c ****     (+) Exti line can be configured in 3 different modes
  19:Drivers/STM32F0xx_HAL_Driver/Src/stm32f0xx_hal_exti.c ****         (++) Interrupt
  20:Drivers/STM32F0xx_HAL_Driver/Src/stm32f0xx_hal_exti.c ****         (++) Event
  21:Drivers/STM32F0xx_HAL_Driver/Src/stm32f0xx_hal_exti.c ****         (++) Both of them
  22:Drivers/STM32F0xx_HAL_Driver/Src/stm32f0xx_hal_exti.c **** 
  23:Drivers/STM32F0xx_HAL_Driver/Src/stm32f0xx_hal_exti.c ****     (+) Configurable Exti lines can be configured with 3 different triggers
  24:Drivers/STM32F0xx_HAL_Driver/Src/stm32f0xx_hal_exti.c ****         (++) Rising
  25:Drivers/STM32F0xx_HAL_Driver/Src/stm32f0xx_hal_exti.c ****         (++) Falling
  26:Drivers/STM32F0xx_HAL_Driver/Src/stm32f0xx_hal_exti.c ****         (++) Both of them
  27:Drivers/STM32F0xx_HAL_Driver/Src/stm32f0xx_hal_exti.c **** 
  28:Drivers/STM32F0xx_HAL_Driver/Src/stm32f0xx_hal_exti.c ****     (+) When set in interrupt mode, configurable Exti lines have two different
  29:Drivers/STM32F0xx_HAL_Driver/Src/stm32f0xx_hal_exti.c ****         interrupts pending registers which allow to distinguish which transition
  30:Drivers/STM32F0xx_HAL_Driver/Src/stm32f0xx_hal_exti.c ****         occurs:
  31:Drivers/STM32F0xx_HAL_Driver/Src/stm32f0xx_hal_exti.c ****         (++) Rising edge pending interrupt
  32:Drivers/STM32F0xx_HAL_Driver/Src/stm32f0xx_hal_exti.c ****         (++) Falling
ARM GAS  C:\Users\Vulca\AppData\Local\Temp\ccw46spm.s 			page 2


  33:Drivers/STM32F0xx_HAL_Driver/Src/stm32f0xx_hal_exti.c **** 
  34:Drivers/STM32F0xx_HAL_Driver/Src/stm32f0xx_hal_exti.c ****     (+) Exti lines 0 to 15 are linked to gpio pin number 0 to 15. Gpio port can
  35:Drivers/STM32F0xx_HAL_Driver/Src/stm32f0xx_hal_exti.c ****         be selected through multiplexer.
  36:Drivers/STM32F0xx_HAL_Driver/Src/stm32f0xx_hal_exti.c **** 
  37:Drivers/STM32F0xx_HAL_Driver/Src/stm32f0xx_hal_exti.c ****                      ##### How to use this driver #####
  38:Drivers/STM32F0xx_HAL_Driver/Src/stm32f0xx_hal_exti.c ****   ==============================================================================
  39:Drivers/STM32F0xx_HAL_Driver/Src/stm32f0xx_hal_exti.c ****   [..]
  40:Drivers/STM32F0xx_HAL_Driver/Src/stm32f0xx_hal_exti.c **** 
  41:Drivers/STM32F0xx_HAL_Driver/Src/stm32f0xx_hal_exti.c ****     (#) Configure the EXTI line using HAL_EXTI_SetConfigLine().
  42:Drivers/STM32F0xx_HAL_Driver/Src/stm32f0xx_hal_exti.c ****         (++) Choose the interrupt line number by setting "Line" member from
  43:Drivers/STM32F0xx_HAL_Driver/Src/stm32f0xx_hal_exti.c ****              EXTI_ConfigTypeDef structure.
  44:Drivers/STM32F0xx_HAL_Driver/Src/stm32f0xx_hal_exti.c ****         (++) Configure the interrupt and/or event mode using "Mode" member from
  45:Drivers/STM32F0xx_HAL_Driver/Src/stm32f0xx_hal_exti.c ****              EXTI_ConfigTypeDef structure.
  46:Drivers/STM32F0xx_HAL_Driver/Src/stm32f0xx_hal_exti.c ****         (++) For configurable lines, configure rising and/or falling trigger
  47:Drivers/STM32F0xx_HAL_Driver/Src/stm32f0xx_hal_exti.c ****              "Trigger" member from EXTI_ConfigTypeDef structure.
  48:Drivers/STM32F0xx_HAL_Driver/Src/stm32f0xx_hal_exti.c ****         (++) For Exti lines linked to gpio, choose gpio port using "GPIOSel"
  49:Drivers/STM32F0xx_HAL_Driver/Src/stm32f0xx_hal_exti.c ****              member from GPIO_InitTypeDef structure.
  50:Drivers/STM32F0xx_HAL_Driver/Src/stm32f0xx_hal_exti.c **** 
  51:Drivers/STM32F0xx_HAL_Driver/Src/stm32f0xx_hal_exti.c ****     (#) Get current Exti configuration of a dedicated line using
  52:Drivers/STM32F0xx_HAL_Driver/Src/stm32f0xx_hal_exti.c ****         HAL_EXTI_GetConfigLine().
  53:Drivers/STM32F0xx_HAL_Driver/Src/stm32f0xx_hal_exti.c ****         (++) Provide exiting handle as parameter.
  54:Drivers/STM32F0xx_HAL_Driver/Src/stm32f0xx_hal_exti.c ****         (++) Provide pointer on EXTI_ConfigTypeDef structure as second parameter.
  55:Drivers/STM32F0xx_HAL_Driver/Src/stm32f0xx_hal_exti.c **** 
  56:Drivers/STM32F0xx_HAL_Driver/Src/stm32f0xx_hal_exti.c ****     (#) Clear Exti configuration of a dedicated line using HAL_EXTI_GetConfigLine().
  57:Drivers/STM32F0xx_HAL_Driver/Src/stm32f0xx_hal_exti.c ****         (++) Provide exiting handle as parameter.
  58:Drivers/STM32F0xx_HAL_Driver/Src/stm32f0xx_hal_exti.c **** 
  59:Drivers/STM32F0xx_HAL_Driver/Src/stm32f0xx_hal_exti.c ****     (#) Register callback to treat Exti interrupts using HAL_EXTI_RegisterCallback().
  60:Drivers/STM32F0xx_HAL_Driver/Src/stm32f0xx_hal_exti.c ****         (++) Provide exiting handle as first parameter.
  61:Drivers/STM32F0xx_HAL_Driver/Src/stm32f0xx_hal_exti.c ****         (++) Provide which callback will be registered using one value from
  62:Drivers/STM32F0xx_HAL_Driver/Src/stm32f0xx_hal_exti.c ****              EXTI_CallbackIDTypeDef.
  63:Drivers/STM32F0xx_HAL_Driver/Src/stm32f0xx_hal_exti.c ****         (++) Provide callback function pointer.
  64:Drivers/STM32F0xx_HAL_Driver/Src/stm32f0xx_hal_exti.c **** 
  65:Drivers/STM32F0xx_HAL_Driver/Src/stm32f0xx_hal_exti.c ****     (#) Get interrupt pending bit using HAL_EXTI_GetPending().
  66:Drivers/STM32F0xx_HAL_Driver/Src/stm32f0xx_hal_exti.c **** 
  67:Drivers/STM32F0xx_HAL_Driver/Src/stm32f0xx_hal_exti.c ****     (#) Clear interrupt pending bit using HAL_EXTI_GetPending().
  68:Drivers/STM32F0xx_HAL_Driver/Src/stm32f0xx_hal_exti.c **** 
  69:Drivers/STM32F0xx_HAL_Driver/Src/stm32f0xx_hal_exti.c ****     (#) Generate software interrupt using HAL_EXTI_GenerateSWI().
  70:Drivers/STM32F0xx_HAL_Driver/Src/stm32f0xx_hal_exti.c **** 
  71:Drivers/STM32F0xx_HAL_Driver/Src/stm32f0xx_hal_exti.c ****   @endverbatim
  72:Drivers/STM32F0xx_HAL_Driver/Src/stm32f0xx_hal_exti.c ****   ******************************************************************************
  73:Drivers/STM32F0xx_HAL_Driver/Src/stm32f0xx_hal_exti.c ****   * @attention
  74:Drivers/STM32F0xx_HAL_Driver/Src/stm32f0xx_hal_exti.c ****   *
  75:Drivers/STM32F0xx_HAL_Driver/Src/stm32f0xx_hal_exti.c ****   * <h2><center>&copy; Copyright (c) 2019 STMicroelectronics.
  76:Drivers/STM32F0xx_HAL_Driver/Src/stm32f0xx_hal_exti.c ****   * All rights reserved.</center></h2>
  77:Drivers/STM32F0xx_HAL_Driver/Src/stm32f0xx_hal_exti.c ****   *
  78:Drivers/STM32F0xx_HAL_Driver/Src/stm32f0xx_hal_exti.c ****   * This software component is licensed by ST under BSD 3-Clause license,
  79:Drivers/STM32F0xx_HAL_Driver/Src/stm32f0xx_hal_exti.c ****   * the "License"; You may not use this file except in compliance with the
  80:Drivers/STM32F0xx_HAL_Driver/Src/stm32f0xx_hal_exti.c ****   * License. You may obtain a copy of the License at:
  81:Drivers/STM32F0xx_HAL_Driver/Src/stm32f0xx_hal_exti.c ****   *                        opensource.org/licenses/BSD-3-Clause
  82:Drivers/STM32F0xx_HAL_Driver/Src/stm32f0xx_hal_exti.c ****   *
  83:Drivers/STM32F0xx_HAL_Driver/Src/stm32f0xx_hal_exti.c ****   ******************************************************************************
  84:Drivers/STM32F0xx_HAL_Driver/Src/stm32f0xx_hal_exti.c ****   */
  85:Drivers/STM32F0xx_HAL_Driver/Src/stm32f0xx_hal_exti.c **** 
  86:Drivers/STM32F0xx_HAL_Driver/Src/stm32f0xx_hal_exti.c **** /* Includes ------------------------------------------------------------------*/
  87:Drivers/STM32F0xx_HAL_Driver/Src/stm32f0xx_hal_exti.c **** #include "stm32f0xx_hal.h"
  88:Drivers/STM32F0xx_HAL_Driver/Src/stm32f0xx_hal_exti.c **** 
  89:Drivers/STM32F0xx_HAL_Driver/Src/stm32f0xx_hal_exti.c **** /** @addtogroup STM32F0xx_HAL_Driver
ARM GAS  C:\Users\Vulca\AppData\Local\Temp\ccw46spm.s 			page 3


  90:Drivers/STM32F0xx_HAL_Driver/Src/stm32f0xx_hal_exti.c ****   * @{
  91:Drivers/STM32F0xx_HAL_Driver/Src/stm32f0xx_hal_exti.c ****   */
  92:Drivers/STM32F0xx_HAL_Driver/Src/stm32f0xx_hal_exti.c **** 
  93:Drivers/STM32F0xx_HAL_Driver/Src/stm32f0xx_hal_exti.c **** /** @addtogroup EXTI
  94:Drivers/STM32F0xx_HAL_Driver/Src/stm32f0xx_hal_exti.c ****   * @{
  95:Drivers/STM32F0xx_HAL_Driver/Src/stm32f0xx_hal_exti.c ****   */
  96:Drivers/STM32F0xx_HAL_Driver/Src/stm32f0xx_hal_exti.c **** /** MISRA C:2012 deviation rule has been granted for following rule:
  97:Drivers/STM32F0xx_HAL_Driver/Src/stm32f0xx_hal_exti.c ****   * Rule-18.1_b - Medium: Array `EXTICR' 1st subscript interval [0,7] may be out
  98:Drivers/STM32F0xx_HAL_Driver/Src/stm32f0xx_hal_exti.c ****   * of bounds [0,3] in following API :
  99:Drivers/STM32F0xx_HAL_Driver/Src/stm32f0xx_hal_exti.c ****   * HAL_EXTI_SetConfigLine
 100:Drivers/STM32F0xx_HAL_Driver/Src/stm32f0xx_hal_exti.c ****   * HAL_EXTI_GetConfigLine
 101:Drivers/STM32F0xx_HAL_Driver/Src/stm32f0xx_hal_exti.c ****   * HAL_EXTI_ClearConfigLine
 102:Drivers/STM32F0xx_HAL_Driver/Src/stm32f0xx_hal_exti.c ****   */
 103:Drivers/STM32F0xx_HAL_Driver/Src/stm32f0xx_hal_exti.c **** 
 104:Drivers/STM32F0xx_HAL_Driver/Src/stm32f0xx_hal_exti.c **** #ifdef HAL_EXTI_MODULE_ENABLED
 105:Drivers/STM32F0xx_HAL_Driver/Src/stm32f0xx_hal_exti.c **** 
 106:Drivers/STM32F0xx_HAL_Driver/Src/stm32f0xx_hal_exti.c **** /* Private typedef -----------------------------------------------------------*/
 107:Drivers/STM32F0xx_HAL_Driver/Src/stm32f0xx_hal_exti.c **** /* Private defines -----------------------------------------------------------*/
 108:Drivers/STM32F0xx_HAL_Driver/Src/stm32f0xx_hal_exti.c **** /** @defgroup EXTI_Private_Constants EXTI Private Constants
 109:Drivers/STM32F0xx_HAL_Driver/Src/stm32f0xx_hal_exti.c ****   * @{
 110:Drivers/STM32F0xx_HAL_Driver/Src/stm32f0xx_hal_exti.c ****   */
 111:Drivers/STM32F0xx_HAL_Driver/Src/stm32f0xx_hal_exti.c **** 
 112:Drivers/STM32F0xx_HAL_Driver/Src/stm32f0xx_hal_exti.c **** /**
 113:Drivers/STM32F0xx_HAL_Driver/Src/stm32f0xx_hal_exti.c ****   * @}
 114:Drivers/STM32F0xx_HAL_Driver/Src/stm32f0xx_hal_exti.c ****   */
 115:Drivers/STM32F0xx_HAL_Driver/Src/stm32f0xx_hal_exti.c **** 
 116:Drivers/STM32F0xx_HAL_Driver/Src/stm32f0xx_hal_exti.c **** /* Private macros ------------------------------------------------------------*/
 117:Drivers/STM32F0xx_HAL_Driver/Src/stm32f0xx_hal_exti.c **** /* Private variables ---------------------------------------------------------*/
 118:Drivers/STM32F0xx_HAL_Driver/Src/stm32f0xx_hal_exti.c **** /* Private function prototypes -----------------------------------------------*/
 119:Drivers/STM32F0xx_HAL_Driver/Src/stm32f0xx_hal_exti.c **** /* Exported functions --------------------------------------------------------*/
 120:Drivers/STM32F0xx_HAL_Driver/Src/stm32f0xx_hal_exti.c **** 
 121:Drivers/STM32F0xx_HAL_Driver/Src/stm32f0xx_hal_exti.c **** /** @addtogroup EXTI_Exported_Functions
 122:Drivers/STM32F0xx_HAL_Driver/Src/stm32f0xx_hal_exti.c ****   * @{
 123:Drivers/STM32F0xx_HAL_Driver/Src/stm32f0xx_hal_exti.c ****   */
 124:Drivers/STM32F0xx_HAL_Driver/Src/stm32f0xx_hal_exti.c **** 
 125:Drivers/STM32F0xx_HAL_Driver/Src/stm32f0xx_hal_exti.c **** /** @addtogroup EXTI_Exported_Functions_Group1
 126:Drivers/STM32F0xx_HAL_Driver/Src/stm32f0xx_hal_exti.c ****   *  @brief    Configuration functions
 127:Drivers/STM32F0xx_HAL_Driver/Src/stm32f0xx_hal_exti.c ****   *
 128:Drivers/STM32F0xx_HAL_Driver/Src/stm32f0xx_hal_exti.c **** @verbatim
 129:Drivers/STM32F0xx_HAL_Driver/Src/stm32f0xx_hal_exti.c ****  ===============================================================================
 130:Drivers/STM32F0xx_HAL_Driver/Src/stm32f0xx_hal_exti.c ****               ##### Configuration functions #####
 131:Drivers/STM32F0xx_HAL_Driver/Src/stm32f0xx_hal_exti.c ****  ===============================================================================
 132:Drivers/STM32F0xx_HAL_Driver/Src/stm32f0xx_hal_exti.c **** 
 133:Drivers/STM32F0xx_HAL_Driver/Src/stm32f0xx_hal_exti.c **** @endverbatim
 134:Drivers/STM32F0xx_HAL_Driver/Src/stm32f0xx_hal_exti.c ****   * @{
 135:Drivers/STM32F0xx_HAL_Driver/Src/stm32f0xx_hal_exti.c ****   */
 136:Drivers/STM32F0xx_HAL_Driver/Src/stm32f0xx_hal_exti.c **** 
 137:Drivers/STM32F0xx_HAL_Driver/Src/stm32f0xx_hal_exti.c **** /**
 138:Drivers/STM32F0xx_HAL_Driver/Src/stm32f0xx_hal_exti.c ****   * @brief  Set configuration of a dedicated Exti line.
 139:Drivers/STM32F0xx_HAL_Driver/Src/stm32f0xx_hal_exti.c ****   * @param  hexti Exti handle.
 140:Drivers/STM32F0xx_HAL_Driver/Src/stm32f0xx_hal_exti.c ****   * @param  pExtiConfig Pointer on EXTI configuration to be set.
 141:Drivers/STM32F0xx_HAL_Driver/Src/stm32f0xx_hal_exti.c ****   * @retval HAL Status.
 142:Drivers/STM32F0xx_HAL_Driver/Src/stm32f0xx_hal_exti.c ****   */
 143:Drivers/STM32F0xx_HAL_Driver/Src/stm32f0xx_hal_exti.c **** HAL_StatusTypeDef HAL_EXTI_SetConfigLine(EXTI_HandleTypeDef *hexti, EXTI_ConfigTypeDef *pExtiConfig
 144:Drivers/STM32F0xx_HAL_Driver/Src/stm32f0xx_hal_exti.c **** {
  27              		.loc 1 144 1
  28              		.cfi_startproc
ARM GAS  C:\Users\Vulca\AppData\Local\Temp\ccw46spm.s 			page 4


  29              		@ args = 0, pretend = 0, frame = 24
  30              		@ frame_needed = 1, uses_anonymous_args = 0
  31 0000 80B5     		push	{r7, lr}
  32              	.LCFI0:
  33              		.cfi_def_cfa_offset 8
  34              		.cfi_offset 7, -8
  35              		.cfi_offset 14, -4
  36 0002 86B0     		sub	sp, sp, #24
  37              	.LCFI1:
  38              		.cfi_def_cfa_offset 32
  39 0004 00AF     		add	r7, sp, #0
  40              	.LCFI2:
  41              		.cfi_def_cfa_register 7
  42 0006 7860     		str	r0, [r7, #4]
  43 0008 3960     		str	r1, [r7]
 145:Drivers/STM32F0xx_HAL_Driver/Src/stm32f0xx_hal_exti.c ****   uint32_t regval;
 146:Drivers/STM32F0xx_HAL_Driver/Src/stm32f0xx_hal_exti.c ****   uint32_t linepos;
 147:Drivers/STM32F0xx_HAL_Driver/Src/stm32f0xx_hal_exti.c ****   uint32_t maskline;
 148:Drivers/STM32F0xx_HAL_Driver/Src/stm32f0xx_hal_exti.c **** 
 149:Drivers/STM32F0xx_HAL_Driver/Src/stm32f0xx_hal_exti.c ****   /* Check null pointer */
 150:Drivers/STM32F0xx_HAL_Driver/Src/stm32f0xx_hal_exti.c ****   if ((hexti == NULL) || (pExtiConfig == NULL))
  44              		.loc 1 150 6
  45 000a 7B68     		ldr	r3, [r7, #4]
  46 000c 002B     		cmp	r3, #0
  47 000e 02D0     		beq	.L2
  48              		.loc 1 150 23 discriminator 1
  49 0010 3B68     		ldr	r3, [r7]
  50 0012 002B     		cmp	r3, #0
  51 0014 01D1     		bne	.L3
  52              	.L2:
 151:Drivers/STM32F0xx_HAL_Driver/Src/stm32f0xx_hal_exti.c ****   {
 152:Drivers/STM32F0xx_HAL_Driver/Src/stm32f0xx_hal_exti.c ****     return HAL_ERROR;
  53              		.loc 1 152 12
  54 0016 0123     		movs	r3, #1
  55 0018 8DE0     		b	.L4
  56              	.L3:
 153:Drivers/STM32F0xx_HAL_Driver/Src/stm32f0xx_hal_exti.c ****   }
 154:Drivers/STM32F0xx_HAL_Driver/Src/stm32f0xx_hal_exti.c **** 
 155:Drivers/STM32F0xx_HAL_Driver/Src/stm32f0xx_hal_exti.c ****   /* Check parameters */
 156:Drivers/STM32F0xx_HAL_Driver/Src/stm32f0xx_hal_exti.c ****   assert_param(IS_EXTI_LINE(pExtiConfig->Line));
 157:Drivers/STM32F0xx_HAL_Driver/Src/stm32f0xx_hal_exti.c ****   assert_param(IS_EXTI_MODE(pExtiConfig->Mode));
 158:Drivers/STM32F0xx_HAL_Driver/Src/stm32f0xx_hal_exti.c **** 
 159:Drivers/STM32F0xx_HAL_Driver/Src/stm32f0xx_hal_exti.c ****   /* Assign line number to handle */
 160:Drivers/STM32F0xx_HAL_Driver/Src/stm32f0xx_hal_exti.c ****   hexti->Line = pExtiConfig->Line;
  57              		.loc 1 160 28
  58 001a 3B68     		ldr	r3, [r7]
  59 001c 1A68     		ldr	r2, [r3]
  60              		.loc 1 160 15
  61 001e 7B68     		ldr	r3, [r7, #4]
  62 0020 1A60     		str	r2, [r3]
 161:Drivers/STM32F0xx_HAL_Driver/Src/stm32f0xx_hal_exti.c **** 
 162:Drivers/STM32F0xx_HAL_Driver/Src/stm32f0xx_hal_exti.c ****   /* Compute line mask */
 163:Drivers/STM32F0xx_HAL_Driver/Src/stm32f0xx_hal_exti.c ****   linepos = (pExtiConfig->Line & EXTI_PIN_MASK);
  63              		.loc 1 163 25
  64 0022 3B68     		ldr	r3, [r7]
  65 0024 1B68     		ldr	r3, [r3]
  66              		.loc 1 163 11
ARM GAS  C:\Users\Vulca\AppData\Local\Temp\ccw46spm.s 			page 5


  67 0026 1F22     		movs	r2, #31
  68 0028 1340     		ands	r3, r2
  69 002a 7B61     		str	r3, [r7, #20]
 164:Drivers/STM32F0xx_HAL_Driver/Src/stm32f0xx_hal_exti.c ****   maskline = (1uL << linepos);
  70              		.loc 1 164 12
  71 002c 0122     		movs	r2, #1
  72 002e 7B69     		ldr	r3, [r7, #20]
  73 0030 9A40     		lsls	r2, r2, r3
  74 0032 1300     		movs	r3, r2
  75 0034 3B61     		str	r3, [r7, #16]
 165:Drivers/STM32F0xx_HAL_Driver/Src/stm32f0xx_hal_exti.c **** 
 166:Drivers/STM32F0xx_HAL_Driver/Src/stm32f0xx_hal_exti.c ****   /* Configure triggers for configurable lines */
 167:Drivers/STM32F0xx_HAL_Driver/Src/stm32f0xx_hal_exti.c ****   if ((pExtiConfig->Line & EXTI_CONFIG) != 0x00u)
  76              		.loc 1 167 19
  77 0036 3B68     		ldr	r3, [r7]
  78 0038 1A68     		ldr	r2, [r3]
  79              		.loc 1 167 26
  80 003a 8023     		movs	r3, #128
  81 003c 9B04     		lsls	r3, r3, #18
  82 003e 1340     		ands	r3, r2
  83              		.loc 1 167 6
  84 0040 52D0     		beq	.L5
 168:Drivers/STM32F0xx_HAL_Driver/Src/stm32f0xx_hal_exti.c ****   {
 169:Drivers/STM32F0xx_HAL_Driver/Src/stm32f0xx_hal_exti.c ****     assert_param(IS_EXTI_TRIGGER(pExtiConfig->Trigger));
 170:Drivers/STM32F0xx_HAL_Driver/Src/stm32f0xx_hal_exti.c **** 
 171:Drivers/STM32F0xx_HAL_Driver/Src/stm32f0xx_hal_exti.c ****     /* Configure rising trigger */
 172:Drivers/STM32F0xx_HAL_Driver/Src/stm32f0xx_hal_exti.c ****     /* Mask or set line */
 173:Drivers/STM32F0xx_HAL_Driver/Src/stm32f0xx_hal_exti.c ****     if ((pExtiConfig->Trigger & EXTI_TRIGGER_RISING) != 0x00u)
  85              		.loc 1 173 21
  86 0042 3B68     		ldr	r3, [r7]
  87 0044 9B68     		ldr	r3, [r3, #8]
  88              		.loc 1 173 31
  89 0046 0122     		movs	r2, #1
  90 0048 1340     		ands	r3, r2
  91              		.loc 1 173 8
  92 004a 06D0     		beq	.L6
 174:Drivers/STM32F0xx_HAL_Driver/Src/stm32f0xx_hal_exti.c ****     {
 175:Drivers/STM32F0xx_HAL_Driver/Src/stm32f0xx_hal_exti.c ****       EXTI->RTSR |= maskline;
  93              		.loc 1 175 18
  94 004c 3C4B     		ldr	r3, .L14
  95 004e 9968     		ldr	r1, [r3, #8]
  96 0050 3B4B     		ldr	r3, .L14
  97 0052 3A69     		ldr	r2, [r7, #16]
  98 0054 0A43     		orrs	r2, r1
  99 0056 9A60     		str	r2, [r3, #8]
 100 0058 06E0     		b	.L7
 101              	.L6:
 176:Drivers/STM32F0xx_HAL_Driver/Src/stm32f0xx_hal_exti.c ****     }
 177:Drivers/STM32F0xx_HAL_Driver/Src/stm32f0xx_hal_exti.c ****     else
 178:Drivers/STM32F0xx_HAL_Driver/Src/stm32f0xx_hal_exti.c ****     {
 179:Drivers/STM32F0xx_HAL_Driver/Src/stm32f0xx_hal_exti.c ****       EXTI->RTSR &= ~maskline;
 102              		.loc 1 179 18
 103 005a 394B     		ldr	r3, .L14
 104 005c 9A68     		ldr	r2, [r3, #8]
 105              		.loc 1 179 21
 106 005e 3B69     		ldr	r3, [r7, #16]
 107 0060 D943     		mvns	r1, r3
ARM GAS  C:\Users\Vulca\AppData\Local\Temp\ccw46spm.s 			page 6


 108              		.loc 1 179 18
 109 0062 374B     		ldr	r3, .L14
 110 0064 0A40     		ands	r2, r1
 111 0066 9A60     		str	r2, [r3, #8]
 112              	.L7:
 180:Drivers/STM32F0xx_HAL_Driver/Src/stm32f0xx_hal_exti.c ****     }
 181:Drivers/STM32F0xx_HAL_Driver/Src/stm32f0xx_hal_exti.c **** 
 182:Drivers/STM32F0xx_HAL_Driver/Src/stm32f0xx_hal_exti.c ****     /* Configure falling trigger */
 183:Drivers/STM32F0xx_HAL_Driver/Src/stm32f0xx_hal_exti.c ****     /* Mask or set line */
 184:Drivers/STM32F0xx_HAL_Driver/Src/stm32f0xx_hal_exti.c ****     if ((pExtiConfig->Trigger & EXTI_TRIGGER_FALLING) != 0x00u)
 113              		.loc 1 184 21
 114 0068 3B68     		ldr	r3, [r7]
 115 006a 9B68     		ldr	r3, [r3, #8]
 116              		.loc 1 184 31
 117 006c 0222     		movs	r2, #2
 118 006e 1340     		ands	r3, r2
 119              		.loc 1 184 8
 120 0070 06D0     		beq	.L8
 185:Drivers/STM32F0xx_HAL_Driver/Src/stm32f0xx_hal_exti.c ****     {
 186:Drivers/STM32F0xx_HAL_Driver/Src/stm32f0xx_hal_exti.c ****       EXTI->FTSR |= maskline;
 121              		.loc 1 186 18
 122 0072 334B     		ldr	r3, .L14
 123 0074 D968     		ldr	r1, [r3, #12]
 124 0076 324B     		ldr	r3, .L14
 125 0078 3A69     		ldr	r2, [r7, #16]
 126 007a 0A43     		orrs	r2, r1
 127 007c DA60     		str	r2, [r3, #12]
 128 007e 06E0     		b	.L9
 129              	.L8:
 187:Drivers/STM32F0xx_HAL_Driver/Src/stm32f0xx_hal_exti.c ****     }
 188:Drivers/STM32F0xx_HAL_Driver/Src/stm32f0xx_hal_exti.c ****     else
 189:Drivers/STM32F0xx_HAL_Driver/Src/stm32f0xx_hal_exti.c ****     {
 190:Drivers/STM32F0xx_HAL_Driver/Src/stm32f0xx_hal_exti.c ****       EXTI->FTSR &= ~maskline;
 130              		.loc 1 190 18
 131 0080 2F4B     		ldr	r3, .L14
 132 0082 DA68     		ldr	r2, [r3, #12]
 133              		.loc 1 190 21
 134 0084 3B69     		ldr	r3, [r7, #16]
 135 0086 D943     		mvns	r1, r3
 136              		.loc 1 190 18
 137 0088 2D4B     		ldr	r3, .L14
 138 008a 0A40     		ands	r2, r1
 139 008c DA60     		str	r2, [r3, #12]
 140              	.L9:
 191:Drivers/STM32F0xx_HAL_Driver/Src/stm32f0xx_hal_exti.c ****     }
 192:Drivers/STM32F0xx_HAL_Driver/Src/stm32f0xx_hal_exti.c **** 
 193:Drivers/STM32F0xx_HAL_Driver/Src/stm32f0xx_hal_exti.c **** 
 194:Drivers/STM32F0xx_HAL_Driver/Src/stm32f0xx_hal_exti.c ****     /* Configure gpio port selection in case of gpio exti line */
 195:Drivers/STM32F0xx_HAL_Driver/Src/stm32f0xx_hal_exti.c ****     if ((pExtiConfig->Line & EXTI_GPIO) == EXTI_GPIO)
 141              		.loc 1 195 21
 142 008e 3B68     		ldr	r3, [r7]
 143 0090 1A68     		ldr	r2, [r3]
 144              		.loc 1 195 28
 145 0092 C023     		movs	r3, #192
 146 0094 DB04     		lsls	r3, r3, #19
 147 0096 1A40     		ands	r2, r3
 148              		.loc 1 195 8
ARM GAS  C:\Users\Vulca\AppData\Local\Temp\ccw46spm.s 			page 7


 149 0098 C023     		movs	r3, #192
 150 009a DB04     		lsls	r3, r3, #19
 151 009c 9A42     		cmp	r2, r3
 152 009e 23D1     		bne	.L5
 196:Drivers/STM32F0xx_HAL_Driver/Src/stm32f0xx_hal_exti.c ****     {
 197:Drivers/STM32F0xx_HAL_Driver/Src/stm32f0xx_hal_exti.c ****       assert_param(IS_EXTI_GPIO_PORT(pExtiConfig->GPIOSel));
 198:Drivers/STM32F0xx_HAL_Driver/Src/stm32f0xx_hal_exti.c ****       assert_param(IS_EXTI_GPIO_PIN(linepos));
 199:Drivers/STM32F0xx_HAL_Driver/Src/stm32f0xx_hal_exti.c **** 
 200:Drivers/STM32F0xx_HAL_Driver/Src/stm32f0xx_hal_exti.c ****       regval = SYSCFG->EXTICR[linepos >> 2u];
 153              		.loc 1 200 22
 154 00a0 284A     		ldr	r2, .L14+4
 155              		.loc 1 200 39
 156 00a2 7B69     		ldr	r3, [r7, #20]
 157 00a4 9B08     		lsrs	r3, r3, #2
 158              		.loc 1 200 14
 159 00a6 0233     		adds	r3, r3, #2
 160 00a8 9B00     		lsls	r3, r3, #2
 161 00aa 9B58     		ldr	r3, [r3, r2]
 162 00ac FB60     		str	r3, [r7, #12]
 201:Drivers/STM32F0xx_HAL_Driver/Src/stm32f0xx_hal_exti.c ****       regval &= ~(SYSCFG_EXTICR1_EXTI0 << (SYSCFG_EXTICR1_EXTI1_Pos * (linepos & 0x03u)));
 163              		.loc 1 201 80
 164 00ae 7B69     		ldr	r3, [r7, #20]
 165 00b0 0322     		movs	r2, #3
 166 00b2 1340     		ands	r3, r2
 167              		.loc 1 201 69
 168 00b4 9B00     		lsls	r3, r3, #2
 169              		.loc 1 201 40
 170 00b6 0F22     		movs	r2, #15
 171 00b8 9A40     		lsls	r2, r2, r3
 172 00ba 1300     		movs	r3, r2
 173              		.loc 1 201 17
 174 00bc DA43     		mvns	r2, r3
 175              		.loc 1 201 14
 176 00be FB68     		ldr	r3, [r7, #12]
 177 00c0 1340     		ands	r3, r2
 178 00c2 FB60     		str	r3, [r7, #12]
 202:Drivers/STM32F0xx_HAL_Driver/Src/stm32f0xx_hal_exti.c ****       regval |= (pExtiConfig->GPIOSel << (SYSCFG_EXTICR1_EXTI1_Pos * (linepos & 0x03u)));
 179              		.loc 1 202 29
 180 00c4 3B68     		ldr	r3, [r7]
 181 00c6 DA68     		ldr	r2, [r3, #12]
 182              		.loc 1 202 79
 183 00c8 7B69     		ldr	r3, [r7, #20]
 184 00ca 0321     		movs	r1, #3
 185 00cc 0B40     		ands	r3, r1
 186              		.loc 1 202 68
 187 00ce 9B00     		lsls	r3, r3, #2
 188              		.loc 1 202 39
 189 00d0 9A40     		lsls	r2, r2, r3
 190 00d2 1300     		movs	r3, r2
 191              		.loc 1 202 14
 192 00d4 FA68     		ldr	r2, [r7, #12]
 193 00d6 1343     		orrs	r3, r2
 194 00d8 FB60     		str	r3, [r7, #12]
 203:Drivers/STM32F0xx_HAL_Driver/Src/stm32f0xx_hal_exti.c ****       SYSCFG->EXTICR[linepos >> 2u] = regval;
 195              		.loc 1 203 13
 196 00da 1A49     		ldr	r1, .L14+4
 197              		.loc 1 203 30
ARM GAS  C:\Users\Vulca\AppData\Local\Temp\ccw46spm.s 			page 8


 198 00dc 7B69     		ldr	r3, [r7, #20]
 199 00de 9B08     		lsrs	r3, r3, #2
 200              		.loc 1 203 37
 201 00e0 0233     		adds	r3, r3, #2
 202 00e2 9B00     		lsls	r3, r3, #2
 203 00e4 FA68     		ldr	r2, [r7, #12]
 204 00e6 5A50     		str	r2, [r3, r1]
 205              	.L5:
 204:Drivers/STM32F0xx_HAL_Driver/Src/stm32f0xx_hal_exti.c ****     }
 205:Drivers/STM32F0xx_HAL_Driver/Src/stm32f0xx_hal_exti.c ****   }
 206:Drivers/STM32F0xx_HAL_Driver/Src/stm32f0xx_hal_exti.c **** 
 207:Drivers/STM32F0xx_HAL_Driver/Src/stm32f0xx_hal_exti.c ****   /* Configure interrupt mode : read current mode */
 208:Drivers/STM32F0xx_HAL_Driver/Src/stm32f0xx_hal_exti.c ****   /* Mask or set line */
 209:Drivers/STM32F0xx_HAL_Driver/Src/stm32f0xx_hal_exti.c ****   if ((pExtiConfig->Mode & EXTI_MODE_INTERRUPT) != 0x00u)
 206              		.loc 1 209 19
 207 00e8 3B68     		ldr	r3, [r7]
 208 00ea 5B68     		ldr	r3, [r3, #4]
 209              		.loc 1 209 26
 210 00ec 0122     		movs	r2, #1
 211 00ee 1340     		ands	r3, r2
 212              		.loc 1 209 6
 213 00f0 06D0     		beq	.L10
 210:Drivers/STM32F0xx_HAL_Driver/Src/stm32f0xx_hal_exti.c ****   {
 211:Drivers/STM32F0xx_HAL_Driver/Src/stm32f0xx_hal_exti.c ****     EXTI->IMR |= maskline;
 214              		.loc 1 211 15
 215 00f2 134B     		ldr	r3, .L14
 216 00f4 1968     		ldr	r1, [r3]
 217 00f6 124B     		ldr	r3, .L14
 218 00f8 3A69     		ldr	r2, [r7, #16]
 219 00fa 0A43     		orrs	r2, r1
 220 00fc 1A60     		str	r2, [r3]
 221 00fe 06E0     		b	.L11
 222              	.L10:
 212:Drivers/STM32F0xx_HAL_Driver/Src/stm32f0xx_hal_exti.c ****   }
 213:Drivers/STM32F0xx_HAL_Driver/Src/stm32f0xx_hal_exti.c ****   else
 214:Drivers/STM32F0xx_HAL_Driver/Src/stm32f0xx_hal_exti.c ****   {
 215:Drivers/STM32F0xx_HAL_Driver/Src/stm32f0xx_hal_exti.c ****     EXTI->IMR &= ~maskline;
 223              		.loc 1 215 15
 224 0100 0F4B     		ldr	r3, .L14
 225 0102 1A68     		ldr	r2, [r3]
 226              		.loc 1 215 18
 227 0104 3B69     		ldr	r3, [r7, #16]
 228 0106 D943     		mvns	r1, r3
 229              		.loc 1 215 15
 230 0108 0D4B     		ldr	r3, .L14
 231 010a 0A40     		ands	r2, r1
 232 010c 1A60     		str	r2, [r3]
 233              	.L11:
 216:Drivers/STM32F0xx_HAL_Driver/Src/stm32f0xx_hal_exti.c ****   }
 217:Drivers/STM32F0xx_HAL_Driver/Src/stm32f0xx_hal_exti.c **** 
 218:Drivers/STM32F0xx_HAL_Driver/Src/stm32f0xx_hal_exti.c ****   /* Configure event mode : read current mode */
 219:Drivers/STM32F0xx_HAL_Driver/Src/stm32f0xx_hal_exti.c ****   /* Mask or set line */
 220:Drivers/STM32F0xx_HAL_Driver/Src/stm32f0xx_hal_exti.c ****   if ((pExtiConfig->Mode & EXTI_MODE_EVENT) != 0x00u)
 234              		.loc 1 220 19
 235 010e 3B68     		ldr	r3, [r7]
 236 0110 5B68     		ldr	r3, [r3, #4]
 237              		.loc 1 220 26
ARM GAS  C:\Users\Vulca\AppData\Local\Temp\ccw46spm.s 			page 9


 238 0112 0222     		movs	r2, #2
 239 0114 1340     		ands	r3, r2
 240              		.loc 1 220 6
 241 0116 06D0     		beq	.L12
 221:Drivers/STM32F0xx_HAL_Driver/Src/stm32f0xx_hal_exti.c ****   {
 222:Drivers/STM32F0xx_HAL_Driver/Src/stm32f0xx_hal_exti.c ****     EXTI->EMR |= maskline;
 242              		.loc 1 222 15
 243 0118 094B     		ldr	r3, .L14
 244 011a 5968     		ldr	r1, [r3, #4]
 245 011c 084B     		ldr	r3, .L14
 246 011e 3A69     		ldr	r2, [r7, #16]
 247 0120 0A43     		orrs	r2, r1
 248 0122 5A60     		str	r2, [r3, #4]
 249 0124 06E0     		b	.L13
 250              	.L12:
 223:Drivers/STM32F0xx_HAL_Driver/Src/stm32f0xx_hal_exti.c ****   }
 224:Drivers/STM32F0xx_HAL_Driver/Src/stm32f0xx_hal_exti.c ****   else
 225:Drivers/STM32F0xx_HAL_Driver/Src/stm32f0xx_hal_exti.c ****   {
 226:Drivers/STM32F0xx_HAL_Driver/Src/stm32f0xx_hal_exti.c ****     EXTI->EMR &= ~maskline;
 251              		.loc 1 226 15
 252 0126 064B     		ldr	r3, .L14
 253 0128 5A68     		ldr	r2, [r3, #4]
 254              		.loc 1 226 18
 255 012a 3B69     		ldr	r3, [r7, #16]
 256 012c D943     		mvns	r1, r3
 257              		.loc 1 226 15
 258 012e 044B     		ldr	r3, .L14
 259 0130 0A40     		ands	r2, r1
 260 0132 5A60     		str	r2, [r3, #4]
 261              	.L13:
 227:Drivers/STM32F0xx_HAL_Driver/Src/stm32f0xx_hal_exti.c ****   }
 228:Drivers/STM32F0xx_HAL_Driver/Src/stm32f0xx_hal_exti.c **** 
 229:Drivers/STM32F0xx_HAL_Driver/Src/stm32f0xx_hal_exti.c ****   return HAL_OK;
 262              		.loc 1 229 10
 263 0134 0023     		movs	r3, #0
 264              	.L4:
 230:Drivers/STM32F0xx_HAL_Driver/Src/stm32f0xx_hal_exti.c **** }
 265              		.loc 1 230 1
 266 0136 1800     		movs	r0, r3
 267 0138 BD46     		mov	sp, r7
 268 013a 06B0     		add	sp, sp, #24
 269              		@ sp needed
 270 013c 80BD     		pop	{r7, pc}
 271              	.L15:
 272 013e C046     		.align	2
 273              	.L14:
 274 0140 00040140 		.word	1073808384
 275 0144 00000140 		.word	1073807360
 276              		.cfi_endproc
 277              	.LFE40:
 279              		.section	.text.HAL_EXTI_GetConfigLine,"ax",%progbits
 280              		.align	1
 281              		.global	HAL_EXTI_GetConfigLine
 282              		.syntax unified
 283              		.code	16
 284              		.thumb_func
 285              		.fpu softvfp
ARM GAS  C:\Users\Vulca\AppData\Local\Temp\ccw46spm.s 			page 10


 287              	HAL_EXTI_GetConfigLine:
 288              	.LFB41:
 231:Drivers/STM32F0xx_HAL_Driver/Src/stm32f0xx_hal_exti.c **** 
 232:Drivers/STM32F0xx_HAL_Driver/Src/stm32f0xx_hal_exti.c **** /**
 233:Drivers/STM32F0xx_HAL_Driver/Src/stm32f0xx_hal_exti.c ****   * @brief  Get configuration of a dedicated Exti line.
 234:Drivers/STM32F0xx_HAL_Driver/Src/stm32f0xx_hal_exti.c ****   * @param  hexti Exti handle.
 235:Drivers/STM32F0xx_HAL_Driver/Src/stm32f0xx_hal_exti.c ****   * @param  pExtiConfig Pointer on structure to store Exti configuration.
 236:Drivers/STM32F0xx_HAL_Driver/Src/stm32f0xx_hal_exti.c ****   * @retval HAL Status.
 237:Drivers/STM32F0xx_HAL_Driver/Src/stm32f0xx_hal_exti.c ****   */
 238:Drivers/STM32F0xx_HAL_Driver/Src/stm32f0xx_hal_exti.c **** HAL_StatusTypeDef HAL_EXTI_GetConfigLine(EXTI_HandleTypeDef *hexti, EXTI_ConfigTypeDef *pExtiConfig
 239:Drivers/STM32F0xx_HAL_Driver/Src/stm32f0xx_hal_exti.c **** {
 289              		.loc 1 239 1
 290              		.cfi_startproc
 291              		@ args = 0, pretend = 0, frame = 24
 292              		@ frame_needed = 1, uses_anonymous_args = 0
 293 0000 80B5     		push	{r7, lr}
 294              	.LCFI3:
 295              		.cfi_def_cfa_offset 8
 296              		.cfi_offset 7, -8
 297              		.cfi_offset 14, -4
 298 0002 86B0     		sub	sp, sp, #24
 299              	.LCFI4:
 300              		.cfi_def_cfa_offset 32
 301 0004 00AF     		add	r7, sp, #0
 302              	.LCFI5:
 303              		.cfi_def_cfa_register 7
 304 0006 7860     		str	r0, [r7, #4]
 305 0008 3960     		str	r1, [r7]
 240:Drivers/STM32F0xx_HAL_Driver/Src/stm32f0xx_hal_exti.c ****   uint32_t regval;
 241:Drivers/STM32F0xx_HAL_Driver/Src/stm32f0xx_hal_exti.c ****   uint32_t linepos;
 242:Drivers/STM32F0xx_HAL_Driver/Src/stm32f0xx_hal_exti.c ****   uint32_t maskline;
 243:Drivers/STM32F0xx_HAL_Driver/Src/stm32f0xx_hal_exti.c **** 
 244:Drivers/STM32F0xx_HAL_Driver/Src/stm32f0xx_hal_exti.c ****   /* Check null pointer */
 245:Drivers/STM32F0xx_HAL_Driver/Src/stm32f0xx_hal_exti.c ****   if ((hexti == NULL) || (pExtiConfig == NULL))
 306              		.loc 1 245 6
 307 000a 7B68     		ldr	r3, [r7, #4]
 308 000c 002B     		cmp	r3, #0
 309 000e 02D0     		beq	.L17
 310              		.loc 1 245 23 discriminator 1
 311 0010 3B68     		ldr	r3, [r7]
 312 0012 002B     		cmp	r3, #0
 313 0014 01D1     		bne	.L18
 314              	.L17:
 246:Drivers/STM32F0xx_HAL_Driver/Src/stm32f0xx_hal_exti.c ****   {
 247:Drivers/STM32F0xx_HAL_Driver/Src/stm32f0xx_hal_exti.c ****     return HAL_ERROR;
 315              		.loc 1 247 12
 316 0016 0123     		movs	r3, #1
 317 0018 68E0     		b	.L19
 318              	.L18:
 248:Drivers/STM32F0xx_HAL_Driver/Src/stm32f0xx_hal_exti.c ****   }
 249:Drivers/STM32F0xx_HAL_Driver/Src/stm32f0xx_hal_exti.c **** 
 250:Drivers/STM32F0xx_HAL_Driver/Src/stm32f0xx_hal_exti.c ****   /* Check the parameter */
 251:Drivers/STM32F0xx_HAL_Driver/Src/stm32f0xx_hal_exti.c ****   assert_param(IS_EXTI_LINE(hexti->Line));
 252:Drivers/STM32F0xx_HAL_Driver/Src/stm32f0xx_hal_exti.c **** 
 253:Drivers/STM32F0xx_HAL_Driver/Src/stm32f0xx_hal_exti.c ****   /* Store handle line number to configuration structure */
 254:Drivers/STM32F0xx_HAL_Driver/Src/stm32f0xx_hal_exti.c ****   pExtiConfig->Line = hexti->Line;
 319              		.loc 1 254 28
ARM GAS  C:\Users\Vulca\AppData\Local\Temp\ccw46spm.s 			page 11


 320 001a 7B68     		ldr	r3, [r7, #4]
 321 001c 1A68     		ldr	r2, [r3]
 322              		.loc 1 254 21
 323 001e 3B68     		ldr	r3, [r7]
 324 0020 1A60     		str	r2, [r3]
 255:Drivers/STM32F0xx_HAL_Driver/Src/stm32f0xx_hal_exti.c **** 
 256:Drivers/STM32F0xx_HAL_Driver/Src/stm32f0xx_hal_exti.c ****   /* Compute line mask */
 257:Drivers/STM32F0xx_HAL_Driver/Src/stm32f0xx_hal_exti.c ****   linepos = (pExtiConfig->Line & EXTI_PIN_MASK);
 325              		.loc 1 257 25
 326 0022 3B68     		ldr	r3, [r7]
 327 0024 1B68     		ldr	r3, [r3]
 328              		.loc 1 257 11
 329 0026 1F22     		movs	r2, #31
 330 0028 1340     		ands	r3, r2
 331 002a 7B61     		str	r3, [r7, #20]
 258:Drivers/STM32F0xx_HAL_Driver/Src/stm32f0xx_hal_exti.c ****   maskline = (1uL << linepos);
 332              		.loc 1 258 12
 333 002c 0122     		movs	r2, #1
 334 002e 7B69     		ldr	r3, [r7, #20]
 335 0030 9A40     		lsls	r2, r2, r3
 336 0032 1300     		movs	r3, r2
 337 0034 3B61     		str	r3, [r7, #16]
 259:Drivers/STM32F0xx_HAL_Driver/Src/stm32f0xx_hal_exti.c **** 
 260:Drivers/STM32F0xx_HAL_Driver/Src/stm32f0xx_hal_exti.c ****   /* 1] Get core mode : interrupt */
 261:Drivers/STM32F0xx_HAL_Driver/Src/stm32f0xx_hal_exti.c **** 
 262:Drivers/STM32F0xx_HAL_Driver/Src/stm32f0xx_hal_exti.c ****   /* Check if selected line is enable */
 263:Drivers/STM32F0xx_HAL_Driver/Src/stm32f0xx_hal_exti.c ****   if ((EXTI->IMR & maskline) != 0x00u)
 338              		.loc 1 263 12
 339 0036 2F4B     		ldr	r3, .L29
 340 0038 1B68     		ldr	r3, [r3]
 341              		.loc 1 263 18
 342 003a 3A69     		ldr	r2, [r7, #16]
 343 003c 1340     		ands	r3, r2
 344              		.loc 1 263 6
 345 003e 03D0     		beq	.L20
 264:Drivers/STM32F0xx_HAL_Driver/Src/stm32f0xx_hal_exti.c ****   {
 265:Drivers/STM32F0xx_HAL_Driver/Src/stm32f0xx_hal_exti.c ****     pExtiConfig->Mode = EXTI_MODE_INTERRUPT;
 346              		.loc 1 265 23
 347 0040 3B68     		ldr	r3, [r7]
 348 0042 0122     		movs	r2, #1
 349 0044 5A60     		str	r2, [r3, #4]
 350 0046 02E0     		b	.L21
 351              	.L20:
 266:Drivers/STM32F0xx_HAL_Driver/Src/stm32f0xx_hal_exti.c ****   }
 267:Drivers/STM32F0xx_HAL_Driver/Src/stm32f0xx_hal_exti.c ****   else
 268:Drivers/STM32F0xx_HAL_Driver/Src/stm32f0xx_hal_exti.c ****   {
 269:Drivers/STM32F0xx_HAL_Driver/Src/stm32f0xx_hal_exti.c ****     pExtiConfig->Mode = EXTI_MODE_NONE;
 352              		.loc 1 269 23
 353 0048 3B68     		ldr	r3, [r7]
 354 004a 0022     		movs	r2, #0
 355 004c 5A60     		str	r2, [r3, #4]
 356              	.L21:
 270:Drivers/STM32F0xx_HAL_Driver/Src/stm32f0xx_hal_exti.c ****   }
 271:Drivers/STM32F0xx_HAL_Driver/Src/stm32f0xx_hal_exti.c **** 
 272:Drivers/STM32F0xx_HAL_Driver/Src/stm32f0xx_hal_exti.c ****   /* Get event mode */
 273:Drivers/STM32F0xx_HAL_Driver/Src/stm32f0xx_hal_exti.c ****   /* Check if selected line is enable */
 274:Drivers/STM32F0xx_HAL_Driver/Src/stm32f0xx_hal_exti.c ****   if ((EXTI->EMR & maskline) != 0x00u)
ARM GAS  C:\Users\Vulca\AppData\Local\Temp\ccw46spm.s 			page 12


 357              		.loc 1 274 12
 358 004e 294B     		ldr	r3, .L29
 359 0050 5B68     		ldr	r3, [r3, #4]
 360              		.loc 1 274 18
 361 0052 3A69     		ldr	r2, [r7, #16]
 362 0054 1340     		ands	r3, r2
 363              		.loc 1 274 6
 364 0056 05D0     		beq	.L22
 275:Drivers/STM32F0xx_HAL_Driver/Src/stm32f0xx_hal_exti.c ****   {
 276:Drivers/STM32F0xx_HAL_Driver/Src/stm32f0xx_hal_exti.c ****     pExtiConfig->Mode |= EXTI_MODE_EVENT;
 365              		.loc 1 276 23
 366 0058 3B68     		ldr	r3, [r7]
 367 005a 5B68     		ldr	r3, [r3, #4]
 368 005c 0222     		movs	r2, #2
 369 005e 1A43     		orrs	r2, r3
 370 0060 3B68     		ldr	r3, [r7]
 371 0062 5A60     		str	r2, [r3, #4]
 372              	.L22:
 277:Drivers/STM32F0xx_HAL_Driver/Src/stm32f0xx_hal_exti.c ****   }
 278:Drivers/STM32F0xx_HAL_Driver/Src/stm32f0xx_hal_exti.c **** 
 279:Drivers/STM32F0xx_HAL_Driver/Src/stm32f0xx_hal_exti.c ****   /* 2] Get trigger for configurable lines : rising */
 280:Drivers/STM32F0xx_HAL_Driver/Src/stm32f0xx_hal_exti.c ****   if ((pExtiConfig->Line & EXTI_CONFIG) != 0x00u)
 373              		.loc 1 280 19
 374 0064 3B68     		ldr	r3, [r7]
 375 0066 1A68     		ldr	r2, [r3]
 376              		.loc 1 280 26
 377 0068 8023     		movs	r3, #128
 378 006a 9B04     		lsls	r3, r3, #18
 379 006c 1340     		ands	r3, r2
 380              		.loc 1 280 6
 381 006e 36D0     		beq	.L23
 281:Drivers/STM32F0xx_HAL_Driver/Src/stm32f0xx_hal_exti.c ****   {
 282:Drivers/STM32F0xx_HAL_Driver/Src/stm32f0xx_hal_exti.c ****     /* Check if configuration of selected line is enable */
 283:Drivers/STM32F0xx_HAL_Driver/Src/stm32f0xx_hal_exti.c ****     if ((EXTI->RTSR & maskline) != 0x00u)
 382              		.loc 1 283 14
 383 0070 204B     		ldr	r3, .L29
 384 0072 9B68     		ldr	r3, [r3, #8]
 385              		.loc 1 283 21
 386 0074 3A69     		ldr	r2, [r7, #16]
 387 0076 1340     		ands	r3, r2
 388              		.loc 1 283 8
 389 0078 03D0     		beq	.L24
 284:Drivers/STM32F0xx_HAL_Driver/Src/stm32f0xx_hal_exti.c ****     {
 285:Drivers/STM32F0xx_HAL_Driver/Src/stm32f0xx_hal_exti.c ****       pExtiConfig->Trigger = EXTI_TRIGGER_RISING;
 390              		.loc 1 285 28
 391 007a 3B68     		ldr	r3, [r7]
 392 007c 0122     		movs	r2, #1
 393 007e 9A60     		str	r2, [r3, #8]
 394 0080 02E0     		b	.L25
 395              	.L24:
 286:Drivers/STM32F0xx_HAL_Driver/Src/stm32f0xx_hal_exti.c ****     }
 287:Drivers/STM32F0xx_HAL_Driver/Src/stm32f0xx_hal_exti.c ****     else
 288:Drivers/STM32F0xx_HAL_Driver/Src/stm32f0xx_hal_exti.c ****     {
 289:Drivers/STM32F0xx_HAL_Driver/Src/stm32f0xx_hal_exti.c ****       pExtiConfig->Trigger = EXTI_TRIGGER_NONE;
 396              		.loc 1 289 28
 397 0082 3B68     		ldr	r3, [r7]
 398 0084 0022     		movs	r2, #0
ARM GAS  C:\Users\Vulca\AppData\Local\Temp\ccw46spm.s 			page 13


 399 0086 9A60     		str	r2, [r3, #8]
 400              	.L25:
 290:Drivers/STM32F0xx_HAL_Driver/Src/stm32f0xx_hal_exti.c ****     }
 291:Drivers/STM32F0xx_HAL_Driver/Src/stm32f0xx_hal_exti.c **** 
 292:Drivers/STM32F0xx_HAL_Driver/Src/stm32f0xx_hal_exti.c ****     /* Get falling configuration */
 293:Drivers/STM32F0xx_HAL_Driver/Src/stm32f0xx_hal_exti.c ****     /* Check if configuration of selected line is enable */
 294:Drivers/STM32F0xx_HAL_Driver/Src/stm32f0xx_hal_exti.c ****     if ((EXTI->FTSR & maskline) != 0x00u)
 401              		.loc 1 294 14
 402 0088 1A4B     		ldr	r3, .L29
 403 008a DB68     		ldr	r3, [r3, #12]
 404              		.loc 1 294 21
 405 008c 3A69     		ldr	r2, [r7, #16]
 406 008e 1340     		ands	r3, r2
 407              		.loc 1 294 8
 408 0090 05D0     		beq	.L26
 295:Drivers/STM32F0xx_HAL_Driver/Src/stm32f0xx_hal_exti.c ****     {
 296:Drivers/STM32F0xx_HAL_Driver/Src/stm32f0xx_hal_exti.c ****       pExtiConfig->Trigger |= EXTI_TRIGGER_FALLING;
 409              		.loc 1 296 28
 410 0092 3B68     		ldr	r3, [r7]
 411 0094 9B68     		ldr	r3, [r3, #8]
 412 0096 0222     		movs	r2, #2
 413 0098 1A43     		orrs	r2, r3
 414 009a 3B68     		ldr	r3, [r7]
 415 009c 9A60     		str	r2, [r3, #8]
 416              	.L26:
 297:Drivers/STM32F0xx_HAL_Driver/Src/stm32f0xx_hal_exti.c ****     }
 298:Drivers/STM32F0xx_HAL_Driver/Src/stm32f0xx_hal_exti.c **** 
 299:Drivers/STM32F0xx_HAL_Driver/Src/stm32f0xx_hal_exti.c ****     /* Get Gpio port selection for gpio lines */
 300:Drivers/STM32F0xx_HAL_Driver/Src/stm32f0xx_hal_exti.c ****     if ((pExtiConfig->Line & EXTI_GPIO) == EXTI_GPIO)
 417              		.loc 1 300 21
 418 009e 3B68     		ldr	r3, [r7]
 419 00a0 1A68     		ldr	r2, [r3]
 420              		.loc 1 300 28
 421 00a2 C023     		movs	r3, #192
 422 00a4 DB04     		lsls	r3, r3, #19
 423 00a6 1A40     		ands	r2, r3
 424              		.loc 1 300 8
 425 00a8 C023     		movs	r3, #192
 426 00aa DB04     		lsls	r3, r3, #19
 427 00ac 9A42     		cmp	r2, r3
 428 00ae 12D1     		bne	.L27
 301:Drivers/STM32F0xx_HAL_Driver/Src/stm32f0xx_hal_exti.c ****     {
 302:Drivers/STM32F0xx_HAL_Driver/Src/stm32f0xx_hal_exti.c ****       assert_param(IS_EXTI_GPIO_PIN(linepos));
 303:Drivers/STM32F0xx_HAL_Driver/Src/stm32f0xx_hal_exti.c **** 
 304:Drivers/STM32F0xx_HAL_Driver/Src/stm32f0xx_hal_exti.c ****       regval = SYSCFG->EXTICR[linepos >> 2u];
 429              		.loc 1 304 22
 430 00b0 114A     		ldr	r2, .L29+4
 431              		.loc 1 304 39
 432 00b2 7B69     		ldr	r3, [r7, #20]
 433 00b4 9B08     		lsrs	r3, r3, #2
 434              		.loc 1 304 14
 435 00b6 0233     		adds	r3, r3, #2
 436 00b8 9B00     		lsls	r3, r3, #2
 437 00ba 9B58     		ldr	r3, [r3, r2]
 438 00bc FB60     		str	r3, [r7, #12]
 305:Drivers/STM32F0xx_HAL_Driver/Src/stm32f0xx_hal_exti.c ****       pExtiConfig->GPIOSel = ((regval << (SYSCFG_EXTICR1_EXTI1_Pos * (3uL - (linepos & 0x03u)))) >>
 439              		.loc 1 305 75
ARM GAS  C:\Users\Vulca\AppData\Local\Temp\ccw46spm.s 			page 14


 440 00be 7B69     		ldr	r3, [r7, #20]
 441 00c0 DB43     		mvns	r3, r3
 442 00c2 0322     		movs	r2, #3
 443 00c4 1340     		ands	r3, r2
 444              		.loc 1 305 68
 445 00c6 9B00     		lsls	r3, r3, #2
 446              		.loc 1 305 39
 447 00c8 FA68     		ldr	r2, [r7, #12]
 448 00ca 9A40     		lsls	r2, r2, r3
 449 00cc 1300     		movs	r3, r2
 450              		.loc 1 305 98
 451 00ce 1A0E     		lsrs	r2, r3, #24
 452              		.loc 1 305 28
 453 00d0 3B68     		ldr	r3, [r7]
 454 00d2 DA60     		str	r2, [r3, #12]
 455 00d4 09E0     		b	.L28
 456              	.L27:
 306:Drivers/STM32F0xx_HAL_Driver/Src/stm32f0xx_hal_exti.c ****     }
 307:Drivers/STM32F0xx_HAL_Driver/Src/stm32f0xx_hal_exti.c ****     else
 308:Drivers/STM32F0xx_HAL_Driver/Src/stm32f0xx_hal_exti.c ****     {
 309:Drivers/STM32F0xx_HAL_Driver/Src/stm32f0xx_hal_exti.c ****       pExtiConfig->GPIOSel = 0x00u;
 457              		.loc 1 309 28
 458 00d6 3B68     		ldr	r3, [r7]
 459 00d8 0022     		movs	r2, #0
 460 00da DA60     		str	r2, [r3, #12]
 461 00dc 05E0     		b	.L28
 462              	.L23:
 310:Drivers/STM32F0xx_HAL_Driver/Src/stm32f0xx_hal_exti.c ****     }
 311:Drivers/STM32F0xx_HAL_Driver/Src/stm32f0xx_hal_exti.c ****   }
 312:Drivers/STM32F0xx_HAL_Driver/Src/stm32f0xx_hal_exti.c ****   else
 313:Drivers/STM32F0xx_HAL_Driver/Src/stm32f0xx_hal_exti.c ****   {
 314:Drivers/STM32F0xx_HAL_Driver/Src/stm32f0xx_hal_exti.c ****     /* No Trigger selected */
 315:Drivers/STM32F0xx_HAL_Driver/Src/stm32f0xx_hal_exti.c ****     pExtiConfig->Trigger = EXTI_TRIGGER_NONE;
 463              		.loc 1 315 26
 464 00de 3B68     		ldr	r3, [r7]
 465 00e0 0022     		movs	r2, #0
 466 00e2 9A60     		str	r2, [r3, #8]
 316:Drivers/STM32F0xx_HAL_Driver/Src/stm32f0xx_hal_exti.c ****     pExtiConfig->GPIOSel = 0x00u;
 467              		.loc 1 316 26
 468 00e4 3B68     		ldr	r3, [r7]
 469 00e6 0022     		movs	r2, #0
 470 00e8 DA60     		str	r2, [r3, #12]
 471              	.L28:
 317:Drivers/STM32F0xx_HAL_Driver/Src/stm32f0xx_hal_exti.c ****   }
 318:Drivers/STM32F0xx_HAL_Driver/Src/stm32f0xx_hal_exti.c **** 
 319:Drivers/STM32F0xx_HAL_Driver/Src/stm32f0xx_hal_exti.c ****   return HAL_OK;
 472              		.loc 1 319 10
 473 00ea 0023     		movs	r3, #0
 474              	.L19:
 320:Drivers/STM32F0xx_HAL_Driver/Src/stm32f0xx_hal_exti.c **** }
 475              		.loc 1 320 1
 476 00ec 1800     		movs	r0, r3
 477 00ee BD46     		mov	sp, r7
 478 00f0 06B0     		add	sp, sp, #24
 479              		@ sp needed
 480 00f2 80BD     		pop	{r7, pc}
 481              	.L30:
ARM GAS  C:\Users\Vulca\AppData\Local\Temp\ccw46spm.s 			page 15


 482              		.align	2
 483              	.L29:
 484 00f4 00040140 		.word	1073808384
 485 00f8 00000140 		.word	1073807360
 486              		.cfi_endproc
 487              	.LFE41:
 489              		.section	.text.HAL_EXTI_ClearConfigLine,"ax",%progbits
 490              		.align	1
 491              		.global	HAL_EXTI_ClearConfigLine
 492              		.syntax unified
 493              		.code	16
 494              		.thumb_func
 495              		.fpu softvfp
 497              	HAL_EXTI_ClearConfigLine:
 498              	.LFB42:
 321:Drivers/STM32F0xx_HAL_Driver/Src/stm32f0xx_hal_exti.c **** 
 322:Drivers/STM32F0xx_HAL_Driver/Src/stm32f0xx_hal_exti.c **** /**
 323:Drivers/STM32F0xx_HAL_Driver/Src/stm32f0xx_hal_exti.c ****   * @brief  Clear whole configuration of a dedicated Exti line.
 324:Drivers/STM32F0xx_HAL_Driver/Src/stm32f0xx_hal_exti.c ****   * @param  hexti Exti handle.
 325:Drivers/STM32F0xx_HAL_Driver/Src/stm32f0xx_hal_exti.c ****   * @retval HAL Status.
 326:Drivers/STM32F0xx_HAL_Driver/Src/stm32f0xx_hal_exti.c ****   */
 327:Drivers/STM32F0xx_HAL_Driver/Src/stm32f0xx_hal_exti.c **** HAL_StatusTypeDef HAL_EXTI_ClearConfigLine(EXTI_HandleTypeDef *hexti)
 328:Drivers/STM32F0xx_HAL_Driver/Src/stm32f0xx_hal_exti.c **** {
 499              		.loc 1 328 1
 500              		.cfi_startproc
 501              		@ args = 0, pretend = 0, frame = 24
 502              		@ frame_needed = 1, uses_anonymous_args = 0
 503 0000 80B5     		push	{r7, lr}
 504              	.LCFI6:
 505              		.cfi_def_cfa_offset 8
 506              		.cfi_offset 7, -8
 507              		.cfi_offset 14, -4
 508 0002 86B0     		sub	sp, sp, #24
 509              	.LCFI7:
 510              		.cfi_def_cfa_offset 32
 511 0004 00AF     		add	r7, sp, #0
 512              	.LCFI8:
 513              		.cfi_def_cfa_register 7
 514 0006 7860     		str	r0, [r7, #4]
 329:Drivers/STM32F0xx_HAL_Driver/Src/stm32f0xx_hal_exti.c ****   uint32_t regval;
 330:Drivers/STM32F0xx_HAL_Driver/Src/stm32f0xx_hal_exti.c ****   uint32_t linepos;
 331:Drivers/STM32F0xx_HAL_Driver/Src/stm32f0xx_hal_exti.c ****   uint32_t maskline;
 332:Drivers/STM32F0xx_HAL_Driver/Src/stm32f0xx_hal_exti.c **** 
 333:Drivers/STM32F0xx_HAL_Driver/Src/stm32f0xx_hal_exti.c ****   /* Check null pointer */
 334:Drivers/STM32F0xx_HAL_Driver/Src/stm32f0xx_hal_exti.c ****   if (hexti == NULL)
 515              		.loc 1 334 6
 516 0008 7B68     		ldr	r3, [r7, #4]
 517 000a 002B     		cmp	r3, #0
 518 000c 01D1     		bne	.L32
 335:Drivers/STM32F0xx_HAL_Driver/Src/stm32f0xx_hal_exti.c ****   {
 336:Drivers/STM32F0xx_HAL_Driver/Src/stm32f0xx_hal_exti.c ****     return HAL_ERROR;
 519              		.loc 1 336 12
 520 000e 0123     		movs	r3, #1
 521 0010 4EE0     		b	.L33
 522              	.L32:
 337:Drivers/STM32F0xx_HAL_Driver/Src/stm32f0xx_hal_exti.c ****   }
 338:Drivers/STM32F0xx_HAL_Driver/Src/stm32f0xx_hal_exti.c **** 
ARM GAS  C:\Users\Vulca\AppData\Local\Temp\ccw46spm.s 			page 16


 339:Drivers/STM32F0xx_HAL_Driver/Src/stm32f0xx_hal_exti.c ****   /* Check the parameter */
 340:Drivers/STM32F0xx_HAL_Driver/Src/stm32f0xx_hal_exti.c ****   assert_param(IS_EXTI_LINE(hexti->Line));
 341:Drivers/STM32F0xx_HAL_Driver/Src/stm32f0xx_hal_exti.c **** 
 342:Drivers/STM32F0xx_HAL_Driver/Src/stm32f0xx_hal_exti.c ****   /* compute line mask */
 343:Drivers/STM32F0xx_HAL_Driver/Src/stm32f0xx_hal_exti.c ****   linepos = (hexti->Line & EXTI_PIN_MASK);
 523              		.loc 1 343 19
 524 0012 7B68     		ldr	r3, [r7, #4]
 525 0014 1B68     		ldr	r3, [r3]
 526              		.loc 1 343 11
 527 0016 1F22     		movs	r2, #31
 528 0018 1340     		ands	r3, r2
 529 001a 7B61     		str	r3, [r7, #20]
 344:Drivers/STM32F0xx_HAL_Driver/Src/stm32f0xx_hal_exti.c ****   maskline = (1uL << linepos);
 530              		.loc 1 344 12
 531 001c 0122     		movs	r2, #1
 532 001e 7B69     		ldr	r3, [r7, #20]
 533 0020 9A40     		lsls	r2, r2, r3
 534 0022 1300     		movs	r3, r2
 535 0024 3B61     		str	r3, [r7, #16]
 345:Drivers/STM32F0xx_HAL_Driver/Src/stm32f0xx_hal_exti.c **** 
 346:Drivers/STM32F0xx_HAL_Driver/Src/stm32f0xx_hal_exti.c ****   /* 1] Clear interrupt mode */
 347:Drivers/STM32F0xx_HAL_Driver/Src/stm32f0xx_hal_exti.c ****   EXTI->IMR = (EXTI->IMR & ~maskline);
 536              		.loc 1 347 20
 537 0026 244B     		ldr	r3, .L35
 538 0028 1A68     		ldr	r2, [r3]
 539              		.loc 1 347 28
 540 002a 3B69     		ldr	r3, [r7, #16]
 541 002c D943     		mvns	r1, r3
 542              		.loc 1 347 7
 543 002e 224B     		ldr	r3, .L35
 544              		.loc 1 347 26
 545 0030 0A40     		ands	r2, r1
 546              		.loc 1 347 13
 547 0032 1A60     		str	r2, [r3]
 348:Drivers/STM32F0xx_HAL_Driver/Src/stm32f0xx_hal_exti.c **** 
 349:Drivers/STM32F0xx_HAL_Driver/Src/stm32f0xx_hal_exti.c ****   /* 2] Clear event mode */
 350:Drivers/STM32F0xx_HAL_Driver/Src/stm32f0xx_hal_exti.c ****   EXTI->EMR = (EXTI->EMR & ~maskline);
 548              		.loc 1 350 20
 549 0034 204B     		ldr	r3, .L35
 550 0036 5A68     		ldr	r2, [r3, #4]
 551              		.loc 1 350 28
 552 0038 3B69     		ldr	r3, [r7, #16]
 553 003a D943     		mvns	r1, r3
 554              		.loc 1 350 7
 555 003c 1E4B     		ldr	r3, .L35
 556              		.loc 1 350 26
 557 003e 0A40     		ands	r2, r1
 558              		.loc 1 350 13
 559 0040 5A60     		str	r2, [r3, #4]
 351:Drivers/STM32F0xx_HAL_Driver/Src/stm32f0xx_hal_exti.c **** 
 352:Drivers/STM32F0xx_HAL_Driver/Src/stm32f0xx_hal_exti.c ****   /* 3] Clear triggers in case of configurable lines */
 353:Drivers/STM32F0xx_HAL_Driver/Src/stm32f0xx_hal_exti.c ****   if ((hexti->Line & EXTI_CONFIG) != 0x00u)
 560              		.loc 1 353 13
 561 0042 7B68     		ldr	r3, [r7, #4]
 562 0044 1A68     		ldr	r2, [r3]
 563              		.loc 1 353 20
 564 0046 8023     		movs	r3, #128
ARM GAS  C:\Users\Vulca\AppData\Local\Temp\ccw46spm.s 			page 17


 565 0048 9B04     		lsls	r3, r3, #18
 566 004a 1340     		ands	r3, r2
 567              		.loc 1 353 6
 568 004c 2FD0     		beq	.L34
 354:Drivers/STM32F0xx_HAL_Driver/Src/stm32f0xx_hal_exti.c ****   {
 355:Drivers/STM32F0xx_HAL_Driver/Src/stm32f0xx_hal_exti.c ****     EXTI->RTSR = (EXTI->RTSR & ~maskline);
 569              		.loc 1 355 23
 570 004e 1A4B     		ldr	r3, .L35
 571 0050 9A68     		ldr	r2, [r3, #8]
 572              		.loc 1 355 32
 573 0052 3B69     		ldr	r3, [r7, #16]
 574 0054 D943     		mvns	r1, r3
 575              		.loc 1 355 9
 576 0056 184B     		ldr	r3, .L35
 577              		.loc 1 355 30
 578 0058 0A40     		ands	r2, r1
 579              		.loc 1 355 16
 580 005a 9A60     		str	r2, [r3, #8]
 356:Drivers/STM32F0xx_HAL_Driver/Src/stm32f0xx_hal_exti.c ****     EXTI->FTSR = (EXTI->FTSR & ~maskline);
 581              		.loc 1 356 23
 582 005c 164B     		ldr	r3, .L35
 583 005e DA68     		ldr	r2, [r3, #12]
 584              		.loc 1 356 32
 585 0060 3B69     		ldr	r3, [r7, #16]
 586 0062 D943     		mvns	r1, r3
 587              		.loc 1 356 9
 588 0064 144B     		ldr	r3, .L35
 589              		.loc 1 356 30
 590 0066 0A40     		ands	r2, r1
 591              		.loc 1 356 16
 592 0068 DA60     		str	r2, [r3, #12]
 357:Drivers/STM32F0xx_HAL_Driver/Src/stm32f0xx_hal_exti.c **** 
 358:Drivers/STM32F0xx_HAL_Driver/Src/stm32f0xx_hal_exti.c ****     /* Get Gpio port selection for gpio lines */
 359:Drivers/STM32F0xx_HAL_Driver/Src/stm32f0xx_hal_exti.c ****     if ((hexti->Line & EXTI_GPIO) == EXTI_GPIO)
 593              		.loc 1 359 15
 594 006a 7B68     		ldr	r3, [r7, #4]
 595 006c 1A68     		ldr	r2, [r3]
 596              		.loc 1 359 22
 597 006e C023     		movs	r3, #192
 598 0070 DB04     		lsls	r3, r3, #19
 599 0072 1A40     		ands	r2, r3
 600              		.loc 1 359 8
 601 0074 C023     		movs	r3, #192
 602 0076 DB04     		lsls	r3, r3, #19
 603 0078 9A42     		cmp	r2, r3
 604 007a 18D1     		bne	.L34
 360:Drivers/STM32F0xx_HAL_Driver/Src/stm32f0xx_hal_exti.c ****     {
 361:Drivers/STM32F0xx_HAL_Driver/Src/stm32f0xx_hal_exti.c ****       assert_param(IS_EXTI_GPIO_PIN(linepos));
 362:Drivers/STM32F0xx_HAL_Driver/Src/stm32f0xx_hal_exti.c **** 
 363:Drivers/STM32F0xx_HAL_Driver/Src/stm32f0xx_hal_exti.c ****       regval = SYSCFG->EXTICR[linepos >> 2u];
 605              		.loc 1 363 22
 606 007c 0F4A     		ldr	r2, .L35+4
 607              		.loc 1 363 39
 608 007e 7B69     		ldr	r3, [r7, #20]
 609 0080 9B08     		lsrs	r3, r3, #2
 610              		.loc 1 363 14
 611 0082 0233     		adds	r3, r3, #2
ARM GAS  C:\Users\Vulca\AppData\Local\Temp\ccw46spm.s 			page 18


 612 0084 9B00     		lsls	r3, r3, #2
 613 0086 9B58     		ldr	r3, [r3, r2]
 614 0088 FB60     		str	r3, [r7, #12]
 364:Drivers/STM32F0xx_HAL_Driver/Src/stm32f0xx_hal_exti.c ****       regval &= ~(SYSCFG_EXTICR1_EXTI0 << (SYSCFG_EXTICR1_EXTI1_Pos * (linepos & 0x03u)));
 615              		.loc 1 364 80
 616 008a 7B69     		ldr	r3, [r7, #20]
 617 008c 0322     		movs	r2, #3
 618 008e 1340     		ands	r3, r2
 619              		.loc 1 364 69
 620 0090 9B00     		lsls	r3, r3, #2
 621              		.loc 1 364 40
 622 0092 0F22     		movs	r2, #15
 623 0094 9A40     		lsls	r2, r2, r3
 624 0096 1300     		movs	r3, r2
 625              		.loc 1 364 17
 626 0098 DA43     		mvns	r2, r3
 627              		.loc 1 364 14
 628 009a FB68     		ldr	r3, [r7, #12]
 629 009c 1340     		ands	r3, r2
 630 009e FB60     		str	r3, [r7, #12]
 365:Drivers/STM32F0xx_HAL_Driver/Src/stm32f0xx_hal_exti.c ****       SYSCFG->EXTICR[linepos >> 2u] = regval;
 631              		.loc 1 365 13
 632 00a0 0649     		ldr	r1, .L35+4
 633              		.loc 1 365 30
 634 00a2 7B69     		ldr	r3, [r7, #20]
 635 00a4 9B08     		lsrs	r3, r3, #2
 636              		.loc 1 365 37
 637 00a6 0233     		adds	r3, r3, #2
 638 00a8 9B00     		lsls	r3, r3, #2
 639 00aa FA68     		ldr	r2, [r7, #12]
 640 00ac 5A50     		str	r2, [r3, r1]
 641              	.L34:
 366:Drivers/STM32F0xx_HAL_Driver/Src/stm32f0xx_hal_exti.c ****     }
 367:Drivers/STM32F0xx_HAL_Driver/Src/stm32f0xx_hal_exti.c ****   }
 368:Drivers/STM32F0xx_HAL_Driver/Src/stm32f0xx_hal_exti.c **** 
 369:Drivers/STM32F0xx_HAL_Driver/Src/stm32f0xx_hal_exti.c ****   return HAL_OK;
 642              		.loc 1 369 10
 643 00ae 0023     		movs	r3, #0
 644              	.L33:
 370:Drivers/STM32F0xx_HAL_Driver/Src/stm32f0xx_hal_exti.c **** }
 645              		.loc 1 370 1
 646 00b0 1800     		movs	r0, r3
 647 00b2 BD46     		mov	sp, r7
 648 00b4 06B0     		add	sp, sp, #24
 649              		@ sp needed
 650 00b6 80BD     		pop	{r7, pc}
 651              	.L36:
 652              		.align	2
 653              	.L35:
 654 00b8 00040140 		.word	1073808384
 655 00bc 00000140 		.word	1073807360
 656              		.cfi_endproc
 657              	.LFE42:
 659              		.section	.text.HAL_EXTI_RegisterCallback,"ax",%progbits
 660              		.align	1
 661              		.global	HAL_EXTI_RegisterCallback
 662              		.syntax unified
ARM GAS  C:\Users\Vulca\AppData\Local\Temp\ccw46spm.s 			page 19


 663              		.code	16
 664              		.thumb_func
 665              		.fpu softvfp
 667              	HAL_EXTI_RegisterCallback:
 668              	.LFB43:
 371:Drivers/STM32F0xx_HAL_Driver/Src/stm32f0xx_hal_exti.c **** 
 372:Drivers/STM32F0xx_HAL_Driver/Src/stm32f0xx_hal_exti.c **** /**
 373:Drivers/STM32F0xx_HAL_Driver/Src/stm32f0xx_hal_exti.c ****   * @brief  Register callback for a dedicated Exti line.
 374:Drivers/STM32F0xx_HAL_Driver/Src/stm32f0xx_hal_exti.c ****   * @param  hexti Exti handle.
 375:Drivers/STM32F0xx_HAL_Driver/Src/stm32f0xx_hal_exti.c ****   * @param  CallbackID User callback identifier.
 376:Drivers/STM32F0xx_HAL_Driver/Src/stm32f0xx_hal_exti.c ****   *         This parameter can be one of @arg @ref EXTI_CallbackIDTypeDef values.
 377:Drivers/STM32F0xx_HAL_Driver/Src/stm32f0xx_hal_exti.c ****   * @param  pPendingCbfn function pointer to be stored as callback.
 378:Drivers/STM32F0xx_HAL_Driver/Src/stm32f0xx_hal_exti.c ****   * @retval HAL Status.
 379:Drivers/STM32F0xx_HAL_Driver/Src/stm32f0xx_hal_exti.c ****   */
 380:Drivers/STM32F0xx_HAL_Driver/Src/stm32f0xx_hal_exti.c **** HAL_StatusTypeDef HAL_EXTI_RegisterCallback(EXTI_HandleTypeDef *hexti, EXTI_CallbackIDTypeDef Callb
 381:Drivers/STM32F0xx_HAL_Driver/Src/stm32f0xx_hal_exti.c **** {
 669              		.loc 1 381 1
 670              		.cfi_startproc
 671              		@ args = 0, pretend = 0, frame = 24
 672              		@ frame_needed = 1, uses_anonymous_args = 0
 673 0000 80B5     		push	{r7, lr}
 674              	.LCFI9:
 675              		.cfi_def_cfa_offset 8
 676              		.cfi_offset 7, -8
 677              		.cfi_offset 14, -4
 678 0002 86B0     		sub	sp, sp, #24
 679              	.LCFI10:
 680              		.cfi_def_cfa_offset 32
 681 0004 00AF     		add	r7, sp, #0
 682              	.LCFI11:
 683              		.cfi_def_cfa_register 7
 684 0006 F860     		str	r0, [r7, #12]
 685 0008 7A60     		str	r2, [r7, #4]
 686 000a 0B20     		movs	r0, #11
 687 000c 3B18     		adds	r3, r7, r0
 688 000e 0A1C     		adds	r2, r1, #0
 689 0010 1A70     		strb	r2, [r3]
 382:Drivers/STM32F0xx_HAL_Driver/Src/stm32f0xx_hal_exti.c ****   HAL_StatusTypeDef status = HAL_OK;
 690              		.loc 1 382 21
 691 0012 1723     		movs	r3, #23
 692 0014 FB18     		adds	r3, r7, r3
 693 0016 0022     		movs	r2, #0
 694 0018 1A70     		strb	r2, [r3]
 383:Drivers/STM32F0xx_HAL_Driver/Src/stm32f0xx_hal_exti.c **** 
 384:Drivers/STM32F0xx_HAL_Driver/Src/stm32f0xx_hal_exti.c ****   switch (CallbackID)
 695              		.loc 1 384 3
 696 001a 3B18     		adds	r3, r7, r0
 697 001c 1B78     		ldrb	r3, [r3]
 698 001e 002B     		cmp	r3, #0
 699 0020 03D1     		bne	.L38
 385:Drivers/STM32F0xx_HAL_Driver/Src/stm32f0xx_hal_exti.c ****   {
 386:Drivers/STM32F0xx_HAL_Driver/Src/stm32f0xx_hal_exti.c ****     case  HAL_EXTI_COMMON_CB_ID:
 387:Drivers/STM32F0xx_HAL_Driver/Src/stm32f0xx_hal_exti.c ****       hexti->PendingCallback = pPendingCbfn;
 700              		.loc 1 387 30
 701 0022 FB68     		ldr	r3, [r7, #12]
 702 0024 7A68     		ldr	r2, [r7, #4]
 703 0026 5A60     		str	r2, [r3, #4]
ARM GAS  C:\Users\Vulca\AppData\Local\Temp\ccw46spm.s 			page 20


 388:Drivers/STM32F0xx_HAL_Driver/Src/stm32f0xx_hal_exti.c ****       break;
 704              		.loc 1 388 7
 705 0028 04E0     		b	.L39
 706              	.L38:
 389:Drivers/STM32F0xx_HAL_Driver/Src/stm32f0xx_hal_exti.c **** 
 390:Drivers/STM32F0xx_HAL_Driver/Src/stm32f0xx_hal_exti.c ****     default:
 391:Drivers/STM32F0xx_HAL_Driver/Src/stm32f0xx_hal_exti.c ****       status = HAL_ERROR;
 707              		.loc 1 391 14
 708 002a 1723     		movs	r3, #23
 709 002c FB18     		adds	r3, r7, r3
 710 002e 0122     		movs	r2, #1
 711 0030 1A70     		strb	r2, [r3]
 392:Drivers/STM32F0xx_HAL_Driver/Src/stm32f0xx_hal_exti.c ****       break;
 712              		.loc 1 392 7
 713 0032 C046     		nop
 714              	.L39:
 393:Drivers/STM32F0xx_HAL_Driver/Src/stm32f0xx_hal_exti.c ****   }
 394:Drivers/STM32F0xx_HAL_Driver/Src/stm32f0xx_hal_exti.c **** 
 395:Drivers/STM32F0xx_HAL_Driver/Src/stm32f0xx_hal_exti.c ****   return status;
 715              		.loc 1 395 10
 716 0034 1723     		movs	r3, #23
 717 0036 FB18     		adds	r3, r7, r3
 718 0038 1B78     		ldrb	r3, [r3]
 396:Drivers/STM32F0xx_HAL_Driver/Src/stm32f0xx_hal_exti.c **** }
 719              		.loc 1 396 1
 720 003a 1800     		movs	r0, r3
 721 003c BD46     		mov	sp, r7
 722 003e 06B0     		add	sp, sp, #24
 723              		@ sp needed
 724 0040 80BD     		pop	{r7, pc}
 725              		.cfi_endproc
 726              	.LFE43:
 728              		.section	.text.HAL_EXTI_GetHandle,"ax",%progbits
 729              		.align	1
 730              		.global	HAL_EXTI_GetHandle
 731              		.syntax unified
 732              		.code	16
 733              		.thumb_func
 734              		.fpu softvfp
 736              	HAL_EXTI_GetHandle:
 737              	.LFB44:
 397:Drivers/STM32F0xx_HAL_Driver/Src/stm32f0xx_hal_exti.c **** 
 398:Drivers/STM32F0xx_HAL_Driver/Src/stm32f0xx_hal_exti.c **** /**
 399:Drivers/STM32F0xx_HAL_Driver/Src/stm32f0xx_hal_exti.c ****   * @brief  Store line number as handle private field.
 400:Drivers/STM32F0xx_HAL_Driver/Src/stm32f0xx_hal_exti.c ****   * @param  hexti Exti handle.
 401:Drivers/STM32F0xx_HAL_Driver/Src/stm32f0xx_hal_exti.c ****   * @param  ExtiLine Exti line number.
 402:Drivers/STM32F0xx_HAL_Driver/Src/stm32f0xx_hal_exti.c ****   *         This parameter can be from 0 to @ref EXTI_LINE_NB.
 403:Drivers/STM32F0xx_HAL_Driver/Src/stm32f0xx_hal_exti.c ****   * @retval HAL Status.
 404:Drivers/STM32F0xx_HAL_Driver/Src/stm32f0xx_hal_exti.c ****   */
 405:Drivers/STM32F0xx_HAL_Driver/Src/stm32f0xx_hal_exti.c **** HAL_StatusTypeDef HAL_EXTI_GetHandle(EXTI_HandleTypeDef *hexti, uint32_t ExtiLine)
 406:Drivers/STM32F0xx_HAL_Driver/Src/stm32f0xx_hal_exti.c **** {
 738              		.loc 1 406 1
 739              		.cfi_startproc
 740              		@ args = 0, pretend = 0, frame = 8
 741              		@ frame_needed = 1, uses_anonymous_args = 0
 742 0000 80B5     		push	{r7, lr}
 743              	.LCFI12:
ARM GAS  C:\Users\Vulca\AppData\Local\Temp\ccw46spm.s 			page 21


 744              		.cfi_def_cfa_offset 8
 745              		.cfi_offset 7, -8
 746              		.cfi_offset 14, -4
 747 0002 82B0     		sub	sp, sp, #8
 748              	.LCFI13:
 749              		.cfi_def_cfa_offset 16
 750 0004 00AF     		add	r7, sp, #0
 751              	.LCFI14:
 752              		.cfi_def_cfa_register 7
 753 0006 7860     		str	r0, [r7, #4]
 754 0008 3960     		str	r1, [r7]
 407:Drivers/STM32F0xx_HAL_Driver/Src/stm32f0xx_hal_exti.c ****   /* Check the parameters */
 408:Drivers/STM32F0xx_HAL_Driver/Src/stm32f0xx_hal_exti.c ****   assert_param(IS_EXTI_LINE(ExtiLine));
 409:Drivers/STM32F0xx_HAL_Driver/Src/stm32f0xx_hal_exti.c **** 
 410:Drivers/STM32F0xx_HAL_Driver/Src/stm32f0xx_hal_exti.c ****   /* Check null pointer */
 411:Drivers/STM32F0xx_HAL_Driver/Src/stm32f0xx_hal_exti.c ****   if (hexti == NULL)
 755              		.loc 1 411 6
 756 000a 7B68     		ldr	r3, [r7, #4]
 757 000c 002B     		cmp	r3, #0
 758 000e 01D1     		bne	.L42
 412:Drivers/STM32F0xx_HAL_Driver/Src/stm32f0xx_hal_exti.c ****   {
 413:Drivers/STM32F0xx_HAL_Driver/Src/stm32f0xx_hal_exti.c ****     return HAL_ERROR;
 759              		.loc 1 413 12
 760 0010 0123     		movs	r3, #1
 761 0012 03E0     		b	.L43
 762              	.L42:
 414:Drivers/STM32F0xx_HAL_Driver/Src/stm32f0xx_hal_exti.c ****   }
 415:Drivers/STM32F0xx_HAL_Driver/Src/stm32f0xx_hal_exti.c ****   else
 416:Drivers/STM32F0xx_HAL_Driver/Src/stm32f0xx_hal_exti.c ****   {
 417:Drivers/STM32F0xx_HAL_Driver/Src/stm32f0xx_hal_exti.c ****     /* Store line number as handle private field */
 418:Drivers/STM32F0xx_HAL_Driver/Src/stm32f0xx_hal_exti.c ****     hexti->Line = ExtiLine;
 763              		.loc 1 418 17
 764 0014 7B68     		ldr	r3, [r7, #4]
 765 0016 3A68     		ldr	r2, [r7]
 766 0018 1A60     		str	r2, [r3]
 419:Drivers/STM32F0xx_HAL_Driver/Src/stm32f0xx_hal_exti.c **** 
 420:Drivers/STM32F0xx_HAL_Driver/Src/stm32f0xx_hal_exti.c ****     return HAL_OK;
 767              		.loc 1 420 12
 768 001a 0023     		movs	r3, #0
 769              	.L43:
 421:Drivers/STM32F0xx_HAL_Driver/Src/stm32f0xx_hal_exti.c ****   }
 422:Drivers/STM32F0xx_HAL_Driver/Src/stm32f0xx_hal_exti.c **** }
 770              		.loc 1 422 1
 771 001c 1800     		movs	r0, r3
 772 001e BD46     		mov	sp, r7
 773 0020 02B0     		add	sp, sp, #8
 774              		@ sp needed
 775 0022 80BD     		pop	{r7, pc}
 776              		.cfi_endproc
 777              	.LFE44:
 779              		.section	.text.HAL_EXTI_IRQHandler,"ax",%progbits
 780              		.align	1
 781              		.global	HAL_EXTI_IRQHandler
 782              		.syntax unified
 783              		.code	16
 784              		.thumb_func
 785              		.fpu softvfp
ARM GAS  C:\Users\Vulca\AppData\Local\Temp\ccw46spm.s 			page 22


 787              	HAL_EXTI_IRQHandler:
 788              	.LFB45:
 423:Drivers/STM32F0xx_HAL_Driver/Src/stm32f0xx_hal_exti.c **** 
 424:Drivers/STM32F0xx_HAL_Driver/Src/stm32f0xx_hal_exti.c **** /**
 425:Drivers/STM32F0xx_HAL_Driver/Src/stm32f0xx_hal_exti.c ****   * @}
 426:Drivers/STM32F0xx_HAL_Driver/Src/stm32f0xx_hal_exti.c ****   */
 427:Drivers/STM32F0xx_HAL_Driver/Src/stm32f0xx_hal_exti.c **** 
 428:Drivers/STM32F0xx_HAL_Driver/Src/stm32f0xx_hal_exti.c **** /** @addtogroup EXTI_Exported_Functions_Group2
 429:Drivers/STM32F0xx_HAL_Driver/Src/stm32f0xx_hal_exti.c ****   *  @brief EXTI IO functions.
 430:Drivers/STM32F0xx_HAL_Driver/Src/stm32f0xx_hal_exti.c ****   *
 431:Drivers/STM32F0xx_HAL_Driver/Src/stm32f0xx_hal_exti.c **** @verbatim
 432:Drivers/STM32F0xx_HAL_Driver/Src/stm32f0xx_hal_exti.c ****  ===============================================================================
 433:Drivers/STM32F0xx_HAL_Driver/Src/stm32f0xx_hal_exti.c ****                        ##### IO operation functions #####
 434:Drivers/STM32F0xx_HAL_Driver/Src/stm32f0xx_hal_exti.c ****  ===============================================================================
 435:Drivers/STM32F0xx_HAL_Driver/Src/stm32f0xx_hal_exti.c **** 
 436:Drivers/STM32F0xx_HAL_Driver/Src/stm32f0xx_hal_exti.c **** @endverbatim
 437:Drivers/STM32F0xx_HAL_Driver/Src/stm32f0xx_hal_exti.c ****   * @{
 438:Drivers/STM32F0xx_HAL_Driver/Src/stm32f0xx_hal_exti.c ****   */
 439:Drivers/STM32F0xx_HAL_Driver/Src/stm32f0xx_hal_exti.c **** 
 440:Drivers/STM32F0xx_HAL_Driver/Src/stm32f0xx_hal_exti.c **** /**
 441:Drivers/STM32F0xx_HAL_Driver/Src/stm32f0xx_hal_exti.c ****   * @brief  Handle EXTI interrupt request.
 442:Drivers/STM32F0xx_HAL_Driver/Src/stm32f0xx_hal_exti.c ****   * @param  hexti Exti handle.
 443:Drivers/STM32F0xx_HAL_Driver/Src/stm32f0xx_hal_exti.c ****   * @retval none.
 444:Drivers/STM32F0xx_HAL_Driver/Src/stm32f0xx_hal_exti.c ****   */
 445:Drivers/STM32F0xx_HAL_Driver/Src/stm32f0xx_hal_exti.c **** void HAL_EXTI_IRQHandler(EXTI_HandleTypeDef *hexti)
 446:Drivers/STM32F0xx_HAL_Driver/Src/stm32f0xx_hal_exti.c **** {
 789              		.loc 1 446 1
 790              		.cfi_startproc
 791              		@ args = 0, pretend = 0, frame = 16
 792              		@ frame_needed = 1, uses_anonymous_args = 0
 793 0000 80B5     		push	{r7, lr}
 794              	.LCFI15:
 795              		.cfi_def_cfa_offset 8
 796              		.cfi_offset 7, -8
 797              		.cfi_offset 14, -4
 798 0002 84B0     		sub	sp, sp, #16
 799              	.LCFI16:
 800              		.cfi_def_cfa_offset 24
 801 0004 00AF     		add	r7, sp, #0
 802              	.LCFI17:
 803              		.cfi_def_cfa_register 7
 804 0006 7860     		str	r0, [r7, #4]
 447:Drivers/STM32F0xx_HAL_Driver/Src/stm32f0xx_hal_exti.c ****   uint32_t regval;
 448:Drivers/STM32F0xx_HAL_Driver/Src/stm32f0xx_hal_exti.c ****   uint32_t maskline;
 449:Drivers/STM32F0xx_HAL_Driver/Src/stm32f0xx_hal_exti.c **** 
 450:Drivers/STM32F0xx_HAL_Driver/Src/stm32f0xx_hal_exti.c ****   /* Compute line mask */
 451:Drivers/STM32F0xx_HAL_Driver/Src/stm32f0xx_hal_exti.c ****   maskline = (1uL << (hexti->Line & EXTI_PIN_MASK));
 805              		.loc 1 451 28
 806 0008 7B68     		ldr	r3, [r7, #4]
 807 000a 1B68     		ldr	r3, [r3]
 808              		.loc 1 451 35
 809 000c 1F22     		movs	r2, #31
 810 000e 1340     		ands	r3, r2
 811              		.loc 1 451 12
 812 0010 0122     		movs	r2, #1
 813 0012 9A40     		lsls	r2, r2, r3
 814 0014 1300     		movs	r3, r2
ARM GAS  C:\Users\Vulca\AppData\Local\Temp\ccw46spm.s 			page 23


 815 0016 FB60     		str	r3, [r7, #12]
 452:Drivers/STM32F0xx_HAL_Driver/Src/stm32f0xx_hal_exti.c **** 
 453:Drivers/STM32F0xx_HAL_Driver/Src/stm32f0xx_hal_exti.c ****   /* Get pending bit  */
 454:Drivers/STM32F0xx_HAL_Driver/Src/stm32f0xx_hal_exti.c ****   regval = (EXTI->PR & maskline);
 816              		.loc 1 454 17
 817 0018 0A4B     		ldr	r3, .L47
 818 001a 5A69     		ldr	r2, [r3, #20]
 819              		.loc 1 454 10
 820 001c FB68     		ldr	r3, [r7, #12]
 821 001e 1340     		ands	r3, r2
 822 0020 BB60     		str	r3, [r7, #8]
 455:Drivers/STM32F0xx_HAL_Driver/Src/stm32f0xx_hal_exti.c ****   if (regval != 0x00u)
 823              		.loc 1 455 6
 824 0022 BB68     		ldr	r3, [r7, #8]
 825 0024 002B     		cmp	r3, #0
 826 0026 09D0     		beq	.L46
 456:Drivers/STM32F0xx_HAL_Driver/Src/stm32f0xx_hal_exti.c ****   {
 457:Drivers/STM32F0xx_HAL_Driver/Src/stm32f0xx_hal_exti.c ****     /* Clear pending bit */
 458:Drivers/STM32F0xx_HAL_Driver/Src/stm32f0xx_hal_exti.c ****     EXTI->PR = maskline;
 827              		.loc 1 458 9
 828 0028 064B     		ldr	r3, .L47
 829              		.loc 1 458 14
 830 002a FA68     		ldr	r2, [r7, #12]
 831 002c 5A61     		str	r2, [r3, #20]
 459:Drivers/STM32F0xx_HAL_Driver/Src/stm32f0xx_hal_exti.c **** 
 460:Drivers/STM32F0xx_HAL_Driver/Src/stm32f0xx_hal_exti.c ****     /* Call callback */
 461:Drivers/STM32F0xx_HAL_Driver/Src/stm32f0xx_hal_exti.c ****     if (hexti->PendingCallback != NULL)
 832              		.loc 1 461 14
 833 002e 7B68     		ldr	r3, [r7, #4]
 834 0030 5B68     		ldr	r3, [r3, #4]
 835              		.loc 1 461 8
 836 0032 002B     		cmp	r3, #0
 837 0034 02D0     		beq	.L46
 462:Drivers/STM32F0xx_HAL_Driver/Src/stm32f0xx_hal_exti.c ****     {
 463:Drivers/STM32F0xx_HAL_Driver/Src/stm32f0xx_hal_exti.c ****       hexti->PendingCallback();
 838              		.loc 1 463 12
 839 0036 7B68     		ldr	r3, [r7, #4]
 840 0038 5B68     		ldr	r3, [r3, #4]
 841              		.loc 1 463 7
 842 003a 9847     		blx	r3
 843              	.LVL0:
 844              	.L46:
 464:Drivers/STM32F0xx_HAL_Driver/Src/stm32f0xx_hal_exti.c ****     }
 465:Drivers/STM32F0xx_HAL_Driver/Src/stm32f0xx_hal_exti.c ****   }
 466:Drivers/STM32F0xx_HAL_Driver/Src/stm32f0xx_hal_exti.c **** }
 845              		.loc 1 466 1
 846 003c C046     		nop
 847 003e BD46     		mov	sp, r7
 848 0040 04B0     		add	sp, sp, #16
 849              		@ sp needed
 850 0042 80BD     		pop	{r7, pc}
 851              	.L48:
 852              		.align	2
 853              	.L47:
 854 0044 00040140 		.word	1073808384
 855              		.cfi_endproc
 856              	.LFE45:
ARM GAS  C:\Users\Vulca\AppData\Local\Temp\ccw46spm.s 			page 24


 858              		.section	.text.HAL_EXTI_GetPending,"ax",%progbits
 859              		.align	1
 860              		.global	HAL_EXTI_GetPending
 861              		.syntax unified
 862              		.code	16
 863              		.thumb_func
 864              		.fpu softvfp
 866              	HAL_EXTI_GetPending:
 867              	.LFB46:
 467:Drivers/STM32F0xx_HAL_Driver/Src/stm32f0xx_hal_exti.c **** 
 468:Drivers/STM32F0xx_HAL_Driver/Src/stm32f0xx_hal_exti.c **** /**
 469:Drivers/STM32F0xx_HAL_Driver/Src/stm32f0xx_hal_exti.c ****   * @brief  Get interrupt pending bit of a dedicated line.
 470:Drivers/STM32F0xx_HAL_Driver/Src/stm32f0xx_hal_exti.c ****   * @param  hexti Exti handle.
 471:Drivers/STM32F0xx_HAL_Driver/Src/stm32f0xx_hal_exti.c ****   * @param  Edge Specify which pending edge as to be checked.
 472:Drivers/STM32F0xx_HAL_Driver/Src/stm32f0xx_hal_exti.c ****   *         This parameter can be one of the following values:
 473:Drivers/STM32F0xx_HAL_Driver/Src/stm32f0xx_hal_exti.c ****   *           @arg @ref EXTI_TRIGGER_RISING_FALLING
 474:Drivers/STM32F0xx_HAL_Driver/Src/stm32f0xx_hal_exti.c ****   *         This parameter is kept for compatibility with other series.
 475:Drivers/STM32F0xx_HAL_Driver/Src/stm32f0xx_hal_exti.c ****   * @retval 1 if interrupt is pending else 0.
 476:Drivers/STM32F0xx_HAL_Driver/Src/stm32f0xx_hal_exti.c ****   */
 477:Drivers/STM32F0xx_HAL_Driver/Src/stm32f0xx_hal_exti.c **** uint32_t HAL_EXTI_GetPending(EXTI_HandleTypeDef *hexti, uint32_t Edge)
 478:Drivers/STM32F0xx_HAL_Driver/Src/stm32f0xx_hal_exti.c **** {
 868              		.loc 1 478 1
 869              		.cfi_startproc
 870              		@ args = 0, pretend = 0, frame = 24
 871              		@ frame_needed = 1, uses_anonymous_args = 0
 872 0000 80B5     		push	{r7, lr}
 873              	.LCFI18:
 874              		.cfi_def_cfa_offset 8
 875              		.cfi_offset 7, -8
 876              		.cfi_offset 14, -4
 877 0002 86B0     		sub	sp, sp, #24
 878              	.LCFI19:
 879              		.cfi_def_cfa_offset 32
 880 0004 00AF     		add	r7, sp, #0
 881              	.LCFI20:
 882              		.cfi_def_cfa_register 7
 883 0006 7860     		str	r0, [r7, #4]
 884 0008 3960     		str	r1, [r7]
 479:Drivers/STM32F0xx_HAL_Driver/Src/stm32f0xx_hal_exti.c ****   uint32_t regval;
 480:Drivers/STM32F0xx_HAL_Driver/Src/stm32f0xx_hal_exti.c ****   uint32_t linepos;
 481:Drivers/STM32F0xx_HAL_Driver/Src/stm32f0xx_hal_exti.c ****   uint32_t maskline;
 482:Drivers/STM32F0xx_HAL_Driver/Src/stm32f0xx_hal_exti.c **** 
 483:Drivers/STM32F0xx_HAL_Driver/Src/stm32f0xx_hal_exti.c ****   /* Check parameters */
 484:Drivers/STM32F0xx_HAL_Driver/Src/stm32f0xx_hal_exti.c ****   assert_param(IS_EXTI_LINE(hexti->Line));
 485:Drivers/STM32F0xx_HAL_Driver/Src/stm32f0xx_hal_exti.c ****   assert_param(IS_EXTI_CONFIG_LINE(hexti->Line));
 486:Drivers/STM32F0xx_HAL_Driver/Src/stm32f0xx_hal_exti.c ****   assert_param(IS_EXTI_PENDING_EDGE(Edge));
 487:Drivers/STM32F0xx_HAL_Driver/Src/stm32f0xx_hal_exti.c **** 
 488:Drivers/STM32F0xx_HAL_Driver/Src/stm32f0xx_hal_exti.c ****   /* Compute line mask */
 489:Drivers/STM32F0xx_HAL_Driver/Src/stm32f0xx_hal_exti.c ****   linepos = (hexti->Line & EXTI_PIN_MASK);
 885              		.loc 1 489 19
 886 000a 7B68     		ldr	r3, [r7, #4]
 887 000c 1B68     		ldr	r3, [r3]
 888              		.loc 1 489 11
 889 000e 1F22     		movs	r2, #31
 890 0010 1340     		ands	r3, r2
 891 0012 7B61     		str	r3, [r7, #20]
 490:Drivers/STM32F0xx_HAL_Driver/Src/stm32f0xx_hal_exti.c ****   maskline = (1uL << linepos);
ARM GAS  C:\Users\Vulca\AppData\Local\Temp\ccw46spm.s 			page 25


 892              		.loc 1 490 12
 893 0014 0122     		movs	r2, #1
 894 0016 7B69     		ldr	r3, [r7, #20]
 895 0018 9A40     		lsls	r2, r2, r3
 896 001a 1300     		movs	r3, r2
 897 001c 3B61     		str	r3, [r7, #16]
 491:Drivers/STM32F0xx_HAL_Driver/Src/stm32f0xx_hal_exti.c **** 
 492:Drivers/STM32F0xx_HAL_Driver/Src/stm32f0xx_hal_exti.c ****   /* return 1 if bit is set else 0 */
 493:Drivers/STM32F0xx_HAL_Driver/Src/stm32f0xx_hal_exti.c ****   regval = ((EXTI->PR & maskline) >> linepos);
 898              		.loc 1 493 18
 899 001e 064B     		ldr	r3, .L51
 900 0020 5B69     		ldr	r3, [r3, #20]
 901              		.loc 1 493 23
 902 0022 3A69     		ldr	r2, [r7, #16]
 903 0024 1A40     		ands	r2, r3
 904              		.loc 1 493 10
 905 0026 7B69     		ldr	r3, [r7, #20]
 906 0028 DA40     		lsrs	r2, r2, r3
 907 002a 1300     		movs	r3, r2
 908 002c FB60     		str	r3, [r7, #12]
 494:Drivers/STM32F0xx_HAL_Driver/Src/stm32f0xx_hal_exti.c ****   return regval;
 909              		.loc 1 494 10
 910 002e FB68     		ldr	r3, [r7, #12]
 495:Drivers/STM32F0xx_HAL_Driver/Src/stm32f0xx_hal_exti.c **** }
 911              		.loc 1 495 1
 912 0030 1800     		movs	r0, r3
 913 0032 BD46     		mov	sp, r7
 914 0034 06B0     		add	sp, sp, #24
 915              		@ sp needed
 916 0036 80BD     		pop	{r7, pc}
 917              	.L52:
 918              		.align	2
 919              	.L51:
 920 0038 00040140 		.word	1073808384
 921              		.cfi_endproc
 922              	.LFE46:
 924              		.section	.text.HAL_EXTI_ClearPending,"ax",%progbits
 925              		.align	1
 926              		.global	HAL_EXTI_ClearPending
 927              		.syntax unified
 928              		.code	16
 929              		.thumb_func
 930              		.fpu softvfp
 932              	HAL_EXTI_ClearPending:
 933              	.LFB47:
 496:Drivers/STM32F0xx_HAL_Driver/Src/stm32f0xx_hal_exti.c **** 
 497:Drivers/STM32F0xx_HAL_Driver/Src/stm32f0xx_hal_exti.c **** /**
 498:Drivers/STM32F0xx_HAL_Driver/Src/stm32f0xx_hal_exti.c ****   * @brief  Clear interrupt pending bit of a dedicated line.
 499:Drivers/STM32F0xx_HAL_Driver/Src/stm32f0xx_hal_exti.c ****   * @param  hexti Exti handle.
 500:Drivers/STM32F0xx_HAL_Driver/Src/stm32f0xx_hal_exti.c ****   * @param  Edge Specify which pending edge as to be clear.
 501:Drivers/STM32F0xx_HAL_Driver/Src/stm32f0xx_hal_exti.c ****   *         This parameter can be one of the following values:
 502:Drivers/STM32F0xx_HAL_Driver/Src/stm32f0xx_hal_exti.c ****   *           @arg @ref EXTI_TRIGGER_RISING_FALLING
 503:Drivers/STM32F0xx_HAL_Driver/Src/stm32f0xx_hal_exti.c ****   *         This parameter is kept for compatibility with other series.
 504:Drivers/STM32F0xx_HAL_Driver/Src/stm32f0xx_hal_exti.c ****   * @retval None.
 505:Drivers/STM32F0xx_HAL_Driver/Src/stm32f0xx_hal_exti.c ****   */
 506:Drivers/STM32F0xx_HAL_Driver/Src/stm32f0xx_hal_exti.c **** void HAL_EXTI_ClearPending(EXTI_HandleTypeDef *hexti, uint32_t Edge)
 507:Drivers/STM32F0xx_HAL_Driver/Src/stm32f0xx_hal_exti.c **** {
ARM GAS  C:\Users\Vulca\AppData\Local\Temp\ccw46spm.s 			page 26


 934              		.loc 1 507 1
 935              		.cfi_startproc
 936              		@ args = 0, pretend = 0, frame = 16
 937              		@ frame_needed = 1, uses_anonymous_args = 0
 938 0000 80B5     		push	{r7, lr}
 939              	.LCFI21:
 940              		.cfi_def_cfa_offset 8
 941              		.cfi_offset 7, -8
 942              		.cfi_offset 14, -4
 943 0002 84B0     		sub	sp, sp, #16
 944              	.LCFI22:
 945              		.cfi_def_cfa_offset 24
 946 0004 00AF     		add	r7, sp, #0
 947              	.LCFI23:
 948              		.cfi_def_cfa_register 7
 949 0006 7860     		str	r0, [r7, #4]
 950 0008 3960     		str	r1, [r7]
 508:Drivers/STM32F0xx_HAL_Driver/Src/stm32f0xx_hal_exti.c ****   uint32_t maskline;
 509:Drivers/STM32F0xx_HAL_Driver/Src/stm32f0xx_hal_exti.c **** 
 510:Drivers/STM32F0xx_HAL_Driver/Src/stm32f0xx_hal_exti.c ****   /* Check parameters */
 511:Drivers/STM32F0xx_HAL_Driver/Src/stm32f0xx_hal_exti.c ****   assert_param(IS_EXTI_LINE(hexti->Line));
 512:Drivers/STM32F0xx_HAL_Driver/Src/stm32f0xx_hal_exti.c ****   assert_param(IS_EXTI_CONFIG_LINE(hexti->Line));
 513:Drivers/STM32F0xx_HAL_Driver/Src/stm32f0xx_hal_exti.c ****   assert_param(IS_EXTI_PENDING_EDGE(Edge));
 514:Drivers/STM32F0xx_HAL_Driver/Src/stm32f0xx_hal_exti.c **** 
 515:Drivers/STM32F0xx_HAL_Driver/Src/stm32f0xx_hal_exti.c ****   /* Compute line mask */
 516:Drivers/STM32F0xx_HAL_Driver/Src/stm32f0xx_hal_exti.c ****   maskline = (1uL << (hexti->Line & EXTI_PIN_MASK));
 951              		.loc 1 516 28
 952 000a 7B68     		ldr	r3, [r7, #4]
 953 000c 1B68     		ldr	r3, [r3]
 954              		.loc 1 516 35
 955 000e 1F22     		movs	r2, #31
 956 0010 1340     		ands	r3, r2
 957              		.loc 1 516 12
 958 0012 0122     		movs	r2, #1
 959 0014 9A40     		lsls	r2, r2, r3
 960 0016 1300     		movs	r3, r2
 961 0018 FB60     		str	r3, [r7, #12]
 517:Drivers/STM32F0xx_HAL_Driver/Src/stm32f0xx_hal_exti.c **** 
 518:Drivers/STM32F0xx_HAL_Driver/Src/stm32f0xx_hal_exti.c ****   /* Clear Pending bit */
 519:Drivers/STM32F0xx_HAL_Driver/Src/stm32f0xx_hal_exti.c ****   EXTI->PR =  maskline;
 962              		.loc 1 519 7
 963 001a 034B     		ldr	r3, .L54
 964              		.loc 1 519 12
 965 001c FA68     		ldr	r2, [r7, #12]
 966 001e 5A61     		str	r2, [r3, #20]
 520:Drivers/STM32F0xx_HAL_Driver/Src/stm32f0xx_hal_exti.c **** }
 967              		.loc 1 520 1
 968 0020 C046     		nop
 969 0022 BD46     		mov	sp, r7
 970 0024 04B0     		add	sp, sp, #16
 971              		@ sp needed
 972 0026 80BD     		pop	{r7, pc}
 973              	.L55:
 974              		.align	2
 975              	.L54:
 976 0028 00040140 		.word	1073808384
 977              		.cfi_endproc
ARM GAS  C:\Users\Vulca\AppData\Local\Temp\ccw46spm.s 			page 27


 978              	.LFE47:
 980              		.section	.text.HAL_EXTI_GenerateSWI,"ax",%progbits
 981              		.align	1
 982              		.global	HAL_EXTI_GenerateSWI
 983              		.syntax unified
 984              		.code	16
 985              		.thumb_func
 986              		.fpu softvfp
 988              	HAL_EXTI_GenerateSWI:
 989              	.LFB48:
 521:Drivers/STM32F0xx_HAL_Driver/Src/stm32f0xx_hal_exti.c **** 
 522:Drivers/STM32F0xx_HAL_Driver/Src/stm32f0xx_hal_exti.c **** /**
 523:Drivers/STM32F0xx_HAL_Driver/Src/stm32f0xx_hal_exti.c ****   * @brief  Generate a software interrupt for a dedicated line.
 524:Drivers/STM32F0xx_HAL_Driver/Src/stm32f0xx_hal_exti.c ****   * @param  hexti Exti handle.
 525:Drivers/STM32F0xx_HAL_Driver/Src/stm32f0xx_hal_exti.c ****   * @retval None.
 526:Drivers/STM32F0xx_HAL_Driver/Src/stm32f0xx_hal_exti.c ****   */
 527:Drivers/STM32F0xx_HAL_Driver/Src/stm32f0xx_hal_exti.c **** void HAL_EXTI_GenerateSWI(EXTI_HandleTypeDef *hexti)
 528:Drivers/STM32F0xx_HAL_Driver/Src/stm32f0xx_hal_exti.c **** {
 990              		.loc 1 528 1
 991              		.cfi_startproc
 992              		@ args = 0, pretend = 0, frame = 16
 993              		@ frame_needed = 1, uses_anonymous_args = 0
 994 0000 80B5     		push	{r7, lr}
 995              	.LCFI24:
 996              		.cfi_def_cfa_offset 8
 997              		.cfi_offset 7, -8
 998              		.cfi_offset 14, -4
 999 0002 84B0     		sub	sp, sp, #16
 1000              	.LCFI25:
 1001              		.cfi_def_cfa_offset 24
 1002 0004 00AF     		add	r7, sp, #0
 1003              	.LCFI26:
 1004              		.cfi_def_cfa_register 7
 1005 0006 7860     		str	r0, [r7, #4]
 529:Drivers/STM32F0xx_HAL_Driver/Src/stm32f0xx_hal_exti.c ****   uint32_t maskline;
 530:Drivers/STM32F0xx_HAL_Driver/Src/stm32f0xx_hal_exti.c **** 
 531:Drivers/STM32F0xx_HAL_Driver/Src/stm32f0xx_hal_exti.c ****   /* Check parameters */
 532:Drivers/STM32F0xx_HAL_Driver/Src/stm32f0xx_hal_exti.c ****   assert_param(IS_EXTI_LINE(hexti->Line));
 533:Drivers/STM32F0xx_HAL_Driver/Src/stm32f0xx_hal_exti.c ****   assert_param(IS_EXTI_CONFIG_LINE(hexti->Line));
 534:Drivers/STM32F0xx_HAL_Driver/Src/stm32f0xx_hal_exti.c **** 
 535:Drivers/STM32F0xx_HAL_Driver/Src/stm32f0xx_hal_exti.c ****   /* Compute line mask */
 536:Drivers/STM32F0xx_HAL_Driver/Src/stm32f0xx_hal_exti.c ****   maskline = (1uL << (hexti->Line & EXTI_PIN_MASK));
 1006              		.loc 1 536 28
 1007 0008 7B68     		ldr	r3, [r7, #4]
 1008 000a 1B68     		ldr	r3, [r3]
 1009              		.loc 1 536 35
 1010 000c 1F22     		movs	r2, #31
 1011 000e 1340     		ands	r3, r2
 1012              		.loc 1 536 12
 1013 0010 0122     		movs	r2, #1
 1014 0012 9A40     		lsls	r2, r2, r3
 1015 0014 1300     		movs	r3, r2
 1016 0016 FB60     		str	r3, [r7, #12]
 537:Drivers/STM32F0xx_HAL_Driver/Src/stm32f0xx_hal_exti.c **** 
 538:Drivers/STM32F0xx_HAL_Driver/Src/stm32f0xx_hal_exti.c ****   /* Generate Software interrupt */
 539:Drivers/STM32F0xx_HAL_Driver/Src/stm32f0xx_hal_exti.c ****   EXTI->SWIER = maskline;
 1017              		.loc 1 539 7
ARM GAS  C:\Users\Vulca\AppData\Local\Temp\ccw46spm.s 			page 28


 1018 0018 034B     		ldr	r3, .L57
 1019              		.loc 1 539 15
 1020 001a FA68     		ldr	r2, [r7, #12]
 1021 001c 1A61     		str	r2, [r3, #16]
 540:Drivers/STM32F0xx_HAL_Driver/Src/stm32f0xx_hal_exti.c **** }
 1022              		.loc 1 540 1
 1023 001e C046     		nop
 1024 0020 BD46     		mov	sp, r7
 1025 0022 04B0     		add	sp, sp, #16
 1026              		@ sp needed
 1027 0024 80BD     		pop	{r7, pc}
 1028              	.L58:
 1029 0026 C046     		.align	2
 1030              	.L57:
 1031 0028 00040140 		.word	1073808384
 1032              		.cfi_endproc
 1033              	.LFE48:
 1035              		.text
 1036              	.Letext0:
 1037              		.file 2 "c:\\program files (x86)\\gnu tools arm embedded\\9 2019-q4-major\\arm-none-eabi\\include\
 1038              		.file 3 "c:\\program files (x86)\\gnu tools arm embedded\\9 2019-q4-major\\arm-none-eabi\\include\
 1039              		.file 4 "Drivers/CMSIS/Device/ST/STM32F0xx/Include/system_stm32f0xx.h"
 1040              		.file 5 "Drivers/CMSIS/Device/ST/STM32F0xx/Include/stm32f091xc.h"
 1041              		.file 6 "Drivers/STM32F0xx_HAL_Driver/Inc/stm32f0xx_hal_def.h"
 1042              		.file 7 "Drivers/STM32F0xx_HAL_Driver/Inc/stm32f0xx_hal_exti.h"
 1043              		.file 8 "Drivers/STM32F0xx_HAL_Driver/Inc/stm32f0xx_hal.h"
ARM GAS  C:\Users\Vulca\AppData\Local\Temp\ccw46spm.s 			page 29


DEFINED SYMBOLS
                            *ABS*:00000000 stm32f0xx_hal_exti.c
C:\Users\Vulca\AppData\Local\Temp\ccw46spm.s:16     .text.HAL_EXTI_SetConfigLine:00000000 $t
C:\Users\Vulca\AppData\Local\Temp\ccw46spm.s:24     .text.HAL_EXTI_SetConfigLine:00000000 HAL_EXTI_SetConfigLine
C:\Users\Vulca\AppData\Local\Temp\ccw46spm.s:274    .text.HAL_EXTI_SetConfigLine:00000140 $d
C:\Users\Vulca\AppData\Local\Temp\ccw46spm.s:280    .text.HAL_EXTI_GetConfigLine:00000000 $t
C:\Users\Vulca\AppData\Local\Temp\ccw46spm.s:287    .text.HAL_EXTI_GetConfigLine:00000000 HAL_EXTI_GetConfigLine
C:\Users\Vulca\AppData\Local\Temp\ccw46spm.s:484    .text.HAL_EXTI_GetConfigLine:000000f4 $d
C:\Users\Vulca\AppData\Local\Temp\ccw46spm.s:490    .text.HAL_EXTI_ClearConfigLine:00000000 $t
C:\Users\Vulca\AppData\Local\Temp\ccw46spm.s:497    .text.HAL_EXTI_ClearConfigLine:00000000 HAL_EXTI_ClearConfigLine
C:\Users\Vulca\AppData\Local\Temp\ccw46spm.s:654    .text.HAL_EXTI_ClearConfigLine:000000b8 $d
C:\Users\Vulca\AppData\Local\Temp\ccw46spm.s:660    .text.HAL_EXTI_RegisterCallback:00000000 $t
C:\Users\Vulca\AppData\Local\Temp\ccw46spm.s:667    .text.HAL_EXTI_RegisterCallback:00000000 HAL_EXTI_RegisterCallback
C:\Users\Vulca\AppData\Local\Temp\ccw46spm.s:729    .text.HAL_EXTI_GetHandle:00000000 $t
C:\Users\Vulca\AppData\Local\Temp\ccw46spm.s:736    .text.HAL_EXTI_GetHandle:00000000 HAL_EXTI_GetHandle
C:\Users\Vulca\AppData\Local\Temp\ccw46spm.s:780    .text.HAL_EXTI_IRQHandler:00000000 $t
C:\Users\Vulca\AppData\Local\Temp\ccw46spm.s:787    .text.HAL_EXTI_IRQHandler:00000000 HAL_EXTI_IRQHandler
C:\Users\Vulca\AppData\Local\Temp\ccw46spm.s:854    .text.HAL_EXTI_IRQHandler:00000044 $d
C:\Users\Vulca\AppData\Local\Temp\ccw46spm.s:859    .text.HAL_EXTI_GetPending:00000000 $t
C:\Users\Vulca\AppData\Local\Temp\ccw46spm.s:866    .text.HAL_EXTI_GetPending:00000000 HAL_EXTI_GetPending
C:\Users\Vulca\AppData\Local\Temp\ccw46spm.s:920    .text.HAL_EXTI_GetPending:00000038 $d
C:\Users\Vulca\AppData\Local\Temp\ccw46spm.s:925    .text.HAL_EXTI_ClearPending:00000000 $t
C:\Users\Vulca\AppData\Local\Temp\ccw46spm.s:932    .text.HAL_EXTI_ClearPending:00000000 HAL_EXTI_ClearPending
C:\Users\Vulca\AppData\Local\Temp\ccw46spm.s:976    .text.HAL_EXTI_ClearPending:00000028 $d
C:\Users\Vulca\AppData\Local\Temp\ccw46spm.s:981    .text.HAL_EXTI_GenerateSWI:00000000 $t
C:\Users\Vulca\AppData\Local\Temp\ccw46spm.s:988    .text.HAL_EXTI_GenerateSWI:00000000 HAL_EXTI_GenerateSWI
C:\Users\Vulca\AppData\Local\Temp\ccw46spm.s:1031   .text.HAL_EXTI_GenerateSWI:00000028 $d

NO UNDEFINED SYMBOLS
