ARM GAS  C:\Users\Vulca\AppData\Local\Temp\cc5As8dS.s 			page 1


   1              		.cpu cortex-m0
   2              		.eabi_attribute 20, 1
   3              		.eabi_attribute 21, 1
   4              		.eabi_attribute 23, 3
   5              		.eabi_attribute 24, 1
   6              		.eabi_attribute 25, 1
   7              		.eabi_attribute 26, 1
   8              		.eabi_attribute 30, 6
   9              		.eabi_attribute 34, 0
  10              		.eabi_attribute 18, 4
  11              		.file	"stm32f0xx_hal.c"
  12              		.text
  13              	.Ltext0:
  14              		.cfi_sections	.debug_frame
  15              		.comm	uwTick,4,4
  16              		.global	uwTickPrio
  17              		.section	.data.uwTickPrio,"aw"
  18              		.align	2
  21              	uwTickPrio:
  22 0000 04000000 		.word	4
  23              		.global	uwTickFreq
  24              		.section	.data.uwTickFreq,"aw"
  27              	uwTickFreq:
  28 0000 01       		.byte	1
  29              		.section	.text.HAL_Init,"ax",%progbits
  30              		.align	1
  31              		.global	HAL_Init
  32              		.arch armv6s-m
  33              		.syntax unified
  34              		.code	16
  35              		.thumb_func
  36              		.fpu softvfp
  38              	HAL_Init:
  39              	.LFB40:
  40              		.file 1 "Drivers/STM32F0xx_HAL_Driver/Src/stm32f0xx_hal.c"
   1:Drivers/STM32F0xx_HAL_Driver/Src/stm32f0xx_hal.c **** /**
   2:Drivers/STM32F0xx_HAL_Driver/Src/stm32f0xx_hal.c ****   ******************************************************************************
   3:Drivers/STM32F0xx_HAL_Driver/Src/stm32f0xx_hal.c ****   * @file    stm32f0xx_hal.c
   4:Drivers/STM32F0xx_HAL_Driver/Src/stm32f0xx_hal.c ****   * @author  MCD Application Team
   5:Drivers/STM32F0xx_HAL_Driver/Src/stm32f0xx_hal.c ****   * @brief   HAL module driver.
   6:Drivers/STM32F0xx_HAL_Driver/Src/stm32f0xx_hal.c ****   *          This is the common part of the HAL initialization
   7:Drivers/STM32F0xx_HAL_Driver/Src/stm32f0xx_hal.c ****   *
   8:Drivers/STM32F0xx_HAL_Driver/Src/stm32f0xx_hal.c ****   @verbatim
   9:Drivers/STM32F0xx_HAL_Driver/Src/stm32f0xx_hal.c ****   ==============================================================================
  10:Drivers/STM32F0xx_HAL_Driver/Src/stm32f0xx_hal.c ****                      ##### How to use this driver #####
  11:Drivers/STM32F0xx_HAL_Driver/Src/stm32f0xx_hal.c ****   ==============================================================================
  12:Drivers/STM32F0xx_HAL_Driver/Src/stm32f0xx_hal.c ****     [..]
  13:Drivers/STM32F0xx_HAL_Driver/Src/stm32f0xx_hal.c ****     The common HAL driver contains a set of generic and common APIs that can be
  14:Drivers/STM32F0xx_HAL_Driver/Src/stm32f0xx_hal.c ****     used by the PPP peripheral drivers and the user to start using the HAL. 
  15:Drivers/STM32F0xx_HAL_Driver/Src/stm32f0xx_hal.c ****     [..]
  16:Drivers/STM32F0xx_HAL_Driver/Src/stm32f0xx_hal.c ****     The HAL contains two APIs categories:
  17:Drivers/STM32F0xx_HAL_Driver/Src/stm32f0xx_hal.c ****          (+) HAL Initialization and de-initialization functions
  18:Drivers/STM32F0xx_HAL_Driver/Src/stm32f0xx_hal.c ****          (+) HAL Control functions
  19:Drivers/STM32F0xx_HAL_Driver/Src/stm32f0xx_hal.c **** 
  20:Drivers/STM32F0xx_HAL_Driver/Src/stm32f0xx_hal.c ****   @endverbatim
  21:Drivers/STM32F0xx_HAL_Driver/Src/stm32f0xx_hal.c ****   ******************************************************************************
  22:Drivers/STM32F0xx_HAL_Driver/Src/stm32f0xx_hal.c ****   * @attention
ARM GAS  C:\Users\Vulca\AppData\Local\Temp\cc5As8dS.s 			page 2


  23:Drivers/STM32F0xx_HAL_Driver/Src/stm32f0xx_hal.c ****   *
  24:Drivers/STM32F0xx_HAL_Driver/Src/stm32f0xx_hal.c ****   * <h2><center>&copy; Copyright (c) 2016 STMicroelectronics.
  25:Drivers/STM32F0xx_HAL_Driver/Src/stm32f0xx_hal.c ****   * All rights reserved.</center></h2>
  26:Drivers/STM32F0xx_HAL_Driver/Src/stm32f0xx_hal.c ****   *
  27:Drivers/STM32F0xx_HAL_Driver/Src/stm32f0xx_hal.c ****   * This software component is licensed by ST under BSD 3-Clause license,
  28:Drivers/STM32F0xx_HAL_Driver/Src/stm32f0xx_hal.c ****   * the "License"; You may not use this file except in compliance with the
  29:Drivers/STM32F0xx_HAL_Driver/Src/stm32f0xx_hal.c ****   * License. You may obtain a copy of the License at:
  30:Drivers/STM32F0xx_HAL_Driver/Src/stm32f0xx_hal.c ****   *                        opensource.org/licenses/BSD-3-Clause
  31:Drivers/STM32F0xx_HAL_Driver/Src/stm32f0xx_hal.c ****   *
  32:Drivers/STM32F0xx_HAL_Driver/Src/stm32f0xx_hal.c ****   ******************************************************************************
  33:Drivers/STM32F0xx_HAL_Driver/Src/stm32f0xx_hal.c ****   */
  34:Drivers/STM32F0xx_HAL_Driver/Src/stm32f0xx_hal.c **** 
  35:Drivers/STM32F0xx_HAL_Driver/Src/stm32f0xx_hal.c **** /* Includes ------------------------------------------------------------------*/
  36:Drivers/STM32F0xx_HAL_Driver/Src/stm32f0xx_hal.c **** #include "stm32f0xx_hal.h"
  37:Drivers/STM32F0xx_HAL_Driver/Src/stm32f0xx_hal.c **** 
  38:Drivers/STM32F0xx_HAL_Driver/Src/stm32f0xx_hal.c **** /** @addtogroup STM32F0xx_HAL_Driver
  39:Drivers/STM32F0xx_HAL_Driver/Src/stm32f0xx_hal.c ****   * @{
  40:Drivers/STM32F0xx_HAL_Driver/Src/stm32f0xx_hal.c ****   */
  41:Drivers/STM32F0xx_HAL_Driver/Src/stm32f0xx_hal.c **** 
  42:Drivers/STM32F0xx_HAL_Driver/Src/stm32f0xx_hal.c **** /** @defgroup HAL HAL
  43:Drivers/STM32F0xx_HAL_Driver/Src/stm32f0xx_hal.c ****   * @brief HAL module driver.
  44:Drivers/STM32F0xx_HAL_Driver/Src/stm32f0xx_hal.c ****   * @{
  45:Drivers/STM32F0xx_HAL_Driver/Src/stm32f0xx_hal.c ****   */
  46:Drivers/STM32F0xx_HAL_Driver/Src/stm32f0xx_hal.c **** 
  47:Drivers/STM32F0xx_HAL_Driver/Src/stm32f0xx_hal.c **** #ifdef HAL_MODULE_ENABLED
  48:Drivers/STM32F0xx_HAL_Driver/Src/stm32f0xx_hal.c **** 
  49:Drivers/STM32F0xx_HAL_Driver/Src/stm32f0xx_hal.c **** /* Private typedef -----------------------------------------------------------*/
  50:Drivers/STM32F0xx_HAL_Driver/Src/stm32f0xx_hal.c **** /* Private define ------------------------------------------------------------*/
  51:Drivers/STM32F0xx_HAL_Driver/Src/stm32f0xx_hal.c **** /** @defgroup HAL_Private_Constants HAL Private Constants
  52:Drivers/STM32F0xx_HAL_Driver/Src/stm32f0xx_hal.c ****   * @{
  53:Drivers/STM32F0xx_HAL_Driver/Src/stm32f0xx_hal.c ****   */
  54:Drivers/STM32F0xx_HAL_Driver/Src/stm32f0xx_hal.c **** /** 
  55:Drivers/STM32F0xx_HAL_Driver/Src/stm32f0xx_hal.c ****   * @brief STM32F0xx HAL Driver version number V1.7.3
  56:Drivers/STM32F0xx_HAL_Driver/Src/stm32f0xx_hal.c ****   */
  57:Drivers/STM32F0xx_HAL_Driver/Src/stm32f0xx_hal.c **** #define __STM32F0xx_HAL_VERSION_MAIN   (0x01U) /*!< [31:24] main version */
  58:Drivers/STM32F0xx_HAL_Driver/Src/stm32f0xx_hal.c **** #define __STM32F0xx_HAL_VERSION_SUB1   (0x07U) /*!< [23:16] sub1 version */
  59:Drivers/STM32F0xx_HAL_Driver/Src/stm32f0xx_hal.c **** #define __STM32F0xx_HAL_VERSION_SUB2   (0x03U) /*!< [15:8]  sub2 version */
  60:Drivers/STM32F0xx_HAL_Driver/Src/stm32f0xx_hal.c **** #define __STM32F0xx_HAL_VERSION_RC     (0x00U) /*!< [7:0]  release candidate */ 
  61:Drivers/STM32F0xx_HAL_Driver/Src/stm32f0xx_hal.c **** #define __STM32F0xx_HAL_VERSION         ((__STM32F0xx_HAL_VERSION_MAIN << 24U)\
  62:Drivers/STM32F0xx_HAL_Driver/Src/stm32f0xx_hal.c ****                                         |(__STM32F0xx_HAL_VERSION_SUB1 << 16U)\
  63:Drivers/STM32F0xx_HAL_Driver/Src/stm32f0xx_hal.c ****                                         |(__STM32F0xx_HAL_VERSION_SUB2 << 8U )\
  64:Drivers/STM32F0xx_HAL_Driver/Src/stm32f0xx_hal.c ****                                         |(__STM32F0xx_HAL_VERSION_RC))
  65:Drivers/STM32F0xx_HAL_Driver/Src/stm32f0xx_hal.c **** 
  66:Drivers/STM32F0xx_HAL_Driver/Src/stm32f0xx_hal.c **** #define IDCODE_DEVID_MASK    (0x00000FFFU)
  67:Drivers/STM32F0xx_HAL_Driver/Src/stm32f0xx_hal.c **** /**
  68:Drivers/STM32F0xx_HAL_Driver/Src/stm32f0xx_hal.c ****   * @}
  69:Drivers/STM32F0xx_HAL_Driver/Src/stm32f0xx_hal.c ****   */
  70:Drivers/STM32F0xx_HAL_Driver/Src/stm32f0xx_hal.c **** 
  71:Drivers/STM32F0xx_HAL_Driver/Src/stm32f0xx_hal.c **** /* Private macro -------------------------------------------------------------*/
  72:Drivers/STM32F0xx_HAL_Driver/Src/stm32f0xx_hal.c **** /** @defgroup HAL_Private_Macros HAL Private Macros
  73:Drivers/STM32F0xx_HAL_Driver/Src/stm32f0xx_hal.c ****   * @{
  74:Drivers/STM32F0xx_HAL_Driver/Src/stm32f0xx_hal.c ****   */
  75:Drivers/STM32F0xx_HAL_Driver/Src/stm32f0xx_hal.c **** /**
  76:Drivers/STM32F0xx_HAL_Driver/Src/stm32f0xx_hal.c ****   * @}
  77:Drivers/STM32F0xx_HAL_Driver/Src/stm32f0xx_hal.c ****   */
  78:Drivers/STM32F0xx_HAL_Driver/Src/stm32f0xx_hal.c **** 
  79:Drivers/STM32F0xx_HAL_Driver/Src/stm32f0xx_hal.c **** /* Exported variables ---------------------------------------------------------*/
ARM GAS  C:\Users\Vulca\AppData\Local\Temp\cc5As8dS.s 			page 3


  80:Drivers/STM32F0xx_HAL_Driver/Src/stm32f0xx_hal.c **** /** @defgroup HAL_Private_Variables HAL Exported Variables
  81:Drivers/STM32F0xx_HAL_Driver/Src/stm32f0xx_hal.c ****   * @{
  82:Drivers/STM32F0xx_HAL_Driver/Src/stm32f0xx_hal.c ****   */
  83:Drivers/STM32F0xx_HAL_Driver/Src/stm32f0xx_hal.c **** __IO uint32_t uwTick;
  84:Drivers/STM32F0xx_HAL_Driver/Src/stm32f0xx_hal.c **** uint32_t uwTickPrio   = (1UL << __NVIC_PRIO_BITS); /* Invalid PRIO */
  85:Drivers/STM32F0xx_HAL_Driver/Src/stm32f0xx_hal.c **** HAL_TickFreqTypeDef uwTickFreq = HAL_TICK_FREQ_DEFAULT;  /* 1KHz */
  86:Drivers/STM32F0xx_HAL_Driver/Src/stm32f0xx_hal.c **** /**
  87:Drivers/STM32F0xx_HAL_Driver/Src/stm32f0xx_hal.c ****   * @}
  88:Drivers/STM32F0xx_HAL_Driver/Src/stm32f0xx_hal.c ****   */
  89:Drivers/STM32F0xx_HAL_Driver/Src/stm32f0xx_hal.c **** /* Private function prototypes -----------------------------------------------*/
  90:Drivers/STM32F0xx_HAL_Driver/Src/stm32f0xx_hal.c **** /* Exported functions ---------------------------------------------------------*/
  91:Drivers/STM32F0xx_HAL_Driver/Src/stm32f0xx_hal.c **** 
  92:Drivers/STM32F0xx_HAL_Driver/Src/stm32f0xx_hal.c **** /** @defgroup HAL_Exported_Functions HAL Exported Functions
  93:Drivers/STM32F0xx_HAL_Driver/Src/stm32f0xx_hal.c ****   * @{
  94:Drivers/STM32F0xx_HAL_Driver/Src/stm32f0xx_hal.c ****   */
  95:Drivers/STM32F0xx_HAL_Driver/Src/stm32f0xx_hal.c **** 
  96:Drivers/STM32F0xx_HAL_Driver/Src/stm32f0xx_hal.c **** /** @defgroup HAL_Exported_Functions_Group1 Initialization and de-initialization Functions 
  97:Drivers/STM32F0xx_HAL_Driver/Src/stm32f0xx_hal.c ****   * @brief    Initialization and de-initialization functions
  98:Drivers/STM32F0xx_HAL_Driver/Src/stm32f0xx_hal.c ****   *
  99:Drivers/STM32F0xx_HAL_Driver/Src/stm32f0xx_hal.c **** @verbatim
 100:Drivers/STM32F0xx_HAL_Driver/Src/stm32f0xx_hal.c ****  ===============================================================================
 101:Drivers/STM32F0xx_HAL_Driver/Src/stm32f0xx_hal.c ****               ##### Initialization and de-initialization functions #####
 102:Drivers/STM32F0xx_HAL_Driver/Src/stm32f0xx_hal.c ****  ===============================================================================
 103:Drivers/STM32F0xx_HAL_Driver/Src/stm32f0xx_hal.c ****    [..]  This section provides functions allowing to:
 104:Drivers/STM32F0xx_HAL_Driver/Src/stm32f0xx_hal.c ****       (+) Initializes the Flash interface, the NVIC allocation and initial clock 
 105:Drivers/STM32F0xx_HAL_Driver/Src/stm32f0xx_hal.c ****           configuration. It initializes the systick also when timeout is needed
 106:Drivers/STM32F0xx_HAL_Driver/Src/stm32f0xx_hal.c ****           and the backup domain when enabled.
 107:Drivers/STM32F0xx_HAL_Driver/Src/stm32f0xx_hal.c ****       (+) de-Initializes common part of the HAL.
 108:Drivers/STM32F0xx_HAL_Driver/Src/stm32f0xx_hal.c ****       (+) Configure The time base source to have 1ms time base with a dedicated
 109:Drivers/STM32F0xx_HAL_Driver/Src/stm32f0xx_hal.c ****           Tick interrupt priority.
 110:Drivers/STM32F0xx_HAL_Driver/Src/stm32f0xx_hal.c ****         (++) SysTick timer is used by default as source of time base, but user
 111:Drivers/STM32F0xx_HAL_Driver/Src/stm32f0xx_hal.c ****              can eventually implement his proper time base source (a general purpose 
 112:Drivers/STM32F0xx_HAL_Driver/Src/stm32f0xx_hal.c ****              timer for example or other time source), keeping in mind that Time base 
 113:Drivers/STM32F0xx_HAL_Driver/Src/stm32f0xx_hal.c ****              duration should be kept 1ms since PPP_TIMEOUT_VALUEs are defined and 
 114:Drivers/STM32F0xx_HAL_Driver/Src/stm32f0xx_hal.c ****              handled in milliseconds basis.
 115:Drivers/STM32F0xx_HAL_Driver/Src/stm32f0xx_hal.c ****         (++) Time base configuration function (HAL_InitTick ()) is called automatically 
 116:Drivers/STM32F0xx_HAL_Driver/Src/stm32f0xx_hal.c ****              at the beginning of the program after reset by HAL_Init() or at any time 
 117:Drivers/STM32F0xx_HAL_Driver/Src/stm32f0xx_hal.c ****              when clock is configured, by HAL_RCC_ClockConfig(). 
 118:Drivers/STM32F0xx_HAL_Driver/Src/stm32f0xx_hal.c ****         (++) Source of time base is configured  to generate interrupts at regular 
 119:Drivers/STM32F0xx_HAL_Driver/Src/stm32f0xx_hal.c ****              time intervals. Care must be taken if HAL_Delay() is called from a 
 120:Drivers/STM32F0xx_HAL_Driver/Src/stm32f0xx_hal.c ****              peripheral ISR process, the Tick interrupt line must have higher priority 
 121:Drivers/STM32F0xx_HAL_Driver/Src/stm32f0xx_hal.c ****             (numerically lower) than the peripheral interrupt. Otherwise the caller 
 122:Drivers/STM32F0xx_HAL_Driver/Src/stm32f0xx_hal.c ****             ISR process will be blocked. 
 123:Drivers/STM32F0xx_HAL_Driver/Src/stm32f0xx_hal.c ****        (++) functions affecting time base configurations are declared as __Weak  
 124:Drivers/STM32F0xx_HAL_Driver/Src/stm32f0xx_hal.c ****              to make  override possible  in case of other  implementations in user file.
 125:Drivers/STM32F0xx_HAL_Driver/Src/stm32f0xx_hal.c ****  
 126:Drivers/STM32F0xx_HAL_Driver/Src/stm32f0xx_hal.c **** @endverbatim
 127:Drivers/STM32F0xx_HAL_Driver/Src/stm32f0xx_hal.c ****   * @{
 128:Drivers/STM32F0xx_HAL_Driver/Src/stm32f0xx_hal.c ****   */
 129:Drivers/STM32F0xx_HAL_Driver/Src/stm32f0xx_hal.c **** 
 130:Drivers/STM32F0xx_HAL_Driver/Src/stm32f0xx_hal.c **** /**
 131:Drivers/STM32F0xx_HAL_Driver/Src/stm32f0xx_hal.c ****   * @brief  This function configures the Flash prefetch,
 132:Drivers/STM32F0xx_HAL_Driver/Src/stm32f0xx_hal.c ****   *        Configures time base source, NVIC and Low level hardware
 133:Drivers/STM32F0xx_HAL_Driver/Src/stm32f0xx_hal.c ****   * @note This function is called at the beginning of program after reset and before 
 134:Drivers/STM32F0xx_HAL_Driver/Src/stm32f0xx_hal.c ****   *       the clock configuration
 135:Drivers/STM32F0xx_HAL_Driver/Src/stm32f0xx_hal.c ****   * @note The time base configuration is based on HSI clock when exiting from Reset.
 136:Drivers/STM32F0xx_HAL_Driver/Src/stm32f0xx_hal.c ****   *       Once done, time base tick start incrementing.
ARM GAS  C:\Users\Vulca\AppData\Local\Temp\cc5As8dS.s 			page 4


 137:Drivers/STM32F0xx_HAL_Driver/Src/stm32f0xx_hal.c ****   *       In the default implementation,Systick is used as source of time base.
 138:Drivers/STM32F0xx_HAL_Driver/Src/stm32f0xx_hal.c ****   *       The tick variable is incremented each 1ms in its ISR.
 139:Drivers/STM32F0xx_HAL_Driver/Src/stm32f0xx_hal.c ****   * @retval HAL status
 140:Drivers/STM32F0xx_HAL_Driver/Src/stm32f0xx_hal.c ****   */
 141:Drivers/STM32F0xx_HAL_Driver/Src/stm32f0xx_hal.c **** HAL_StatusTypeDef HAL_Init(void)
 142:Drivers/STM32F0xx_HAL_Driver/Src/stm32f0xx_hal.c **** {
  41              		.loc 1 142 1
  42              		.cfi_startproc
  43              		@ args = 0, pretend = 0, frame = 0
  44              		@ frame_needed = 1, uses_anonymous_args = 0
  45 0000 80B5     		push	{r7, lr}
  46              	.LCFI0:
  47              		.cfi_def_cfa_offset 8
  48              		.cfi_offset 7, -8
  49              		.cfi_offset 14, -4
  50 0002 00AF     		add	r7, sp, #0
  51              	.LCFI1:
  52              		.cfi_def_cfa_register 7
 143:Drivers/STM32F0xx_HAL_Driver/Src/stm32f0xx_hal.c ****   /* Configure Flash prefetch */ 
 144:Drivers/STM32F0xx_HAL_Driver/Src/stm32f0xx_hal.c **** #if (PREFETCH_ENABLE != 0)
 145:Drivers/STM32F0xx_HAL_Driver/Src/stm32f0xx_hal.c ****   __HAL_FLASH_PREFETCH_BUFFER_ENABLE();
  53              		.loc 1 145 3
  54 0004 074B     		ldr	r3, .L3
  55 0006 1A68     		ldr	r2, [r3]
  56 0008 064B     		ldr	r3, .L3
  57 000a 1021     		movs	r1, #16
  58 000c 0A43     		orrs	r2, r1
  59 000e 1A60     		str	r2, [r3]
 146:Drivers/STM32F0xx_HAL_Driver/Src/stm32f0xx_hal.c **** #endif /* PREFETCH_ENABLE */
 147:Drivers/STM32F0xx_HAL_Driver/Src/stm32f0xx_hal.c **** 
 148:Drivers/STM32F0xx_HAL_Driver/Src/stm32f0xx_hal.c ****   /* Use systick as time base source and configure 1ms tick (default clock after Reset is HSI) */
 149:Drivers/STM32F0xx_HAL_Driver/Src/stm32f0xx_hal.c **** 
 150:Drivers/STM32F0xx_HAL_Driver/Src/stm32f0xx_hal.c ****   HAL_InitTick(TICK_INT_PRIORITY);
  60              		.loc 1 150 3
  61 0010 0020     		movs	r0, #0
  62 0012 FFF7FEFF 		bl	HAL_InitTick
 151:Drivers/STM32F0xx_HAL_Driver/Src/stm32f0xx_hal.c **** 
 152:Drivers/STM32F0xx_HAL_Driver/Src/stm32f0xx_hal.c ****   /* Init the low level hardware */
 153:Drivers/STM32F0xx_HAL_Driver/Src/stm32f0xx_hal.c ****   HAL_MspInit();
  63              		.loc 1 153 3
  64 0016 FFF7FEFF 		bl	HAL_MspInit
 154:Drivers/STM32F0xx_HAL_Driver/Src/stm32f0xx_hal.c **** 
 155:Drivers/STM32F0xx_HAL_Driver/Src/stm32f0xx_hal.c ****   /* Return function status */
 156:Drivers/STM32F0xx_HAL_Driver/Src/stm32f0xx_hal.c ****   return HAL_OK;
  65              		.loc 1 156 10
  66 001a 0023     		movs	r3, #0
 157:Drivers/STM32F0xx_HAL_Driver/Src/stm32f0xx_hal.c **** }
  67              		.loc 1 157 1
  68 001c 1800     		movs	r0, r3
  69 001e BD46     		mov	sp, r7
  70              		@ sp needed
  71 0020 80BD     		pop	{r7, pc}
  72              	.L4:
  73 0022 C046     		.align	2
  74              	.L3:
  75 0024 00200240 		.word	1073881088
  76              		.cfi_endproc
ARM GAS  C:\Users\Vulca\AppData\Local\Temp\cc5As8dS.s 			page 5


  77              	.LFE40:
  79              		.section	.text.HAL_DeInit,"ax",%progbits
  80              		.align	1
  81              		.global	HAL_DeInit
  82              		.syntax unified
  83              		.code	16
  84              		.thumb_func
  85              		.fpu softvfp
  87              	HAL_DeInit:
  88              	.LFB41:
 158:Drivers/STM32F0xx_HAL_Driver/Src/stm32f0xx_hal.c **** 
 159:Drivers/STM32F0xx_HAL_Driver/Src/stm32f0xx_hal.c **** /**
 160:Drivers/STM32F0xx_HAL_Driver/Src/stm32f0xx_hal.c ****   * @brief This function de-Initialize common part of the HAL and stops the SysTick
 161:Drivers/STM32F0xx_HAL_Driver/Src/stm32f0xx_hal.c ****   *        of time base.
 162:Drivers/STM32F0xx_HAL_Driver/Src/stm32f0xx_hal.c ****   * @note This function is optional.
 163:Drivers/STM32F0xx_HAL_Driver/Src/stm32f0xx_hal.c ****   * @retval HAL status
 164:Drivers/STM32F0xx_HAL_Driver/Src/stm32f0xx_hal.c ****   */
 165:Drivers/STM32F0xx_HAL_Driver/Src/stm32f0xx_hal.c **** HAL_StatusTypeDef HAL_DeInit(void)
 166:Drivers/STM32F0xx_HAL_Driver/Src/stm32f0xx_hal.c **** {
  89              		.loc 1 166 1
  90              		.cfi_startproc
  91              		@ args = 0, pretend = 0, frame = 0
  92              		@ frame_needed = 1, uses_anonymous_args = 0
  93 0000 80B5     		push	{r7, lr}
  94              	.LCFI2:
  95              		.cfi_def_cfa_offset 8
  96              		.cfi_offset 7, -8
  97              		.cfi_offset 14, -4
  98 0002 00AF     		add	r7, sp, #0
  99              	.LCFI3:
 100              		.cfi_def_cfa_register 7
 167:Drivers/STM32F0xx_HAL_Driver/Src/stm32f0xx_hal.c ****   /* Reset of all peripherals */
 168:Drivers/STM32F0xx_HAL_Driver/Src/stm32f0xx_hal.c ****   __HAL_RCC_APB1_FORCE_RESET();
 101              		.loc 1 168 3
 102 0004 0D4B     		ldr	r3, .L7
 103 0006 0122     		movs	r2, #1
 104 0008 5242     		rsbs	r2, r2, #0
 105 000a 1A61     		str	r2, [r3, #16]
 169:Drivers/STM32F0xx_HAL_Driver/Src/stm32f0xx_hal.c ****   __HAL_RCC_APB1_RELEASE_RESET();
 106              		.loc 1 169 3
 107 000c 0B4B     		ldr	r3, .L7
 108 000e 0022     		movs	r2, #0
 109 0010 1A61     		str	r2, [r3, #16]
 170:Drivers/STM32F0xx_HAL_Driver/Src/stm32f0xx_hal.c **** 
 171:Drivers/STM32F0xx_HAL_Driver/Src/stm32f0xx_hal.c ****   __HAL_RCC_APB2_FORCE_RESET();
 110              		.loc 1 171 3
 111 0012 0A4B     		ldr	r3, .L7
 112 0014 0122     		movs	r2, #1
 113 0016 5242     		rsbs	r2, r2, #0
 114 0018 DA60     		str	r2, [r3, #12]
 172:Drivers/STM32F0xx_HAL_Driver/Src/stm32f0xx_hal.c ****   __HAL_RCC_APB2_RELEASE_RESET();
 115              		.loc 1 172 3
 116 001a 084B     		ldr	r3, .L7
 117 001c 0022     		movs	r2, #0
 118 001e DA60     		str	r2, [r3, #12]
 173:Drivers/STM32F0xx_HAL_Driver/Src/stm32f0xx_hal.c **** 
 174:Drivers/STM32F0xx_HAL_Driver/Src/stm32f0xx_hal.c ****   __HAL_RCC_AHB_FORCE_RESET();
ARM GAS  C:\Users\Vulca\AppData\Local\Temp\cc5As8dS.s 			page 6


 119              		.loc 1 174 3
 120 0020 064B     		ldr	r3, .L7
 121 0022 0122     		movs	r2, #1
 122 0024 5242     		rsbs	r2, r2, #0
 123 0026 9A62     		str	r2, [r3, #40]
 175:Drivers/STM32F0xx_HAL_Driver/Src/stm32f0xx_hal.c ****   __HAL_RCC_AHB_RELEASE_RESET();
 124              		.loc 1 175 3
 125 0028 044B     		ldr	r3, .L7
 126 002a 0022     		movs	r2, #0
 127 002c 9A62     		str	r2, [r3, #40]
 176:Drivers/STM32F0xx_HAL_Driver/Src/stm32f0xx_hal.c **** 
 177:Drivers/STM32F0xx_HAL_Driver/Src/stm32f0xx_hal.c ****   /* De-Init the low level hardware */
 178:Drivers/STM32F0xx_HAL_Driver/Src/stm32f0xx_hal.c ****   HAL_MspDeInit();
 128              		.loc 1 178 3
 129 002e FFF7FEFF 		bl	HAL_MspDeInit
 179:Drivers/STM32F0xx_HAL_Driver/Src/stm32f0xx_hal.c ****     
 180:Drivers/STM32F0xx_HAL_Driver/Src/stm32f0xx_hal.c ****   /* Return function status */
 181:Drivers/STM32F0xx_HAL_Driver/Src/stm32f0xx_hal.c ****   return HAL_OK;
 130              		.loc 1 181 10
 131 0032 0023     		movs	r3, #0
 182:Drivers/STM32F0xx_HAL_Driver/Src/stm32f0xx_hal.c **** }
 132              		.loc 1 182 1
 133 0034 1800     		movs	r0, r3
 134 0036 BD46     		mov	sp, r7
 135              		@ sp needed
 136 0038 80BD     		pop	{r7, pc}
 137              	.L8:
 138 003a C046     		.align	2
 139              	.L7:
 140 003c 00100240 		.word	1073876992
 141              		.cfi_endproc
 142              	.LFE41:
 144              		.section	.text.HAL_MspInit,"ax",%progbits
 145              		.align	1
 146              		.weak	HAL_MspInit
 147              		.syntax unified
 148              		.code	16
 149              		.thumb_func
 150              		.fpu softvfp
 152              	HAL_MspInit:
 153              	.LFB42:
 183:Drivers/STM32F0xx_HAL_Driver/Src/stm32f0xx_hal.c **** 
 184:Drivers/STM32F0xx_HAL_Driver/Src/stm32f0xx_hal.c **** /**
 185:Drivers/STM32F0xx_HAL_Driver/Src/stm32f0xx_hal.c ****   * @brief  Initialize the MSP.
 186:Drivers/STM32F0xx_HAL_Driver/Src/stm32f0xx_hal.c ****   * @retval None
 187:Drivers/STM32F0xx_HAL_Driver/Src/stm32f0xx_hal.c ****   */
 188:Drivers/STM32F0xx_HAL_Driver/Src/stm32f0xx_hal.c **** __weak void HAL_MspInit(void)
 189:Drivers/STM32F0xx_HAL_Driver/Src/stm32f0xx_hal.c **** {
 154              		.loc 1 189 1
 155              		.cfi_startproc
 156              		@ args = 0, pretend = 0, frame = 0
 157              		@ frame_needed = 1, uses_anonymous_args = 0
 158 0000 80B5     		push	{r7, lr}
 159              	.LCFI4:
 160              		.cfi_def_cfa_offset 8
 161              		.cfi_offset 7, -8
 162              		.cfi_offset 14, -4
ARM GAS  C:\Users\Vulca\AppData\Local\Temp\cc5As8dS.s 			page 7


 163 0002 00AF     		add	r7, sp, #0
 164              	.LCFI5:
 165              		.cfi_def_cfa_register 7
 190:Drivers/STM32F0xx_HAL_Driver/Src/stm32f0xx_hal.c ****   /* NOTE : This function should not be modified, when the callback is needed,
 191:Drivers/STM32F0xx_HAL_Driver/Src/stm32f0xx_hal.c ****             the HAL_MspInit could be implemented in the user file
 192:Drivers/STM32F0xx_HAL_Driver/Src/stm32f0xx_hal.c ****    */
 193:Drivers/STM32F0xx_HAL_Driver/Src/stm32f0xx_hal.c **** }
 166              		.loc 1 193 1
 167 0004 C046     		nop
 168 0006 BD46     		mov	sp, r7
 169              		@ sp needed
 170 0008 80BD     		pop	{r7, pc}
 171              		.cfi_endproc
 172              	.LFE42:
 174              		.section	.text.HAL_MspDeInit,"ax",%progbits
 175              		.align	1
 176              		.weak	HAL_MspDeInit
 177              		.syntax unified
 178              		.code	16
 179              		.thumb_func
 180              		.fpu softvfp
 182              	HAL_MspDeInit:
 183              	.LFB43:
 194:Drivers/STM32F0xx_HAL_Driver/Src/stm32f0xx_hal.c **** 
 195:Drivers/STM32F0xx_HAL_Driver/Src/stm32f0xx_hal.c **** /**
 196:Drivers/STM32F0xx_HAL_Driver/Src/stm32f0xx_hal.c ****   * @brief  DeInitializes the MSP.
 197:Drivers/STM32F0xx_HAL_Driver/Src/stm32f0xx_hal.c ****   * @retval None
 198:Drivers/STM32F0xx_HAL_Driver/Src/stm32f0xx_hal.c ****   */
 199:Drivers/STM32F0xx_HAL_Driver/Src/stm32f0xx_hal.c **** __weak void HAL_MspDeInit(void)
 200:Drivers/STM32F0xx_HAL_Driver/Src/stm32f0xx_hal.c **** {
 184              		.loc 1 200 1
 185              		.cfi_startproc
 186              		@ args = 0, pretend = 0, frame = 0
 187              		@ frame_needed = 1, uses_anonymous_args = 0
 188 0000 80B5     		push	{r7, lr}
 189              	.LCFI6:
 190              		.cfi_def_cfa_offset 8
 191              		.cfi_offset 7, -8
 192              		.cfi_offset 14, -4
 193 0002 00AF     		add	r7, sp, #0
 194              	.LCFI7:
 195              		.cfi_def_cfa_register 7
 201:Drivers/STM32F0xx_HAL_Driver/Src/stm32f0xx_hal.c ****   /* NOTE : This function should not be modified, when the callback is needed,
 202:Drivers/STM32F0xx_HAL_Driver/Src/stm32f0xx_hal.c ****             the HAL_MspDeInit could be implemented in the user file
 203:Drivers/STM32F0xx_HAL_Driver/Src/stm32f0xx_hal.c ****    */
 204:Drivers/STM32F0xx_HAL_Driver/Src/stm32f0xx_hal.c **** }
 196              		.loc 1 204 1
 197 0004 C046     		nop
 198 0006 BD46     		mov	sp, r7
 199              		@ sp needed
 200 0008 80BD     		pop	{r7, pc}
 201              		.cfi_endproc
 202              	.LFE43:
 204              		.global	__aeabi_uidiv
 205              		.section	.text.HAL_InitTick,"ax",%progbits
 206              		.align	1
 207              		.weak	HAL_InitTick
ARM GAS  C:\Users\Vulca\AppData\Local\Temp\cc5As8dS.s 			page 8


 208              		.syntax unified
 209              		.code	16
 210              		.thumb_func
 211              		.fpu softvfp
 213              	HAL_InitTick:
 214              	.LFB44:
 205:Drivers/STM32F0xx_HAL_Driver/Src/stm32f0xx_hal.c **** 
 206:Drivers/STM32F0xx_HAL_Driver/Src/stm32f0xx_hal.c **** /**
 207:Drivers/STM32F0xx_HAL_Driver/Src/stm32f0xx_hal.c ****   * @brief This function configures the source of the time base. 
 208:Drivers/STM32F0xx_HAL_Driver/Src/stm32f0xx_hal.c ****   *        The time source is configured  to have 1ms time base with a dedicated 
 209:Drivers/STM32F0xx_HAL_Driver/Src/stm32f0xx_hal.c ****   *        Tick interrupt priority.
 210:Drivers/STM32F0xx_HAL_Driver/Src/stm32f0xx_hal.c ****   * @note This function is called  automatically at the beginning of program after
 211:Drivers/STM32F0xx_HAL_Driver/Src/stm32f0xx_hal.c ****   *       reset by HAL_Init() or at any time when clock is reconfigured  by HAL_RCC_ClockConfig(). 
 212:Drivers/STM32F0xx_HAL_Driver/Src/stm32f0xx_hal.c ****   * @note In the default implementation, SysTick timer is the source of time base. 
 213:Drivers/STM32F0xx_HAL_Driver/Src/stm32f0xx_hal.c ****   *       It is used to generate interrupts at regular time intervals. 
 214:Drivers/STM32F0xx_HAL_Driver/Src/stm32f0xx_hal.c ****   *       Care must be taken if HAL_Delay() is called from a peripheral ISR process, 
 215:Drivers/STM32F0xx_HAL_Driver/Src/stm32f0xx_hal.c ****   *       The SysTick interrupt must have higher priority (numerically lower) 
 216:Drivers/STM32F0xx_HAL_Driver/Src/stm32f0xx_hal.c ****   *       than the peripheral interrupt. Otherwise the caller ISR process will be blocked.
 217:Drivers/STM32F0xx_HAL_Driver/Src/stm32f0xx_hal.c ****   *       The function is declared as __Weak  to be overwritten  in case of other
 218:Drivers/STM32F0xx_HAL_Driver/Src/stm32f0xx_hal.c ****   *       implementation  in user file.
 219:Drivers/STM32F0xx_HAL_Driver/Src/stm32f0xx_hal.c ****   * @param TickPriority Tick interrupt priority.
 220:Drivers/STM32F0xx_HAL_Driver/Src/stm32f0xx_hal.c ****   * @retval HAL status
 221:Drivers/STM32F0xx_HAL_Driver/Src/stm32f0xx_hal.c ****   */
 222:Drivers/STM32F0xx_HAL_Driver/Src/stm32f0xx_hal.c **** __weak HAL_StatusTypeDef HAL_InitTick(uint32_t TickPriority)
 223:Drivers/STM32F0xx_HAL_Driver/Src/stm32f0xx_hal.c **** {
 215              		.loc 1 223 1
 216              		.cfi_startproc
 217              		@ args = 0, pretend = 0, frame = 8
 218              		@ frame_needed = 1, uses_anonymous_args = 0
 219 0000 90B5     		push	{r4, r7, lr}
 220              	.LCFI8:
 221              		.cfi_def_cfa_offset 12
 222              		.cfi_offset 4, -12
 223              		.cfi_offset 7, -8
 224              		.cfi_offset 14, -4
 225 0002 83B0     		sub	sp, sp, #12
 226              	.LCFI9:
 227              		.cfi_def_cfa_offset 24
 228 0004 00AF     		add	r7, sp, #0
 229              	.LCFI10:
 230              		.cfi_def_cfa_register 7
 231 0006 7860     		str	r0, [r7, #4]
 224:Drivers/STM32F0xx_HAL_Driver/Src/stm32f0xx_hal.c ****   /*Configure the SysTick to have interrupt in 1ms time basis*/
 225:Drivers/STM32F0xx_HAL_Driver/Src/stm32f0xx_hal.c ****   if (HAL_SYSTICK_Config(SystemCoreClock / (1000U / uwTickFreq)) > 0U)
 232              		.loc 1 225 7
 233 0008 144B     		ldr	r3, .L16
 234 000a 1C68     		ldr	r4, [r3]
 235              		.loc 1 225 51
 236 000c 144B     		ldr	r3, .L16+4
 237 000e 1B78     		ldrb	r3, [r3]
 238 0010 1900     		movs	r1, r3
 239 0012 FA23     		movs	r3, #250
 240 0014 9800     		lsls	r0, r3, #2
 241 0016 FFF7FEFF 		bl	__aeabi_uidiv
 242              	.LVL0:
 243 001a 0300     		movs	r3, r0
 244              		.loc 1 225 7
ARM GAS  C:\Users\Vulca\AppData\Local\Temp\cc5As8dS.s 			page 9


 245 001c 1900     		movs	r1, r3
 246 001e 2000     		movs	r0, r4
 247 0020 FFF7FEFF 		bl	__aeabi_uidiv
 248              	.LVL1:
 249 0024 0300     		movs	r3, r0
 250 0026 1800     		movs	r0, r3
 251 0028 FFF7FEFF 		bl	HAL_SYSTICK_Config
 252 002c 031E     		subs	r3, r0, #0
 253              		.loc 1 225 6
 254 002e 01D0     		beq	.L12
 226:Drivers/STM32F0xx_HAL_Driver/Src/stm32f0xx_hal.c ****   {
 227:Drivers/STM32F0xx_HAL_Driver/Src/stm32f0xx_hal.c ****     return HAL_ERROR;
 255              		.loc 1 227 12
 256 0030 0123     		movs	r3, #1
 257 0032 0FE0     		b	.L13
 258              	.L12:
 228:Drivers/STM32F0xx_HAL_Driver/Src/stm32f0xx_hal.c ****   }
 229:Drivers/STM32F0xx_HAL_Driver/Src/stm32f0xx_hal.c **** 
 230:Drivers/STM32F0xx_HAL_Driver/Src/stm32f0xx_hal.c ****   /* Configure the SysTick IRQ priority */
 231:Drivers/STM32F0xx_HAL_Driver/Src/stm32f0xx_hal.c ****   if (TickPriority < (1UL << __NVIC_PRIO_BITS))
 259              		.loc 1 231 6
 260 0034 7B68     		ldr	r3, [r7, #4]
 261 0036 032B     		cmp	r3, #3
 262 0038 0BD8     		bhi	.L14
 232:Drivers/STM32F0xx_HAL_Driver/Src/stm32f0xx_hal.c ****   {
 233:Drivers/STM32F0xx_HAL_Driver/Src/stm32f0xx_hal.c ****     HAL_NVIC_SetPriority(SysTick_IRQn, TickPriority, 0U);
 263              		.loc 1 233 5
 264 003a 7968     		ldr	r1, [r7, #4]
 265 003c 0123     		movs	r3, #1
 266 003e 5B42     		rsbs	r3, r3, #0
 267 0040 0022     		movs	r2, #0
 268 0042 1800     		movs	r0, r3
 269 0044 FFF7FEFF 		bl	HAL_NVIC_SetPriority
 234:Drivers/STM32F0xx_HAL_Driver/Src/stm32f0xx_hal.c ****     uwTickPrio = TickPriority;
 270              		.loc 1 234 16
 271 0048 064B     		ldr	r3, .L16+8
 272 004a 7A68     		ldr	r2, [r7, #4]
 273 004c 1A60     		str	r2, [r3]
 235:Drivers/STM32F0xx_HAL_Driver/Src/stm32f0xx_hal.c ****   }
 236:Drivers/STM32F0xx_HAL_Driver/Src/stm32f0xx_hal.c ****   else
 237:Drivers/STM32F0xx_HAL_Driver/Src/stm32f0xx_hal.c ****   {
 238:Drivers/STM32F0xx_HAL_Driver/Src/stm32f0xx_hal.c ****     return HAL_ERROR;
 239:Drivers/STM32F0xx_HAL_Driver/Src/stm32f0xx_hal.c ****   }
 240:Drivers/STM32F0xx_HAL_Driver/Src/stm32f0xx_hal.c **** 
 241:Drivers/STM32F0xx_HAL_Driver/Src/stm32f0xx_hal.c ****    /* Return function status */
 242:Drivers/STM32F0xx_HAL_Driver/Src/stm32f0xx_hal.c ****   return HAL_OK;
 274              		.loc 1 242 10
 275 004e 0023     		movs	r3, #0
 276 0050 00E0     		b	.L13
 277              	.L14:
 238:Drivers/STM32F0xx_HAL_Driver/Src/stm32f0xx_hal.c ****   }
 278              		.loc 1 238 12
 279 0052 0123     		movs	r3, #1
 280              	.L13:
 243:Drivers/STM32F0xx_HAL_Driver/Src/stm32f0xx_hal.c **** }
 281              		.loc 1 243 1
 282 0054 1800     		movs	r0, r3
ARM GAS  C:\Users\Vulca\AppData\Local\Temp\cc5As8dS.s 			page 10


 283 0056 BD46     		mov	sp, r7
 284 0058 03B0     		add	sp, sp, #12
 285              		@ sp needed
 286 005a 90BD     		pop	{r4, r7, pc}
 287              	.L17:
 288              		.align	2
 289              	.L16:
 290 005c 00000000 		.word	SystemCoreClock
 291 0060 00000000 		.word	uwTickFreq
 292 0064 00000000 		.word	uwTickPrio
 293              		.cfi_endproc
 294              	.LFE44:
 296              		.section	.text.HAL_IncTick,"ax",%progbits
 297              		.align	1
 298              		.weak	HAL_IncTick
 299              		.syntax unified
 300              		.code	16
 301              		.thumb_func
 302              		.fpu softvfp
 304              	HAL_IncTick:
 305              	.LFB45:
 244:Drivers/STM32F0xx_HAL_Driver/Src/stm32f0xx_hal.c **** 
 245:Drivers/STM32F0xx_HAL_Driver/Src/stm32f0xx_hal.c **** /**
 246:Drivers/STM32F0xx_HAL_Driver/Src/stm32f0xx_hal.c ****   * @}
 247:Drivers/STM32F0xx_HAL_Driver/Src/stm32f0xx_hal.c ****   */
 248:Drivers/STM32F0xx_HAL_Driver/Src/stm32f0xx_hal.c **** 
 249:Drivers/STM32F0xx_HAL_Driver/Src/stm32f0xx_hal.c **** /** @defgroup HAL_Exported_Functions_Group2 HAL Control functions 
 250:Drivers/STM32F0xx_HAL_Driver/Src/stm32f0xx_hal.c ****   * @brief    HAL Control functions
 251:Drivers/STM32F0xx_HAL_Driver/Src/stm32f0xx_hal.c ****   *
 252:Drivers/STM32F0xx_HAL_Driver/Src/stm32f0xx_hal.c **** @verbatim
 253:Drivers/STM32F0xx_HAL_Driver/Src/stm32f0xx_hal.c ****  ===============================================================================
 254:Drivers/STM32F0xx_HAL_Driver/Src/stm32f0xx_hal.c ****                       ##### HAL Control functions #####
 255:Drivers/STM32F0xx_HAL_Driver/Src/stm32f0xx_hal.c ****  ===============================================================================
 256:Drivers/STM32F0xx_HAL_Driver/Src/stm32f0xx_hal.c ****     [..]  This section provides functions allowing to:
 257:Drivers/STM32F0xx_HAL_Driver/Src/stm32f0xx_hal.c ****       (+) Provide a tick value in millisecond
 258:Drivers/STM32F0xx_HAL_Driver/Src/stm32f0xx_hal.c ****       (+) Provide a blocking delay in millisecond
 259:Drivers/STM32F0xx_HAL_Driver/Src/stm32f0xx_hal.c ****       (+) Suspend the time base source interrupt
 260:Drivers/STM32F0xx_HAL_Driver/Src/stm32f0xx_hal.c ****       (+) Resume the time base source interrupt
 261:Drivers/STM32F0xx_HAL_Driver/Src/stm32f0xx_hal.c ****       (+) Get the HAL API driver version
 262:Drivers/STM32F0xx_HAL_Driver/Src/stm32f0xx_hal.c ****       (+) Get the device identifier
 263:Drivers/STM32F0xx_HAL_Driver/Src/stm32f0xx_hal.c ****       (+) Get the device revision identifier
 264:Drivers/STM32F0xx_HAL_Driver/Src/stm32f0xx_hal.c ****       (+) Enable/Disable Debug module during Sleep mode
 265:Drivers/STM32F0xx_HAL_Driver/Src/stm32f0xx_hal.c ****       (+) Enable/Disable Debug module during STOP mode
 266:Drivers/STM32F0xx_HAL_Driver/Src/stm32f0xx_hal.c ****       (+) Enable/Disable Debug module during STANDBY mode
 267:Drivers/STM32F0xx_HAL_Driver/Src/stm32f0xx_hal.c ****       
 268:Drivers/STM32F0xx_HAL_Driver/Src/stm32f0xx_hal.c **** @endverbatim
 269:Drivers/STM32F0xx_HAL_Driver/Src/stm32f0xx_hal.c ****   * @{
 270:Drivers/STM32F0xx_HAL_Driver/Src/stm32f0xx_hal.c ****   */
 271:Drivers/STM32F0xx_HAL_Driver/Src/stm32f0xx_hal.c **** 
 272:Drivers/STM32F0xx_HAL_Driver/Src/stm32f0xx_hal.c **** /**
 273:Drivers/STM32F0xx_HAL_Driver/Src/stm32f0xx_hal.c ****   * @brief This function is called to increment  a global variable "uwTick"
 274:Drivers/STM32F0xx_HAL_Driver/Src/stm32f0xx_hal.c ****   *        used as application time base.
 275:Drivers/STM32F0xx_HAL_Driver/Src/stm32f0xx_hal.c ****   * @note In the default implementation, this variable is incremented each 1ms
 276:Drivers/STM32F0xx_HAL_Driver/Src/stm32f0xx_hal.c ****   *       in SysTick ISR.
 277:Drivers/STM32F0xx_HAL_Driver/Src/stm32f0xx_hal.c ****   * @note This function is declared as __weak to be overwritten in case of other 
 278:Drivers/STM32F0xx_HAL_Driver/Src/stm32f0xx_hal.c ****   *       implementations in user file.
 279:Drivers/STM32F0xx_HAL_Driver/Src/stm32f0xx_hal.c ****   * @retval None
ARM GAS  C:\Users\Vulca\AppData\Local\Temp\cc5As8dS.s 			page 11


 280:Drivers/STM32F0xx_HAL_Driver/Src/stm32f0xx_hal.c ****   */
 281:Drivers/STM32F0xx_HAL_Driver/Src/stm32f0xx_hal.c **** __weak void HAL_IncTick(void)
 282:Drivers/STM32F0xx_HAL_Driver/Src/stm32f0xx_hal.c **** {
 306              		.loc 1 282 1
 307              		.cfi_startproc
 308              		@ args = 0, pretend = 0, frame = 0
 309              		@ frame_needed = 1, uses_anonymous_args = 0
 310 0000 80B5     		push	{r7, lr}
 311              	.LCFI11:
 312              		.cfi_def_cfa_offset 8
 313              		.cfi_offset 7, -8
 314              		.cfi_offset 14, -4
 315 0002 00AF     		add	r7, sp, #0
 316              	.LCFI12:
 317              		.cfi_def_cfa_register 7
 283:Drivers/STM32F0xx_HAL_Driver/Src/stm32f0xx_hal.c ****   uwTick += uwTickFreq;
 318              		.loc 1 283 10
 319 0004 054B     		ldr	r3, .L19
 320 0006 1B78     		ldrb	r3, [r3]
 321 0008 1A00     		movs	r2, r3
 322 000a 054B     		ldr	r3, .L19+4
 323 000c 1B68     		ldr	r3, [r3]
 324 000e D218     		adds	r2, r2, r3
 325 0010 034B     		ldr	r3, .L19+4
 326 0012 1A60     		str	r2, [r3]
 284:Drivers/STM32F0xx_HAL_Driver/Src/stm32f0xx_hal.c **** }
 327              		.loc 1 284 1
 328 0014 C046     		nop
 329 0016 BD46     		mov	sp, r7
 330              		@ sp needed
 331 0018 80BD     		pop	{r7, pc}
 332              	.L20:
 333 001a C046     		.align	2
 334              	.L19:
 335 001c 00000000 		.word	uwTickFreq
 336 0020 00000000 		.word	uwTick
 337              		.cfi_endproc
 338              	.LFE45:
 340              		.section	.text.HAL_GetTick,"ax",%progbits
 341              		.align	1
 342              		.weak	HAL_GetTick
 343              		.syntax unified
 344              		.code	16
 345              		.thumb_func
 346              		.fpu softvfp
 348              	HAL_GetTick:
 349              	.LFB46:
 285:Drivers/STM32F0xx_HAL_Driver/Src/stm32f0xx_hal.c **** 
 286:Drivers/STM32F0xx_HAL_Driver/Src/stm32f0xx_hal.c **** /**
 287:Drivers/STM32F0xx_HAL_Driver/Src/stm32f0xx_hal.c ****   * @brief  Provides a tick value in millisecond.
 288:Drivers/STM32F0xx_HAL_Driver/Src/stm32f0xx_hal.c ****   * @note   This function is declared as __weak  to be overwritten  in case of other 
 289:Drivers/STM32F0xx_HAL_Driver/Src/stm32f0xx_hal.c ****   *       implementations in user file.
 290:Drivers/STM32F0xx_HAL_Driver/Src/stm32f0xx_hal.c ****   * @retval tick value
 291:Drivers/STM32F0xx_HAL_Driver/Src/stm32f0xx_hal.c ****   */
 292:Drivers/STM32F0xx_HAL_Driver/Src/stm32f0xx_hal.c **** __weak uint32_t HAL_GetTick(void)
 293:Drivers/STM32F0xx_HAL_Driver/Src/stm32f0xx_hal.c **** {
 350              		.loc 1 293 1
ARM GAS  C:\Users\Vulca\AppData\Local\Temp\cc5As8dS.s 			page 12


 351              		.cfi_startproc
 352              		@ args = 0, pretend = 0, frame = 0
 353              		@ frame_needed = 1, uses_anonymous_args = 0
 354 0000 80B5     		push	{r7, lr}
 355              	.LCFI13:
 356              		.cfi_def_cfa_offset 8
 357              		.cfi_offset 7, -8
 358              		.cfi_offset 14, -4
 359 0002 00AF     		add	r7, sp, #0
 360              	.LCFI14:
 361              		.cfi_def_cfa_register 7
 294:Drivers/STM32F0xx_HAL_Driver/Src/stm32f0xx_hal.c ****   return uwTick;
 362              		.loc 1 294 10
 363 0004 024B     		ldr	r3, .L23
 364 0006 1B68     		ldr	r3, [r3]
 295:Drivers/STM32F0xx_HAL_Driver/Src/stm32f0xx_hal.c **** }
 365              		.loc 1 295 1
 366 0008 1800     		movs	r0, r3
 367 000a BD46     		mov	sp, r7
 368              		@ sp needed
 369 000c 80BD     		pop	{r7, pc}
 370              	.L24:
 371 000e C046     		.align	2
 372              	.L23:
 373 0010 00000000 		.word	uwTick
 374              		.cfi_endproc
 375              	.LFE46:
 377              		.section	.text.HAL_GetTickPrio,"ax",%progbits
 378              		.align	1
 379              		.global	HAL_GetTickPrio
 380              		.syntax unified
 381              		.code	16
 382              		.thumb_func
 383              		.fpu softvfp
 385              	HAL_GetTickPrio:
 386              	.LFB47:
 296:Drivers/STM32F0xx_HAL_Driver/Src/stm32f0xx_hal.c **** 
 297:Drivers/STM32F0xx_HAL_Driver/Src/stm32f0xx_hal.c **** /**
 298:Drivers/STM32F0xx_HAL_Driver/Src/stm32f0xx_hal.c ****   * @brief This function returns a tick priority.
 299:Drivers/STM32F0xx_HAL_Driver/Src/stm32f0xx_hal.c ****   * @retval tick priority
 300:Drivers/STM32F0xx_HAL_Driver/Src/stm32f0xx_hal.c ****   */
 301:Drivers/STM32F0xx_HAL_Driver/Src/stm32f0xx_hal.c **** uint32_t HAL_GetTickPrio(void)
 302:Drivers/STM32F0xx_HAL_Driver/Src/stm32f0xx_hal.c **** {
 387              		.loc 1 302 1
 388              		.cfi_startproc
 389              		@ args = 0, pretend = 0, frame = 0
 390              		@ frame_needed = 1, uses_anonymous_args = 0
 391 0000 80B5     		push	{r7, lr}
 392              	.LCFI15:
 393              		.cfi_def_cfa_offset 8
 394              		.cfi_offset 7, -8
 395              		.cfi_offset 14, -4
 396 0002 00AF     		add	r7, sp, #0
 397              	.LCFI16:
 398              		.cfi_def_cfa_register 7
 303:Drivers/STM32F0xx_HAL_Driver/Src/stm32f0xx_hal.c ****   return uwTickPrio;
 399              		.loc 1 303 10
ARM GAS  C:\Users\Vulca\AppData\Local\Temp\cc5As8dS.s 			page 13


 400 0004 024B     		ldr	r3, .L27
 401 0006 1B68     		ldr	r3, [r3]
 304:Drivers/STM32F0xx_HAL_Driver/Src/stm32f0xx_hal.c **** }
 402              		.loc 1 304 1
 403 0008 1800     		movs	r0, r3
 404 000a BD46     		mov	sp, r7
 405              		@ sp needed
 406 000c 80BD     		pop	{r7, pc}
 407              	.L28:
 408 000e C046     		.align	2
 409              	.L27:
 410 0010 00000000 		.word	uwTickPrio
 411              		.cfi_endproc
 412              	.LFE47:
 414              		.section	.text.HAL_SetTickFreq,"ax",%progbits
 415              		.align	1
 416              		.global	HAL_SetTickFreq
 417              		.syntax unified
 418              		.code	16
 419              		.thumb_func
 420              		.fpu softvfp
 422              	HAL_SetTickFreq:
 423              	.LFB48:
 305:Drivers/STM32F0xx_HAL_Driver/Src/stm32f0xx_hal.c **** 
 306:Drivers/STM32F0xx_HAL_Driver/Src/stm32f0xx_hal.c **** /**
 307:Drivers/STM32F0xx_HAL_Driver/Src/stm32f0xx_hal.c ****   * @brief Set new tick Freq.
 308:Drivers/STM32F0xx_HAL_Driver/Src/stm32f0xx_hal.c ****   * @retval status
 309:Drivers/STM32F0xx_HAL_Driver/Src/stm32f0xx_hal.c ****   */
 310:Drivers/STM32F0xx_HAL_Driver/Src/stm32f0xx_hal.c **** HAL_StatusTypeDef HAL_SetTickFreq(HAL_TickFreqTypeDef Freq)
 311:Drivers/STM32F0xx_HAL_Driver/Src/stm32f0xx_hal.c **** {
 424              		.loc 1 311 1
 425              		.cfi_startproc
 426              		@ args = 0, pretend = 0, frame = 16
 427              		@ frame_needed = 1, uses_anonymous_args = 0
 428 0000 F0B5     		push	{r4, r5, r6, r7, lr}
 429              	.LCFI17:
 430              		.cfi_def_cfa_offset 20
 431              		.cfi_offset 4, -20
 432              		.cfi_offset 5, -16
 433              		.cfi_offset 6, -12
 434              		.cfi_offset 7, -8
 435              		.cfi_offset 14, -4
 436 0002 85B0     		sub	sp, sp, #20
 437              	.LCFI18:
 438              		.cfi_def_cfa_offset 40
 439 0004 00AF     		add	r7, sp, #0
 440              	.LCFI19:
 441              		.cfi_def_cfa_register 7
 442 0006 0200     		movs	r2, r0
 443 0008 FB1D     		adds	r3, r7, #7
 444 000a 1A70     		strb	r2, [r3]
 312:Drivers/STM32F0xx_HAL_Driver/Src/stm32f0xx_hal.c ****   HAL_StatusTypeDef status  = HAL_OK;
 445              		.loc 1 312 21
 446 000c 0F21     		movs	r1, #15
 447 000e 7B18     		adds	r3, r7, r1
 448 0010 0022     		movs	r2, #0
 449 0012 1A70     		strb	r2, [r3]
ARM GAS  C:\Users\Vulca\AppData\Local\Temp\cc5As8dS.s 			page 14


 313:Drivers/STM32F0xx_HAL_Driver/Src/stm32f0xx_hal.c ****   HAL_TickFreqTypeDef prevTickFreq;
 314:Drivers/STM32F0xx_HAL_Driver/Src/stm32f0xx_hal.c **** 
 315:Drivers/STM32F0xx_HAL_Driver/Src/stm32f0xx_hal.c ****   assert_param(IS_TICKFREQ(Freq));
 316:Drivers/STM32F0xx_HAL_Driver/Src/stm32f0xx_hal.c **** 
 317:Drivers/STM32F0xx_HAL_Driver/Src/stm32f0xx_hal.c ****   if (uwTickFreq != Freq)
 450              		.loc 1 317 18
 451 0014 134B     		ldr	r3, .L32
 452 0016 1B78     		ldrb	r3, [r3]
 453              		.loc 1 317 6
 454 0018 FA1D     		adds	r2, r7, #7
 455 001a 1278     		ldrb	r2, [r2]
 456 001c 9A42     		cmp	r2, r3
 457 001e 19D0     		beq	.L30
 318:Drivers/STM32F0xx_HAL_Driver/Src/stm32f0xx_hal.c ****   {
 319:Drivers/STM32F0xx_HAL_Driver/Src/stm32f0xx_hal.c ****     /* Back up uwTickFreq frequency */
 320:Drivers/STM32F0xx_HAL_Driver/Src/stm32f0xx_hal.c ****     prevTickFreq = uwTickFreq;
 458              		.loc 1 320 18
 459 0020 0E26     		movs	r6, #14
 460 0022 BB19     		adds	r3, r7, r6
 461 0024 0F4A     		ldr	r2, .L32
 462 0026 1278     		ldrb	r2, [r2]
 463 0028 1A70     		strb	r2, [r3]
 321:Drivers/STM32F0xx_HAL_Driver/Src/stm32f0xx_hal.c **** 
 322:Drivers/STM32F0xx_HAL_Driver/Src/stm32f0xx_hal.c ****     /* Update uwTickFreq global variable used by HAL_InitTick() */
 323:Drivers/STM32F0xx_HAL_Driver/Src/stm32f0xx_hal.c ****     uwTickFreq = Freq;
 464              		.loc 1 323 16
 465 002a 0E4B     		ldr	r3, .L32
 466 002c FA1D     		adds	r2, r7, #7
 467 002e 1278     		ldrb	r2, [r2]
 468 0030 1A70     		strb	r2, [r3]
 324:Drivers/STM32F0xx_HAL_Driver/Src/stm32f0xx_hal.c **** 
 325:Drivers/STM32F0xx_HAL_Driver/Src/stm32f0xx_hal.c ****     /* Apply the new tick Freq */
 326:Drivers/STM32F0xx_HAL_Driver/Src/stm32f0xx_hal.c ****     status = HAL_InitTick(uwTickPrio);
 469              		.loc 1 326 14
 470 0032 0D4B     		ldr	r3, .L32+4
 471 0034 1B68     		ldr	r3, [r3]
 472 0036 0D00     		movs	r5, r1
 473 0038 7C18     		adds	r4, r7, r1
 474 003a 1800     		movs	r0, r3
 475 003c FFF7FEFF 		bl	HAL_InitTick
 476 0040 0300     		movs	r3, r0
 477 0042 2370     		strb	r3, [r4]
 327:Drivers/STM32F0xx_HAL_Driver/Src/stm32f0xx_hal.c **** 
 328:Drivers/STM32F0xx_HAL_Driver/Src/stm32f0xx_hal.c ****     if (status != HAL_OK)
 478              		.loc 1 328 8
 479 0044 7B19     		adds	r3, r7, r5
 480 0046 1B78     		ldrb	r3, [r3]
 481 0048 002B     		cmp	r3, #0
 482 004a 03D0     		beq	.L30
 329:Drivers/STM32F0xx_HAL_Driver/Src/stm32f0xx_hal.c ****     {
 330:Drivers/STM32F0xx_HAL_Driver/Src/stm32f0xx_hal.c ****       /* Restore previous tick frequency */
 331:Drivers/STM32F0xx_HAL_Driver/Src/stm32f0xx_hal.c ****       uwTickFreq = prevTickFreq;
 483              		.loc 1 331 18
 484 004c 054B     		ldr	r3, .L32
 485 004e BA19     		adds	r2, r7, r6
 486 0050 1278     		ldrb	r2, [r2]
 487 0052 1A70     		strb	r2, [r3]
ARM GAS  C:\Users\Vulca\AppData\Local\Temp\cc5As8dS.s 			page 15


 488              	.L30:
 332:Drivers/STM32F0xx_HAL_Driver/Src/stm32f0xx_hal.c ****     }
 333:Drivers/STM32F0xx_HAL_Driver/Src/stm32f0xx_hal.c ****   }
 334:Drivers/STM32F0xx_HAL_Driver/Src/stm32f0xx_hal.c **** 
 335:Drivers/STM32F0xx_HAL_Driver/Src/stm32f0xx_hal.c ****   return status;
 489              		.loc 1 335 10
 490 0054 0F23     		movs	r3, #15
 491 0056 FB18     		adds	r3, r7, r3
 492 0058 1B78     		ldrb	r3, [r3]
 336:Drivers/STM32F0xx_HAL_Driver/Src/stm32f0xx_hal.c **** }
 493              		.loc 1 336 1
 494 005a 1800     		movs	r0, r3
 495 005c BD46     		mov	sp, r7
 496 005e 05B0     		add	sp, sp, #20
 497              		@ sp needed
 498 0060 F0BD     		pop	{r4, r5, r6, r7, pc}
 499              	.L33:
 500 0062 C046     		.align	2
 501              	.L32:
 502 0064 00000000 		.word	uwTickFreq
 503 0068 00000000 		.word	uwTickPrio
 504              		.cfi_endproc
 505              	.LFE48:
 507              		.section	.text.HAL_GetTickFreq,"ax",%progbits
 508              		.align	1
 509              		.global	HAL_GetTickFreq
 510              		.syntax unified
 511              		.code	16
 512              		.thumb_func
 513              		.fpu softvfp
 515              	HAL_GetTickFreq:
 516              	.LFB49:
 337:Drivers/STM32F0xx_HAL_Driver/Src/stm32f0xx_hal.c **** 
 338:Drivers/STM32F0xx_HAL_Driver/Src/stm32f0xx_hal.c **** /**
 339:Drivers/STM32F0xx_HAL_Driver/Src/stm32f0xx_hal.c ****   * @brief return tick frequency.
 340:Drivers/STM32F0xx_HAL_Driver/Src/stm32f0xx_hal.c ****   * @retval tick period in Hz
 341:Drivers/STM32F0xx_HAL_Driver/Src/stm32f0xx_hal.c ****   */
 342:Drivers/STM32F0xx_HAL_Driver/Src/stm32f0xx_hal.c **** HAL_TickFreqTypeDef HAL_GetTickFreq(void)
 343:Drivers/STM32F0xx_HAL_Driver/Src/stm32f0xx_hal.c **** {
 517              		.loc 1 343 1
 518              		.cfi_startproc
 519              		@ args = 0, pretend = 0, frame = 0
 520              		@ frame_needed = 1, uses_anonymous_args = 0
 521 0000 80B5     		push	{r7, lr}
 522              	.LCFI20:
 523              		.cfi_def_cfa_offset 8
 524              		.cfi_offset 7, -8
 525              		.cfi_offset 14, -4
 526 0002 00AF     		add	r7, sp, #0
 527              	.LCFI21:
 528              		.cfi_def_cfa_register 7
 344:Drivers/STM32F0xx_HAL_Driver/Src/stm32f0xx_hal.c ****   return uwTickFreq;
 529              		.loc 1 344 10
 530 0004 024B     		ldr	r3, .L36
 531 0006 1B78     		ldrb	r3, [r3]
 345:Drivers/STM32F0xx_HAL_Driver/Src/stm32f0xx_hal.c **** }
 532              		.loc 1 345 1
ARM GAS  C:\Users\Vulca\AppData\Local\Temp\cc5As8dS.s 			page 16


 533 0008 1800     		movs	r0, r3
 534 000a BD46     		mov	sp, r7
 535              		@ sp needed
 536 000c 80BD     		pop	{r7, pc}
 537              	.L37:
 538 000e C046     		.align	2
 539              	.L36:
 540 0010 00000000 		.word	uwTickFreq
 541              		.cfi_endproc
 542              	.LFE49:
 544              		.section	.text.HAL_Delay,"ax",%progbits
 545              		.align	1
 546              		.weak	HAL_Delay
 547              		.syntax unified
 548              		.code	16
 549              		.thumb_func
 550              		.fpu softvfp
 552              	HAL_Delay:
 553              	.LFB50:
 346:Drivers/STM32F0xx_HAL_Driver/Src/stm32f0xx_hal.c **** 
 347:Drivers/STM32F0xx_HAL_Driver/Src/stm32f0xx_hal.c **** /**
 348:Drivers/STM32F0xx_HAL_Driver/Src/stm32f0xx_hal.c ****   * @brief This function provides accurate delay (in milliseconds) based 
 349:Drivers/STM32F0xx_HAL_Driver/Src/stm32f0xx_hal.c ****   *        on variable incremented.
 350:Drivers/STM32F0xx_HAL_Driver/Src/stm32f0xx_hal.c ****   * @note In the default implementation , SysTick timer is the source of time base.
 351:Drivers/STM32F0xx_HAL_Driver/Src/stm32f0xx_hal.c ****   *       It is used to generate interrupts at regular time intervals where uwTick
 352:Drivers/STM32F0xx_HAL_Driver/Src/stm32f0xx_hal.c ****   *       is incremented.
 353:Drivers/STM32F0xx_HAL_Driver/Src/stm32f0xx_hal.c ****   * @note ThiS function is declared as __weak to be overwritten in case of other
 354:Drivers/STM32F0xx_HAL_Driver/Src/stm32f0xx_hal.c ****   *       implementations in user file.
 355:Drivers/STM32F0xx_HAL_Driver/Src/stm32f0xx_hal.c ****   * @param Delay specifies the delay time length, in milliseconds.
 356:Drivers/STM32F0xx_HAL_Driver/Src/stm32f0xx_hal.c ****   * @retval None
 357:Drivers/STM32F0xx_HAL_Driver/Src/stm32f0xx_hal.c ****   */
 358:Drivers/STM32F0xx_HAL_Driver/Src/stm32f0xx_hal.c **** __weak void HAL_Delay(uint32_t Delay)
 359:Drivers/STM32F0xx_HAL_Driver/Src/stm32f0xx_hal.c **** {
 554              		.loc 1 359 1
 555              		.cfi_startproc
 556              		@ args = 0, pretend = 0, frame = 16
 557              		@ frame_needed = 1, uses_anonymous_args = 0
 558 0000 80B5     		push	{r7, lr}
 559              	.LCFI22:
 560              		.cfi_def_cfa_offset 8
 561              		.cfi_offset 7, -8
 562              		.cfi_offset 14, -4
 563 0002 84B0     		sub	sp, sp, #16
 564              	.LCFI23:
 565              		.cfi_def_cfa_offset 24
 566 0004 00AF     		add	r7, sp, #0
 567              	.LCFI24:
 568              		.cfi_def_cfa_register 7
 569 0006 7860     		str	r0, [r7, #4]
 360:Drivers/STM32F0xx_HAL_Driver/Src/stm32f0xx_hal.c ****   uint32_t tickstart = HAL_GetTick();
 570              		.loc 1 360 24
 571 0008 FFF7FEFF 		bl	HAL_GetTick
 572 000c 0300     		movs	r3, r0
 573 000e BB60     		str	r3, [r7, #8]
 361:Drivers/STM32F0xx_HAL_Driver/Src/stm32f0xx_hal.c ****   uint32_t wait = Delay;
 574              		.loc 1 361 12
 575 0010 7B68     		ldr	r3, [r7, #4]
ARM GAS  C:\Users\Vulca\AppData\Local\Temp\cc5As8dS.s 			page 17


 576 0012 FB60     		str	r3, [r7, #12]
 362:Drivers/STM32F0xx_HAL_Driver/Src/stm32f0xx_hal.c ****   
 363:Drivers/STM32F0xx_HAL_Driver/Src/stm32f0xx_hal.c ****   /* Add a freq to guarantee minimum wait */
 364:Drivers/STM32F0xx_HAL_Driver/Src/stm32f0xx_hal.c ****   if (wait < HAL_MAX_DELAY)
 577              		.loc 1 364 6
 578 0014 FB68     		ldr	r3, [r7, #12]
 579 0016 0133     		adds	r3, r3, #1
 580 0018 05D0     		beq	.L41
 365:Drivers/STM32F0xx_HAL_Driver/Src/stm32f0xx_hal.c ****   {
 366:Drivers/STM32F0xx_HAL_Driver/Src/stm32f0xx_hal.c ****     wait += (uint32_t)(uwTickFreq);
 581              		.loc 1 366 13
 582 001a 0A4B     		ldr	r3, .L42
 583 001c 1B78     		ldrb	r3, [r3]
 584 001e 1A00     		movs	r2, r3
 585              		.loc 1 366 10
 586 0020 FB68     		ldr	r3, [r7, #12]
 587 0022 9B18     		adds	r3, r3, r2
 588 0024 FB60     		str	r3, [r7, #12]
 589              	.L41:
 367:Drivers/STM32F0xx_HAL_Driver/Src/stm32f0xx_hal.c ****   }
 368:Drivers/STM32F0xx_HAL_Driver/Src/stm32f0xx_hal.c ****   
 369:Drivers/STM32F0xx_HAL_Driver/Src/stm32f0xx_hal.c ****   while((HAL_GetTick() - tickstart) < wait)
 590              		.loc 1 369 8
 591 0026 C046     		nop
 592              	.L40:
 593              		.loc 1 369 10 discriminator 1
 594 0028 FFF7FEFF 		bl	HAL_GetTick
 595 002c 0200     		movs	r2, r0
 596              		.loc 1 369 24 discriminator 1
 597 002e BB68     		ldr	r3, [r7, #8]
 598 0030 D31A     		subs	r3, r2, r3
 599              		.loc 1 369 8 discriminator 1
 600 0032 FA68     		ldr	r2, [r7, #12]
 601 0034 9A42     		cmp	r2, r3
 602 0036 F7D8     		bhi	.L40
 370:Drivers/STM32F0xx_HAL_Driver/Src/stm32f0xx_hal.c ****   {
 371:Drivers/STM32F0xx_HAL_Driver/Src/stm32f0xx_hal.c ****   }
 372:Drivers/STM32F0xx_HAL_Driver/Src/stm32f0xx_hal.c **** }
 603              		.loc 1 372 1
 604 0038 C046     		nop
 605 003a C046     		nop
 606 003c BD46     		mov	sp, r7
 607 003e 04B0     		add	sp, sp, #16
 608              		@ sp needed
 609 0040 80BD     		pop	{r7, pc}
 610              	.L43:
 611 0042 C046     		.align	2
 612              	.L42:
 613 0044 00000000 		.word	uwTickFreq
 614              		.cfi_endproc
 615              	.LFE50:
 617              		.section	.text.HAL_SuspendTick,"ax",%progbits
 618              		.align	1
 619              		.weak	HAL_SuspendTick
 620              		.syntax unified
 621              		.code	16
 622              		.thumb_func
ARM GAS  C:\Users\Vulca\AppData\Local\Temp\cc5As8dS.s 			page 18


 623              		.fpu softvfp
 625              	HAL_SuspendTick:
 626              	.LFB51:
 373:Drivers/STM32F0xx_HAL_Driver/Src/stm32f0xx_hal.c **** 
 374:Drivers/STM32F0xx_HAL_Driver/Src/stm32f0xx_hal.c **** /**
 375:Drivers/STM32F0xx_HAL_Driver/Src/stm32f0xx_hal.c ****   * @brief Suspend Tick increment.
 376:Drivers/STM32F0xx_HAL_Driver/Src/stm32f0xx_hal.c ****   * @note In the default implementation , SysTick timer is the source of time base. It is
 377:Drivers/STM32F0xx_HAL_Driver/Src/stm32f0xx_hal.c ****   *       used to generate interrupts at regular time intervals. Once HAL_SuspendTick()
 378:Drivers/STM32F0xx_HAL_Driver/Src/stm32f0xx_hal.c ****   *       is called, the the SysTick interrupt will be disabled and so Tick increment 
 379:Drivers/STM32F0xx_HAL_Driver/Src/stm32f0xx_hal.c ****   *       is suspended.
 380:Drivers/STM32F0xx_HAL_Driver/Src/stm32f0xx_hal.c ****   * @note This function is declared as __weak to be overwritten in case of other
 381:Drivers/STM32F0xx_HAL_Driver/Src/stm32f0xx_hal.c ****   *       implementations in user file.
 382:Drivers/STM32F0xx_HAL_Driver/Src/stm32f0xx_hal.c ****   * @retval None
 383:Drivers/STM32F0xx_HAL_Driver/Src/stm32f0xx_hal.c ****   */
 384:Drivers/STM32F0xx_HAL_Driver/Src/stm32f0xx_hal.c **** __weak void HAL_SuspendTick(void)
 385:Drivers/STM32F0xx_HAL_Driver/Src/stm32f0xx_hal.c **** 
 386:Drivers/STM32F0xx_HAL_Driver/Src/stm32f0xx_hal.c **** {
 627              		.loc 1 386 1
 628              		.cfi_startproc
 629              		@ args = 0, pretend = 0, frame = 0
 630              		@ frame_needed = 1, uses_anonymous_args = 0
 631 0000 80B5     		push	{r7, lr}
 632              	.LCFI25:
 633              		.cfi_def_cfa_offset 8
 634              		.cfi_offset 7, -8
 635              		.cfi_offset 14, -4
 636 0002 00AF     		add	r7, sp, #0
 637              	.LCFI26:
 638              		.cfi_def_cfa_register 7
 387:Drivers/STM32F0xx_HAL_Driver/Src/stm32f0xx_hal.c ****   /* Disable SysTick Interrupt */
 388:Drivers/STM32F0xx_HAL_Driver/Src/stm32f0xx_hal.c ****   CLEAR_BIT(SysTick->CTRL,SysTick_CTRL_TICKINT_Msk);
 639              		.loc 1 388 3
 640 0004 044B     		ldr	r3, .L45
 641 0006 1A68     		ldr	r2, [r3]
 642 0008 034B     		ldr	r3, .L45
 643 000a 0221     		movs	r1, #2
 644 000c 8A43     		bics	r2, r1
 645 000e 1A60     		str	r2, [r3]
 389:Drivers/STM32F0xx_HAL_Driver/Src/stm32f0xx_hal.c **** }
 646              		.loc 1 389 1
 647 0010 C046     		nop
 648 0012 BD46     		mov	sp, r7
 649              		@ sp needed
 650 0014 80BD     		pop	{r7, pc}
 651              	.L46:
 652 0016 C046     		.align	2
 653              	.L45:
 654 0018 10E000E0 		.word	-536813552
 655              		.cfi_endproc
 656              	.LFE51:
 658              		.section	.text.HAL_ResumeTick,"ax",%progbits
 659              		.align	1
 660              		.weak	HAL_ResumeTick
 661              		.syntax unified
 662              		.code	16
 663              		.thumb_func
 664              		.fpu softvfp
ARM GAS  C:\Users\Vulca\AppData\Local\Temp\cc5As8dS.s 			page 19


 666              	HAL_ResumeTick:
 667              	.LFB52:
 390:Drivers/STM32F0xx_HAL_Driver/Src/stm32f0xx_hal.c **** 
 391:Drivers/STM32F0xx_HAL_Driver/Src/stm32f0xx_hal.c **** /**
 392:Drivers/STM32F0xx_HAL_Driver/Src/stm32f0xx_hal.c ****   * @brief Resume Tick increment.
 393:Drivers/STM32F0xx_HAL_Driver/Src/stm32f0xx_hal.c ****   * @note In the default implementation , SysTick timer is the source of time base. It is
 394:Drivers/STM32F0xx_HAL_Driver/Src/stm32f0xx_hal.c ****   *       used to generate interrupts at regular time intervals. Once HAL_ResumeTick()
 395:Drivers/STM32F0xx_HAL_Driver/Src/stm32f0xx_hal.c ****   *       is called, the the SysTick interrupt will be enabled and so Tick increment 
 396:Drivers/STM32F0xx_HAL_Driver/Src/stm32f0xx_hal.c ****   *       is resumed.
 397:Drivers/STM32F0xx_HAL_Driver/Src/stm32f0xx_hal.c ****   * @note This function is declared as __weak  to be overwritten  in case of other
 398:Drivers/STM32F0xx_HAL_Driver/Src/stm32f0xx_hal.c ****   *       implementations in user file.
 399:Drivers/STM32F0xx_HAL_Driver/Src/stm32f0xx_hal.c ****   * @retval None
 400:Drivers/STM32F0xx_HAL_Driver/Src/stm32f0xx_hal.c ****   */
 401:Drivers/STM32F0xx_HAL_Driver/Src/stm32f0xx_hal.c **** __weak void HAL_ResumeTick(void)
 402:Drivers/STM32F0xx_HAL_Driver/Src/stm32f0xx_hal.c **** {
 668              		.loc 1 402 1
 669              		.cfi_startproc
 670              		@ args = 0, pretend = 0, frame = 0
 671              		@ frame_needed = 1, uses_anonymous_args = 0
 672 0000 80B5     		push	{r7, lr}
 673              	.LCFI27:
 674              		.cfi_def_cfa_offset 8
 675              		.cfi_offset 7, -8
 676              		.cfi_offset 14, -4
 677 0002 00AF     		add	r7, sp, #0
 678              	.LCFI28:
 679              		.cfi_def_cfa_register 7
 403:Drivers/STM32F0xx_HAL_Driver/Src/stm32f0xx_hal.c ****   /* Enable SysTick Interrupt */
 404:Drivers/STM32F0xx_HAL_Driver/Src/stm32f0xx_hal.c ****   SET_BIT(SysTick->CTRL,SysTick_CTRL_TICKINT_Msk);
 680              		.loc 1 404 3
 681 0004 044B     		ldr	r3, .L48
 682 0006 1A68     		ldr	r2, [r3]
 683 0008 034B     		ldr	r3, .L48
 684 000a 0221     		movs	r1, #2
 685 000c 0A43     		orrs	r2, r1
 686 000e 1A60     		str	r2, [r3]
 405:Drivers/STM32F0xx_HAL_Driver/Src/stm32f0xx_hal.c **** }
 687              		.loc 1 405 1
 688 0010 C046     		nop
 689 0012 BD46     		mov	sp, r7
 690              		@ sp needed
 691 0014 80BD     		pop	{r7, pc}
 692              	.L49:
 693 0016 C046     		.align	2
 694              	.L48:
 695 0018 10E000E0 		.word	-536813552
 696              		.cfi_endproc
 697              	.LFE52:
 699              		.section	.text.HAL_GetHalVersion,"ax",%progbits
 700              		.align	1
 701              		.global	HAL_GetHalVersion
 702              		.syntax unified
 703              		.code	16
 704              		.thumb_func
 705              		.fpu softvfp
 707              	HAL_GetHalVersion:
 708              	.LFB53:
ARM GAS  C:\Users\Vulca\AppData\Local\Temp\cc5As8dS.s 			page 20


 406:Drivers/STM32F0xx_HAL_Driver/Src/stm32f0xx_hal.c **** 
 407:Drivers/STM32F0xx_HAL_Driver/Src/stm32f0xx_hal.c **** /**
 408:Drivers/STM32F0xx_HAL_Driver/Src/stm32f0xx_hal.c ****   * @brief  This method returns the HAL revision
 409:Drivers/STM32F0xx_HAL_Driver/Src/stm32f0xx_hal.c ****   * @retval version 0xXYZR (8bits for each decimal, R for RC)
 410:Drivers/STM32F0xx_HAL_Driver/Src/stm32f0xx_hal.c ****   */
 411:Drivers/STM32F0xx_HAL_Driver/Src/stm32f0xx_hal.c **** uint32_t HAL_GetHalVersion(void)
 412:Drivers/STM32F0xx_HAL_Driver/Src/stm32f0xx_hal.c **** {
 709              		.loc 1 412 1
 710              		.cfi_startproc
 711              		@ args = 0, pretend = 0, frame = 0
 712              		@ frame_needed = 1, uses_anonymous_args = 0
 713 0000 80B5     		push	{r7, lr}
 714              	.LCFI29:
 715              		.cfi_def_cfa_offset 8
 716              		.cfi_offset 7, -8
 717              		.cfi_offset 14, -4
 718 0002 00AF     		add	r7, sp, #0
 719              	.LCFI30:
 720              		.cfi_def_cfa_register 7
 413:Drivers/STM32F0xx_HAL_Driver/Src/stm32f0xx_hal.c ****  return __STM32F0xx_HAL_VERSION;
 721              		.loc 1 413 9
 722 0004 014B     		ldr	r3, .L52
 414:Drivers/STM32F0xx_HAL_Driver/Src/stm32f0xx_hal.c **** }
 723              		.loc 1 414 1
 724 0006 1800     		movs	r0, r3
 725 0008 BD46     		mov	sp, r7
 726              		@ sp needed
 727 000a 80BD     		pop	{r7, pc}
 728              	.L53:
 729              		.align	2
 730              	.L52:
 731 000c 00030701 		.word	17236736
 732              		.cfi_endproc
 733              	.LFE53:
 735              		.section	.text.HAL_GetREVID,"ax",%progbits
 736              		.align	1
 737              		.global	HAL_GetREVID
 738              		.syntax unified
 739              		.code	16
 740              		.thumb_func
 741              		.fpu softvfp
 743              	HAL_GetREVID:
 744              	.LFB54:
 415:Drivers/STM32F0xx_HAL_Driver/Src/stm32f0xx_hal.c **** 
 416:Drivers/STM32F0xx_HAL_Driver/Src/stm32f0xx_hal.c **** /**
 417:Drivers/STM32F0xx_HAL_Driver/Src/stm32f0xx_hal.c ****   * @brief  Returns the device revision identifier.
 418:Drivers/STM32F0xx_HAL_Driver/Src/stm32f0xx_hal.c ****   * @retval Device revision identifier
 419:Drivers/STM32F0xx_HAL_Driver/Src/stm32f0xx_hal.c ****   */
 420:Drivers/STM32F0xx_HAL_Driver/Src/stm32f0xx_hal.c **** uint32_t HAL_GetREVID(void)
 421:Drivers/STM32F0xx_HAL_Driver/Src/stm32f0xx_hal.c **** {
 745              		.loc 1 421 1
 746              		.cfi_startproc
 747              		@ args = 0, pretend = 0, frame = 0
 748              		@ frame_needed = 1, uses_anonymous_args = 0
 749 0000 80B5     		push	{r7, lr}
 750              	.LCFI31:
 751              		.cfi_def_cfa_offset 8
ARM GAS  C:\Users\Vulca\AppData\Local\Temp\cc5As8dS.s 			page 21


 752              		.cfi_offset 7, -8
 753              		.cfi_offset 14, -4
 754 0002 00AF     		add	r7, sp, #0
 755              	.LCFI32:
 756              		.cfi_def_cfa_register 7
 422:Drivers/STM32F0xx_HAL_Driver/Src/stm32f0xx_hal.c ****    return((DBGMCU->IDCODE) >> 16U);
 757              		.loc 1 422 18
 758 0004 024B     		ldr	r3, .L56
 759 0006 1B68     		ldr	r3, [r3]
 760              		.loc 1 422 28
 761 0008 1B0C     		lsrs	r3, r3, #16
 423:Drivers/STM32F0xx_HAL_Driver/Src/stm32f0xx_hal.c **** }
 762              		.loc 1 423 1
 763 000a 1800     		movs	r0, r3
 764 000c BD46     		mov	sp, r7
 765              		@ sp needed
 766 000e 80BD     		pop	{r7, pc}
 767              	.L57:
 768              		.align	2
 769              	.L56:
 770 0010 00580140 		.word	1073829888
 771              		.cfi_endproc
 772              	.LFE54:
 774              		.section	.text.HAL_GetDEVID,"ax",%progbits
 775              		.align	1
 776              		.global	HAL_GetDEVID
 777              		.syntax unified
 778              		.code	16
 779              		.thumb_func
 780              		.fpu softvfp
 782              	HAL_GetDEVID:
 783              	.LFB55:
 424:Drivers/STM32F0xx_HAL_Driver/Src/stm32f0xx_hal.c **** 
 425:Drivers/STM32F0xx_HAL_Driver/Src/stm32f0xx_hal.c **** /**
 426:Drivers/STM32F0xx_HAL_Driver/Src/stm32f0xx_hal.c ****   * @brief  Returns the device identifier.
 427:Drivers/STM32F0xx_HAL_Driver/Src/stm32f0xx_hal.c ****   * @retval Device identifier
 428:Drivers/STM32F0xx_HAL_Driver/Src/stm32f0xx_hal.c ****   */
 429:Drivers/STM32F0xx_HAL_Driver/Src/stm32f0xx_hal.c **** uint32_t HAL_GetDEVID(void)
 430:Drivers/STM32F0xx_HAL_Driver/Src/stm32f0xx_hal.c **** {
 784              		.loc 1 430 1
 785              		.cfi_startproc
 786              		@ args = 0, pretend = 0, frame = 0
 787              		@ frame_needed = 1, uses_anonymous_args = 0
 788 0000 80B5     		push	{r7, lr}
 789              	.LCFI33:
 790              		.cfi_def_cfa_offset 8
 791              		.cfi_offset 7, -8
 792              		.cfi_offset 14, -4
 793 0002 00AF     		add	r7, sp, #0
 794              	.LCFI34:
 795              		.cfi_def_cfa_register 7
 431:Drivers/STM32F0xx_HAL_Driver/Src/stm32f0xx_hal.c ****    return((DBGMCU->IDCODE) & IDCODE_DEVID_MASK);
 796              		.loc 1 431 18
 797 0004 034B     		ldr	r3, .L60
 798 0006 1B68     		ldr	r3, [r3]
 799              		.loc 1 431 28
 800 0008 1B05     		lsls	r3, r3, #20
ARM GAS  C:\Users\Vulca\AppData\Local\Temp\cc5As8dS.s 			page 22


 801 000a 1B0D     		lsrs	r3, r3, #20
 432:Drivers/STM32F0xx_HAL_Driver/Src/stm32f0xx_hal.c **** }
 802              		.loc 1 432 1
 803 000c 1800     		movs	r0, r3
 804 000e BD46     		mov	sp, r7
 805              		@ sp needed
 806 0010 80BD     		pop	{r7, pc}
 807              	.L61:
 808 0012 C046     		.align	2
 809              	.L60:
 810 0014 00580140 		.word	1073829888
 811              		.cfi_endproc
 812              	.LFE55:
 814              		.section	.text.HAL_GetUIDw0,"ax",%progbits
 815              		.align	1
 816              		.global	HAL_GetUIDw0
 817              		.syntax unified
 818              		.code	16
 819              		.thumb_func
 820              		.fpu softvfp
 822              	HAL_GetUIDw0:
 823              	.LFB56:
 433:Drivers/STM32F0xx_HAL_Driver/Src/stm32f0xx_hal.c **** 
 434:Drivers/STM32F0xx_HAL_Driver/Src/stm32f0xx_hal.c **** /**
 435:Drivers/STM32F0xx_HAL_Driver/Src/stm32f0xx_hal.c ****   * @brief  Returns first word of the unique device identifier (UID based on 96 bits)
 436:Drivers/STM32F0xx_HAL_Driver/Src/stm32f0xx_hal.c ****   * @retval Device identifier
 437:Drivers/STM32F0xx_HAL_Driver/Src/stm32f0xx_hal.c ****   */
 438:Drivers/STM32F0xx_HAL_Driver/Src/stm32f0xx_hal.c **** uint32_t HAL_GetUIDw0(void)
 439:Drivers/STM32F0xx_HAL_Driver/Src/stm32f0xx_hal.c **** {
 824              		.loc 1 439 1
 825              		.cfi_startproc
 826              		@ args = 0, pretend = 0, frame = 0
 827              		@ frame_needed = 1, uses_anonymous_args = 0
 828 0000 80B5     		push	{r7, lr}
 829              	.LCFI35:
 830              		.cfi_def_cfa_offset 8
 831              		.cfi_offset 7, -8
 832              		.cfi_offset 14, -4
 833 0002 00AF     		add	r7, sp, #0
 834              	.LCFI36:
 835              		.cfi_def_cfa_register 7
 440:Drivers/STM32F0xx_HAL_Driver/Src/stm32f0xx_hal.c ****    return(READ_REG(*((uint32_t *)UID_BASE)));
 836              		.loc 1 440 11
 837 0004 024B     		ldr	r3, .L64
 838 0006 1B68     		ldr	r3, [r3]
 441:Drivers/STM32F0xx_HAL_Driver/Src/stm32f0xx_hal.c **** }
 839              		.loc 1 441 1
 840 0008 1800     		movs	r0, r3
 841 000a BD46     		mov	sp, r7
 842              		@ sp needed
 843 000c 80BD     		pop	{r7, pc}
 844              	.L65:
 845 000e C046     		.align	2
 846              	.L64:
 847 0010 ACF7FF1F 		.word	536868780
 848              		.cfi_endproc
 849              	.LFE56:
ARM GAS  C:\Users\Vulca\AppData\Local\Temp\cc5As8dS.s 			page 23


 851              		.section	.text.HAL_GetUIDw1,"ax",%progbits
 852              		.align	1
 853              		.global	HAL_GetUIDw1
 854              		.syntax unified
 855              		.code	16
 856              		.thumb_func
 857              		.fpu softvfp
 859              	HAL_GetUIDw1:
 860              	.LFB57:
 442:Drivers/STM32F0xx_HAL_Driver/Src/stm32f0xx_hal.c **** 
 443:Drivers/STM32F0xx_HAL_Driver/Src/stm32f0xx_hal.c **** /**
 444:Drivers/STM32F0xx_HAL_Driver/Src/stm32f0xx_hal.c ****   * @brief  Returns second word of the unique device identifier (UID based on 96 bits)
 445:Drivers/STM32F0xx_HAL_Driver/Src/stm32f0xx_hal.c ****   * @retval Device identifier
 446:Drivers/STM32F0xx_HAL_Driver/Src/stm32f0xx_hal.c ****   */
 447:Drivers/STM32F0xx_HAL_Driver/Src/stm32f0xx_hal.c **** uint32_t HAL_GetUIDw1(void)
 448:Drivers/STM32F0xx_HAL_Driver/Src/stm32f0xx_hal.c **** {
 861              		.loc 1 448 1
 862              		.cfi_startproc
 863              		@ args = 0, pretend = 0, frame = 0
 864              		@ frame_needed = 1, uses_anonymous_args = 0
 865 0000 80B5     		push	{r7, lr}
 866              	.LCFI37:
 867              		.cfi_def_cfa_offset 8
 868              		.cfi_offset 7, -8
 869              		.cfi_offset 14, -4
 870 0002 00AF     		add	r7, sp, #0
 871              	.LCFI38:
 872              		.cfi_def_cfa_register 7
 449:Drivers/STM32F0xx_HAL_Driver/Src/stm32f0xx_hal.c ****    return(READ_REG(*((uint32_t *)(UID_BASE + 4U))));
 873              		.loc 1 449 11
 874 0004 024B     		ldr	r3, .L68
 875 0006 1B68     		ldr	r3, [r3]
 450:Drivers/STM32F0xx_HAL_Driver/Src/stm32f0xx_hal.c **** }
 876              		.loc 1 450 1
 877 0008 1800     		movs	r0, r3
 878 000a BD46     		mov	sp, r7
 879              		@ sp needed
 880 000c 80BD     		pop	{r7, pc}
 881              	.L69:
 882 000e C046     		.align	2
 883              	.L68:
 884 0010 B0F7FF1F 		.word	536868784
 885              		.cfi_endproc
 886              	.LFE57:
 888              		.section	.text.HAL_GetUIDw2,"ax",%progbits
 889              		.align	1
 890              		.global	HAL_GetUIDw2
 891              		.syntax unified
 892              		.code	16
 893              		.thumb_func
 894              		.fpu softvfp
 896              	HAL_GetUIDw2:
 897              	.LFB58:
 451:Drivers/STM32F0xx_HAL_Driver/Src/stm32f0xx_hal.c **** 
 452:Drivers/STM32F0xx_HAL_Driver/Src/stm32f0xx_hal.c **** /**
 453:Drivers/STM32F0xx_HAL_Driver/Src/stm32f0xx_hal.c ****   * @brief  Returns third word of the unique device identifier (UID based on 96 bits)
 454:Drivers/STM32F0xx_HAL_Driver/Src/stm32f0xx_hal.c ****   * @retval Device identifier
ARM GAS  C:\Users\Vulca\AppData\Local\Temp\cc5As8dS.s 			page 24


 455:Drivers/STM32F0xx_HAL_Driver/Src/stm32f0xx_hal.c ****   */
 456:Drivers/STM32F0xx_HAL_Driver/Src/stm32f0xx_hal.c **** uint32_t HAL_GetUIDw2(void)
 457:Drivers/STM32F0xx_HAL_Driver/Src/stm32f0xx_hal.c **** {
 898              		.loc 1 457 1
 899              		.cfi_startproc
 900              		@ args = 0, pretend = 0, frame = 0
 901              		@ frame_needed = 1, uses_anonymous_args = 0
 902 0000 80B5     		push	{r7, lr}
 903              	.LCFI39:
 904              		.cfi_def_cfa_offset 8
 905              		.cfi_offset 7, -8
 906              		.cfi_offset 14, -4
 907 0002 00AF     		add	r7, sp, #0
 908              	.LCFI40:
 909              		.cfi_def_cfa_register 7
 458:Drivers/STM32F0xx_HAL_Driver/Src/stm32f0xx_hal.c ****    return(READ_REG(*((uint32_t *)(UID_BASE + 8U))));
 910              		.loc 1 458 11
 911 0004 024B     		ldr	r3, .L72
 912 0006 1B68     		ldr	r3, [r3]
 459:Drivers/STM32F0xx_HAL_Driver/Src/stm32f0xx_hal.c **** }
 913              		.loc 1 459 1
 914 0008 1800     		movs	r0, r3
 915 000a BD46     		mov	sp, r7
 916              		@ sp needed
 917 000c 80BD     		pop	{r7, pc}
 918              	.L73:
 919 000e C046     		.align	2
 920              	.L72:
 921 0010 B4F7FF1F 		.word	536868788
 922              		.cfi_endproc
 923              	.LFE58:
 925              		.section	.text.HAL_DBGMCU_EnableDBGStopMode,"ax",%progbits
 926              		.align	1
 927              		.global	HAL_DBGMCU_EnableDBGStopMode
 928              		.syntax unified
 929              		.code	16
 930              		.thumb_func
 931              		.fpu softvfp
 933              	HAL_DBGMCU_EnableDBGStopMode:
 934              	.LFB59:
 460:Drivers/STM32F0xx_HAL_Driver/Src/stm32f0xx_hal.c **** 
 461:Drivers/STM32F0xx_HAL_Driver/Src/stm32f0xx_hal.c **** /**
 462:Drivers/STM32F0xx_HAL_Driver/Src/stm32f0xx_hal.c ****   * @brief  Enable the Debug Module during STOP mode
 463:Drivers/STM32F0xx_HAL_Driver/Src/stm32f0xx_hal.c ****   * @retval None
 464:Drivers/STM32F0xx_HAL_Driver/Src/stm32f0xx_hal.c ****   */
 465:Drivers/STM32F0xx_HAL_Driver/Src/stm32f0xx_hal.c **** void HAL_DBGMCU_EnableDBGStopMode(void)
 466:Drivers/STM32F0xx_HAL_Driver/Src/stm32f0xx_hal.c **** {
 935              		.loc 1 466 1
 936              		.cfi_startproc
 937              		@ args = 0, pretend = 0, frame = 0
 938              		@ frame_needed = 1, uses_anonymous_args = 0
 939 0000 80B5     		push	{r7, lr}
 940              	.LCFI41:
 941              		.cfi_def_cfa_offset 8
 942              		.cfi_offset 7, -8
 943              		.cfi_offset 14, -4
 944 0002 00AF     		add	r7, sp, #0
ARM GAS  C:\Users\Vulca\AppData\Local\Temp\cc5As8dS.s 			page 25


 945              	.LCFI42:
 946              		.cfi_def_cfa_register 7
 467:Drivers/STM32F0xx_HAL_Driver/Src/stm32f0xx_hal.c ****   SET_BIT(DBGMCU->CR, DBGMCU_CR_DBG_STOP);
 947              		.loc 1 467 3
 948 0004 044B     		ldr	r3, .L75
 949 0006 5A68     		ldr	r2, [r3, #4]
 950 0008 034B     		ldr	r3, .L75
 951 000a 0221     		movs	r1, #2
 952 000c 0A43     		orrs	r2, r1
 953 000e 5A60     		str	r2, [r3, #4]
 468:Drivers/STM32F0xx_HAL_Driver/Src/stm32f0xx_hal.c **** }
 954              		.loc 1 468 1
 955 0010 C046     		nop
 956 0012 BD46     		mov	sp, r7
 957              		@ sp needed
 958 0014 80BD     		pop	{r7, pc}
 959              	.L76:
 960 0016 C046     		.align	2
 961              	.L75:
 962 0018 00580140 		.word	1073829888
 963              		.cfi_endproc
 964              	.LFE59:
 966              		.section	.text.HAL_DBGMCU_DisableDBGStopMode,"ax",%progbits
 967              		.align	1
 968              		.global	HAL_DBGMCU_DisableDBGStopMode
 969              		.syntax unified
 970              		.code	16
 971              		.thumb_func
 972              		.fpu softvfp
 974              	HAL_DBGMCU_DisableDBGStopMode:
 975              	.LFB60:
 469:Drivers/STM32F0xx_HAL_Driver/Src/stm32f0xx_hal.c **** 
 470:Drivers/STM32F0xx_HAL_Driver/Src/stm32f0xx_hal.c **** /**
 471:Drivers/STM32F0xx_HAL_Driver/Src/stm32f0xx_hal.c ****   * @brief  Disable the Debug Module during STOP mode
 472:Drivers/STM32F0xx_HAL_Driver/Src/stm32f0xx_hal.c ****   * @retval None
 473:Drivers/STM32F0xx_HAL_Driver/Src/stm32f0xx_hal.c ****   */
 474:Drivers/STM32F0xx_HAL_Driver/Src/stm32f0xx_hal.c **** void HAL_DBGMCU_DisableDBGStopMode(void)
 475:Drivers/STM32F0xx_HAL_Driver/Src/stm32f0xx_hal.c **** {
 976              		.loc 1 475 1
 977              		.cfi_startproc
 978              		@ args = 0, pretend = 0, frame = 0
 979              		@ frame_needed = 1, uses_anonymous_args = 0
 980 0000 80B5     		push	{r7, lr}
 981              	.LCFI43:
 982              		.cfi_def_cfa_offset 8
 983              		.cfi_offset 7, -8
 984              		.cfi_offset 14, -4
 985 0002 00AF     		add	r7, sp, #0
 986              	.LCFI44:
 987              		.cfi_def_cfa_register 7
 476:Drivers/STM32F0xx_HAL_Driver/Src/stm32f0xx_hal.c ****   CLEAR_BIT(DBGMCU->CR, DBGMCU_CR_DBG_STOP);
 988              		.loc 1 476 3
 989 0004 044B     		ldr	r3, .L78
 990 0006 5A68     		ldr	r2, [r3, #4]
 991 0008 034B     		ldr	r3, .L78
 992 000a 0221     		movs	r1, #2
 993 000c 8A43     		bics	r2, r1
ARM GAS  C:\Users\Vulca\AppData\Local\Temp\cc5As8dS.s 			page 26


 994 000e 5A60     		str	r2, [r3, #4]
 477:Drivers/STM32F0xx_HAL_Driver/Src/stm32f0xx_hal.c **** }
 995              		.loc 1 477 1
 996 0010 C046     		nop
 997 0012 BD46     		mov	sp, r7
 998              		@ sp needed
 999 0014 80BD     		pop	{r7, pc}
 1000              	.L79:
 1001 0016 C046     		.align	2
 1002              	.L78:
 1003 0018 00580140 		.word	1073829888
 1004              		.cfi_endproc
 1005              	.LFE60:
 1007              		.section	.text.HAL_DBGMCU_EnableDBGStandbyMode,"ax",%progbits
 1008              		.align	1
 1009              		.global	HAL_DBGMCU_EnableDBGStandbyMode
 1010              		.syntax unified
 1011              		.code	16
 1012              		.thumb_func
 1013              		.fpu softvfp
 1015              	HAL_DBGMCU_EnableDBGStandbyMode:
 1016              	.LFB61:
 478:Drivers/STM32F0xx_HAL_Driver/Src/stm32f0xx_hal.c **** 
 479:Drivers/STM32F0xx_HAL_Driver/Src/stm32f0xx_hal.c **** /**
 480:Drivers/STM32F0xx_HAL_Driver/Src/stm32f0xx_hal.c ****   * @brief  Enable the Debug Module during STANDBY mode
 481:Drivers/STM32F0xx_HAL_Driver/Src/stm32f0xx_hal.c ****   * @retval None
 482:Drivers/STM32F0xx_HAL_Driver/Src/stm32f0xx_hal.c ****   */
 483:Drivers/STM32F0xx_HAL_Driver/Src/stm32f0xx_hal.c **** void HAL_DBGMCU_EnableDBGStandbyMode(void)
 484:Drivers/STM32F0xx_HAL_Driver/Src/stm32f0xx_hal.c **** {
 1017              		.loc 1 484 1
 1018              		.cfi_startproc
 1019              		@ args = 0, pretend = 0, frame = 0
 1020              		@ frame_needed = 1, uses_anonymous_args = 0
 1021 0000 80B5     		push	{r7, lr}
 1022              	.LCFI45:
 1023              		.cfi_def_cfa_offset 8
 1024              		.cfi_offset 7, -8
 1025              		.cfi_offset 14, -4
 1026 0002 00AF     		add	r7, sp, #0
 1027              	.LCFI46:
 1028              		.cfi_def_cfa_register 7
 485:Drivers/STM32F0xx_HAL_Driver/Src/stm32f0xx_hal.c ****   SET_BIT(DBGMCU->CR, DBGMCU_CR_DBG_STANDBY);
 1029              		.loc 1 485 3
 1030 0004 044B     		ldr	r3, .L81
 1031 0006 5A68     		ldr	r2, [r3, #4]
 1032 0008 034B     		ldr	r3, .L81
 1033 000a 0421     		movs	r1, #4
 1034 000c 0A43     		orrs	r2, r1
 1035 000e 5A60     		str	r2, [r3, #4]
 486:Drivers/STM32F0xx_HAL_Driver/Src/stm32f0xx_hal.c **** }
 1036              		.loc 1 486 1
 1037 0010 C046     		nop
 1038 0012 BD46     		mov	sp, r7
 1039              		@ sp needed
 1040 0014 80BD     		pop	{r7, pc}
 1041              	.L82:
 1042 0016 C046     		.align	2
ARM GAS  C:\Users\Vulca\AppData\Local\Temp\cc5As8dS.s 			page 27


 1043              	.L81:
 1044 0018 00580140 		.word	1073829888
 1045              		.cfi_endproc
 1046              	.LFE61:
 1048              		.section	.text.HAL_DBGMCU_DisableDBGStandbyMode,"ax",%progbits
 1049              		.align	1
 1050              		.global	HAL_DBGMCU_DisableDBGStandbyMode
 1051              		.syntax unified
 1052              		.code	16
 1053              		.thumb_func
 1054              		.fpu softvfp
 1056              	HAL_DBGMCU_DisableDBGStandbyMode:
 1057              	.LFB62:
 487:Drivers/STM32F0xx_HAL_Driver/Src/stm32f0xx_hal.c **** 
 488:Drivers/STM32F0xx_HAL_Driver/Src/stm32f0xx_hal.c **** /**
 489:Drivers/STM32F0xx_HAL_Driver/Src/stm32f0xx_hal.c ****   * @brief  Disable the Debug Module during STANDBY mode
 490:Drivers/STM32F0xx_HAL_Driver/Src/stm32f0xx_hal.c ****   * @retval None
 491:Drivers/STM32F0xx_HAL_Driver/Src/stm32f0xx_hal.c ****   */
 492:Drivers/STM32F0xx_HAL_Driver/Src/stm32f0xx_hal.c **** void HAL_DBGMCU_DisableDBGStandbyMode(void)
 493:Drivers/STM32F0xx_HAL_Driver/Src/stm32f0xx_hal.c **** {
 1058              		.loc 1 493 1
 1059              		.cfi_startproc
 1060              		@ args = 0, pretend = 0, frame = 0
 1061              		@ frame_needed = 1, uses_anonymous_args = 0
 1062 0000 80B5     		push	{r7, lr}
 1063              	.LCFI47:
 1064              		.cfi_def_cfa_offset 8
 1065              		.cfi_offset 7, -8
 1066              		.cfi_offset 14, -4
 1067 0002 00AF     		add	r7, sp, #0
 1068              	.LCFI48:
 1069              		.cfi_def_cfa_register 7
 494:Drivers/STM32F0xx_HAL_Driver/Src/stm32f0xx_hal.c ****   CLEAR_BIT(DBGMCU->CR, DBGMCU_CR_DBG_STANDBY);
 1070              		.loc 1 494 3
 1071 0004 044B     		ldr	r3, .L84
 1072 0006 5A68     		ldr	r2, [r3, #4]
 1073 0008 034B     		ldr	r3, .L84
 1074 000a 0421     		movs	r1, #4
 1075 000c 8A43     		bics	r2, r1
 1076 000e 5A60     		str	r2, [r3, #4]
 495:Drivers/STM32F0xx_HAL_Driver/Src/stm32f0xx_hal.c **** }
 1077              		.loc 1 495 1
 1078 0010 C046     		nop
 1079 0012 BD46     		mov	sp, r7
 1080              		@ sp needed
 1081 0014 80BD     		pop	{r7, pc}
 1082              	.L85:
 1083 0016 C046     		.align	2
 1084              	.L84:
 1085 0018 00580140 		.word	1073829888
 1086              		.cfi_endproc
 1087              	.LFE62:
 1089              		.text
 1090              	.Letext0:
 1091              		.file 2 "c:\\program files (x86)\\gnu tools arm embedded\\9 2019-q4-major\\arm-none-eabi\\include\
 1092              		.file 3 "c:\\program files (x86)\\gnu tools arm embedded\\9 2019-q4-major\\arm-none-eabi\\include\
 1093              		.file 4 "Drivers/CMSIS/Include/core_cm0.h"
ARM GAS  C:\Users\Vulca\AppData\Local\Temp\cc5As8dS.s 			page 28


 1094              		.file 5 "Drivers/CMSIS/Device/ST/STM32F0xx/Include/system_stm32f0xx.h"
 1095              		.file 6 "Drivers/CMSIS/Device/ST/STM32F0xx/Include/stm32f091xc.h"
 1096              		.file 7 "Drivers/STM32F0xx_HAL_Driver/Inc/stm32f0xx_hal_def.h"
 1097              		.file 8 "Drivers/STM32F0xx_HAL_Driver/Inc/stm32f0xx_hal.h"
ARM GAS  C:\Users\Vulca\AppData\Local\Temp\cc5As8dS.s 			page 29


DEFINED SYMBOLS
                            *ABS*:00000000 stm32f0xx_hal.c
                            *COM*:00000004 uwTick
C:\Users\Vulca\AppData\Local\Temp\cc5As8dS.s:21     .data.uwTickPrio:00000000 uwTickPrio
C:\Users\Vulca\AppData\Local\Temp\cc5As8dS.s:18     .data.uwTickPrio:00000000 $d
C:\Users\Vulca\AppData\Local\Temp\cc5As8dS.s:27     .data.uwTickFreq:00000000 uwTickFreq
C:\Users\Vulca\AppData\Local\Temp\cc5As8dS.s:30     .text.HAL_Init:00000000 $t
C:\Users\Vulca\AppData\Local\Temp\cc5As8dS.s:38     .text.HAL_Init:00000000 HAL_Init
C:\Users\Vulca\AppData\Local\Temp\cc5As8dS.s:213    .text.HAL_InitTick:00000000 HAL_InitTick
C:\Users\Vulca\AppData\Local\Temp\cc5As8dS.s:152    .text.HAL_MspInit:00000000 HAL_MspInit
C:\Users\Vulca\AppData\Local\Temp\cc5As8dS.s:75     .text.HAL_Init:00000024 $d
C:\Users\Vulca\AppData\Local\Temp\cc5As8dS.s:80     .text.HAL_DeInit:00000000 $t
C:\Users\Vulca\AppData\Local\Temp\cc5As8dS.s:87     .text.HAL_DeInit:00000000 HAL_DeInit
C:\Users\Vulca\AppData\Local\Temp\cc5As8dS.s:182    .text.HAL_MspDeInit:00000000 HAL_MspDeInit
C:\Users\Vulca\AppData\Local\Temp\cc5As8dS.s:140    .text.HAL_DeInit:0000003c $d
C:\Users\Vulca\AppData\Local\Temp\cc5As8dS.s:145    .text.HAL_MspInit:00000000 $t
C:\Users\Vulca\AppData\Local\Temp\cc5As8dS.s:175    .text.HAL_MspDeInit:00000000 $t
C:\Users\Vulca\AppData\Local\Temp\cc5As8dS.s:206    .text.HAL_InitTick:00000000 $t
C:\Users\Vulca\AppData\Local\Temp\cc5As8dS.s:290    .text.HAL_InitTick:0000005c $d
C:\Users\Vulca\AppData\Local\Temp\cc5As8dS.s:297    .text.HAL_IncTick:00000000 $t
C:\Users\Vulca\AppData\Local\Temp\cc5As8dS.s:304    .text.HAL_IncTick:00000000 HAL_IncTick
C:\Users\Vulca\AppData\Local\Temp\cc5As8dS.s:335    .text.HAL_IncTick:0000001c $d
C:\Users\Vulca\AppData\Local\Temp\cc5As8dS.s:341    .text.HAL_GetTick:00000000 $t
C:\Users\Vulca\AppData\Local\Temp\cc5As8dS.s:348    .text.HAL_GetTick:00000000 HAL_GetTick
C:\Users\Vulca\AppData\Local\Temp\cc5As8dS.s:373    .text.HAL_GetTick:00000010 $d
C:\Users\Vulca\AppData\Local\Temp\cc5As8dS.s:378    .text.HAL_GetTickPrio:00000000 $t
C:\Users\Vulca\AppData\Local\Temp\cc5As8dS.s:385    .text.HAL_GetTickPrio:00000000 HAL_GetTickPrio
C:\Users\Vulca\AppData\Local\Temp\cc5As8dS.s:410    .text.HAL_GetTickPrio:00000010 $d
C:\Users\Vulca\AppData\Local\Temp\cc5As8dS.s:415    .text.HAL_SetTickFreq:00000000 $t
C:\Users\Vulca\AppData\Local\Temp\cc5As8dS.s:422    .text.HAL_SetTickFreq:00000000 HAL_SetTickFreq
C:\Users\Vulca\AppData\Local\Temp\cc5As8dS.s:502    .text.HAL_SetTickFreq:00000064 $d
C:\Users\Vulca\AppData\Local\Temp\cc5As8dS.s:508    .text.HAL_GetTickFreq:00000000 $t
C:\Users\Vulca\AppData\Local\Temp\cc5As8dS.s:515    .text.HAL_GetTickFreq:00000000 HAL_GetTickFreq
C:\Users\Vulca\AppData\Local\Temp\cc5As8dS.s:540    .text.HAL_GetTickFreq:00000010 $d
C:\Users\Vulca\AppData\Local\Temp\cc5As8dS.s:545    .text.HAL_Delay:00000000 $t
C:\Users\Vulca\AppData\Local\Temp\cc5As8dS.s:552    .text.HAL_Delay:00000000 HAL_Delay
C:\Users\Vulca\AppData\Local\Temp\cc5As8dS.s:613    .text.HAL_Delay:00000044 $d
C:\Users\Vulca\AppData\Local\Temp\cc5As8dS.s:618    .text.HAL_SuspendTick:00000000 $t
C:\Users\Vulca\AppData\Local\Temp\cc5As8dS.s:625    .text.HAL_SuspendTick:00000000 HAL_SuspendTick
C:\Users\Vulca\AppData\Local\Temp\cc5As8dS.s:654    .text.HAL_SuspendTick:00000018 $d
C:\Users\Vulca\AppData\Local\Temp\cc5As8dS.s:659    .text.HAL_ResumeTick:00000000 $t
C:\Users\Vulca\AppData\Local\Temp\cc5As8dS.s:666    .text.HAL_ResumeTick:00000000 HAL_ResumeTick
C:\Users\Vulca\AppData\Local\Temp\cc5As8dS.s:695    .text.HAL_ResumeTick:00000018 $d
C:\Users\Vulca\AppData\Local\Temp\cc5As8dS.s:700    .text.HAL_GetHalVersion:00000000 $t
C:\Users\Vulca\AppData\Local\Temp\cc5As8dS.s:707    .text.HAL_GetHalVersion:00000000 HAL_GetHalVersion
C:\Users\Vulca\AppData\Local\Temp\cc5As8dS.s:731    .text.HAL_GetHalVersion:0000000c $d
C:\Users\Vulca\AppData\Local\Temp\cc5As8dS.s:736    .text.HAL_GetREVID:00000000 $t
C:\Users\Vulca\AppData\Local\Temp\cc5As8dS.s:743    .text.HAL_GetREVID:00000000 HAL_GetREVID
C:\Users\Vulca\AppData\Local\Temp\cc5As8dS.s:770    .text.HAL_GetREVID:00000010 $d
C:\Users\Vulca\AppData\Local\Temp\cc5As8dS.s:775    .text.HAL_GetDEVID:00000000 $t
C:\Users\Vulca\AppData\Local\Temp\cc5As8dS.s:782    .text.HAL_GetDEVID:00000000 HAL_GetDEVID
C:\Users\Vulca\AppData\Local\Temp\cc5As8dS.s:810    .text.HAL_GetDEVID:00000014 $d
C:\Users\Vulca\AppData\Local\Temp\cc5As8dS.s:815    .text.HAL_GetUIDw0:00000000 $t
C:\Users\Vulca\AppData\Local\Temp\cc5As8dS.s:822    .text.HAL_GetUIDw0:00000000 HAL_GetUIDw0
C:\Users\Vulca\AppData\Local\Temp\cc5As8dS.s:847    .text.HAL_GetUIDw0:00000010 $d
C:\Users\Vulca\AppData\Local\Temp\cc5As8dS.s:852    .text.HAL_GetUIDw1:00000000 $t
C:\Users\Vulca\AppData\Local\Temp\cc5As8dS.s:859    .text.HAL_GetUIDw1:00000000 HAL_GetUIDw1
ARM GAS  C:\Users\Vulca\AppData\Local\Temp\cc5As8dS.s 			page 30


C:\Users\Vulca\AppData\Local\Temp\cc5As8dS.s:884    .text.HAL_GetUIDw1:00000010 $d
C:\Users\Vulca\AppData\Local\Temp\cc5As8dS.s:889    .text.HAL_GetUIDw2:00000000 $t
C:\Users\Vulca\AppData\Local\Temp\cc5As8dS.s:896    .text.HAL_GetUIDw2:00000000 HAL_GetUIDw2
C:\Users\Vulca\AppData\Local\Temp\cc5As8dS.s:921    .text.HAL_GetUIDw2:00000010 $d
C:\Users\Vulca\AppData\Local\Temp\cc5As8dS.s:926    .text.HAL_DBGMCU_EnableDBGStopMode:00000000 $t
C:\Users\Vulca\AppData\Local\Temp\cc5As8dS.s:933    .text.HAL_DBGMCU_EnableDBGStopMode:00000000 HAL_DBGMCU_EnableDBGStopMode
C:\Users\Vulca\AppData\Local\Temp\cc5As8dS.s:962    .text.HAL_DBGMCU_EnableDBGStopMode:00000018 $d
C:\Users\Vulca\AppData\Local\Temp\cc5As8dS.s:967    .text.HAL_DBGMCU_DisableDBGStopMode:00000000 $t
C:\Users\Vulca\AppData\Local\Temp\cc5As8dS.s:974    .text.HAL_DBGMCU_DisableDBGStopMode:00000000 HAL_DBGMCU_DisableDBGStopMode
C:\Users\Vulca\AppData\Local\Temp\cc5As8dS.s:1003   .text.HAL_DBGMCU_DisableDBGStopMode:00000018 $d
C:\Users\Vulca\AppData\Local\Temp\cc5As8dS.s:1008   .text.HAL_DBGMCU_EnableDBGStandbyMode:00000000 $t
C:\Users\Vulca\AppData\Local\Temp\cc5As8dS.s:1015   .text.HAL_DBGMCU_EnableDBGStandbyMode:00000000 HAL_DBGMCU_EnableDBGStandbyMode
C:\Users\Vulca\AppData\Local\Temp\cc5As8dS.s:1044   .text.HAL_DBGMCU_EnableDBGStandbyMode:00000018 $d
C:\Users\Vulca\AppData\Local\Temp\cc5As8dS.s:1049   .text.HAL_DBGMCU_DisableDBGStandbyMode:00000000 $t
C:\Users\Vulca\AppData\Local\Temp\cc5As8dS.s:1056   .text.HAL_DBGMCU_DisableDBGStandbyMode:00000000 HAL_DBGMCU_DisableDBGStandbyMode
C:\Users\Vulca\AppData\Local\Temp\cc5As8dS.s:1085   .text.HAL_DBGMCU_DisableDBGStandbyMode:00000018 $d

UNDEFINED SYMBOLS
__aeabi_uidiv
HAL_SYSTICK_Config
HAL_NVIC_SetPriority
SystemCoreClock
