ARM GAS  C:\Users\Vulca\AppData\Local\Temp\cciyLF1d.s 			page 1


   1              		.cpu cortex-m0
   2              		.eabi_attribute 20, 1
   3              		.eabi_attribute 21, 1
   4              		.eabi_attribute 23, 3
   5              		.eabi_attribute 24, 1
   6              		.eabi_attribute 25, 1
   7              		.eabi_attribute 26, 1
   8              		.eabi_attribute 30, 1
   9              		.eabi_attribute 34, 0
  10              		.eabi_attribute 18, 4
  11              		.file	"main.c"
  12              		.text
  13              	.Ltext0:
  14              		.cfi_sections	.debug_frame
  15              		.section	.text.MX_GPIO_Init,"ax",%progbits
  16              		.align	1
  17              		.arch armv6s-m
  18              		.syntax unified
  19              		.code	16
  20              		.thumb_func
  21              		.fpu softvfp
  23              	MX_GPIO_Init:
  24              	.LFB44:
  25              		.file 1 "Src/main.c"
   1:Src/main.c    **** /* USER CODE BEGIN Header */
   2:Src/main.c    **** /**
   3:Src/main.c    ****   ******************************************************************************
   4:Src/main.c    ****   * @file           : main.c
   5:Src/main.c    ****   * @brief          : Main program body
   6:Src/main.c    ****   ******************************************************************************
   7:Src/main.c    ****   * @attention
   8:Src/main.c    ****   *
   9:Src/main.c    ****   * <h2><center>&copy; Copyright (c) 2020 STMicroelectronics.
  10:Src/main.c    ****   * All rights reserved.</center></h2>
  11:Src/main.c    ****   *
  12:Src/main.c    ****   * This software component is licensed by ST under BSD 3-Clause license,
  13:Src/main.c    ****   * the "License"; You may not use this file except in compliance with the
  14:Src/main.c    ****   * License. You may obtain a copy of the License at:
  15:Src/main.c    ****   *                        opensource.org/licenses/BSD-3-Clause
  16:Src/main.c    ****   *
  17:Src/main.c    ****   ******************************************************************************
  18:Src/main.c    ****   */
  19:Src/main.c    **** /* USER CODE END Header */
  20:Src/main.c    **** 
  21:Src/main.c    **** /* Includes ------------------------------------------------------------------*/
  22:Src/main.c    **** #include "main.h"
  23:Src/main.c    **** 
  24:Src/main.c    **** /* Private includes ----------------------------------------------------------*/
  25:Src/main.c    **** /* USER CODE BEGIN Includes */
  26:Src/main.c    **** 
  27:Src/main.c    **** /* USER CODE END Includes */
  28:Src/main.c    **** 
  29:Src/main.c    **** /* Private typedef -----------------------------------------------------------*/
  30:Src/main.c    **** /* USER CODE BEGIN PTD */
  31:Src/main.c    **** 
  32:Src/main.c    **** /* USER CODE END PTD */
  33:Src/main.c    **** 
ARM GAS  C:\Users\Vulca\AppData\Local\Temp\cciyLF1d.s 			page 2


  34:Src/main.c    **** /* Private define ------------------------------------------------------------*/
  35:Src/main.c    **** /* USER CODE BEGIN PD */
  36:Src/main.c    **** /* USER CODE END PD */
  37:Src/main.c    **** 
  38:Src/main.c    **** /* Private macro -------------------------------------------------------------*/
  39:Src/main.c    **** /* USER CODE BEGIN PM */
  40:Src/main.c    **** 
  41:Src/main.c    **** /* USER CODE END PM */
  42:Src/main.c    **** 
  43:Src/main.c    **** /* Private variables ---------------------------------------------------------*/
  44:Src/main.c    **** UART_HandleTypeDef huart2;
  45:Src/main.c    **** DMA_HandleTypeDef hdma_usart2_tx;
  46:Src/main.c    **** 
  47:Src/main.c    **** DMA_HandleTypeDef hdma_memtomem_dma2_channel1;
  48:Src/main.c    **** /* USER CODE BEGIN PV */
  49:Src/main.c    **** 
  50:Src/main.c    **** /* USER CODE END PV */
  51:Src/main.c    **** 
  52:Src/main.c    **** /* Private function prototypes -----------------------------------------------*/
  53:Src/main.c    **** void SystemClock_Config(void);
  54:Src/main.c    **** static void MX_GPIO_Init(void);
  55:Src/main.c    **** static void MX_DMA_Init(void);
  56:Src/main.c    **** static void MX_USART2_UART_Init(void);
  57:Src/main.c    **** /* USER CODE BEGIN PFP */
  58:Src/main.c    **** 
  59:Src/main.c    **** /* USER CODE END PFP */
  60:Src/main.c    **** 
  61:Src/main.c    **** /* Private user code ---------------------------------------------------------*/
  62:Src/main.c    **** /* USER CODE BEGIN 0 */
  63:Src/main.c    **** 
  64:Src/main.c    **** /* USER CODE END 0 */
  65:Src/main.c    **** 
  66:Src/main.c    **** /**
  67:Src/main.c    ****   * @brief  The application entry point.
  68:Src/main.c    ****   * @retval int
  69:Src/main.c    ****   */
  70:Src/main.c    **** int main(void)
  71:Src/main.c    **** {
  72:Src/main.c    ****   /* USER CODE BEGIN 1 */
  73:Src/main.c    ****   //char A[10] = "Before\r\n";
  74:Src/main.c    ****   //char B[10] = "After\r\n";
  75:Src/main.c    ****   /* USER CODE END 1 */
  76:Src/main.c    **** 
  77:Src/main.c    ****   /* MCU Configuration--------------------------------------------------------*/
  78:Src/main.c    **** 
  79:Src/main.c    ****   /* Reset of all peripherals, Initializes the Flash interface and the Systick. */
  80:Src/main.c    ****   HAL_Init();
  81:Src/main.c    **** 
  82:Src/main.c    ****   /* USER CODE BEGIN Init */
  83:Src/main.c    **** 
  84:Src/main.c    ****   /* USER CODE END Init */
  85:Src/main.c    **** 
  86:Src/main.c    ****   /* Configure the system clock */
  87:Src/main.c    ****   SystemClock_Config();
  88:Src/main.c    **** 
  89:Src/main.c    ****   /* USER CODE BEGIN SysInit */
  90:Src/main.c    **** 
ARM GAS  C:\Users\Vulca\AppData\Local\Temp\cciyLF1d.s 			page 3


  91:Src/main.c    ****   /* USER CODE END SysInit */
  92:Src/main.c    **** 
  93:Src/main.c    ****   /* Initialize all configured peripherals */
  94:Src/main.c    ****   MX_GPIO_Init();
  95:Src/main.c    ****   MX_DMA_Init();
  96:Src/main.c    ****   MX_USART2_UART_Init();
  97:Src/main.c    ****   /* USER CODE BEGIN 2 */
  98:Src/main.c    ****   
  99:Src/main.c    ****   /* USER CODE END 2 */
 100:Src/main.c    **** 
 101:Src/main.c    ****   /* Infinite loop */
 102:Src/main.c    ****   /* USER CODE BEGIN WHILE */
 103:Src/main.c    ****   char A[10] = "Before\r\n";
 104:Src/main.c    ****   char B[10] = "After\r\n";
 105:Src/main.c    ****   HAL_UART_Transmit(&huart2,(uint8_t *)A,sizeof(A),HAL_MAX_DELAY);
 106:Src/main.c    ****   HAL_DMA_Start(&hdma_memtomem_dma2_channel1,(uint32_t)&B,(uint32_t)&A,10);
 107:Src/main.c    ****   HAL_DMA_PollForTransfer(&hdma_memtomem_dma2_channel1,HAL_DMA_FULL_TRANSFER, HAL_MAX_DELAY);
 108:Src/main.c    ****   HAL_Delay(1000);
 109:Src/main.c    ****   HAL_UART_Transmit(&huart2,(uint8_t *)A,sizeof(A),HAL_MAX_DELAY);
 110:Src/main.c    ****   while (1)
 111:Src/main.c    ****   {
 112:Src/main.c    ****     // HAL_DMA_Start(&huart2.hdmatx, (uint32_t)huart2.pTxBuffPtr, (uint32_t)&huart2.Instance->TDR, 
 113:Src/main.c    ****     // HAL_UART_Transmit_DMA(&huart2, (uint8_t *)"\r\nf", strlen("\r\nf"));
 114:Src/main.c    ****     
 115:Src/main.c    ****     HAL_Delay(1000);
 116:Src/main.c    ****     /* USER CODE END WHILE */
 117:Src/main.c    **** 
 118:Src/main.c    ****     /* USER CODE BEGIN 3 */
 119:Src/main.c    ****   }
 120:Src/main.c    ****   /* USER CODE END 3 */
 121:Src/main.c    **** }
 122:Src/main.c    **** 
 123:Src/main.c    **** /**
 124:Src/main.c    ****   * @brief System Clock Configuration
 125:Src/main.c    ****   * @retval None
 126:Src/main.c    ****   */
 127:Src/main.c    **** void SystemClock_Config(void)
 128:Src/main.c    **** {
 129:Src/main.c    ****   RCC_OscInitTypeDef RCC_OscInitStruct = {0};
 130:Src/main.c    ****   RCC_ClkInitTypeDef RCC_ClkInitStruct = {0};
 131:Src/main.c    ****   RCC_PeriphCLKInitTypeDef PeriphClkInit = {0};
 132:Src/main.c    **** 
 133:Src/main.c    ****   /** Initializes the CPU, AHB and APB busses clocks 
 134:Src/main.c    ****   */
 135:Src/main.c    ****   RCC_OscInitStruct.OscillatorType = RCC_OSCILLATORTYPE_HSI48;
 136:Src/main.c    ****   RCC_OscInitStruct.HSI48State = RCC_HSI48_ON;
 137:Src/main.c    ****   RCC_OscInitStruct.PLL.PLLState = RCC_PLL_NONE;
 138:Src/main.c    ****   if (HAL_RCC_OscConfig(&RCC_OscInitStruct) != HAL_OK)
 139:Src/main.c    ****   {
 140:Src/main.c    ****     Error_Handler();
 141:Src/main.c    ****   }
 142:Src/main.c    ****   /** Initializes the CPU, AHB and APB busses clocks 
 143:Src/main.c    ****   */
 144:Src/main.c    ****   RCC_ClkInitStruct.ClockType = RCC_CLOCKTYPE_HCLK|RCC_CLOCKTYPE_SYSCLK
 145:Src/main.c    ****                               |RCC_CLOCKTYPE_PCLK1;
 146:Src/main.c    ****   RCC_ClkInitStruct.SYSCLKSource = RCC_SYSCLKSOURCE_HSI48;
 147:Src/main.c    ****   RCC_ClkInitStruct.AHBCLKDivider = RCC_SYSCLK_DIV1;
ARM GAS  C:\Users\Vulca\AppData\Local\Temp\cciyLF1d.s 			page 4


 148:Src/main.c    ****   RCC_ClkInitStruct.APB1CLKDivider = RCC_HCLK_DIV1;
 149:Src/main.c    **** 
 150:Src/main.c    ****   if (HAL_RCC_ClockConfig(&RCC_ClkInitStruct, FLASH_LATENCY_1) != HAL_OK)
 151:Src/main.c    ****   {
 152:Src/main.c    ****     Error_Handler();
 153:Src/main.c    ****   }
 154:Src/main.c    ****   PeriphClkInit.PeriphClockSelection = RCC_PERIPHCLK_USART2;
 155:Src/main.c    ****   PeriphClkInit.Usart2ClockSelection = RCC_USART2CLKSOURCE_PCLK1;
 156:Src/main.c    ****   if (HAL_RCCEx_PeriphCLKConfig(&PeriphClkInit) != HAL_OK)
 157:Src/main.c    ****   {
 158:Src/main.c    ****     Error_Handler();
 159:Src/main.c    ****   }
 160:Src/main.c    **** }
 161:Src/main.c    **** 
 162:Src/main.c    **** /**
 163:Src/main.c    ****   * @brief USART2 Initialization Function
 164:Src/main.c    ****   * @param None
 165:Src/main.c    ****   * @retval None
 166:Src/main.c    ****   */
 167:Src/main.c    **** static void MX_USART2_UART_Init(void)
 168:Src/main.c    **** {
 169:Src/main.c    **** 
 170:Src/main.c    ****   /* USER CODE BEGIN USART2_Init 0 */
 171:Src/main.c    **** 
 172:Src/main.c    ****   /* USER CODE END USART2_Init 0 */
 173:Src/main.c    **** 
 174:Src/main.c    ****   /* USER CODE BEGIN USART2_Init 1 */
 175:Src/main.c    **** 
 176:Src/main.c    ****   /* USER CODE END USART2_Init 1 */
 177:Src/main.c    ****   huart2.Instance = USART2;
 178:Src/main.c    ****   huart2.Init.BaudRate = 115200;
 179:Src/main.c    ****   huart2.Init.WordLength = UART_WORDLENGTH_8B;
 180:Src/main.c    ****   huart2.Init.StopBits = UART_STOPBITS_1;
 181:Src/main.c    ****   huart2.Init.Parity = UART_PARITY_NONE;
 182:Src/main.c    ****   huart2.Init.Mode = UART_MODE_TX_RX;
 183:Src/main.c    ****   huart2.Init.HwFlowCtl = UART_HWCONTROL_NONE;
 184:Src/main.c    ****   huart2.Init.OverSampling = UART_OVERSAMPLING_16;
 185:Src/main.c    ****   huart2.Init.OneBitSampling = UART_ONE_BIT_SAMPLE_DISABLE;
 186:Src/main.c    ****   huart2.AdvancedInit.AdvFeatureInit = UART_ADVFEATURE_NO_INIT;
 187:Src/main.c    ****   if (HAL_UART_Init(&huart2) != HAL_OK)
 188:Src/main.c    ****   {
 189:Src/main.c    ****     Error_Handler();
 190:Src/main.c    ****   }
 191:Src/main.c    ****   /* USER CODE BEGIN USART2_Init 2 */
 192:Src/main.c    **** 
 193:Src/main.c    ****   /* USER CODE END USART2_Init 2 */
 194:Src/main.c    **** 
 195:Src/main.c    **** }
 196:Src/main.c    **** 
 197:Src/main.c    **** /** 
 198:Src/main.c    ****   * Enable DMA controller clock
 199:Src/main.c    ****   * Configure DMA for memory to memory transfers
 200:Src/main.c    ****   *   hdma_memtomem_dma2_channel1
 201:Src/main.c    ****   */
 202:Src/main.c    **** static void MX_DMA_Init(void) 
 203:Src/main.c    **** {
 204:Src/main.c    **** 
ARM GAS  C:\Users\Vulca\AppData\Local\Temp\cciyLF1d.s 			page 5


 205:Src/main.c    ****   /* DMA controller clock enable */
 206:Src/main.c    ****   __HAL_RCC_DMA1_CLK_ENABLE();
 207:Src/main.c    ****   __HAL_RCC_DMA2_CLK_ENABLE();
 208:Src/main.c    **** 
 209:Src/main.c    ****   /* Configure DMA request hdma_memtomem_dma2_channel1 on DMA2_Channel1 */
 210:Src/main.c    ****   hdma_memtomem_dma2_channel1.Instance = DMA2_Channel1;
 211:Src/main.c    ****   hdma_memtomem_dma2_channel1.Init.Direction = DMA_MEMORY_TO_MEMORY;
 212:Src/main.c    ****   hdma_memtomem_dma2_channel1.Init.PeriphInc = DMA_PINC_ENABLE;
 213:Src/main.c    ****   hdma_memtomem_dma2_channel1.Init.MemInc = DMA_MINC_ENABLE;
 214:Src/main.c    ****   hdma_memtomem_dma2_channel1.Init.PeriphDataAlignment = DMA_PDATAALIGN_BYTE;
 215:Src/main.c    ****   hdma_memtomem_dma2_channel1.Init.MemDataAlignment = DMA_MDATAALIGN_BYTE;
 216:Src/main.c    ****   hdma_memtomem_dma2_channel1.Init.Mode = DMA_NORMAL;
 217:Src/main.c    ****   hdma_memtomem_dma2_channel1.Init.Priority = DMA_PRIORITY_LOW;
 218:Src/main.c    ****   if (HAL_DMA_Init(&hdma_memtomem_dma2_channel1) != HAL_OK)
 219:Src/main.c    ****   {
 220:Src/main.c    ****     Error_Handler( );
 221:Src/main.c    ****   }
 222:Src/main.c    **** 
 223:Src/main.c    ****   /* DMA interrupt init */
 224:Src/main.c    ****   /* DMA1_Ch4_7_DMA2_Ch3_5_IRQn interrupt configuration */
 225:Src/main.c    ****   HAL_NVIC_SetPriority(DMA1_Ch4_7_DMA2_Ch3_5_IRQn, 0, 0);
 226:Src/main.c    ****   HAL_NVIC_EnableIRQ(DMA1_Ch4_7_DMA2_Ch3_5_IRQn);
 227:Src/main.c    **** 
 228:Src/main.c    **** }
 229:Src/main.c    **** 
 230:Src/main.c    **** /**
 231:Src/main.c    ****   * @brief GPIO Initialization Function
 232:Src/main.c    ****   * @param None
 233:Src/main.c    ****   * @retval None
 234:Src/main.c    ****   */
 235:Src/main.c    **** static void MX_GPIO_Init(void)
 236:Src/main.c    **** {
  26              		.loc 1 236 1 view -0
  27              		.cfi_startproc
  28              		@ args = 0, pretend = 0, frame = 32
  29              		@ frame_needed = 0, uses_anonymous_args = 0
  30 0000 30B5     		push	{r4, r5, lr}
  31              	.LCFI0:
  32              		.cfi_def_cfa_offset 12
  33              		.cfi_offset 4, -12
  34              		.cfi_offset 5, -8
  35              		.cfi_offset 14, -4
  36 0002 89B0     		sub	sp, sp, #36
  37              	.LCFI1:
  38              		.cfi_def_cfa_offset 48
 237:Src/main.c    ****   GPIO_InitTypeDef GPIO_InitStruct = {0};
  39              		.loc 1 237 3 view .LVU1
  40              		.loc 1 237 20 is_stmt 0 view .LVU2
  41 0004 1422     		movs	r2, #20
  42 0006 0021     		movs	r1, #0
  43 0008 03A8     		add	r0, sp, #12
  44 000a FFF7FEFF 		bl	memset
  45              	.LVL0:
 238:Src/main.c    **** 
 239:Src/main.c    ****   /* GPIO Ports Clock Enable */
 240:Src/main.c    ****   __HAL_RCC_GPIOC_CLK_ENABLE();
  46              		.loc 1 240 3 is_stmt 1 view .LVU3
ARM GAS  C:\Users\Vulca\AppData\Local\Temp\cciyLF1d.s 			page 6


  47              	.LBB2:
  48              		.loc 1 240 3 view .LVU4
  49              		.loc 1 240 3 view .LVU5
  50 000e 1D4B     		ldr	r3, .L2
  51 0010 5969     		ldr	r1, [r3, #20]
  52 0012 8020     		movs	r0, #128
  53 0014 0003     		lsls	r0, r0, #12
  54 0016 0143     		orrs	r1, r0
  55 0018 5961     		str	r1, [r3, #20]
  56              		.loc 1 240 3 view .LVU6
  57 001a 5A69     		ldr	r2, [r3, #20]
  58 001c 0240     		ands	r2, r0
  59 001e 0092     		str	r2, [sp]
  60              		.loc 1 240 3 view .LVU7
  61 0020 009A     		ldr	r2, [sp]
  62              	.LBE2:
  63              		.loc 1 240 3 view .LVU8
 241:Src/main.c    ****   __HAL_RCC_GPIOF_CLK_ENABLE();
  64              		.loc 1 241 3 view .LVU9
  65              	.LBB3:
  66              		.loc 1 241 3 view .LVU10
  67              		.loc 1 241 3 view .LVU11
  68 0022 5969     		ldr	r1, [r3, #20]
  69 0024 8020     		movs	r0, #128
  70 0026 C003     		lsls	r0, r0, #15
  71 0028 0143     		orrs	r1, r0
  72 002a 5961     		str	r1, [r3, #20]
  73              		.loc 1 241 3 view .LVU12
  74 002c 5A69     		ldr	r2, [r3, #20]
  75 002e 0240     		ands	r2, r0
  76 0030 0192     		str	r2, [sp, #4]
  77              		.loc 1 241 3 view .LVU13
  78 0032 019A     		ldr	r2, [sp, #4]
  79              	.LBE3:
  80              		.loc 1 241 3 view .LVU14
 242:Src/main.c    ****   __HAL_RCC_GPIOA_CLK_ENABLE();
  81              		.loc 1 242 3 view .LVU15
  82              	.LBB4:
  83              		.loc 1 242 3 view .LVU16
  84              		.loc 1 242 3 view .LVU17
  85 0034 5A69     		ldr	r2, [r3, #20]
  86 0036 8021     		movs	r1, #128
  87 0038 8902     		lsls	r1, r1, #10
  88 003a 0A43     		orrs	r2, r1
  89 003c 5A61     		str	r2, [r3, #20]
  90              		.loc 1 242 3 view .LVU18
  91 003e 5B69     		ldr	r3, [r3, #20]
  92 0040 0B40     		ands	r3, r1
  93 0042 0293     		str	r3, [sp, #8]
  94              		.loc 1 242 3 view .LVU19
  95 0044 029B     		ldr	r3, [sp, #8]
  96              	.LBE4:
  97              		.loc 1 242 3 view .LVU20
 243:Src/main.c    **** 
 244:Src/main.c    ****   /*Configure GPIO pin Output Level */
 245:Src/main.c    ****   HAL_GPIO_WritePin(LD2_GPIO_Port, LD2_Pin, GPIO_PIN_RESET);
  98              		.loc 1 245 3 view .LVU21
ARM GAS  C:\Users\Vulca\AppData\Local\Temp\cciyLF1d.s 			page 7


  99 0046 9025     		movs	r5, #144
 100 0048 ED05     		lsls	r5, r5, #23
 101 004a 0022     		movs	r2, #0
 102 004c 2021     		movs	r1, #32
 103 004e 2800     		movs	r0, r5
 104 0050 FFF7FEFF 		bl	HAL_GPIO_WritePin
 105              	.LVL1:
 246:Src/main.c    **** 
 247:Src/main.c    ****   /*Configure GPIO pin : B1_Pin */
 248:Src/main.c    ****   GPIO_InitStruct.Pin = B1_Pin;
 106              		.loc 1 248 3 view .LVU22
 107              		.loc 1 248 23 is_stmt 0 view .LVU23
 108 0054 8023     		movs	r3, #128
 109 0056 9B01     		lsls	r3, r3, #6
 110 0058 0393     		str	r3, [sp, #12]
 249:Src/main.c    ****   GPIO_InitStruct.Mode = GPIO_MODE_IT_FALLING;
 111              		.loc 1 249 3 is_stmt 1 view .LVU24
 112              		.loc 1 249 24 is_stmt 0 view .LVU25
 113 005a 0B4B     		ldr	r3, .L2+4
 114 005c 0493     		str	r3, [sp, #16]
 250:Src/main.c    ****   GPIO_InitStruct.Pull = GPIO_NOPULL;
 115              		.loc 1 250 3 is_stmt 1 view .LVU26
 116              		.loc 1 250 24 is_stmt 0 view .LVU27
 117 005e 0024     		movs	r4, #0
 118 0060 0594     		str	r4, [sp, #20]
 251:Src/main.c    ****   HAL_GPIO_Init(B1_GPIO_Port, &GPIO_InitStruct);
 119              		.loc 1 251 3 is_stmt 1 view .LVU28
 120 0062 03A9     		add	r1, sp, #12
 121 0064 0948     		ldr	r0, .L2+8
 122 0066 FFF7FEFF 		bl	HAL_GPIO_Init
 123              	.LVL2:
 252:Src/main.c    **** 
 253:Src/main.c    ****   /*Configure GPIO pin : LD2_Pin */
 254:Src/main.c    ****   GPIO_InitStruct.Pin = LD2_Pin;
 124              		.loc 1 254 3 view .LVU29
 125              		.loc 1 254 23 is_stmt 0 view .LVU30
 126 006a 2023     		movs	r3, #32
 127 006c 0393     		str	r3, [sp, #12]
 255:Src/main.c    ****   GPIO_InitStruct.Mode = GPIO_MODE_OUTPUT_PP;
 128              		.loc 1 255 3 is_stmt 1 view .LVU31
 129              		.loc 1 255 24 is_stmt 0 view .LVU32
 130 006e 1F3B     		subs	r3, r3, #31
 131 0070 0493     		str	r3, [sp, #16]
 256:Src/main.c    ****   GPIO_InitStruct.Pull = GPIO_NOPULL;
 132              		.loc 1 256 3 is_stmt 1 view .LVU33
 133              		.loc 1 256 24 is_stmt 0 view .LVU34
 134 0072 0594     		str	r4, [sp, #20]
 257:Src/main.c    ****   GPIO_InitStruct.Speed = GPIO_SPEED_FREQ_LOW;
 135              		.loc 1 257 3 is_stmt 1 view .LVU35
 136              		.loc 1 257 25 is_stmt 0 view .LVU36
 137 0074 0694     		str	r4, [sp, #24]
 258:Src/main.c    ****   HAL_GPIO_Init(LD2_GPIO_Port, &GPIO_InitStruct);
 138              		.loc 1 258 3 is_stmt 1 view .LVU37
 139 0076 03A9     		add	r1, sp, #12
 140 0078 2800     		movs	r0, r5
 141 007a FFF7FEFF 		bl	HAL_GPIO_Init
 142              	.LVL3:
ARM GAS  C:\Users\Vulca\AppData\Local\Temp\cciyLF1d.s 			page 8


 259:Src/main.c    **** 
 260:Src/main.c    **** }
 143              		.loc 1 260 1 is_stmt 0 view .LVU38
 144 007e 09B0     		add	sp, sp, #36
 145              		@ sp needed
 146 0080 30BD     		pop	{r4, r5, pc}
 147              	.L3:
 148 0082 C046     		.align	2
 149              	.L2:
 150 0084 00100240 		.word	1073876992
 151 0088 00002110 		.word	270598144
 152 008c 00080048 		.word	1207961600
 153              		.cfi_endproc
 154              	.LFE44:
 156              		.section	.text.MX_DMA_Init,"ax",%progbits
 157              		.align	1
 158              		.syntax unified
 159              		.code	16
 160              		.thumb_func
 161              		.fpu softvfp
 163              	MX_DMA_Init:
 164              	.LFB43:
 203:Src/main.c    **** 
 165              		.loc 1 203 1 is_stmt 1 view -0
 166              		.cfi_startproc
 167              		@ args = 0, pretend = 0, frame = 8
 168              		@ frame_needed = 0, uses_anonymous_args = 0
 169 0000 00B5     		push	{lr}
 170              	.LCFI2:
 171              		.cfi_def_cfa_offset 4
 172              		.cfi_offset 14, -4
 173 0002 83B0     		sub	sp, sp, #12
 174              	.LCFI3:
 175              		.cfi_def_cfa_offset 16
 206:Src/main.c    ****   __HAL_RCC_DMA2_CLK_ENABLE();
 176              		.loc 1 206 3 view .LVU40
 177              	.LBB5:
 206:Src/main.c    ****   __HAL_RCC_DMA2_CLK_ENABLE();
 178              		.loc 1 206 3 view .LVU41
 206:Src/main.c    ****   __HAL_RCC_DMA2_CLK_ENABLE();
 179              		.loc 1 206 3 view .LVU42
 180 0004 154B     		ldr	r3, .L5
 181 0006 5969     		ldr	r1, [r3, #20]
 182 0008 0122     		movs	r2, #1
 183 000a 1143     		orrs	r1, r2
 184 000c 5961     		str	r1, [r3, #20]
 206:Src/main.c    ****   __HAL_RCC_DMA2_CLK_ENABLE();
 185              		.loc 1 206 3 view .LVU43
 186 000e 5969     		ldr	r1, [r3, #20]
 187 0010 0A40     		ands	r2, r1
 188 0012 0092     		str	r2, [sp]
 206:Src/main.c    ****   __HAL_RCC_DMA2_CLK_ENABLE();
 189              		.loc 1 206 3 view .LVU44
 190 0014 009A     		ldr	r2, [sp]
 191              	.LBE5:
 206:Src/main.c    ****   __HAL_RCC_DMA2_CLK_ENABLE();
 192              		.loc 1 206 3 view .LVU45
ARM GAS  C:\Users\Vulca\AppData\Local\Temp\cciyLF1d.s 			page 9


 207:Src/main.c    **** 
 193              		.loc 1 207 3 view .LVU46
 194              	.LBB6:
 207:Src/main.c    **** 
 195              		.loc 1 207 3 view .LVU47
 207:Src/main.c    **** 
 196              		.loc 1 207 3 view .LVU48
 197 0016 5969     		ldr	r1, [r3, #20]
 198 0018 0222     		movs	r2, #2
 199 001a 1143     		orrs	r1, r2
 200 001c 5961     		str	r1, [r3, #20]
 207:Src/main.c    **** 
 201              		.loc 1 207 3 view .LVU49
 202 001e 5B69     		ldr	r3, [r3, #20]
 203 0020 1A40     		ands	r2, r3
 204 0022 0192     		str	r2, [sp, #4]
 207:Src/main.c    **** 
 205              		.loc 1 207 3 view .LVU50
 206 0024 019B     		ldr	r3, [sp, #4]
 207              	.LBE6:
 207:Src/main.c    **** 
 208              		.loc 1 207 3 view .LVU51
 210:Src/main.c    ****   hdma_memtomem_dma2_channel1.Init.Direction = DMA_MEMORY_TO_MEMORY;
 209              		.loc 1 210 3 view .LVU52
 210:Src/main.c    ****   hdma_memtomem_dma2_channel1.Init.Direction = DMA_MEMORY_TO_MEMORY;
 210              		.loc 1 210 40 is_stmt 0 view .LVU53
 211 0026 0E48     		ldr	r0, .L5+4
 212 0028 0E4B     		ldr	r3, .L5+8
 213 002a 0360     		str	r3, [r0]
 211:Src/main.c    ****   hdma_memtomem_dma2_channel1.Init.PeriphInc = DMA_PINC_ENABLE;
 214              		.loc 1 211 3 is_stmt 1 view .LVU54
 211:Src/main.c    ****   hdma_memtomem_dma2_channel1.Init.PeriphInc = DMA_PINC_ENABLE;
 215              		.loc 1 211 46 is_stmt 0 view .LVU55
 216 002c 8023     		movs	r3, #128
 217 002e DB01     		lsls	r3, r3, #7
 218 0030 4360     		str	r3, [r0, #4]
 212:Src/main.c    ****   hdma_memtomem_dma2_channel1.Init.MemInc = DMA_MINC_ENABLE;
 219              		.loc 1 212 3 is_stmt 1 view .LVU56
 212:Src/main.c    ****   hdma_memtomem_dma2_channel1.Init.MemInc = DMA_MINC_ENABLE;
 220              		.loc 1 212 46 is_stmt 0 view .LVU57
 221 0032 4023     		movs	r3, #64
 222 0034 8360     		str	r3, [r0, #8]
 213:Src/main.c    ****   hdma_memtomem_dma2_channel1.Init.PeriphDataAlignment = DMA_PDATAALIGN_BYTE;
 223              		.loc 1 213 3 is_stmt 1 view .LVU58
 213:Src/main.c    ****   hdma_memtomem_dma2_channel1.Init.PeriphDataAlignment = DMA_PDATAALIGN_BYTE;
 224              		.loc 1 213 43 is_stmt 0 view .LVU59
 225 0036 4033     		adds	r3, r3, #64
 226 0038 C360     		str	r3, [r0, #12]
 214:Src/main.c    ****   hdma_memtomem_dma2_channel1.Init.MemDataAlignment = DMA_MDATAALIGN_BYTE;
 227              		.loc 1 214 3 is_stmt 1 view .LVU60
 214:Src/main.c    ****   hdma_memtomem_dma2_channel1.Init.MemDataAlignment = DMA_MDATAALIGN_BYTE;
 228              		.loc 1 214 56 is_stmt 0 view .LVU61
 229 003a 0023     		movs	r3, #0
 230 003c 0361     		str	r3, [r0, #16]
 215:Src/main.c    ****   hdma_memtomem_dma2_channel1.Init.Mode = DMA_NORMAL;
 231              		.loc 1 215 3 is_stmt 1 view .LVU62
 215:Src/main.c    ****   hdma_memtomem_dma2_channel1.Init.Mode = DMA_NORMAL;
ARM GAS  C:\Users\Vulca\AppData\Local\Temp\cciyLF1d.s 			page 10


 232              		.loc 1 215 53 is_stmt 0 view .LVU63
 233 003e 4361     		str	r3, [r0, #20]
 216:Src/main.c    ****   hdma_memtomem_dma2_channel1.Init.Priority = DMA_PRIORITY_LOW;
 234              		.loc 1 216 3 is_stmt 1 view .LVU64
 216:Src/main.c    ****   hdma_memtomem_dma2_channel1.Init.Priority = DMA_PRIORITY_LOW;
 235              		.loc 1 216 41 is_stmt 0 view .LVU65
 236 0040 8361     		str	r3, [r0, #24]
 217:Src/main.c    ****   if (HAL_DMA_Init(&hdma_memtomem_dma2_channel1) != HAL_OK)
 237              		.loc 1 217 3 is_stmt 1 view .LVU66
 217:Src/main.c    ****   if (HAL_DMA_Init(&hdma_memtomem_dma2_channel1) != HAL_OK)
 238              		.loc 1 217 45 is_stmt 0 view .LVU67
 239 0042 C361     		str	r3, [r0, #28]
 218:Src/main.c    ****   {
 240              		.loc 1 218 3 is_stmt 1 view .LVU68
 218:Src/main.c    ****   {
 241              		.loc 1 218 7 is_stmt 0 view .LVU69
 242 0044 FFF7FEFF 		bl	HAL_DMA_Init
 243              	.LVL4:
 225:Src/main.c    ****   HAL_NVIC_EnableIRQ(DMA1_Ch4_7_DMA2_Ch3_5_IRQn);
 244              		.loc 1 225 3 is_stmt 1 view .LVU70
 245 0048 0022     		movs	r2, #0
 246 004a 0021     		movs	r1, #0
 247 004c 0B20     		movs	r0, #11
 248 004e FFF7FEFF 		bl	HAL_NVIC_SetPriority
 249              	.LVL5:
 226:Src/main.c    **** 
 250              		.loc 1 226 3 view .LVU71
 251 0052 0B20     		movs	r0, #11
 252 0054 FFF7FEFF 		bl	HAL_NVIC_EnableIRQ
 253              	.LVL6:
 228:Src/main.c    **** 
 254              		.loc 1 228 1 is_stmt 0 view .LVU72
 255 0058 03B0     		add	sp, sp, #12
 256              		@ sp needed
 257 005a 00BD     		pop	{pc}
 258              	.L6:
 259              		.align	2
 260              	.L5:
 261 005c 00100240 		.word	1073876992
 262 0060 00000000 		.word	hdma_memtomem_dma2_channel1
 263 0064 08040240 		.word	1073873928
 264              		.cfi_endproc
 265              	.LFE43:
 267              		.section	.text.MX_USART2_UART_Init,"ax",%progbits
 268              		.align	1
 269              		.syntax unified
 270              		.code	16
 271              		.thumb_func
 272              		.fpu softvfp
 274              	MX_USART2_UART_Init:
 275              	.LFB42:
 168:Src/main.c    **** 
 276              		.loc 1 168 1 is_stmt 1 view -0
 277              		.cfi_startproc
 278              		@ args = 0, pretend = 0, frame = 0
 279              		@ frame_needed = 0, uses_anonymous_args = 0
 280 0000 10B5     		push	{r4, lr}
ARM GAS  C:\Users\Vulca\AppData\Local\Temp\cciyLF1d.s 			page 11


 281              	.LCFI4:
 282              		.cfi_def_cfa_offset 8
 283              		.cfi_offset 4, -8
 284              		.cfi_offset 14, -4
 177:Src/main.c    ****   huart2.Init.BaudRate = 115200;
 285              		.loc 1 177 3 view .LVU74
 177:Src/main.c    ****   huart2.Init.BaudRate = 115200;
 286              		.loc 1 177 19 is_stmt 0 view .LVU75
 287 0002 0948     		ldr	r0, .L8
 288 0004 094B     		ldr	r3, .L8+4
 289 0006 0360     		str	r3, [r0]
 178:Src/main.c    ****   huart2.Init.WordLength = UART_WORDLENGTH_8B;
 290              		.loc 1 178 3 is_stmt 1 view .LVU76
 178:Src/main.c    ****   huart2.Init.WordLength = UART_WORDLENGTH_8B;
 291              		.loc 1 178 24 is_stmt 0 view .LVU77
 292 0008 E123     		movs	r3, #225
 293 000a 5B02     		lsls	r3, r3, #9
 294 000c 4360     		str	r3, [r0, #4]
 179:Src/main.c    ****   huart2.Init.StopBits = UART_STOPBITS_1;
 295              		.loc 1 179 3 is_stmt 1 view .LVU78
 179:Src/main.c    ****   huart2.Init.StopBits = UART_STOPBITS_1;
 296              		.loc 1 179 26 is_stmt 0 view .LVU79
 297 000e 0023     		movs	r3, #0
 298 0010 8360     		str	r3, [r0, #8]
 180:Src/main.c    ****   huart2.Init.Parity = UART_PARITY_NONE;
 299              		.loc 1 180 3 is_stmt 1 view .LVU80
 180:Src/main.c    ****   huart2.Init.Parity = UART_PARITY_NONE;
 300              		.loc 1 180 24 is_stmt 0 view .LVU81
 301 0012 C360     		str	r3, [r0, #12]
 181:Src/main.c    ****   huart2.Init.Mode = UART_MODE_TX_RX;
 302              		.loc 1 181 3 is_stmt 1 view .LVU82
 181:Src/main.c    ****   huart2.Init.Mode = UART_MODE_TX_RX;
 303              		.loc 1 181 22 is_stmt 0 view .LVU83
 304 0014 0361     		str	r3, [r0, #16]
 182:Src/main.c    ****   huart2.Init.HwFlowCtl = UART_HWCONTROL_NONE;
 305              		.loc 1 182 3 is_stmt 1 view .LVU84
 182:Src/main.c    ****   huart2.Init.HwFlowCtl = UART_HWCONTROL_NONE;
 306              		.loc 1 182 20 is_stmt 0 view .LVU85
 307 0016 0C22     		movs	r2, #12
 308 0018 4261     		str	r2, [r0, #20]
 183:Src/main.c    ****   huart2.Init.OverSampling = UART_OVERSAMPLING_16;
 309              		.loc 1 183 3 is_stmt 1 view .LVU86
 183:Src/main.c    ****   huart2.Init.OverSampling = UART_OVERSAMPLING_16;
 310              		.loc 1 183 25 is_stmt 0 view .LVU87
 311 001a 8361     		str	r3, [r0, #24]
 184:Src/main.c    ****   huart2.Init.OneBitSampling = UART_ONE_BIT_SAMPLE_DISABLE;
 312              		.loc 1 184 3 is_stmt 1 view .LVU88
 184:Src/main.c    ****   huart2.Init.OneBitSampling = UART_ONE_BIT_SAMPLE_DISABLE;
 313              		.loc 1 184 28 is_stmt 0 view .LVU89
 314 001c C361     		str	r3, [r0, #28]
 185:Src/main.c    ****   huart2.AdvancedInit.AdvFeatureInit = UART_ADVFEATURE_NO_INIT;
 315              		.loc 1 185 3 is_stmt 1 view .LVU90
 185:Src/main.c    ****   huart2.AdvancedInit.AdvFeatureInit = UART_ADVFEATURE_NO_INIT;
 316              		.loc 1 185 30 is_stmt 0 view .LVU91
 317 001e 0362     		str	r3, [r0, #32]
 186:Src/main.c    ****   if (HAL_UART_Init(&huart2) != HAL_OK)
 318              		.loc 1 186 3 is_stmt 1 view .LVU92
ARM GAS  C:\Users\Vulca\AppData\Local\Temp\cciyLF1d.s 			page 12


 186:Src/main.c    ****   if (HAL_UART_Init(&huart2) != HAL_OK)
 319              		.loc 1 186 38 is_stmt 0 view .LVU93
 320 0020 4362     		str	r3, [r0, #36]
 187:Src/main.c    ****   {
 321              		.loc 1 187 3 is_stmt 1 view .LVU94
 187:Src/main.c    ****   {
 322              		.loc 1 187 7 is_stmt 0 view .LVU95
 323 0022 FFF7FEFF 		bl	HAL_UART_Init
 324              	.LVL7:
 195:Src/main.c    **** 
 325              		.loc 1 195 1 view .LVU96
 326              		@ sp needed
 327 0026 10BD     		pop	{r4, pc}
 328              	.L9:
 329              		.align	2
 330              	.L8:
 331 0028 00000000 		.word	huart2
 332 002c 00440040 		.word	1073759232
 333              		.cfi_endproc
 334              	.LFE42:
 336              		.section	.text.SystemClock_Config,"ax",%progbits
 337              		.align	1
 338              		.global	SystemClock_Config
 339              		.syntax unified
 340              		.code	16
 341              		.thumb_func
 342              		.fpu softvfp
 344              	SystemClock_Config:
 345              	.LFB41:
 128:Src/main.c    ****   RCC_OscInitTypeDef RCC_OscInitStruct = {0};
 346              		.loc 1 128 1 is_stmt 1 view -0
 347              		.cfi_startproc
 348              		@ args = 0, pretend = 0, frame = 96
 349              		@ frame_needed = 0, uses_anonymous_args = 0
 350 0000 10B5     		push	{r4, lr}
 351              	.LCFI5:
 352              		.cfi_def_cfa_offset 8
 353              		.cfi_offset 4, -8
 354              		.cfi_offset 14, -4
 355 0002 98B0     		sub	sp, sp, #96
 356              	.LCFI6:
 357              		.cfi_def_cfa_offset 104
 129:Src/main.c    ****   RCC_ClkInitTypeDef RCC_ClkInitStruct = {0};
 358              		.loc 1 129 3 view .LVU98
 129:Src/main.c    ****   RCC_ClkInitTypeDef RCC_ClkInitStruct = {0};
 359              		.loc 1 129 22 is_stmt 0 view .LVU99
 360 0004 3022     		movs	r2, #48
 361 0006 0021     		movs	r1, #0
 362 0008 0CA8     		add	r0, sp, #48
 363 000a FFF7FEFF 		bl	memset
 364              	.LVL8:
 130:Src/main.c    ****   RCC_PeriphCLKInitTypeDef PeriphClkInit = {0};
 365              		.loc 1 130 3 is_stmt 1 view .LVU100
 130:Src/main.c    ****   RCC_PeriphCLKInitTypeDef PeriphClkInit = {0};
 366              		.loc 1 130 22 is_stmt 0 view .LVU101
 367 000e 1022     		movs	r2, #16
 368 0010 0021     		movs	r1, #0
ARM GAS  C:\Users\Vulca\AppData\Local\Temp\cciyLF1d.s 			page 13


 369 0012 07A8     		add	r0, sp, #28
 370 0014 FFF7FEFF 		bl	memset
 371              	.LVL9:
 131:Src/main.c    **** 
 372              		.loc 1 131 3 is_stmt 1 view .LVU102
 131:Src/main.c    **** 
 373              		.loc 1 131 28 is_stmt 0 view .LVU103
 374 0018 1C22     		movs	r2, #28
 375 001a 0021     		movs	r1, #0
 376 001c 6846     		mov	r0, sp
 377 001e FFF7FEFF 		bl	memset
 378              	.LVL10:
 135:Src/main.c    ****   RCC_OscInitStruct.HSI48State = RCC_HSI48_ON;
 379              		.loc 1 135 3 is_stmt 1 view .LVU104
 135:Src/main.c    ****   RCC_OscInitStruct.HSI48State = RCC_HSI48_ON;
 380              		.loc 1 135 36 is_stmt 0 view .LVU105
 381 0022 2023     		movs	r3, #32
 382 0024 0B93     		str	r3, [sp, #44]
 136:Src/main.c    ****   RCC_OscInitStruct.PLL.PLLState = RCC_PLL_NONE;
 383              		.loc 1 136 3 is_stmt 1 view .LVU106
 136:Src/main.c    ****   RCC_OscInitStruct.PLL.PLLState = RCC_PLL_NONE;
 384              		.loc 1 136 32 is_stmt 0 view .LVU107
 385 0026 1F3B     		subs	r3, r3, #31
 386 0028 1393     		str	r3, [sp, #76]
 137:Src/main.c    ****   if (HAL_RCC_OscConfig(&RCC_OscInitStruct) != HAL_OK)
 387              		.loc 1 137 3 is_stmt 1 view .LVU108
 137:Src/main.c    ****   if (HAL_RCC_OscConfig(&RCC_OscInitStruct) != HAL_OK)
 388              		.loc 1 137 34 is_stmt 0 view .LVU109
 389 002a 0024     		movs	r4, #0
 138:Src/main.c    ****   {
 390              		.loc 1 138 3 is_stmt 1 view .LVU110
 138:Src/main.c    ****   {
 391              		.loc 1 138 7 is_stmt 0 view .LVU111
 392 002c 0BA8     		add	r0, sp, #44
 393 002e FFF7FEFF 		bl	HAL_RCC_OscConfig
 394              	.LVL11:
 144:Src/main.c    ****                               |RCC_CLOCKTYPE_PCLK1;
 395              		.loc 1 144 3 is_stmt 1 view .LVU112
 144:Src/main.c    ****                               |RCC_CLOCKTYPE_PCLK1;
 396              		.loc 1 144 31 is_stmt 0 view .LVU113
 397 0032 0723     		movs	r3, #7
 398 0034 0793     		str	r3, [sp, #28]
 146:Src/main.c    ****   RCC_ClkInitStruct.AHBCLKDivider = RCC_SYSCLK_DIV1;
 399              		.loc 1 146 3 is_stmt 1 view .LVU114
 146:Src/main.c    ****   RCC_ClkInitStruct.AHBCLKDivider = RCC_SYSCLK_DIV1;
 400              		.loc 1 146 34 is_stmt 0 view .LVU115
 401 0036 043B     		subs	r3, r3, #4
 402 0038 0893     		str	r3, [sp, #32]
 147:Src/main.c    ****   RCC_ClkInitStruct.APB1CLKDivider = RCC_HCLK_DIV1;
 403              		.loc 1 147 3 is_stmt 1 view .LVU116
 147:Src/main.c    ****   RCC_ClkInitStruct.APB1CLKDivider = RCC_HCLK_DIV1;
 404              		.loc 1 147 35 is_stmt 0 view .LVU117
 405 003a 0994     		str	r4, [sp, #36]
 148:Src/main.c    **** 
 406              		.loc 1 148 3 is_stmt 1 view .LVU118
 148:Src/main.c    **** 
 407              		.loc 1 148 36 is_stmt 0 view .LVU119
ARM GAS  C:\Users\Vulca\AppData\Local\Temp\cciyLF1d.s 			page 14


 408 003c 0A94     		str	r4, [sp, #40]
 150:Src/main.c    ****   {
 409              		.loc 1 150 3 is_stmt 1 view .LVU120
 150:Src/main.c    ****   {
 410              		.loc 1 150 7 is_stmt 0 view .LVU121
 411 003e 0121     		movs	r1, #1
 412 0040 07A8     		add	r0, sp, #28
 413 0042 FFF7FEFF 		bl	HAL_RCC_ClockConfig
 414              	.LVL12:
 154:Src/main.c    ****   PeriphClkInit.Usart2ClockSelection = RCC_USART2CLKSOURCE_PCLK1;
 415              		.loc 1 154 3 is_stmt 1 view .LVU122
 154:Src/main.c    ****   PeriphClkInit.Usart2ClockSelection = RCC_USART2CLKSOURCE_PCLK1;
 416              		.loc 1 154 38 is_stmt 0 view .LVU123
 417 0046 0223     		movs	r3, #2
 418 0048 0093     		str	r3, [sp]
 155:Src/main.c    ****   if (HAL_RCCEx_PeriphCLKConfig(&PeriphClkInit) != HAL_OK)
 419              		.loc 1 155 3 is_stmt 1 view .LVU124
 155:Src/main.c    ****   if (HAL_RCCEx_PeriphCLKConfig(&PeriphClkInit) != HAL_OK)
 420              		.loc 1 155 38 is_stmt 0 view .LVU125
 421 004a 0394     		str	r4, [sp, #12]
 156:Src/main.c    ****   {
 422              		.loc 1 156 3 is_stmt 1 view .LVU126
 156:Src/main.c    ****   {
 423              		.loc 1 156 7 is_stmt 0 view .LVU127
 424 004c 6846     		mov	r0, sp
 425 004e FFF7FEFF 		bl	HAL_RCCEx_PeriphCLKConfig
 426              	.LVL13:
 160:Src/main.c    **** 
 427              		.loc 1 160 1 view .LVU128
 428 0052 18B0     		add	sp, sp, #96
 429              		@ sp needed
 430 0054 10BD     		pop	{r4, pc}
 431              		.cfi_endproc
 432              	.LFE41:
 434              		.section	.text.main,"ax",%progbits
 435              		.align	1
 436              		.global	main
 437              		.syntax unified
 438              		.code	16
 439              		.thumb_func
 440              		.fpu softvfp
 442              	main:
 443              	.LFB40:
  71:Src/main.c    ****   /* USER CODE BEGIN 1 */
 444              		.loc 1 71 1 is_stmt 1 view -0
 445              		.cfi_startproc
 446              		@ Volatile: function does not return.
 447              		@ args = 0, pretend = 0, frame = 24
 448              		@ frame_needed = 0, uses_anonymous_args = 0
 449 0000 F0B5     		push	{r4, r5, r6, r7, lr}
 450              	.LCFI7:
 451              		.cfi_def_cfa_offset 20
 452              		.cfi_offset 4, -20
 453              		.cfi_offset 5, -16
 454              		.cfi_offset 6, -12
 455              		.cfi_offset 7, -8
 456              		.cfi_offset 14, -4
ARM GAS  C:\Users\Vulca\AppData\Local\Temp\cciyLF1d.s 			page 15


 457 0002 C646     		mov	lr, r8
 458 0004 00B5     		push	{lr}
 459              	.LCFI8:
 460              		.cfi_def_cfa_offset 24
 461              		.cfi_offset 8, -24
 462 0006 86B0     		sub	sp, sp, #24
 463              	.LCFI9:
 464              		.cfi_def_cfa_offset 48
  80:Src/main.c    **** 
 465              		.loc 1 80 3 view .LVU130
 466 0008 FFF7FEFF 		bl	HAL_Init
 467              	.LVL14:
  87:Src/main.c    **** 
 468              		.loc 1 87 3 view .LVU131
 469 000c FFF7FEFF 		bl	SystemClock_Config
 470              	.LVL15:
  94:Src/main.c    ****   MX_DMA_Init();
 471              		.loc 1 94 3 view .LVU132
 472 0010 FFF7FEFF 		bl	MX_GPIO_Init
 473              	.LVL16:
  95:Src/main.c    ****   MX_USART2_UART_Init();
 474              		.loc 1 95 3 view .LVU133
 475 0014 FFF7FEFF 		bl	MX_DMA_Init
 476              	.LVL17:
  96:Src/main.c    ****   /* USER CODE BEGIN 2 */
 477              		.loc 1 96 3 view .LVU134
 478 0018 FFF7FEFF 		bl	MX_USART2_UART_Init
 479              	.LVL18:
 103:Src/main.c    ****   char B[10] = "After\r\n";
 480              		.loc 1 103 3 view .LVU135
 103:Src/main.c    ****   char B[10] = "After\r\n";
 481              		.loc 1 103 8 is_stmt 0 view .LVU136
 482 001c 03AC     		add	r4, sp, #12
 483 001e 1A4B     		ldr	r3, .L13
 484 0020 2200     		movs	r2, r4
 485 0022 1900     		movs	r1, r3
 486 0024 21C9     		ldmia	r1!, {r0, r5}
 487 0026 21C2     		stmia	r2!, {r0, r5}
 488 0028 0978     		ldrb	r1, [r1]
 489 002a 1170     		strb	r1, [r2]
 490 002c 0022     		movs	r2, #0
 491 002e 6272     		strb	r2, [r4, #9]
 104:Src/main.c    ****   HAL_UART_Transmit(&huart2,(uint8_t *)A,sizeof(A),HAL_MAX_DELAY);
 492              		.loc 1 104 3 is_stmt 1 view .LVU137
 104:Src/main.c    ****   HAL_UART_Transmit(&huart2,(uint8_t *)A,sizeof(A),HAL_MAX_DELAY);
 493              		.loc 1 104 8 is_stmt 0 view .LVU138
 494 0030 6D46     		mov	r5, sp
 495 0032 0C33     		adds	r3, r3, #12
 496 0034 2900     		movs	r1, r5
 497 0036 41CB     		ldmia	r3!, {r0, r6}
 498 0038 41C1     		stmia	r1!, {r0, r6}
 499 003a 2A81     		strh	r2, [r5, #8]
 105:Src/main.c    ****   HAL_DMA_Start(&hdma_memtomem_dma2_channel1,(uint32_t)&B,(uint32_t)&A,10);
 500              		.loc 1 105 3 is_stmt 1 view .LVU139
 501 003c 0126     		movs	r6, #1
 502 003e 7642     		rsbs	r6, r6, #0
 503 0040 124F     		ldr	r7, .L13+4
ARM GAS  C:\Users\Vulca\AppData\Local\Temp\cciyLF1d.s 			page 16


 504 0042 3300     		movs	r3, r6
 505 0044 0A32     		adds	r2, r2, #10
 506 0046 2100     		movs	r1, r4
 507 0048 3800     		movs	r0, r7
 508 004a FFF7FEFF 		bl	HAL_UART_Transmit
 509              	.LVL19:
 106:Src/main.c    ****   HAL_DMA_PollForTransfer(&hdma_memtomem_dma2_channel1,HAL_DMA_FULL_TRANSFER, HAL_MAX_DELAY);
 510              		.loc 1 106 3 view .LVU140
 511 004e 104B     		ldr	r3, .L13+8
 512 0050 9846     		mov	r8, r3
 513 0052 0A23     		movs	r3, #10
 514 0054 2200     		movs	r2, r4
 515 0056 2900     		movs	r1, r5
 516 0058 4046     		mov	r0, r8
 517 005a FFF7FEFF 		bl	HAL_DMA_Start
 518              	.LVL20:
 107:Src/main.c    ****   HAL_Delay(1000);
 519              		.loc 1 107 3 view .LVU141
 520 005e 3200     		movs	r2, r6
 521 0060 0021     		movs	r1, #0
 522 0062 4046     		mov	r0, r8
 523 0064 FFF7FEFF 		bl	HAL_DMA_PollForTransfer
 524              	.LVL21:
 108:Src/main.c    ****   HAL_UART_Transmit(&huart2,(uint8_t *)A,sizeof(A),HAL_MAX_DELAY);
 525              		.loc 1 108 3 view .LVU142
 526 0068 FA20     		movs	r0, #250
 527 006a 8000     		lsls	r0, r0, #2
 528 006c FFF7FEFF 		bl	HAL_Delay
 529              	.LVL22:
 109:Src/main.c    ****   while (1)
 530              		.loc 1 109 3 view .LVU143
 531 0070 3300     		movs	r3, r6
 532 0072 0A22     		movs	r2, #10
 533 0074 2100     		movs	r1, r4
 534 0076 3800     		movs	r0, r7
 535 0078 FFF7FEFF 		bl	HAL_UART_Transmit
 536              	.LVL23:
 537              	.L12:
 110:Src/main.c    ****   {
 538              		.loc 1 110 3 discriminator 1 view .LVU144
 115:Src/main.c    ****     /* USER CODE END WHILE */
 539              		.loc 1 115 5 discriminator 1 view .LVU145
 540 007c FA20     		movs	r0, #250
 541 007e 8000     		lsls	r0, r0, #2
 542 0080 FFF7FEFF 		bl	HAL_Delay
 543              	.LVL24:
 110:Src/main.c    ****   {
 544              		.loc 1 110 9 discriminator 1 view .LVU146
 545 0084 FAE7     		b	.L12
 546              	.L14:
 547 0086 C046     		.align	2
 548              	.L13:
 549 0088 00000000 		.word	.LANCHOR0
 550 008c 00000000 		.word	huart2
 551 0090 00000000 		.word	hdma_memtomem_dma2_channel1
 552              		.cfi_endproc
 553              	.LFE40:
ARM GAS  C:\Users\Vulca\AppData\Local\Temp\cciyLF1d.s 			page 17


 555              		.section	.text.HAL_UART_TxCpltCallback,"ax",%progbits
 556              		.align	1
 557              		.global	HAL_UART_TxCpltCallback
 558              		.syntax unified
 559              		.code	16
 560              		.thumb_func
 561              		.fpu softvfp
 563              	HAL_UART_TxCpltCallback:
 564              	.LVL25:
 565              	.LFB45:
 261:Src/main.c    **** 
 262:Src/main.c    **** /* USER CODE BEGIN 4 */
 263:Src/main.c    **** void HAL_UART_TxCpltCallback(UART_HandleTypeDef *huart)
 264:Src/main.c    **** {
 566              		.loc 1 264 1 view -0
 567              		.cfi_startproc
 568              		@ args = 0, pretend = 0, frame = 0
 569              		@ frame_needed = 0, uses_anonymous_args = 0
 570              		.loc 1 264 1 is_stmt 0 view .LVU148
 571 0000 10B5     		push	{r4, lr}
 572              	.LCFI10:
 573              		.cfi_def_cfa_offset 8
 574              		.cfi_offset 4, -8
 575              		.cfi_offset 14, -4
 265:Src/main.c    ****   HAL_GPIO_TogglePin(LD2_GPIO_Port, LD2_Pin);
 576              		.loc 1 265 3 is_stmt 1 view .LVU149
 577 0002 9020     		movs	r0, #144
 578              	.LVL26:
 579              		.loc 1 265 3 is_stmt 0 view .LVU150
 580 0004 2021     		movs	r1, #32
 581 0006 C005     		lsls	r0, r0, #23
 582 0008 FFF7FEFF 		bl	HAL_GPIO_TogglePin
 583              	.LVL27:
 266:Src/main.c    **** }
 584              		.loc 1 266 1 view .LVU151
 585              		@ sp needed
 586 000c 10BD     		pop	{r4, pc}
 587              		.cfi_endproc
 588              	.LFE45:
 590              		.section	.text.Error_Handler,"ax",%progbits
 591              		.align	1
 592              		.global	Error_Handler
 593              		.syntax unified
 594              		.code	16
 595              		.thumb_func
 596              		.fpu softvfp
 598              	Error_Handler:
 599              	.LFB46:
 267:Src/main.c    **** /* USER CODE END 4 */
 268:Src/main.c    **** 
 269:Src/main.c    **** /**
 270:Src/main.c    ****   * @brief  This function is executed in case of error occurrence.
 271:Src/main.c    ****   * @retval None
 272:Src/main.c    ****   */
 273:Src/main.c    **** void Error_Handler(void)
 274:Src/main.c    **** {
 600              		.loc 1 274 1 is_stmt 1 view -0
ARM GAS  C:\Users\Vulca\AppData\Local\Temp\cciyLF1d.s 			page 18


 601              		.cfi_startproc
 602              		@ args = 0, pretend = 0, frame = 0
 603              		@ frame_needed = 0, uses_anonymous_args = 0
 604              		@ link register save eliminated.
 275:Src/main.c    ****   /* USER CODE BEGIN Error_Handler_Debug */
 276:Src/main.c    ****   /* User can add his own implementation to report the HAL error return state */
 277:Src/main.c    **** 
 278:Src/main.c    ****   /* USER CODE END Error_Handler_Debug */
 279:Src/main.c    **** }
 605              		.loc 1 279 1 view .LVU153
 606              		@ sp needed
 607 0000 7047     		bx	lr
 608              		.cfi_endproc
 609              	.LFE46:
 611              		.comm	hdma_memtomem_dma2_channel1,68,4
 612              		.comm	hdma_usart2_tx,68,4
 613              		.comm	huart2,128,4
 614              		.section	.rodata
 615              		.align	2
 616              		.set	.LANCHOR0,. + 0
 617              	.LC2:
 618 0000 4265666F 		.ascii	"Before\015\012\000"
 618      72650D0A 
 618      00
 619 0009 00       		.space	1
 620 000a 0000     		.space	2
 621              	.LC4:
 622 000c 41667465 		.ascii	"After\015\012\000"
 622      720D0A00 
 623 0014 0000     		.space	2
 624              		.text
 625              	.Letext0:
 626              		.file 2 "c:\\program files (x86)\\gnu tools arm embedded\\9 2019-q4-major\\arm-none-eabi\\include\
 627              		.file 3 "c:\\program files (x86)\\gnu tools arm embedded\\9 2019-q4-major\\arm-none-eabi\\include\
 628              		.file 4 "Drivers/CMSIS/Device/ST/STM32F0xx/Include/system_stm32f0xx.h"
 629              		.file 5 "Drivers/CMSIS/Device/ST/STM32F0xx/Include/stm32f091xc.h"
 630              		.file 6 "Drivers/STM32F0xx_HAL_Driver/Inc/stm32f0xx_hal_def.h"
 631              		.file 7 "Drivers/STM32F0xx_HAL_Driver/Inc/stm32f0xx_hal_rcc.h"
 632              		.file 8 "Drivers/STM32F0xx_HAL_Driver/Inc/stm32f0xx_hal_rcc_ex.h"
 633              		.file 9 "Drivers/STM32F0xx_HAL_Driver/Inc/stm32f0xx_hal_gpio.h"
 634              		.file 10 "Drivers/STM32F0xx_HAL_Driver/Inc/stm32f0xx_hal_dma.h"
 635              		.file 11 "Drivers/STM32F0xx_HAL_Driver/Inc/stm32f0xx_hal_uart.h"
 636              		.file 12 "Drivers/STM32F0xx_HAL_Driver/Inc/stm32f0xx_hal.h"
 637              		.file 13 "Drivers/STM32F0xx_HAL_Driver/Inc/stm32f0xx_hal_cortex.h"
 638              		.file 14 "<built-in>"
ARM GAS  C:\Users\Vulca\AppData\Local\Temp\cciyLF1d.s 			page 19


DEFINED SYMBOLS
                            *ABS*:00000000 main.c
C:\Users\Vulca\AppData\Local\Temp\cciyLF1d.s:16     .text.MX_GPIO_Init:00000000 $t
C:\Users\Vulca\AppData\Local\Temp\cciyLF1d.s:23     .text.MX_GPIO_Init:00000000 MX_GPIO_Init
C:\Users\Vulca\AppData\Local\Temp\cciyLF1d.s:150    .text.MX_GPIO_Init:00000084 $d
C:\Users\Vulca\AppData\Local\Temp\cciyLF1d.s:157    .text.MX_DMA_Init:00000000 $t
C:\Users\Vulca\AppData\Local\Temp\cciyLF1d.s:163    .text.MX_DMA_Init:00000000 MX_DMA_Init
C:\Users\Vulca\AppData\Local\Temp\cciyLF1d.s:261    .text.MX_DMA_Init:0000005c $d
                            *COM*:00000044 hdma_memtomem_dma2_channel1
C:\Users\Vulca\AppData\Local\Temp\cciyLF1d.s:268    .text.MX_USART2_UART_Init:00000000 $t
C:\Users\Vulca\AppData\Local\Temp\cciyLF1d.s:274    .text.MX_USART2_UART_Init:00000000 MX_USART2_UART_Init
C:\Users\Vulca\AppData\Local\Temp\cciyLF1d.s:331    .text.MX_USART2_UART_Init:00000028 $d
                            *COM*:00000080 huart2
C:\Users\Vulca\AppData\Local\Temp\cciyLF1d.s:337    .text.SystemClock_Config:00000000 $t
C:\Users\Vulca\AppData\Local\Temp\cciyLF1d.s:344    .text.SystemClock_Config:00000000 SystemClock_Config
C:\Users\Vulca\AppData\Local\Temp\cciyLF1d.s:435    .text.main:00000000 $t
C:\Users\Vulca\AppData\Local\Temp\cciyLF1d.s:442    .text.main:00000000 main
C:\Users\Vulca\AppData\Local\Temp\cciyLF1d.s:549    .text.main:00000088 $d
C:\Users\Vulca\AppData\Local\Temp\cciyLF1d.s:556    .text.HAL_UART_TxCpltCallback:00000000 $t
C:\Users\Vulca\AppData\Local\Temp\cciyLF1d.s:563    .text.HAL_UART_TxCpltCallback:00000000 HAL_UART_TxCpltCallback
C:\Users\Vulca\AppData\Local\Temp\cciyLF1d.s:591    .text.Error_Handler:00000000 $t
C:\Users\Vulca\AppData\Local\Temp\cciyLF1d.s:598    .text.Error_Handler:00000000 Error_Handler
                            *COM*:00000044 hdma_usart2_tx
C:\Users\Vulca\AppData\Local\Temp\cciyLF1d.s:615    .rodata:00000000 $d

UNDEFINED SYMBOLS
memset
HAL_GPIO_WritePin
HAL_GPIO_Init
HAL_DMA_Init
HAL_NVIC_SetPriority
HAL_NVIC_EnableIRQ
HAL_UART_Init
HAL_RCC_OscConfig
HAL_RCC_ClockConfig
HAL_RCCEx_PeriphCLKConfig
HAL_Init
HAL_UART_Transmit
HAL_DMA_Start
HAL_DMA_PollForTransfer
HAL_Delay
HAL_GPIO_TogglePin
