ARM GAS  C:\Users\Vulca\AppData\Local\Temp\ccKP0hAh.s 			page 1


   1              		.cpu cortex-m0
   2              		.eabi_attribute 20, 1
   3              		.eabi_attribute 21, 1
   4              		.eabi_attribute 23, 3
   5              		.eabi_attribute 24, 1
   6              		.eabi_attribute 25, 1
   7              		.eabi_attribute 26, 1
   8              		.eabi_attribute 30, 1
   9              		.eabi_attribute 34, 0
  10              		.eabi_attribute 18, 4
  11              		.file	"stm32f0xx_hal_msp.c"
  12              		.text
  13              	.Ltext0:
  14              		.cfi_sections	.debug_frame
  15              		.section	.text.HAL_MspInit,"ax",%progbits
  16              		.align	1
  17              		.global	HAL_MspInit
  18              		.arch armv6s-m
  19              		.syntax unified
  20              		.code	16
  21              		.thumb_func
  22              		.fpu softvfp
  24              	HAL_MspInit:
  25              	.LFB40:
  26              		.file 1 "Src/stm32f0xx_hal_msp.c"
   1:Src/stm32f0xx_hal_msp.c **** /* USER CODE BEGIN Header */
   2:Src/stm32f0xx_hal_msp.c **** /**
   3:Src/stm32f0xx_hal_msp.c ****   ******************************************************************************
   4:Src/stm32f0xx_hal_msp.c ****   * File Name          : stm32f0xx_hal_msp.c
   5:Src/stm32f0xx_hal_msp.c ****   * Description        : This file provides code for the MSP Initialization 
   6:Src/stm32f0xx_hal_msp.c ****   *                      and de-Initialization codes.
   7:Src/stm32f0xx_hal_msp.c ****   ******************************************************************************
   8:Src/stm32f0xx_hal_msp.c ****   * @attention
   9:Src/stm32f0xx_hal_msp.c ****   *
  10:Src/stm32f0xx_hal_msp.c ****   * <h2><center>&copy; Copyright (c) 2020 STMicroelectronics.
  11:Src/stm32f0xx_hal_msp.c ****   * All rights reserved.</center></h2>
  12:Src/stm32f0xx_hal_msp.c ****   *
  13:Src/stm32f0xx_hal_msp.c ****   * This software component is licensed by ST under BSD 3-Clause license,
  14:Src/stm32f0xx_hal_msp.c ****   * the "License"; You may not use this file except in compliance with the
  15:Src/stm32f0xx_hal_msp.c ****   * License. You may obtain a copy of the License at:
  16:Src/stm32f0xx_hal_msp.c ****   *                        opensource.org/licenses/BSD-3-Clause
  17:Src/stm32f0xx_hal_msp.c ****   *
  18:Src/stm32f0xx_hal_msp.c ****   ******************************************************************************
  19:Src/stm32f0xx_hal_msp.c ****   */
  20:Src/stm32f0xx_hal_msp.c **** /* USER CODE END Header */
  21:Src/stm32f0xx_hal_msp.c **** 
  22:Src/stm32f0xx_hal_msp.c **** /* Includes ------------------------------------------------------------------*/
  23:Src/stm32f0xx_hal_msp.c **** #include "main.h"
  24:Src/stm32f0xx_hal_msp.c **** /* USER CODE BEGIN Includes */
  25:Src/stm32f0xx_hal_msp.c **** 
  26:Src/stm32f0xx_hal_msp.c **** /* USER CODE END Includes */
  27:Src/stm32f0xx_hal_msp.c **** extern DMA_HandleTypeDef hdma_usart2_tx;
  28:Src/stm32f0xx_hal_msp.c **** 
  29:Src/stm32f0xx_hal_msp.c **** /* Private typedef -----------------------------------------------------------*/
  30:Src/stm32f0xx_hal_msp.c **** /* USER CODE BEGIN TD */
  31:Src/stm32f0xx_hal_msp.c **** 
  32:Src/stm32f0xx_hal_msp.c **** /* USER CODE END TD */
ARM GAS  C:\Users\Vulca\AppData\Local\Temp\ccKP0hAh.s 			page 2


  33:Src/stm32f0xx_hal_msp.c **** 
  34:Src/stm32f0xx_hal_msp.c **** /* Private define ------------------------------------------------------------*/
  35:Src/stm32f0xx_hal_msp.c **** /* USER CODE BEGIN Define */
  36:Src/stm32f0xx_hal_msp.c ****  
  37:Src/stm32f0xx_hal_msp.c **** /* USER CODE END Define */
  38:Src/stm32f0xx_hal_msp.c **** 
  39:Src/stm32f0xx_hal_msp.c **** /* Private macro -------------------------------------------------------------*/
  40:Src/stm32f0xx_hal_msp.c **** /* USER CODE BEGIN Macro */
  41:Src/stm32f0xx_hal_msp.c **** 
  42:Src/stm32f0xx_hal_msp.c **** /* USER CODE END Macro */
  43:Src/stm32f0xx_hal_msp.c **** 
  44:Src/stm32f0xx_hal_msp.c **** /* Private variables ---------------------------------------------------------*/
  45:Src/stm32f0xx_hal_msp.c **** /* USER CODE BEGIN PV */
  46:Src/stm32f0xx_hal_msp.c **** 
  47:Src/stm32f0xx_hal_msp.c **** /* USER CODE END PV */
  48:Src/stm32f0xx_hal_msp.c **** 
  49:Src/stm32f0xx_hal_msp.c **** /* Private function prototypes -----------------------------------------------*/
  50:Src/stm32f0xx_hal_msp.c **** /* USER CODE BEGIN PFP */
  51:Src/stm32f0xx_hal_msp.c **** 
  52:Src/stm32f0xx_hal_msp.c **** /* USER CODE END PFP */
  53:Src/stm32f0xx_hal_msp.c **** 
  54:Src/stm32f0xx_hal_msp.c **** /* External functions --------------------------------------------------------*/
  55:Src/stm32f0xx_hal_msp.c **** /* USER CODE BEGIN ExternalFunctions */
  56:Src/stm32f0xx_hal_msp.c **** 
  57:Src/stm32f0xx_hal_msp.c **** /* USER CODE END ExternalFunctions */
  58:Src/stm32f0xx_hal_msp.c **** 
  59:Src/stm32f0xx_hal_msp.c **** /* USER CODE BEGIN 0 */
  60:Src/stm32f0xx_hal_msp.c **** 
  61:Src/stm32f0xx_hal_msp.c **** /* USER CODE END 0 */
  62:Src/stm32f0xx_hal_msp.c **** /**
  63:Src/stm32f0xx_hal_msp.c ****   * Initializes the Global MSP.
  64:Src/stm32f0xx_hal_msp.c ****   */
  65:Src/stm32f0xx_hal_msp.c **** void HAL_MspInit(void)
  66:Src/stm32f0xx_hal_msp.c **** {
  27              		.loc 1 66 1 view -0
  28              		.cfi_startproc
  29              		@ args = 0, pretend = 0, frame = 8
  30              		@ frame_needed = 0, uses_anonymous_args = 0
  31              		@ link register save eliminated.
  32 0000 82B0     		sub	sp, sp, #8
  33              	.LCFI0:
  34              		.cfi_def_cfa_offset 8
  67:Src/stm32f0xx_hal_msp.c ****   /* USER CODE BEGIN MspInit 0 */
  68:Src/stm32f0xx_hal_msp.c **** 
  69:Src/stm32f0xx_hal_msp.c ****   /* USER CODE END MspInit 0 */
  70:Src/stm32f0xx_hal_msp.c **** 
  71:Src/stm32f0xx_hal_msp.c ****   __HAL_RCC_SYSCFG_CLK_ENABLE();
  35              		.loc 1 71 3 view .LVU1
  36              	.LBB2:
  37              		.loc 1 71 3 view .LVU2
  38              		.loc 1 71 3 view .LVU3
  39 0002 0A4B     		ldr	r3, .L2
  40 0004 9969     		ldr	r1, [r3, #24]
  41 0006 0122     		movs	r2, #1
  42 0008 1143     		orrs	r1, r2
  43 000a 9961     		str	r1, [r3, #24]
  44              		.loc 1 71 3 view .LVU4
ARM GAS  C:\Users\Vulca\AppData\Local\Temp\ccKP0hAh.s 			page 3


  45 000c 9969     		ldr	r1, [r3, #24]
  46 000e 0A40     		ands	r2, r1
  47 0010 0092     		str	r2, [sp]
  48              		.loc 1 71 3 view .LVU5
  49 0012 009A     		ldr	r2, [sp]
  50              	.LBE2:
  51              		.loc 1 71 3 view .LVU6
  72:Src/stm32f0xx_hal_msp.c ****   __HAL_RCC_PWR_CLK_ENABLE();
  52              		.loc 1 72 3 view .LVU7
  53              	.LBB3:
  54              		.loc 1 72 3 view .LVU8
  55              		.loc 1 72 3 view .LVU9
  56 0014 DA69     		ldr	r2, [r3, #28]
  57 0016 8021     		movs	r1, #128
  58 0018 4905     		lsls	r1, r1, #21
  59 001a 0A43     		orrs	r2, r1
  60 001c DA61     		str	r2, [r3, #28]
  61              		.loc 1 72 3 view .LVU10
  62 001e DB69     		ldr	r3, [r3, #28]
  63 0020 0B40     		ands	r3, r1
  64 0022 0193     		str	r3, [sp, #4]
  65              		.loc 1 72 3 view .LVU11
  66 0024 019B     		ldr	r3, [sp, #4]
  67              	.LBE3:
  68              		.loc 1 72 3 view .LVU12
  73:Src/stm32f0xx_hal_msp.c **** 
  74:Src/stm32f0xx_hal_msp.c ****   /* System interrupt init*/
  75:Src/stm32f0xx_hal_msp.c **** 
  76:Src/stm32f0xx_hal_msp.c ****   /* USER CODE BEGIN MspInit 1 */
  77:Src/stm32f0xx_hal_msp.c **** 
  78:Src/stm32f0xx_hal_msp.c ****   /* USER CODE END MspInit 1 */
  79:Src/stm32f0xx_hal_msp.c **** }
  69              		.loc 1 79 1 is_stmt 0 view .LVU13
  70 0026 02B0     		add	sp, sp, #8
  71              		@ sp needed
  72 0028 7047     		bx	lr
  73              	.L3:
  74 002a C046     		.align	2
  75              	.L2:
  76 002c 00100240 		.word	1073876992
  77              		.cfi_endproc
  78              	.LFE40:
  80              		.section	.text.HAL_UART_MspInit,"ax",%progbits
  81              		.align	1
  82              		.global	HAL_UART_MspInit
  83              		.syntax unified
  84              		.code	16
  85              		.thumb_func
  86              		.fpu softvfp
  88              	HAL_UART_MspInit:
  89              	.LVL0:
  90              	.LFB41:
  80:Src/stm32f0xx_hal_msp.c **** 
  81:Src/stm32f0xx_hal_msp.c **** /**
  82:Src/stm32f0xx_hal_msp.c **** * @brief UART MSP Initialization
  83:Src/stm32f0xx_hal_msp.c **** * This function configures the hardware resources used in this example
  84:Src/stm32f0xx_hal_msp.c **** * @param huart: UART handle pointer
ARM GAS  C:\Users\Vulca\AppData\Local\Temp\ccKP0hAh.s 			page 4


  85:Src/stm32f0xx_hal_msp.c **** * @retval None
  86:Src/stm32f0xx_hal_msp.c **** */
  87:Src/stm32f0xx_hal_msp.c **** void HAL_UART_MspInit(UART_HandleTypeDef* huart)
  88:Src/stm32f0xx_hal_msp.c **** {
  91              		.loc 1 88 1 is_stmt 1 view -0
  92              		.cfi_startproc
  93              		@ args = 0, pretend = 0, frame = 32
  94              		@ frame_needed = 0, uses_anonymous_args = 0
  95              		.loc 1 88 1 is_stmt 0 view .LVU15
  96 0000 30B5     		push	{r4, r5, lr}
  97              	.LCFI1:
  98              		.cfi_def_cfa_offset 12
  99              		.cfi_offset 4, -12
 100              		.cfi_offset 5, -8
 101              		.cfi_offset 14, -4
 102 0002 89B0     		sub	sp, sp, #36
 103              	.LCFI2:
 104              		.cfi_def_cfa_offset 48
 105 0004 0400     		movs	r4, r0
  89:Src/stm32f0xx_hal_msp.c ****   GPIO_InitTypeDef GPIO_InitStruct = {0};
 106              		.loc 1 89 3 is_stmt 1 view .LVU16
 107              		.loc 1 89 20 is_stmt 0 view .LVU17
 108 0006 1422     		movs	r2, #20
 109 0008 0021     		movs	r1, #0
 110 000a 03A8     		add	r0, sp, #12
 111              	.LVL1:
 112              		.loc 1 89 20 view .LVU18
 113 000c FFF7FEFF 		bl	memset
 114              	.LVL2:
  90:Src/stm32f0xx_hal_msp.c ****   if(huart->Instance==USART2)
 115              		.loc 1 90 3 is_stmt 1 view .LVU19
 116              		.loc 1 90 5 is_stmt 0 view .LVU20
 117 0010 244B     		ldr	r3, .L9
 118 0012 2268     		ldr	r2, [r4]
 119 0014 9A42     		cmp	r2, r3
 120 0016 01D0     		beq	.L7
 121              	.L4:
  91:Src/stm32f0xx_hal_msp.c ****   {
  92:Src/stm32f0xx_hal_msp.c ****   /* USER CODE BEGIN USART2_MspInit 0 */
  93:Src/stm32f0xx_hal_msp.c **** 
  94:Src/stm32f0xx_hal_msp.c ****   /* USER CODE END USART2_MspInit 0 */
  95:Src/stm32f0xx_hal_msp.c ****     /* Peripheral clock enable */
  96:Src/stm32f0xx_hal_msp.c ****     __HAL_RCC_USART2_CLK_ENABLE();
  97:Src/stm32f0xx_hal_msp.c ****   
  98:Src/stm32f0xx_hal_msp.c ****     __HAL_RCC_GPIOA_CLK_ENABLE();
  99:Src/stm32f0xx_hal_msp.c ****     /**USART2 GPIO Configuration    
 100:Src/stm32f0xx_hal_msp.c ****     PA2     ------> USART2_TX
 101:Src/stm32f0xx_hal_msp.c ****     PA3     ------> USART2_RX 
 102:Src/stm32f0xx_hal_msp.c ****     */
 103:Src/stm32f0xx_hal_msp.c ****     GPIO_InitStruct.Pin = USART_TX_Pin|USART_RX_Pin;
 104:Src/stm32f0xx_hal_msp.c ****     GPIO_InitStruct.Mode = GPIO_MODE_AF_PP;
 105:Src/stm32f0xx_hal_msp.c ****     GPIO_InitStruct.Pull = GPIO_NOPULL;
 106:Src/stm32f0xx_hal_msp.c ****     GPIO_InitStruct.Speed = GPIO_SPEED_FREQ_LOW;
 107:Src/stm32f0xx_hal_msp.c ****     GPIO_InitStruct.Alternate = GPIO_AF1_USART2;
 108:Src/stm32f0xx_hal_msp.c ****     HAL_GPIO_Init(GPIOA, &GPIO_InitStruct);
 109:Src/stm32f0xx_hal_msp.c **** 
 110:Src/stm32f0xx_hal_msp.c ****     /* USART2 DMA Init */
ARM GAS  C:\Users\Vulca\AppData\Local\Temp\ccKP0hAh.s 			page 5


 111:Src/stm32f0xx_hal_msp.c ****     /* USART2_TX Init */
 112:Src/stm32f0xx_hal_msp.c ****     hdma_usart2_tx.Instance = DMA1_Channel4;
 113:Src/stm32f0xx_hal_msp.c ****     hdma_usart2_tx.Init.Direction = DMA_MEMORY_TO_PERIPH;
 114:Src/stm32f0xx_hal_msp.c ****     hdma_usart2_tx.Init.PeriphInc = DMA_PINC_DISABLE;
 115:Src/stm32f0xx_hal_msp.c ****     hdma_usart2_tx.Init.MemInc = DMA_MINC_ENABLE;
 116:Src/stm32f0xx_hal_msp.c ****     hdma_usart2_tx.Init.PeriphDataAlignment = DMA_PDATAALIGN_BYTE;
 117:Src/stm32f0xx_hal_msp.c ****     hdma_usart2_tx.Init.MemDataAlignment = DMA_MDATAALIGN_BYTE;
 118:Src/stm32f0xx_hal_msp.c ****     hdma_usart2_tx.Init.Mode = DMA_CIRCULAR;
 119:Src/stm32f0xx_hal_msp.c ****     hdma_usart2_tx.Init.Priority = DMA_PRIORITY_HIGH;
 120:Src/stm32f0xx_hal_msp.c ****     if (HAL_DMA_Init(&hdma_usart2_tx) != HAL_OK)
 121:Src/stm32f0xx_hal_msp.c ****     {
 122:Src/stm32f0xx_hal_msp.c ****       Error_Handler();
 123:Src/stm32f0xx_hal_msp.c ****     }
 124:Src/stm32f0xx_hal_msp.c **** 
 125:Src/stm32f0xx_hal_msp.c ****     __HAL_DMA1_REMAP(HAL_DMA1_CH4_USART2_TX);
 126:Src/stm32f0xx_hal_msp.c **** 
 127:Src/stm32f0xx_hal_msp.c ****     __HAL_LINKDMA(huart,hdmatx,hdma_usart2_tx);
 128:Src/stm32f0xx_hal_msp.c **** 
 129:Src/stm32f0xx_hal_msp.c ****   /* USER CODE BEGIN USART2_MspInit 1 */
 130:Src/stm32f0xx_hal_msp.c **** 
 131:Src/stm32f0xx_hal_msp.c ****   /* USER CODE END USART2_MspInit 1 */
 132:Src/stm32f0xx_hal_msp.c ****   }
 133:Src/stm32f0xx_hal_msp.c **** 
 134:Src/stm32f0xx_hal_msp.c **** }
 122              		.loc 1 134 1 view .LVU21
 123 0018 09B0     		add	sp, sp, #36
 124              		@ sp needed
 125              	.LVL3:
 126              		.loc 1 134 1 view .LVU22
 127 001a 30BD     		pop	{r4, r5, pc}
 128              	.LVL4:
 129              	.L7:
  96:Src/stm32f0xx_hal_msp.c ****   
 130              		.loc 1 96 5 is_stmt 1 view .LVU23
 131              	.LBB4:
  96:Src/stm32f0xx_hal_msp.c ****   
 132              		.loc 1 96 5 view .LVU24
  96:Src/stm32f0xx_hal_msp.c ****   
 133              		.loc 1 96 5 view .LVU25
 134 001c 224B     		ldr	r3, .L9+4
 135 001e D969     		ldr	r1, [r3, #28]
 136 0020 8022     		movs	r2, #128
 137 0022 9202     		lsls	r2, r2, #10
 138 0024 1143     		orrs	r1, r2
 139 0026 D961     		str	r1, [r3, #28]
  96:Src/stm32f0xx_hal_msp.c ****   
 140              		.loc 1 96 5 view .LVU26
 141 0028 D969     		ldr	r1, [r3, #28]
 142 002a 1140     		ands	r1, r2
 143 002c 0191     		str	r1, [sp, #4]
  96:Src/stm32f0xx_hal_msp.c ****   
 144              		.loc 1 96 5 view .LVU27
 145 002e 0199     		ldr	r1, [sp, #4]
 146              	.LBE4:
  96:Src/stm32f0xx_hal_msp.c ****   
 147              		.loc 1 96 5 view .LVU28
  98:Src/stm32f0xx_hal_msp.c ****     /**USART2 GPIO Configuration    
ARM GAS  C:\Users\Vulca\AppData\Local\Temp\ccKP0hAh.s 			page 6


 148              		.loc 1 98 5 view .LVU29
 149              	.LBB5:
  98:Src/stm32f0xx_hal_msp.c ****     /**USART2 GPIO Configuration    
 150              		.loc 1 98 5 view .LVU30
  98:Src/stm32f0xx_hal_msp.c ****     /**USART2 GPIO Configuration    
 151              		.loc 1 98 5 view .LVU31
 152 0030 5969     		ldr	r1, [r3, #20]
 153 0032 1143     		orrs	r1, r2
 154 0034 5961     		str	r1, [r3, #20]
  98:Src/stm32f0xx_hal_msp.c ****     /**USART2 GPIO Configuration    
 155              		.loc 1 98 5 view .LVU32
 156 0036 5B69     		ldr	r3, [r3, #20]
 157 0038 1A40     		ands	r2, r3
 158 003a 0292     		str	r2, [sp, #8]
  98:Src/stm32f0xx_hal_msp.c ****     /**USART2 GPIO Configuration    
 159              		.loc 1 98 5 view .LVU33
 160 003c 029B     		ldr	r3, [sp, #8]
 161              	.LBE5:
  98:Src/stm32f0xx_hal_msp.c ****     /**USART2 GPIO Configuration    
 162              		.loc 1 98 5 view .LVU34
 103:Src/stm32f0xx_hal_msp.c ****     GPIO_InitStruct.Mode = GPIO_MODE_AF_PP;
 163              		.loc 1 103 5 view .LVU35
 103:Src/stm32f0xx_hal_msp.c ****     GPIO_InitStruct.Mode = GPIO_MODE_AF_PP;
 164              		.loc 1 103 25 is_stmt 0 view .LVU36
 165 003e 0C23     		movs	r3, #12
 166 0040 0393     		str	r3, [sp, #12]
 104:Src/stm32f0xx_hal_msp.c ****     GPIO_InitStruct.Pull = GPIO_NOPULL;
 167              		.loc 1 104 5 is_stmt 1 view .LVU37
 104:Src/stm32f0xx_hal_msp.c ****     GPIO_InitStruct.Pull = GPIO_NOPULL;
 168              		.loc 1 104 26 is_stmt 0 view .LVU38
 169 0042 0A3B     		subs	r3, r3, #10
 170 0044 0493     		str	r3, [sp, #16]
 105:Src/stm32f0xx_hal_msp.c ****     GPIO_InitStruct.Speed = GPIO_SPEED_FREQ_LOW;
 171              		.loc 1 105 5 is_stmt 1 view .LVU39
 105:Src/stm32f0xx_hal_msp.c ****     GPIO_InitStruct.Speed = GPIO_SPEED_FREQ_LOW;
 172              		.loc 1 105 26 is_stmt 0 view .LVU40
 173 0046 0025     		movs	r5, #0
 174 0048 0595     		str	r5, [sp, #20]
 106:Src/stm32f0xx_hal_msp.c ****     GPIO_InitStruct.Alternate = GPIO_AF1_USART2;
 175              		.loc 1 106 5 is_stmt 1 view .LVU41
 106:Src/stm32f0xx_hal_msp.c ****     GPIO_InitStruct.Alternate = GPIO_AF1_USART2;
 176              		.loc 1 106 27 is_stmt 0 view .LVU42
 177 004a 0695     		str	r5, [sp, #24]
 107:Src/stm32f0xx_hal_msp.c ****     HAL_GPIO_Init(GPIOA, &GPIO_InitStruct);
 178              		.loc 1 107 5 is_stmt 1 view .LVU43
 107:Src/stm32f0xx_hal_msp.c ****     HAL_GPIO_Init(GPIOA, &GPIO_InitStruct);
 179              		.loc 1 107 31 is_stmt 0 view .LVU44
 180 004c 013B     		subs	r3, r3, #1
 181 004e 0793     		str	r3, [sp, #28]
 108:Src/stm32f0xx_hal_msp.c **** 
 182              		.loc 1 108 5 is_stmt 1 view .LVU45
 183 0050 9020     		movs	r0, #144
 184 0052 03A9     		add	r1, sp, #12
 185 0054 C005     		lsls	r0, r0, #23
 186 0056 FFF7FEFF 		bl	HAL_GPIO_Init
 187              	.LVL5:
 112:Src/stm32f0xx_hal_msp.c ****     hdma_usart2_tx.Init.Direction = DMA_MEMORY_TO_PERIPH;
ARM GAS  C:\Users\Vulca\AppData\Local\Temp\ccKP0hAh.s 			page 7


 188              		.loc 1 112 5 view .LVU46
 112:Src/stm32f0xx_hal_msp.c ****     hdma_usart2_tx.Init.Direction = DMA_MEMORY_TO_PERIPH;
 189              		.loc 1 112 29 is_stmt 0 view .LVU47
 190 005a 1448     		ldr	r0, .L9+8
 191 005c 144B     		ldr	r3, .L9+12
 192 005e 0360     		str	r3, [r0]
 113:Src/stm32f0xx_hal_msp.c ****     hdma_usart2_tx.Init.PeriphInc = DMA_PINC_DISABLE;
 193              		.loc 1 113 5 is_stmt 1 view .LVU48
 113:Src/stm32f0xx_hal_msp.c ****     hdma_usart2_tx.Init.PeriphInc = DMA_PINC_DISABLE;
 194              		.loc 1 113 35 is_stmt 0 view .LVU49
 195 0060 1023     		movs	r3, #16
 196 0062 4360     		str	r3, [r0, #4]
 114:Src/stm32f0xx_hal_msp.c ****     hdma_usart2_tx.Init.MemInc = DMA_MINC_ENABLE;
 197              		.loc 1 114 5 is_stmt 1 view .LVU50
 114:Src/stm32f0xx_hal_msp.c ****     hdma_usart2_tx.Init.MemInc = DMA_MINC_ENABLE;
 198              		.loc 1 114 35 is_stmt 0 view .LVU51
 199 0064 8560     		str	r5, [r0, #8]
 115:Src/stm32f0xx_hal_msp.c ****     hdma_usart2_tx.Init.PeriphDataAlignment = DMA_PDATAALIGN_BYTE;
 200              		.loc 1 115 5 is_stmt 1 view .LVU52
 115:Src/stm32f0xx_hal_msp.c ****     hdma_usart2_tx.Init.PeriphDataAlignment = DMA_PDATAALIGN_BYTE;
 201              		.loc 1 115 32 is_stmt 0 view .LVU53
 202 0066 7033     		adds	r3, r3, #112
 203 0068 C360     		str	r3, [r0, #12]
 116:Src/stm32f0xx_hal_msp.c ****     hdma_usart2_tx.Init.MemDataAlignment = DMA_MDATAALIGN_BYTE;
 204              		.loc 1 116 5 is_stmt 1 view .LVU54
 116:Src/stm32f0xx_hal_msp.c ****     hdma_usart2_tx.Init.MemDataAlignment = DMA_MDATAALIGN_BYTE;
 205              		.loc 1 116 45 is_stmt 0 view .LVU55
 206 006a 0561     		str	r5, [r0, #16]
 117:Src/stm32f0xx_hal_msp.c ****     hdma_usart2_tx.Init.Mode = DMA_CIRCULAR;
 207              		.loc 1 117 5 is_stmt 1 view .LVU56
 117:Src/stm32f0xx_hal_msp.c ****     hdma_usart2_tx.Init.Mode = DMA_CIRCULAR;
 208              		.loc 1 117 42 is_stmt 0 view .LVU57
 209 006c 4561     		str	r5, [r0, #20]
 118:Src/stm32f0xx_hal_msp.c ****     hdma_usart2_tx.Init.Priority = DMA_PRIORITY_HIGH;
 210              		.loc 1 118 5 is_stmt 1 view .LVU58
 118:Src/stm32f0xx_hal_msp.c ****     hdma_usart2_tx.Init.Priority = DMA_PRIORITY_HIGH;
 211              		.loc 1 118 30 is_stmt 0 view .LVU59
 212 006e 603B     		subs	r3, r3, #96
 213 0070 8361     		str	r3, [r0, #24]
 119:Src/stm32f0xx_hal_msp.c ****     if (HAL_DMA_Init(&hdma_usart2_tx) != HAL_OK)
 214              		.loc 1 119 5 is_stmt 1 view .LVU60
 119:Src/stm32f0xx_hal_msp.c ****     if (HAL_DMA_Init(&hdma_usart2_tx) != HAL_OK)
 215              		.loc 1 119 34 is_stmt 0 view .LVU61
 216 0072 8023     		movs	r3, #128
 217 0074 9B01     		lsls	r3, r3, #6
 218 0076 C361     		str	r3, [r0, #28]
 120:Src/stm32f0xx_hal_msp.c ****     {
 219              		.loc 1 120 5 is_stmt 1 view .LVU62
 120:Src/stm32f0xx_hal_msp.c ****     {
 220              		.loc 1 120 9 is_stmt 0 view .LVU63
 221 0078 FFF7FEFF 		bl	HAL_DMA_Init
 222              	.LVL6:
 120:Src/stm32f0xx_hal_msp.c ****     {
 223              		.loc 1 120 8 view .LVU64
 224 007c 0028     		cmp	r0, #0
 225 007e 0ED1     		bne	.L8
 226              	.L6:
ARM GAS  C:\Users\Vulca\AppData\Local\Temp\ccKP0hAh.s 			page 8


 125:Src/stm32f0xx_hal_msp.c **** 
 227              		.loc 1 125 5 is_stmt 1 view .LVU65
 125:Src/stm32f0xx_hal_msp.c **** 
 228              		.loc 1 125 5 view .LVU66
 125:Src/stm32f0xx_hal_msp.c **** 
 229              		.loc 1 125 5 view .LVU67
 230 0080 0C4A     		ldr	r2, .L9+16
 231 0082 A823     		movs	r3, #168
 232 0084 D158     		ldr	r1, [r2, r3]
 233 0086 0C48     		ldr	r0, .L9+20
 234 0088 0140     		ands	r1, r0
 235 008a D150     		str	r1, [r2, r3]
 125:Src/stm32f0xx_hal_msp.c **** 
 236              		.loc 1 125 5 view .LVU68
 237 008c D058     		ldr	r0, [r2, r3]
 238 008e 9021     		movs	r1, #144
 239 0090 0902     		lsls	r1, r1, #8
 240 0092 0143     		orrs	r1, r0
 241 0094 D150     		str	r1, [r2, r3]
 125:Src/stm32f0xx_hal_msp.c **** 
 242              		.loc 1 125 5 view .LVU69
 127:Src/stm32f0xx_hal_msp.c **** 
 243              		.loc 1 127 5 view .LVU70
 127:Src/stm32f0xx_hal_msp.c **** 
 244              		.loc 1 127 5 view .LVU71
 245 0096 054B     		ldr	r3, .L9+8
 246 0098 A366     		str	r3, [r4, #104]
 127:Src/stm32f0xx_hal_msp.c **** 
 247              		.loc 1 127 5 view .LVU72
 248 009a 5C62     		str	r4, [r3, #36]
 127:Src/stm32f0xx_hal_msp.c **** 
 249              		.loc 1 127 5 view .LVU73
 250              		.loc 1 134 1 is_stmt 0 view .LVU74
 251 009c BCE7     		b	.L4
 252              	.L8:
 122:Src/stm32f0xx_hal_msp.c ****     }
 253              		.loc 1 122 7 is_stmt 1 view .LVU75
 254 009e FFF7FEFF 		bl	Error_Handler
 255              	.LVL7:
 256 00a2 EDE7     		b	.L6
 257              	.L10:
 258              		.align	2
 259              	.L9:
 260 00a4 00440040 		.word	1073759232
 261 00a8 00100240 		.word	1073876992
 262 00ac 00000000 		.word	hdma_usart2_tx
 263 00b0 44000240 		.word	1073872964
 264 00b4 00000240 		.word	1073872896
 265 00b8 FF0FFFFF 		.word	-61441
 266              		.cfi_endproc
 267              	.LFE41:
 269              		.section	.text.HAL_UART_MspDeInit,"ax",%progbits
 270              		.align	1
 271              		.global	HAL_UART_MspDeInit
 272              		.syntax unified
 273              		.code	16
 274              		.thumb_func
ARM GAS  C:\Users\Vulca\AppData\Local\Temp\ccKP0hAh.s 			page 9


 275              		.fpu softvfp
 277              	HAL_UART_MspDeInit:
 278              	.LVL8:
 279              	.LFB42:
 135:Src/stm32f0xx_hal_msp.c **** 
 136:Src/stm32f0xx_hal_msp.c **** /**
 137:Src/stm32f0xx_hal_msp.c **** * @brief UART MSP De-Initialization
 138:Src/stm32f0xx_hal_msp.c **** * This function freeze the hardware resources used in this example
 139:Src/stm32f0xx_hal_msp.c **** * @param huart: UART handle pointer
 140:Src/stm32f0xx_hal_msp.c **** * @retval None
 141:Src/stm32f0xx_hal_msp.c **** */
 142:Src/stm32f0xx_hal_msp.c **** void HAL_UART_MspDeInit(UART_HandleTypeDef* huart)
 143:Src/stm32f0xx_hal_msp.c **** {
 280              		.loc 1 143 1 view -0
 281              		.cfi_startproc
 282              		@ args = 0, pretend = 0, frame = 0
 283              		@ frame_needed = 0, uses_anonymous_args = 0
 284              		.loc 1 143 1 is_stmt 0 view .LVU77
 285 0000 10B5     		push	{r4, lr}
 286              	.LCFI3:
 287              		.cfi_def_cfa_offset 8
 288              		.cfi_offset 4, -8
 289              		.cfi_offset 14, -4
 290 0002 0400     		movs	r4, r0
 144:Src/stm32f0xx_hal_msp.c ****   if(huart->Instance==USART2)
 291              		.loc 1 144 3 is_stmt 1 view .LVU78
 292              		.loc 1 144 5 is_stmt 0 view .LVU79
 293 0004 094B     		ldr	r3, .L14
 294 0006 0268     		ldr	r2, [r0]
 295 0008 9A42     		cmp	r2, r3
 296 000a 00D0     		beq	.L13
 297              	.LVL9:
 298              	.L11:
 145:Src/stm32f0xx_hal_msp.c ****   {
 146:Src/stm32f0xx_hal_msp.c ****   /* USER CODE BEGIN USART2_MspDeInit 0 */
 147:Src/stm32f0xx_hal_msp.c **** 
 148:Src/stm32f0xx_hal_msp.c ****   /* USER CODE END USART2_MspDeInit 0 */
 149:Src/stm32f0xx_hal_msp.c ****     /* Peripheral clock disable */
 150:Src/stm32f0xx_hal_msp.c ****     __HAL_RCC_USART2_CLK_DISABLE();
 151:Src/stm32f0xx_hal_msp.c ****   
 152:Src/stm32f0xx_hal_msp.c ****     /**USART2 GPIO Configuration    
 153:Src/stm32f0xx_hal_msp.c ****     PA2     ------> USART2_TX
 154:Src/stm32f0xx_hal_msp.c ****     PA3     ------> USART2_RX 
 155:Src/stm32f0xx_hal_msp.c ****     */
 156:Src/stm32f0xx_hal_msp.c ****     HAL_GPIO_DeInit(GPIOA, USART_TX_Pin|USART_RX_Pin);
 157:Src/stm32f0xx_hal_msp.c **** 
 158:Src/stm32f0xx_hal_msp.c ****     /* USART2 DMA DeInit */
 159:Src/stm32f0xx_hal_msp.c ****     HAL_DMA_DeInit(huart->hdmatx);
 160:Src/stm32f0xx_hal_msp.c ****   /* USER CODE BEGIN USART2_MspDeInit 1 */
 161:Src/stm32f0xx_hal_msp.c **** 
 162:Src/stm32f0xx_hal_msp.c ****   /* USER CODE END USART2_MspDeInit 1 */
 163:Src/stm32f0xx_hal_msp.c ****   }
 164:Src/stm32f0xx_hal_msp.c **** 
 165:Src/stm32f0xx_hal_msp.c **** }
 299              		.loc 1 165 1 view .LVU80
 300              		@ sp needed
 301              	.LVL10:
ARM GAS  C:\Users\Vulca\AppData\Local\Temp\ccKP0hAh.s 			page 10


 302              		.loc 1 165 1 view .LVU81
 303 000c 10BD     		pop	{r4, pc}
 304              	.LVL11:
 305              	.L13:
 150:Src/stm32f0xx_hal_msp.c ****   
 306              		.loc 1 150 5 is_stmt 1 view .LVU82
 307 000e 084A     		ldr	r2, .L14+4
 308 0010 D369     		ldr	r3, [r2, #28]
 309 0012 0849     		ldr	r1, .L14+8
 310 0014 0B40     		ands	r3, r1
 311 0016 D361     		str	r3, [r2, #28]
 156:Src/stm32f0xx_hal_msp.c **** 
 312              		.loc 1 156 5 view .LVU83
 313 0018 9020     		movs	r0, #144
 314              	.LVL12:
 156:Src/stm32f0xx_hal_msp.c **** 
 315              		.loc 1 156 5 is_stmt 0 view .LVU84
 316 001a 0C21     		movs	r1, #12
 317 001c C005     		lsls	r0, r0, #23
 318 001e FFF7FEFF 		bl	HAL_GPIO_DeInit
 319              	.LVL13:
 159:Src/stm32f0xx_hal_msp.c ****   /* USER CODE BEGIN USART2_MspDeInit 1 */
 320              		.loc 1 159 5 is_stmt 1 view .LVU85
 321 0022 A06E     		ldr	r0, [r4, #104]
 322 0024 FFF7FEFF 		bl	HAL_DMA_DeInit
 323              	.LVL14:
 324              		.loc 1 165 1 is_stmt 0 view .LVU86
 325 0028 F0E7     		b	.L11
 326              	.L15:
 327 002a C046     		.align	2
 328              	.L14:
 329 002c 00440040 		.word	1073759232
 330 0030 00100240 		.word	1073876992
 331 0034 FFFFFDFF 		.word	-131073
 332              		.cfi_endproc
 333              	.LFE42:
 335              		.text
 336              	.Letext0:
 337              		.file 2 "c:\\program files (x86)\\gnu tools arm embedded\\9 2019-q4-major\\arm-none-eabi\\include\
 338              		.file 3 "c:\\program files (x86)\\gnu tools arm embedded\\9 2019-q4-major\\arm-none-eabi\\include\
 339              		.file 4 "Drivers/CMSIS/Device/ST/STM32F0xx/Include/system_stm32f0xx.h"
 340              		.file 5 "Drivers/CMSIS/Device/ST/STM32F0xx/Include/stm32f091xc.h"
 341              		.file 6 "Drivers/STM32F0xx_HAL_Driver/Inc/stm32f0xx_hal_def.h"
 342              		.file 7 "Drivers/STM32F0xx_HAL_Driver/Inc/stm32f0xx_hal_gpio.h"
 343              		.file 8 "Drivers/STM32F0xx_HAL_Driver/Inc/stm32f0xx_hal_dma.h"
 344              		.file 9 "Drivers/STM32F0xx_HAL_Driver/Inc/stm32f0xx_hal_uart.h"
 345              		.file 10 "Drivers/STM32F0xx_HAL_Driver/Inc/stm32f0xx_hal.h"
 346              		.file 11 "Inc/main.h"
 347              		.file 12 "<built-in>"
ARM GAS  C:\Users\Vulca\AppData\Local\Temp\ccKP0hAh.s 			page 11


DEFINED SYMBOLS
                            *ABS*:00000000 stm32f0xx_hal_msp.c
C:\Users\Vulca\AppData\Local\Temp\ccKP0hAh.s:16     .text.HAL_MspInit:00000000 $t
C:\Users\Vulca\AppData\Local\Temp\ccKP0hAh.s:24     .text.HAL_MspInit:00000000 HAL_MspInit
C:\Users\Vulca\AppData\Local\Temp\ccKP0hAh.s:76     .text.HAL_MspInit:0000002c $d
C:\Users\Vulca\AppData\Local\Temp\ccKP0hAh.s:81     .text.HAL_UART_MspInit:00000000 $t
C:\Users\Vulca\AppData\Local\Temp\ccKP0hAh.s:88     .text.HAL_UART_MspInit:00000000 HAL_UART_MspInit
C:\Users\Vulca\AppData\Local\Temp\ccKP0hAh.s:260    .text.HAL_UART_MspInit:000000a4 $d
C:\Users\Vulca\AppData\Local\Temp\ccKP0hAh.s:270    .text.HAL_UART_MspDeInit:00000000 $t
C:\Users\Vulca\AppData\Local\Temp\ccKP0hAh.s:277    .text.HAL_UART_MspDeInit:00000000 HAL_UART_MspDeInit
C:\Users\Vulca\AppData\Local\Temp\ccKP0hAh.s:329    .text.HAL_UART_MspDeInit:0000002c $d

UNDEFINED SYMBOLS
memset
HAL_GPIO_Init
HAL_DMA_Init
Error_Handler
hdma_usart2_tx
HAL_GPIO_DeInit
HAL_DMA_DeInit
