ARM GAS  C:\Users\Vulca\AppData\Local\Temp\cct9RRRY.s 			page 1


   1              		.cpu cortex-m0
   2              		.eabi_attribute 20, 1
   3              		.eabi_attribute 21, 1
   4              		.eabi_attribute 23, 3
   5              		.eabi_attribute 24, 1
   6              		.eabi_attribute 25, 1
   7              		.eabi_attribute 26, 1
   8              		.eabi_attribute 30, 1
   9              		.eabi_attribute 34, 0
  10              		.eabi_attribute 18, 4
  11              		.file	"main.c"
  12              		.text
  13              	.Ltext0:
  14              		.cfi_sections	.debug_frame
  15              		.section	.text.MX_GPIO_Init,"ax",%progbits
  16              		.align	1
  17              		.arch armv6s-m
  18              		.syntax unified
  19              		.code	16
  20              		.thumb_func
  21              		.fpu softvfp
  23              	MX_GPIO_Init:
  24              	.LFB43:
  25              		.file 1 "Src/main.c"
   1:Src/main.c    **** /* USER CODE BEGIN Header */
   2:Src/main.c    **** /**
   3:Src/main.c    ****   ******************************************************************************
   4:Src/main.c    ****   * @file           : main.c
   5:Src/main.c    ****   * @brief          : Main program body
   6:Src/main.c    ****   ******************************************************************************
   7:Src/main.c    ****   * @attention
   8:Src/main.c    ****   *
   9:Src/main.c    ****   * <h2><center>&copy; Copyright (c) 2020 STMicroelectronics.
  10:Src/main.c    ****   * All rights reserved.</center></h2>
  11:Src/main.c    ****   *
  12:Src/main.c    ****   * This software component is licensed by ST under BSD 3-Clause license,
  13:Src/main.c    ****   * the "License"; You may not use this file except in compliance with the
  14:Src/main.c    ****   * License. You may obtain a copy of the License at:
  15:Src/main.c    ****   *                        opensource.org/licenses/BSD-3-Clause
  16:Src/main.c    ****   *
  17:Src/main.c    ****   ******************************************************************************
  18:Src/main.c    ****   */
  19:Src/main.c    **** /* USER CODE END Header */
  20:Src/main.c    **** 
  21:Src/main.c    **** /* Includes ------------------------------------------------------------------*/
  22:Src/main.c    **** #include "main.h"
  23:Src/main.c    **** 
  24:Src/main.c    **** /* Private includes ----------------------------------------------------------*/
  25:Src/main.c    **** /* USER CODE BEGIN Includes */
  26:Src/main.c    **** 
  27:Src/main.c    **** /* USER CODE END Includes */
  28:Src/main.c    **** 
  29:Src/main.c    **** /* Private typedef -----------------------------------------------------------*/
  30:Src/main.c    **** /* USER CODE BEGIN PTD */
  31:Src/main.c    **** 
  32:Src/main.c    **** /* USER CODE END PTD */
  33:Src/main.c    **** 
ARM GAS  C:\Users\Vulca\AppData\Local\Temp\cct9RRRY.s 			page 2


  34:Src/main.c    **** /* Private define ------------------------------------------------------------*/
  35:Src/main.c    **** /* USER CODE BEGIN PD */
  36:Src/main.c    **** /* USER CODE END PD */
  37:Src/main.c    **** 
  38:Src/main.c    **** /* Private macro -------------------------------------------------------------*/
  39:Src/main.c    **** /* USER CODE BEGIN PM */
  40:Src/main.c    **** //LED引脚和端口
  41:Src/main.c    **** #define LED_PIN GPIO_PIN_3
  42:Src/main.c    **** #define LED_PORT GPIOB
  43:Src/main.c    **** //按键引脚和端口
  44:Src/main.c    **** #define KEY_PIN GPIO_PIN_10
  45:Src/main.c    **** #define KEY_PORT GPIOA
  46:Src/main.c    **** /* USER CODE END PM */
  47:Src/main.c    **** 
  48:Src/main.c    **** /* Private variables ---------------------------------------------------------*/
  49:Src/main.c    **** UART_HandleTypeDef huart2;
  50:Src/main.c    **** 
  51:Src/main.c    **** /* USER CODE BEGIN PV */
  52:Src/main.c    **** 
  53:Src/main.c    **** /* USER CODE END PV */
  54:Src/main.c    **** 
  55:Src/main.c    **** /* Private function prototypes -----------------------------------------------*/
  56:Src/main.c    **** void SystemClock_Config(void);
  57:Src/main.c    **** static void MX_GPIO_Init(void);
  58:Src/main.c    **** static void MX_USART2_UART_Init(void);
  59:Src/main.c    **** /* USER CODE BEGIN PFP */
  60:Src/main.c    **** static void LED_GPIO_Init(void); //LED灯端口初始化
  61:Src/main.c    **** static void KEY_EXTI_Init(void); //按键中断初始化
  62:Src/main.c    **** /* USER CODE END PFP */
  63:Src/main.c    **** 
  64:Src/main.c    **** /* Private user code ---------------------------------------------------------*/
  65:Src/main.c    **** /* USER CODE BEGIN 0 */
  66:Src/main.c    **** 
  67:Src/main.c    **** /* USER CODE END 0 */
  68:Src/main.c    **** 
  69:Src/main.c    **** /**
  70:Src/main.c    ****   * @brief  The application entry point.
  71:Src/main.c    ****   * @retval int
  72:Src/main.c    ****   */
  73:Src/main.c    **** int main(void)
  74:Src/main.c    **** {
  75:Src/main.c    ****   /* USER CODE BEGIN 1 */
  76:Src/main.c    **** 
  77:Src/main.c    ****   /* USER CODE END 1 */
  78:Src/main.c    **** 
  79:Src/main.c    ****   /* MCU Configuration--------------------------------------------------------*/
  80:Src/main.c    **** 
  81:Src/main.c    ****   /* Reset of all peripherals, Initializes the Flash interface and the Systick. */
  82:Src/main.c    ****   HAL_Init();
  83:Src/main.c    **** 
  84:Src/main.c    ****   /* USER CODE BEGIN Init */
  85:Src/main.c    **** 
  86:Src/main.c    ****   /* USER CODE END Init */
  87:Src/main.c    **** 
  88:Src/main.c    ****   /* Configure the system clock */
  89:Src/main.c    ****   SystemClock_Config();
  90:Src/main.c    **** 
ARM GAS  C:\Users\Vulca\AppData\Local\Temp\cct9RRRY.s 			page 3


  91:Src/main.c    ****   /* USER CODE BEGIN SysInit */
  92:Src/main.c    **** 
  93:Src/main.c    ****   /* USER CODE END SysInit */
  94:Src/main.c    **** 
  95:Src/main.c    ****   /* Initialize all configured peripherals */
  96:Src/main.c    ****   MX_GPIO_Init();
  97:Src/main.c    ****   MX_USART2_UART_Init();
  98:Src/main.c    ****   /* USER CODE BEGIN 2 */
  99:Src/main.c    ****   LED_GPIO_Init();
 100:Src/main.c    ****   KEY_EXTI_Init();
 101:Src/main.c    ****   /* USER CODE END 2 */
 102:Src/main.c    **** 
 103:Src/main.c    ****   /* Infinite loop */
 104:Src/main.c    ****   /* USER CODE BEGIN WHILE */
 105:Src/main.c    ****   while (1)
 106:Src/main.c    ****   {
 107:Src/main.c    ****     /* USER CODE END WHILE */
 108:Src/main.c    ****     HAL_GPIO_TogglePin(LED_PORT, LED_PIN);
 109:Src/main.c    ****     HAL_UART_Transmit_IT(&huart2,(uint8_t *)"DDDD",sizeof("DDDD"));
 110:Src/main.c    ****     //HAL_UART_Transmit(&huart2,(uint8_t *)"DDDD",sizeof("DDDD"),10);
 111:Src/main.c    ****     HAL_Delay(1000);
 112:Src/main.c    ****     /* USER CODE BEGIN 3 */
 113:Src/main.c    ****   }
 114:Src/main.c    ****   /* USER CODE END 3 */
 115:Src/main.c    **** }
 116:Src/main.c    **** 
 117:Src/main.c    **** /**
 118:Src/main.c    ****   * @brief System Clock Configuration
 119:Src/main.c    ****   * @retval None
 120:Src/main.c    ****   */
 121:Src/main.c    **** void SystemClock_Config(void)
 122:Src/main.c    **** {
 123:Src/main.c    ****   RCC_OscInitTypeDef RCC_OscInitStruct = {0};
 124:Src/main.c    ****   RCC_ClkInitTypeDef RCC_ClkInitStruct = {0};
 125:Src/main.c    ****   RCC_PeriphCLKInitTypeDef PeriphClkInit = {0};
 126:Src/main.c    **** 
 127:Src/main.c    ****   /** Initializes the CPU, AHB and APB busses clocks 
 128:Src/main.c    ****   */
 129:Src/main.c    ****   RCC_OscInitStruct.OscillatorType = RCC_OSCILLATORTYPE_HSI;
 130:Src/main.c    ****   RCC_OscInitStruct.HSIState = RCC_HSI_ON;
 131:Src/main.c    ****   RCC_OscInitStruct.HSICalibrationValue = RCC_HSICALIBRATION_DEFAULT;
 132:Src/main.c    ****   RCC_OscInitStruct.PLL.PLLState = RCC_PLL_ON;
 133:Src/main.c    ****   RCC_OscInitStruct.PLL.PLLSource = RCC_PLLSOURCE_HSI;
 134:Src/main.c    ****   RCC_OscInitStruct.PLL.PLLMUL = RCC_PLL_MUL12;
 135:Src/main.c    ****   RCC_OscInitStruct.PLL.PREDIV = RCC_PREDIV_DIV2;
 136:Src/main.c    ****   if (HAL_RCC_OscConfig(&RCC_OscInitStruct) != HAL_OK)
 137:Src/main.c    ****   {
 138:Src/main.c    ****     Error_Handler();
 139:Src/main.c    ****   }
 140:Src/main.c    ****   /** Initializes the CPU, AHB and APB busses clocks 
 141:Src/main.c    ****   */
 142:Src/main.c    ****   RCC_ClkInitStruct.ClockType = RCC_CLOCKTYPE_HCLK | RCC_CLOCKTYPE_SYSCLK | RCC_CLOCKTYPE_PCLK1;
 143:Src/main.c    ****   RCC_ClkInitStruct.SYSCLKSource = RCC_SYSCLKSOURCE_PLLCLK;
 144:Src/main.c    ****   RCC_ClkInitStruct.AHBCLKDivider = RCC_SYSCLK_DIV1;
 145:Src/main.c    ****   RCC_ClkInitStruct.APB1CLKDivider = RCC_HCLK_DIV1;
 146:Src/main.c    **** 
 147:Src/main.c    ****   if (HAL_RCC_ClockConfig(&RCC_ClkInitStruct, FLASH_LATENCY_1) != HAL_OK)
ARM GAS  C:\Users\Vulca\AppData\Local\Temp\cct9RRRY.s 			page 4


 148:Src/main.c    ****   {
 149:Src/main.c    ****     Error_Handler();
 150:Src/main.c    ****   }
 151:Src/main.c    ****   PeriphClkInit.PeriphClockSelection = RCC_PERIPHCLK_USART2;
 152:Src/main.c    ****   PeriphClkInit.Usart2ClockSelection = RCC_USART2CLKSOURCE_PCLK1;
 153:Src/main.c    ****   if (HAL_RCCEx_PeriphCLKConfig(&PeriphClkInit) != HAL_OK)
 154:Src/main.c    ****   {
 155:Src/main.c    ****     Error_Handler();
 156:Src/main.c    ****   }
 157:Src/main.c    **** }
 158:Src/main.c    **** 
 159:Src/main.c    **** /**
 160:Src/main.c    ****   * @brief USART2 Initialization Function
 161:Src/main.c    ****   * @param None
 162:Src/main.c    ****   * @retval None
 163:Src/main.c    ****   */
 164:Src/main.c    **** static void MX_USART2_UART_Init(void)
 165:Src/main.c    **** {
 166:Src/main.c    **** 
 167:Src/main.c    ****   /* USER CODE BEGIN USART2_Init 0 */
 168:Src/main.c    **** 
 169:Src/main.c    ****   /* USER CODE END USART2_Init 0 */
 170:Src/main.c    **** 
 171:Src/main.c    ****   /* USER CODE BEGIN USART2_Init 1 */
 172:Src/main.c    **** 
 173:Src/main.c    ****   /* USER CODE END USART2_Init 1 */
 174:Src/main.c    ****   huart2.Instance = USART2;
 175:Src/main.c    ****   huart2.Init.BaudRate = 115200;
 176:Src/main.c    ****   huart2.Init.WordLength = UART_WORDLENGTH_8B;
 177:Src/main.c    ****   huart2.Init.StopBits = UART_STOPBITS_1;
 178:Src/main.c    ****   huart2.Init.Parity = UART_PARITY_NONE;
 179:Src/main.c    ****   huart2.Init.Mode = UART_MODE_TX_RX;
 180:Src/main.c    ****   huart2.Init.HwFlowCtl = UART_HWCONTROL_NONE;
 181:Src/main.c    ****   huart2.Init.OverSampling = UART_OVERSAMPLING_16;
 182:Src/main.c    ****   huart2.Init.OneBitSampling = UART_ONE_BIT_SAMPLE_DISABLE;
 183:Src/main.c    ****   huart2.AdvancedInit.AdvFeatureInit = UART_ADVFEATURE_NO_INIT;
 184:Src/main.c    ****   if (HAL_UART_Init(&huart2) != HAL_OK)
 185:Src/main.c    ****   {
 186:Src/main.c    ****     Error_Handler();
 187:Src/main.c    ****   }
 188:Src/main.c    ****   /* USER CODE BEGIN USART2_Init 2 */
 189:Src/main.c    ****   HAL_NVIC_SetPriority(USART2_IRQn,1,1);
 190:Src/main.c    ****   HAL_NVIC_EnableIRQ(USART2_IRQn);
 191:Src/main.c    ****   /* USER CODE END USART2_Init 2 */
 192:Src/main.c    **** }
 193:Src/main.c    **** 
 194:Src/main.c    **** /**
 195:Src/main.c    ****   * @brief GPIO Initialization Function
 196:Src/main.c    ****   * @param None
 197:Src/main.c    ****   * @retval None
 198:Src/main.c    ****   */
 199:Src/main.c    **** static void MX_GPIO_Init(void)
 200:Src/main.c    **** {
  26              		.loc 1 200 1 view -0
  27              		.cfi_startproc
  28              		@ args = 0, pretend = 0, frame = 32
  29              		@ frame_needed = 0, uses_anonymous_args = 0
ARM GAS  C:\Users\Vulca\AppData\Local\Temp\cct9RRRY.s 			page 5


  30 0000 10B5     		push	{r4, lr}
  31              	.LCFI0:
  32              		.cfi_def_cfa_offset 8
  33              		.cfi_offset 4, -8
  34              		.cfi_offset 14, -4
  35 0002 88B0     		sub	sp, sp, #32
  36              	.LCFI1:
  37              		.cfi_def_cfa_offset 40
 201:Src/main.c    ****   GPIO_InitTypeDef GPIO_InitStruct = {0};
  38              		.loc 1 201 3 view .LVU1
  39              		.loc 1 201 20 is_stmt 0 view .LVU2
  40 0004 1422     		movs	r2, #20
  41 0006 0021     		movs	r1, #0
  42 0008 03A8     		add	r0, sp, #12
  43 000a FFF7FEFF 		bl	memset
  44              	.LVL0:
 202:Src/main.c    **** 
 203:Src/main.c    ****   /* GPIO Ports Clock Enable */
 204:Src/main.c    ****   __HAL_RCC_GPIOC_CLK_ENABLE();
  45              		.loc 1 204 3 is_stmt 1 view .LVU3
  46              	.LBB2:
  47              		.loc 1 204 3 view .LVU4
  48              		.loc 1 204 3 view .LVU5
  49 000e 184B     		ldr	r3, .L2
  50 0010 5969     		ldr	r1, [r3, #20]
  51 0012 8020     		movs	r0, #128
  52 0014 0003     		lsls	r0, r0, #12
  53 0016 0143     		orrs	r1, r0
  54 0018 5961     		str	r1, [r3, #20]
  55              		.loc 1 204 3 view .LVU6
  56 001a 5A69     		ldr	r2, [r3, #20]
  57 001c 0240     		ands	r2, r0
  58 001e 0092     		str	r2, [sp]
  59              		.loc 1 204 3 view .LVU7
  60 0020 009A     		ldr	r2, [sp]
  61              	.LBE2:
  62              		.loc 1 204 3 view .LVU8
 205:Src/main.c    ****   __HAL_RCC_GPIOF_CLK_ENABLE();
  63              		.loc 1 205 3 view .LVU9
  64              	.LBB3:
  65              		.loc 1 205 3 view .LVU10
  66              		.loc 1 205 3 view .LVU11
  67 0022 5969     		ldr	r1, [r3, #20]
  68 0024 8020     		movs	r0, #128
  69 0026 C003     		lsls	r0, r0, #15
  70 0028 0143     		orrs	r1, r0
  71 002a 5961     		str	r1, [r3, #20]
  72              		.loc 1 205 3 view .LVU12
  73 002c 5A69     		ldr	r2, [r3, #20]
  74 002e 0240     		ands	r2, r0
  75 0030 0192     		str	r2, [sp, #4]
  76              		.loc 1 205 3 view .LVU13
  77 0032 019A     		ldr	r2, [sp, #4]
  78              	.LBE3:
  79              		.loc 1 205 3 view .LVU14
 206:Src/main.c    ****   __HAL_RCC_GPIOA_CLK_ENABLE();
  80              		.loc 1 206 3 view .LVU15
ARM GAS  C:\Users\Vulca\AppData\Local\Temp\cct9RRRY.s 			page 6


  81              	.LBB4:
  82              		.loc 1 206 3 view .LVU16
  83              		.loc 1 206 3 view .LVU17
  84 0034 5A69     		ldr	r2, [r3, #20]
  85 0036 8021     		movs	r1, #128
  86 0038 8902     		lsls	r1, r1, #10
  87 003a 0A43     		orrs	r2, r1
  88 003c 5A61     		str	r2, [r3, #20]
  89              		.loc 1 206 3 view .LVU18
  90 003e 5B69     		ldr	r3, [r3, #20]
  91 0040 0B40     		ands	r3, r1
  92 0042 0293     		str	r3, [sp, #8]
  93              		.loc 1 206 3 view .LVU19
  94 0044 029B     		ldr	r3, [sp, #8]
  95              	.LBE4:
  96              		.loc 1 206 3 view .LVU20
 207:Src/main.c    **** 
 208:Src/main.c    ****   /*Configure GPIO pin Output Level */
 209:Src/main.c    ****   HAL_GPIO_WritePin(LD2_GPIO_Port, LD2_Pin, GPIO_PIN_RESET);
  97              		.loc 1 209 3 view .LVU21
  98 0046 9024     		movs	r4, #144
  99 0048 E405     		lsls	r4, r4, #23
 100 004a 0022     		movs	r2, #0
 101 004c 2021     		movs	r1, #32
 102 004e 2000     		movs	r0, r4
 103 0050 FFF7FEFF 		bl	HAL_GPIO_WritePin
 104              	.LVL1:
 210:Src/main.c    **** 
 211:Src/main.c    ****   /*Configure GPIO pin : LD2_Pin */
 212:Src/main.c    ****   GPIO_InitStruct.Pin = LD2_Pin;
 105              		.loc 1 212 3 view .LVU22
 106              		.loc 1 212 23 is_stmt 0 view .LVU23
 107 0054 2023     		movs	r3, #32
 108 0056 0393     		str	r3, [sp, #12]
 213:Src/main.c    ****   GPIO_InitStruct.Mode = GPIO_MODE_OUTPUT_PP;
 109              		.loc 1 213 3 is_stmt 1 view .LVU24
 110              		.loc 1 213 24 is_stmt 0 view .LVU25
 111 0058 1F3B     		subs	r3, r3, #31
 112 005a 0493     		str	r3, [sp, #16]
 214:Src/main.c    ****   GPIO_InitStruct.Pull = GPIO_NOPULL;
 113              		.loc 1 214 3 is_stmt 1 view .LVU26
 114              		.loc 1 214 24 is_stmt 0 view .LVU27
 115 005c 0023     		movs	r3, #0
 116 005e 0593     		str	r3, [sp, #20]
 215:Src/main.c    ****   GPIO_InitStruct.Speed = GPIO_SPEED_FREQ_LOW;
 117              		.loc 1 215 3 is_stmt 1 view .LVU28
 118              		.loc 1 215 25 is_stmt 0 view .LVU29
 119 0060 0693     		str	r3, [sp, #24]
 216:Src/main.c    ****   HAL_GPIO_Init(LD2_GPIO_Port, &GPIO_InitStruct);
 120              		.loc 1 216 3 is_stmt 1 view .LVU30
 121 0062 03A9     		add	r1, sp, #12
 122 0064 2000     		movs	r0, r4
 123 0066 FFF7FEFF 		bl	HAL_GPIO_Init
 124              	.LVL2:
 217:Src/main.c    **** }
 125              		.loc 1 217 1 is_stmt 0 view .LVU31
 126 006a 08B0     		add	sp, sp, #32
ARM GAS  C:\Users\Vulca\AppData\Local\Temp\cct9RRRY.s 			page 7


 127              		@ sp needed
 128 006c 10BD     		pop	{r4, pc}
 129              	.L3:
 130 006e C046     		.align	2
 131              	.L2:
 132 0070 00100240 		.word	1073876992
 133              		.cfi_endproc
 134              	.LFE43:
 136              		.section	.text.LED_GPIO_Init,"ax",%progbits
 137              		.align	1
 138              		.syntax unified
 139              		.code	16
 140              		.thumb_func
 141              		.fpu softvfp
 143              	LED_GPIO_Init:
 144              	.LFB44:
 218:Src/main.c    **** 
 219:Src/main.c    **** /* USER CODE BEGIN 4 */
 220:Src/main.c    **** static void LED_GPIO_Init()
 221:Src/main.c    **** {
 145              		.loc 1 221 1 is_stmt 1 view -0
 146              		.cfi_startproc
 147              		@ args = 0, pretend = 0, frame = 24
 148              		@ frame_needed = 0, uses_anonymous_args = 0
 149 0000 10B5     		push	{r4, lr}
 150              	.LCFI2:
 151              		.cfi_def_cfa_offset 8
 152              		.cfi_offset 4, -8
 153              		.cfi_offset 14, -4
 154 0002 86B0     		sub	sp, sp, #24
 155              	.LCFI3:
 156              		.cfi_def_cfa_offset 32
 222:Src/main.c    ****   __HAL_RCC_GPIOB_CLK_ENABLE();
 157              		.loc 1 222 3 view .LVU33
 158              	.LBB5:
 159              		.loc 1 222 3 view .LVU34
 160              		.loc 1 222 3 view .LVU35
 161 0004 0E4A     		ldr	r2, .L5
 162 0006 5169     		ldr	r1, [r2, #20]
 163 0008 8020     		movs	r0, #128
 164 000a C002     		lsls	r0, r0, #11
 165 000c 0143     		orrs	r1, r0
 166 000e 5161     		str	r1, [r2, #20]
 167              		.loc 1 222 3 view .LVU36
 168 0010 5369     		ldr	r3, [r2, #20]
 169 0012 0340     		ands	r3, r0
 170 0014 0093     		str	r3, [sp]
 171              		.loc 1 222 3 view .LVU37
 172 0016 009B     		ldr	r3, [sp]
 173              	.LBE5:
 174              		.loc 1 222 3 view .LVU38
 223:Src/main.c    **** 
 224:Src/main.c    ****   GPIO_InitTypeDef GPIO_InitStruct;
 175              		.loc 1 224 3 view .LVU39
 225:Src/main.c    ****   GPIO_InitStruct.Pin = LED_PIN;
 176              		.loc 1 225 3 view .LVU40
 177              		.loc 1 225 23 is_stmt 0 view .LVU41
ARM GAS  C:\Users\Vulca\AppData\Local\Temp\cct9RRRY.s 			page 8


 178 0018 0823     		movs	r3, #8
 179 001a 0193     		str	r3, [sp, #4]
 226:Src/main.c    ****   GPIO_InitStruct.Pull = GPIO_NOPULL;
 180              		.loc 1 226 3 is_stmt 1 view .LVU42
 181              		.loc 1 226 24 is_stmt 0 view .LVU43
 182 001c 0023     		movs	r3, #0
 183 001e 0393     		str	r3, [sp, #12]
 227:Src/main.c    ****   GPIO_InitStruct.Mode = GPIO_MODE_OUTPUT_PP;
 184              		.loc 1 227 3 is_stmt 1 view .LVU44
 185              		.loc 1 227 24 is_stmt 0 view .LVU45
 186 0020 0133     		adds	r3, r3, #1
 187 0022 0293     		str	r3, [sp, #8]
 228:Src/main.c    ****   GPIO_InitStruct.Speed = GPIO_SPEED_FREQ_MEDIUM;
 188              		.loc 1 228 3 is_stmt 1 view .LVU46
 189              		.loc 1 228 25 is_stmt 0 view .LVU47
 190 0024 0493     		str	r3, [sp, #16]
 229:Src/main.c    ****   HAL_GPIO_Init(LED_PORT, &GPIO_InitStruct);
 191              		.loc 1 229 3 is_stmt 1 view .LVU48
 192 0026 074C     		ldr	r4, .L5+4
 193 0028 01A9     		add	r1, sp, #4
 194 002a 2000     		movs	r0, r4
 195 002c FFF7FEFF 		bl	HAL_GPIO_Init
 196              	.LVL3:
 230:Src/main.c    ****   HAL_GPIO_WritePin(LED_PORT, LED_PIN, 1);
 197              		.loc 1 230 3 view .LVU49
 198 0030 0122     		movs	r2, #1
 199 0032 0821     		movs	r1, #8
 200 0034 2000     		movs	r0, r4
 201 0036 FFF7FEFF 		bl	HAL_GPIO_WritePin
 202              	.LVL4:
 231:Src/main.c    **** }
 203              		.loc 1 231 1 is_stmt 0 view .LVU50
 204 003a 06B0     		add	sp, sp, #24
 205              		@ sp needed
 206 003c 10BD     		pop	{r4, pc}
 207              	.L6:
 208 003e C046     		.align	2
 209              	.L5:
 210 0040 00100240 		.word	1073876992
 211 0044 00040048 		.word	1207960576
 212              		.cfi_endproc
 213              	.LFE44:
 215              		.section	.text.KEY_EXTI_Init,"ax",%progbits
 216              		.align	1
 217              		.syntax unified
 218              		.code	16
 219              		.thumb_func
 220              		.fpu softvfp
 222              	KEY_EXTI_Init:
 223              	.LFB45:
 232:Src/main.c    **** 
 233:Src/main.c    **** static void KEY_EXTI_Init()
 234:Src/main.c    **** {
 224              		.loc 1 234 1 is_stmt 1 view -0
 225              		.cfi_startproc
 226              		@ args = 0, pretend = 0, frame = 24
 227              		@ frame_needed = 0, uses_anonymous_args = 0
ARM GAS  C:\Users\Vulca\AppData\Local\Temp\cct9RRRY.s 			page 9


 228 0000 00B5     		push	{lr}
 229              	.LCFI4:
 230              		.cfi_def_cfa_offset 4
 231              		.cfi_offset 14, -4
 232 0002 87B0     		sub	sp, sp, #28
 233              	.LCFI5:
 234              		.cfi_def_cfa_offset 32
 235:Src/main.c    ****   //开时钟
 236:Src/main.c    ****   __HAL_RCC_GPIOA_CLK_ENABLE();
 235              		.loc 1 236 3 view .LVU52
 236              	.LBB6:
 237              		.loc 1 236 3 view .LVU53
 238              		.loc 1 236 3 view .LVU54
 239 0004 0F4A     		ldr	r2, .L8
 240 0006 5169     		ldr	r1, [r2, #20]
 241 0008 8020     		movs	r0, #128
 242 000a 8002     		lsls	r0, r0, #10
 243 000c 0143     		orrs	r1, r0
 244 000e 5161     		str	r1, [r2, #20]
 245              		.loc 1 236 3 view .LVU55
 246 0010 5369     		ldr	r3, [r2, #20]
 247 0012 0340     		ands	r3, r0
 248 0014 0093     		str	r3, [sp]
 249              		.loc 1 236 3 view .LVU56
 250 0016 009B     		ldr	r3, [sp]
 251              	.LBE6:
 252              		.loc 1 236 3 view .LVU57
 237:Src/main.c    **** 
 238:Src/main.c    ****   //配置GPIO&EXTI
 239:Src/main.c    ****   GPIO_InitTypeDef GPIO_InitStruct;
 253              		.loc 1 239 3 view .LVU58
 240:Src/main.c    ****   GPIO_InitStruct.Pin = KEY_PIN;
 254              		.loc 1 240 3 view .LVU59
 255              		.loc 1 240 23 is_stmt 0 view .LVU60
 256 0018 8023     		movs	r3, #128
 257 001a DB00     		lsls	r3, r3, #3
 258 001c 0193     		str	r3, [sp, #4]
 241:Src/main.c    ****   GPIO_InitStruct.Pull = GPIO_PULLUP;
 259              		.loc 1 241 3 is_stmt 1 view .LVU61
 260              		.loc 1 241 24 is_stmt 0 view .LVU62
 261 001e 0123     		movs	r3, #1
 262 0020 0393     		str	r3, [sp, #12]
 242:Src/main.c    ****   GPIO_InitStruct.Mode = GPIO_MODE_IT_FALLING;
 263              		.loc 1 242 3 is_stmt 1 view .LVU63
 264              		.loc 1 242 24 is_stmt 0 view .LVU64
 265 0022 094B     		ldr	r3, .L8+4
 266 0024 0293     		str	r3, [sp, #8]
 243:Src/main.c    ****   HAL_GPIO_Init(KEY_PORT, &GPIO_InitStruct);
 267              		.loc 1 243 3 is_stmt 1 view .LVU65
 268 0026 9020     		movs	r0, #144
 269 0028 01A9     		add	r1, sp, #4
 270 002a C005     		lsls	r0, r0, #23
 271 002c FFF7FEFF 		bl	HAL_GPIO_Init
 272              	.LVL5:
 244:Src/main.c    **** 
 245:Src/main.c    ****   //配置NVIC
 246:Src/main.c    ****   HAL_NVIC_SetPriority(EXTI4_15_IRQn, 1, 0);
ARM GAS  C:\Users\Vulca\AppData\Local\Temp\cct9RRRY.s 			page 10


 273              		.loc 1 246 3 view .LVU66
 274 0030 0022     		movs	r2, #0
 275 0032 0121     		movs	r1, #1
 276 0034 0720     		movs	r0, #7
 277 0036 FFF7FEFF 		bl	HAL_NVIC_SetPriority
 278              	.LVL6:
 247:Src/main.c    ****   HAL_NVIC_EnableIRQ(EXTI4_15_IRQn);
 279              		.loc 1 247 3 view .LVU67
 280 003a 0720     		movs	r0, #7
 281 003c FFF7FEFF 		bl	HAL_NVIC_EnableIRQ
 282              	.LVL7:
 248:Src/main.c    **** }
 283              		.loc 1 248 1 is_stmt 0 view .LVU68
 284 0040 07B0     		add	sp, sp, #28
 285              		@ sp needed
 286 0042 00BD     		pop	{pc}
 287              	.L9:
 288              		.align	2
 289              	.L8:
 290 0044 00100240 		.word	1073876992
 291 0048 00002110 		.word	270598144
 292              		.cfi_endproc
 293              	.LFE45:
 295              		.section	.text.MX_USART2_UART_Init,"ax",%progbits
 296              		.align	1
 297              		.syntax unified
 298              		.code	16
 299              		.thumb_func
 300              		.fpu softvfp
 302              	MX_USART2_UART_Init:
 303              	.LFB42:
 165:Src/main.c    **** 
 304              		.loc 1 165 1 is_stmt 1 view -0
 305              		.cfi_startproc
 306              		@ args = 0, pretend = 0, frame = 0
 307              		@ frame_needed = 0, uses_anonymous_args = 0
 308 0000 10B5     		push	{r4, lr}
 309              	.LCFI6:
 310              		.cfi_def_cfa_offset 8
 311              		.cfi_offset 4, -8
 312              		.cfi_offset 14, -4
 174:Src/main.c    ****   huart2.Init.BaudRate = 115200;
 313              		.loc 1 174 3 view .LVU70
 174:Src/main.c    ****   huart2.Init.BaudRate = 115200;
 314              		.loc 1 174 19 is_stmt 0 view .LVU71
 315 0002 0D48     		ldr	r0, .L11
 316 0004 0D4B     		ldr	r3, .L11+4
 317 0006 0360     		str	r3, [r0]
 175:Src/main.c    ****   huart2.Init.WordLength = UART_WORDLENGTH_8B;
 318              		.loc 1 175 3 is_stmt 1 view .LVU72
 175:Src/main.c    ****   huart2.Init.WordLength = UART_WORDLENGTH_8B;
 319              		.loc 1 175 24 is_stmt 0 view .LVU73
 320 0008 E123     		movs	r3, #225
 321 000a 5B02     		lsls	r3, r3, #9
 322 000c 4360     		str	r3, [r0, #4]
 176:Src/main.c    ****   huart2.Init.StopBits = UART_STOPBITS_1;
 323              		.loc 1 176 3 is_stmt 1 view .LVU74
ARM GAS  C:\Users\Vulca\AppData\Local\Temp\cct9RRRY.s 			page 11


 176:Src/main.c    ****   huart2.Init.StopBits = UART_STOPBITS_1;
 324              		.loc 1 176 26 is_stmt 0 view .LVU75
 325 000e 0023     		movs	r3, #0
 326 0010 8360     		str	r3, [r0, #8]
 177:Src/main.c    ****   huart2.Init.Parity = UART_PARITY_NONE;
 327              		.loc 1 177 3 is_stmt 1 view .LVU76
 177:Src/main.c    ****   huart2.Init.Parity = UART_PARITY_NONE;
 328              		.loc 1 177 24 is_stmt 0 view .LVU77
 329 0012 C360     		str	r3, [r0, #12]
 178:Src/main.c    ****   huart2.Init.Mode = UART_MODE_TX_RX;
 330              		.loc 1 178 3 is_stmt 1 view .LVU78
 178:Src/main.c    ****   huart2.Init.Mode = UART_MODE_TX_RX;
 331              		.loc 1 178 22 is_stmt 0 view .LVU79
 332 0014 0361     		str	r3, [r0, #16]
 179:Src/main.c    ****   huart2.Init.HwFlowCtl = UART_HWCONTROL_NONE;
 333              		.loc 1 179 3 is_stmt 1 view .LVU80
 179:Src/main.c    ****   huart2.Init.HwFlowCtl = UART_HWCONTROL_NONE;
 334              		.loc 1 179 20 is_stmt 0 view .LVU81
 335 0016 0C22     		movs	r2, #12
 336 0018 4261     		str	r2, [r0, #20]
 180:Src/main.c    ****   huart2.Init.OverSampling = UART_OVERSAMPLING_16;
 337              		.loc 1 180 3 is_stmt 1 view .LVU82
 180:Src/main.c    ****   huart2.Init.OverSampling = UART_OVERSAMPLING_16;
 338              		.loc 1 180 25 is_stmt 0 view .LVU83
 339 001a 8361     		str	r3, [r0, #24]
 181:Src/main.c    ****   huart2.Init.OneBitSampling = UART_ONE_BIT_SAMPLE_DISABLE;
 340              		.loc 1 181 3 is_stmt 1 view .LVU84
 181:Src/main.c    ****   huart2.Init.OneBitSampling = UART_ONE_BIT_SAMPLE_DISABLE;
 341              		.loc 1 181 28 is_stmt 0 view .LVU85
 342 001c C361     		str	r3, [r0, #28]
 182:Src/main.c    ****   huart2.AdvancedInit.AdvFeatureInit = UART_ADVFEATURE_NO_INIT;
 343              		.loc 1 182 3 is_stmt 1 view .LVU86
 182:Src/main.c    ****   huart2.AdvancedInit.AdvFeatureInit = UART_ADVFEATURE_NO_INIT;
 344              		.loc 1 182 30 is_stmt 0 view .LVU87
 345 001e 0362     		str	r3, [r0, #32]
 183:Src/main.c    ****   if (HAL_UART_Init(&huart2) != HAL_OK)
 346              		.loc 1 183 3 is_stmt 1 view .LVU88
 183:Src/main.c    ****   if (HAL_UART_Init(&huart2) != HAL_OK)
 347              		.loc 1 183 38 is_stmt 0 view .LVU89
 348 0020 4362     		str	r3, [r0, #36]
 184:Src/main.c    ****   {
 349              		.loc 1 184 3 is_stmt 1 view .LVU90
 184:Src/main.c    ****   {
 350              		.loc 1 184 7 is_stmt 0 view .LVU91
 351 0022 FFF7FEFF 		bl	HAL_UART_Init
 352              	.LVL8:
 189:Src/main.c    ****   HAL_NVIC_EnableIRQ(USART2_IRQn);
 353              		.loc 1 189 3 is_stmt 1 view .LVU92
 354 0026 0122     		movs	r2, #1
 355 0028 0121     		movs	r1, #1
 356 002a 1C20     		movs	r0, #28
 357 002c FFF7FEFF 		bl	HAL_NVIC_SetPriority
 358              	.LVL9:
 190:Src/main.c    ****   /* USER CODE END USART2_Init 2 */
 359              		.loc 1 190 3 view .LVU93
 360 0030 1C20     		movs	r0, #28
 361 0032 FFF7FEFF 		bl	HAL_NVIC_EnableIRQ
ARM GAS  C:\Users\Vulca\AppData\Local\Temp\cct9RRRY.s 			page 12


 362              	.LVL10:
 192:Src/main.c    **** 
 363              		.loc 1 192 1 is_stmt 0 view .LVU94
 364              		@ sp needed
 365 0036 10BD     		pop	{r4, pc}
 366              	.L12:
 367              		.align	2
 368              	.L11:
 369 0038 00000000 		.word	huart2
 370 003c 00440040 		.word	1073759232
 371              		.cfi_endproc
 372              	.LFE42:
 374              		.section	.text.SystemClock_Config,"ax",%progbits
 375              		.align	1
 376              		.global	SystemClock_Config
 377              		.syntax unified
 378              		.code	16
 379              		.thumb_func
 380              		.fpu softvfp
 382              	SystemClock_Config:
 383              	.LFB41:
 122:Src/main.c    ****   RCC_OscInitTypeDef RCC_OscInitStruct = {0};
 384              		.loc 1 122 1 is_stmt 1 view -0
 385              		.cfi_startproc
 386              		@ args = 0, pretend = 0, frame = 96
 387              		@ frame_needed = 0, uses_anonymous_args = 0
 388 0000 30B5     		push	{r4, r5, lr}
 389              	.LCFI7:
 390              		.cfi_def_cfa_offset 12
 391              		.cfi_offset 4, -12
 392              		.cfi_offset 5, -8
 393              		.cfi_offset 14, -4
 394 0002 99B0     		sub	sp, sp, #100
 395              	.LCFI8:
 396              		.cfi_def_cfa_offset 112
 123:Src/main.c    ****   RCC_ClkInitTypeDef RCC_ClkInitStruct = {0};
 397              		.loc 1 123 3 view .LVU96
 123:Src/main.c    ****   RCC_ClkInitTypeDef RCC_ClkInitStruct = {0};
 398              		.loc 1 123 22 is_stmt 0 view .LVU97
 399 0004 2022     		movs	r2, #32
 400 0006 0021     		movs	r1, #0
 401 0008 0CA8     		add	r0, sp, #48
 402 000a FFF7FEFF 		bl	memset
 403              	.LVL11:
 124:Src/main.c    ****   RCC_PeriphCLKInitTypeDef PeriphClkInit = {0};
 404              		.loc 1 124 3 is_stmt 1 view .LVU98
 124:Src/main.c    ****   RCC_PeriphCLKInitTypeDef PeriphClkInit = {0};
 405              		.loc 1 124 22 is_stmt 0 view .LVU99
 406 000e 1022     		movs	r2, #16
 407 0010 0021     		movs	r1, #0
 408 0012 07A8     		add	r0, sp, #28
 409 0014 FFF7FEFF 		bl	memset
 410              	.LVL12:
 125:Src/main.c    **** 
 411              		.loc 1 125 3 is_stmt 1 view .LVU100
 125:Src/main.c    **** 
 412              		.loc 1 125 28 is_stmt 0 view .LVU101
ARM GAS  C:\Users\Vulca\AppData\Local\Temp\cct9RRRY.s 			page 13


 413 0018 1C22     		movs	r2, #28
 414 001a 0021     		movs	r1, #0
 415 001c 6846     		mov	r0, sp
 416 001e FFF7FEFF 		bl	memset
 417              	.LVL13:
 129:Src/main.c    ****   RCC_OscInitStruct.HSIState = RCC_HSI_ON;
 418              		.loc 1 129 3 is_stmt 1 view .LVU102
 129:Src/main.c    ****   RCC_OscInitStruct.HSIState = RCC_HSI_ON;
 419              		.loc 1 129 36 is_stmt 0 view .LVU103
 420 0022 0224     		movs	r4, #2
 421 0024 0B94     		str	r4, [sp, #44]
 130:Src/main.c    ****   RCC_OscInitStruct.HSICalibrationValue = RCC_HSICALIBRATION_DEFAULT;
 422              		.loc 1 130 3 is_stmt 1 view .LVU104
 130:Src/main.c    ****   RCC_OscInitStruct.HSICalibrationValue = RCC_HSICALIBRATION_DEFAULT;
 423              		.loc 1 130 30 is_stmt 0 view .LVU105
 424 0026 0123     		movs	r3, #1
 425 0028 0E93     		str	r3, [sp, #56]
 131:Src/main.c    ****   RCC_OscInitStruct.PLL.PLLState = RCC_PLL_ON;
 426              		.loc 1 131 3 is_stmt 1 view .LVU106
 131:Src/main.c    ****   RCC_OscInitStruct.PLL.PLLState = RCC_PLL_ON;
 427              		.loc 1 131 41 is_stmt 0 view .LVU107
 428 002a 1022     		movs	r2, #16
 429 002c 0F92     		str	r2, [sp, #60]
 132:Src/main.c    ****   RCC_OscInitStruct.PLL.PLLSource = RCC_PLLSOURCE_HSI;
 430              		.loc 1 132 3 is_stmt 1 view .LVU108
 132:Src/main.c    ****   RCC_OscInitStruct.PLL.PLLSource = RCC_PLLSOURCE_HSI;
 431              		.loc 1 132 34 is_stmt 0 view .LVU109
 432 002e 1494     		str	r4, [sp, #80]
 133:Src/main.c    ****   RCC_OscInitStruct.PLL.PLLMUL = RCC_PLL_MUL12;
 433              		.loc 1 133 3 is_stmt 1 view .LVU110
 133:Src/main.c    ****   RCC_OscInitStruct.PLL.PLLMUL = RCC_PLL_MUL12;
 434              		.loc 1 133 35 is_stmt 0 view .LVU111
 435 0030 8022     		movs	r2, #128
 436 0032 1202     		lsls	r2, r2, #8
 437 0034 1592     		str	r2, [sp, #84]
 134:Src/main.c    ****   RCC_OscInitStruct.PLL.PREDIV = RCC_PREDIV_DIV2;
 438              		.loc 1 134 3 is_stmt 1 view .LVU112
 134:Src/main.c    ****   RCC_OscInitStruct.PLL.PREDIV = RCC_PREDIV_DIV2;
 439              		.loc 1 134 32 is_stmt 0 view .LVU113
 440 0036 A022     		movs	r2, #160
 441 0038 9203     		lsls	r2, r2, #14
 442 003a 1692     		str	r2, [sp, #88]
 135:Src/main.c    ****   if (HAL_RCC_OscConfig(&RCC_OscInitStruct) != HAL_OK)
 443              		.loc 1 135 3 is_stmt 1 view .LVU114
 135:Src/main.c    ****   if (HAL_RCC_OscConfig(&RCC_OscInitStruct) != HAL_OK)
 444              		.loc 1 135 32 is_stmt 0 view .LVU115
 445 003c 1793     		str	r3, [sp, #92]
 136:Src/main.c    ****   {
 446              		.loc 1 136 3 is_stmt 1 view .LVU116
 136:Src/main.c    ****   {
 447              		.loc 1 136 7 is_stmt 0 view .LVU117
 448 003e 0BA8     		add	r0, sp, #44
 449 0040 FFF7FEFF 		bl	HAL_RCC_OscConfig
 450              	.LVL14:
 142:Src/main.c    ****   RCC_ClkInitStruct.SYSCLKSource = RCC_SYSCLKSOURCE_PLLCLK;
 451              		.loc 1 142 3 is_stmt 1 view .LVU118
 142:Src/main.c    ****   RCC_ClkInitStruct.SYSCLKSource = RCC_SYSCLKSOURCE_PLLCLK;
ARM GAS  C:\Users\Vulca\AppData\Local\Temp\cct9RRRY.s 			page 14


 452              		.loc 1 142 31 is_stmt 0 view .LVU119
 453 0044 0723     		movs	r3, #7
 454 0046 0793     		str	r3, [sp, #28]
 143:Src/main.c    ****   RCC_ClkInitStruct.AHBCLKDivider = RCC_SYSCLK_DIV1;
 455              		.loc 1 143 3 is_stmt 1 view .LVU120
 143:Src/main.c    ****   RCC_ClkInitStruct.AHBCLKDivider = RCC_SYSCLK_DIV1;
 456              		.loc 1 143 34 is_stmt 0 view .LVU121
 457 0048 0894     		str	r4, [sp, #32]
 144:Src/main.c    ****   RCC_ClkInitStruct.APB1CLKDivider = RCC_HCLK_DIV1;
 458              		.loc 1 144 3 is_stmt 1 view .LVU122
 144:Src/main.c    ****   RCC_ClkInitStruct.APB1CLKDivider = RCC_HCLK_DIV1;
 459              		.loc 1 144 35 is_stmt 0 view .LVU123
 460 004a 0025     		movs	r5, #0
 461 004c 0995     		str	r5, [sp, #36]
 145:Src/main.c    **** 
 462              		.loc 1 145 3 is_stmt 1 view .LVU124
 145:Src/main.c    **** 
 463              		.loc 1 145 36 is_stmt 0 view .LVU125
 464 004e 0A95     		str	r5, [sp, #40]
 147:Src/main.c    ****   {
 465              		.loc 1 147 3 is_stmt 1 view .LVU126
 147:Src/main.c    ****   {
 466              		.loc 1 147 7 is_stmt 0 view .LVU127
 467 0050 0121     		movs	r1, #1
 468 0052 07A8     		add	r0, sp, #28
 469 0054 FFF7FEFF 		bl	HAL_RCC_ClockConfig
 470              	.LVL15:
 151:Src/main.c    ****   PeriphClkInit.Usart2ClockSelection = RCC_USART2CLKSOURCE_PCLK1;
 471              		.loc 1 151 3 is_stmt 1 view .LVU128
 151:Src/main.c    ****   PeriphClkInit.Usart2ClockSelection = RCC_USART2CLKSOURCE_PCLK1;
 472              		.loc 1 151 38 is_stmt 0 view .LVU129
 473 0058 0094     		str	r4, [sp]
 152:Src/main.c    ****   if (HAL_RCCEx_PeriphCLKConfig(&PeriphClkInit) != HAL_OK)
 474              		.loc 1 152 3 is_stmt 1 view .LVU130
 152:Src/main.c    ****   if (HAL_RCCEx_PeriphCLKConfig(&PeriphClkInit) != HAL_OK)
 475              		.loc 1 152 38 is_stmt 0 view .LVU131
 476 005a 0395     		str	r5, [sp, #12]
 153:Src/main.c    ****   {
 477              		.loc 1 153 3 is_stmt 1 view .LVU132
 153:Src/main.c    ****   {
 478              		.loc 1 153 7 is_stmt 0 view .LVU133
 479 005c 6846     		mov	r0, sp
 480 005e FFF7FEFF 		bl	HAL_RCCEx_PeriphCLKConfig
 481              	.LVL16:
 157:Src/main.c    **** 
 482              		.loc 1 157 1 view .LVU134
 483 0062 19B0     		add	sp, sp, #100
 484              		@ sp needed
 485 0064 30BD     		pop	{r4, r5, pc}
 486              		.cfi_endproc
 487              	.LFE41:
 489              		.section	.rodata.main.str1.4,"aMS",%progbits,1
 490              		.align	2
 491              	.LC1:
 492 0000 44444444 		.ascii	"DDDD\000"
 492      00
 493              		.section	.text.main,"ax",%progbits
ARM GAS  C:\Users\Vulca\AppData\Local\Temp\cct9RRRY.s 			page 15


 494              		.align	1
 495              		.global	main
 496              		.syntax unified
 497              		.code	16
 498              		.thumb_func
 499              		.fpu softvfp
 501              	main:
 502              	.LFB40:
  74:Src/main.c    ****   /* USER CODE BEGIN 1 */
 503              		.loc 1 74 1 is_stmt 1 view -0
 504              		.cfi_startproc
 505              		@ Volatile: function does not return.
 506              		@ args = 0, pretend = 0, frame = 0
 507              		@ frame_needed = 0, uses_anonymous_args = 0
 508 0000 10B5     		push	{r4, lr}
 509              	.LCFI9:
 510              		.cfi_def_cfa_offset 8
 511              		.cfi_offset 4, -8
 512              		.cfi_offset 14, -4
  82:Src/main.c    **** 
 513              		.loc 1 82 3 view .LVU136
 514 0002 FFF7FEFF 		bl	HAL_Init
 515              	.LVL17:
  89:Src/main.c    **** 
 516              		.loc 1 89 3 view .LVU137
 517 0006 FFF7FEFF 		bl	SystemClock_Config
 518              	.LVL18:
  96:Src/main.c    ****   MX_USART2_UART_Init();
 519              		.loc 1 96 3 view .LVU138
 520 000a FFF7FEFF 		bl	MX_GPIO_Init
 521              	.LVL19:
  97:Src/main.c    ****   /* USER CODE BEGIN 2 */
 522              		.loc 1 97 3 view .LVU139
 523 000e FFF7FEFF 		bl	MX_USART2_UART_Init
 524              	.LVL20:
  99:Src/main.c    ****   KEY_EXTI_Init();
 525              		.loc 1 99 3 view .LVU140
 526 0012 FFF7FEFF 		bl	LED_GPIO_Init
 527              	.LVL21:
 100:Src/main.c    ****   /* USER CODE END 2 */
 528              		.loc 1 100 3 view .LVU141
 529 0016 FFF7FEFF 		bl	KEY_EXTI_Init
 530              	.LVL22:
 531              	.L15:
 105:Src/main.c    ****   {
 532              		.loc 1 105 3 discriminator 1 view .LVU142
 108:Src/main.c    ****     HAL_UART_Transmit_IT(&huart2,(uint8_t *)"DDDD",sizeof("DDDD"));
 533              		.loc 1 108 5 discriminator 1 view .LVU143
 534 001a 0821     		movs	r1, #8
 535 001c 0648     		ldr	r0, .L16
 536 001e FFF7FEFF 		bl	HAL_GPIO_TogglePin
 537              	.LVL23:
 109:Src/main.c    ****     //HAL_UART_Transmit(&huart2,(uint8_t *)"DDDD",sizeof("DDDD"),10);
 538              		.loc 1 109 5 discriminator 1 view .LVU144
 539 0022 0522     		movs	r2, #5
 540 0024 0549     		ldr	r1, .L16+4
 541 0026 0648     		ldr	r0, .L16+8
ARM GAS  C:\Users\Vulca\AppData\Local\Temp\cct9RRRY.s 			page 16


 542 0028 FFF7FEFF 		bl	HAL_UART_Transmit_IT
 543              	.LVL24:
 111:Src/main.c    ****     /* USER CODE BEGIN 3 */
 544              		.loc 1 111 5 discriminator 1 view .LVU145
 545 002c FA20     		movs	r0, #250
 546 002e 8000     		lsls	r0, r0, #2
 547 0030 FFF7FEFF 		bl	HAL_Delay
 548              	.LVL25:
 105:Src/main.c    ****   {
 549              		.loc 1 105 9 discriminator 1 view .LVU146
 550 0034 F1E7     		b	.L15
 551              	.L17:
 552 0036 C046     		.align	2
 553              	.L16:
 554 0038 00040048 		.word	1207960576
 555 003c 00000000 		.word	.LC1
 556 0040 00000000 		.word	huart2
 557              		.cfi_endproc
 558              	.LFE40:
 560              		.section	.text.HAL_GPIO_EXTI_Callback,"ax",%progbits
 561              		.align	1
 562              		.global	HAL_GPIO_EXTI_Callback
 563              		.syntax unified
 564              		.code	16
 565              		.thumb_func
 566              		.fpu softvfp
 568              	HAL_GPIO_EXTI_Callback:
 569              	.LVL26:
 570              	.LFB46:
 249:Src/main.c    **** 
 250:Src/main.c    **** void HAL_GPIO_EXTI_Callback(uint16_t GPIO_Pin)
 251:Src/main.c    **** {
 571              		.loc 1 251 1 view -0
 572              		.cfi_startproc
 573              		@ args = 0, pretend = 0, frame = 0
 574              		@ frame_needed = 0, uses_anonymous_args = 0
 575              		.loc 1 251 1 is_stmt 0 view .LVU148
 576 0000 10B5     		push	{r4, lr}
 577              	.LCFI10:
 578              		.cfi_def_cfa_offset 8
 579              		.cfi_offset 4, -8
 580              		.cfi_offset 14, -4
 252:Src/main.c    ****   HAL_GPIO_TogglePin(LED_PORT, LED_PIN);
 581              		.loc 1 252 3 is_stmt 1 view .LVU149
 582 0002 0821     		movs	r1, #8
 583 0004 0148     		ldr	r0, .L19
 584              	.LVL27:
 585              		.loc 1 252 3 is_stmt 0 view .LVU150
 586 0006 FFF7FEFF 		bl	HAL_GPIO_TogglePin
 587              	.LVL28:
 253:Src/main.c    **** }
 588              		.loc 1 253 1 view .LVU151
 589              		@ sp needed
 590 000a 10BD     		pop	{r4, pc}
 591              	.L20:
 592              		.align	2
 593              	.L19:
ARM GAS  C:\Users\Vulca\AppData\Local\Temp\cct9RRRY.s 			page 17


 594 000c 00040048 		.word	1207960576
 595              		.cfi_endproc
 596              	.LFE46:
 598              		.section	.text.HAL_UART_TxCpltCallback,"ax",%progbits
 599              		.align	1
 600              		.global	HAL_UART_TxCpltCallback
 601              		.syntax unified
 602              		.code	16
 603              		.thumb_func
 604              		.fpu softvfp
 606              	HAL_UART_TxCpltCallback:
 607              	.LVL29:
 608              	.LFB47:
 254:Src/main.c    **** 
 255:Src/main.c    **** void HAL_UART_TxCpltCallback(UART_HandleTypeDef *huart)
 256:Src/main.c    **** {
 609              		.loc 1 256 1 is_stmt 1 view -0
 610              		.cfi_startproc
 611              		@ args = 0, pretend = 0, frame = 0
 612              		@ frame_needed = 0, uses_anonymous_args = 0
 613              		.loc 1 256 1 is_stmt 0 view .LVU153
 614 0000 10B5     		push	{r4, lr}
 615              	.LCFI11:
 616              		.cfi_def_cfa_offset 8
 617              		.cfi_offset 4, -8
 618              		.cfi_offset 14, -4
 257:Src/main.c    ****   if(huart == &huart2)
 619              		.loc 1 257 3 is_stmt 1 view .LVU154
 620              		.loc 1 257 5 is_stmt 0 view .LVU155
 621 0002 054B     		ldr	r3, .L24
 622 0004 8342     		cmp	r3, r0
 623 0006 00D0     		beq	.L23
 624              	.LVL30:
 625              	.L21:
 258:Src/main.c    ****   {
 259:Src/main.c    ****     HAL_GPIO_TogglePin(LD2_GPIO_Port, LD2_Pin);
 260:Src/main.c    ****   }
 261:Src/main.c    **** }
 626              		.loc 1 261 1 view .LVU156
 627              		@ sp needed
 628 0008 10BD     		pop	{r4, pc}
 629              	.LVL31:
 630              	.L23:
 259:Src/main.c    ****   }
 631              		.loc 1 259 5 is_stmt 1 view .LVU157
 632 000a 9020     		movs	r0, #144
 633              	.LVL32:
 259:Src/main.c    ****   }
 634              		.loc 1 259 5 is_stmt 0 view .LVU158
 635 000c 2021     		movs	r1, #32
 636 000e C005     		lsls	r0, r0, #23
 637 0010 FFF7FEFF 		bl	HAL_GPIO_TogglePin
 638              	.LVL33:
 639              		.loc 1 261 1 view .LVU159
 640 0014 F8E7     		b	.L21
 641              	.L25:
 642 0016 C046     		.align	2
ARM GAS  C:\Users\Vulca\AppData\Local\Temp\cct9RRRY.s 			page 18


 643              	.L24:
 644 0018 00000000 		.word	huart2
 645              		.cfi_endproc
 646              	.LFE47:
 648              		.section	.text.Error_Handler,"ax",%progbits
 649              		.align	1
 650              		.global	Error_Handler
 651              		.syntax unified
 652              		.code	16
 653              		.thumb_func
 654              		.fpu softvfp
 656              	Error_Handler:
 657              	.LFB48:
 262:Src/main.c    **** 
 263:Src/main.c    **** /* USER CODE END 4 */
 264:Src/main.c    **** 
 265:Src/main.c    **** /**
 266:Src/main.c    ****   * @brief  This function is executed in case of error occurrence.
 267:Src/main.c    ****   * @retval None
 268:Src/main.c    ****   */
 269:Src/main.c    **** void Error_Handler(void)
 270:Src/main.c    **** {
 658              		.loc 1 270 1 is_stmt 1 view -0
 659              		.cfi_startproc
 660              		@ args = 0, pretend = 0, frame = 0
 661              		@ frame_needed = 0, uses_anonymous_args = 0
 662              		@ link register save eliminated.
 271:Src/main.c    ****   /* USER CODE BEGIN Error_Handler_Debug */
 272:Src/main.c    ****   /* User can add his own implementation to report the HAL error return state */
 273:Src/main.c    **** 
 274:Src/main.c    ****   /* USER CODE END Error_Handler_Debug */
 275:Src/main.c    **** }
 663              		.loc 1 275 1 view .LVU161
 664              		@ sp needed
 665 0000 7047     		bx	lr
 666              		.cfi_endproc
 667              	.LFE48:
 669              		.comm	huart2,128,4
 670              		.text
 671              	.Letext0:
 672              		.file 2 "c:\\program files (x86)\\gnu tools arm embedded\\9 2019-q4-major\\arm-none-eabi\\include\
 673              		.file 3 "c:\\program files (x86)\\gnu tools arm embedded\\9 2019-q4-major\\arm-none-eabi\\include\
 674              		.file 4 "Drivers/CMSIS/Device/ST/STM32F0xx/Include/system_stm32f0xx.h"
 675              		.file 5 "Drivers/CMSIS/Device/ST/STM32F0xx/Include/stm32f091xc.h"
 676              		.file 6 "Drivers/STM32F0xx_HAL_Driver/Inc/stm32f0xx_hal_def.h"
 677              		.file 7 "Drivers/STM32F0xx_HAL_Driver/Inc/stm32f0xx_hal_rcc.h"
 678              		.file 8 "Drivers/STM32F0xx_HAL_Driver/Inc/stm32f0xx_hal_rcc_ex.h"
 679              		.file 9 "Drivers/STM32F0xx_HAL_Driver/Inc/stm32f0xx_hal_gpio.h"
 680              		.file 10 "Drivers/STM32F0xx_HAL_Driver/Inc/stm32f0xx_hal_dma.h"
 681              		.file 11 "Drivers/STM32F0xx_HAL_Driver/Inc/stm32f0xx_hal_uart.h"
 682              		.file 12 "Drivers/STM32F0xx_HAL_Driver/Inc/stm32f0xx_hal.h"
 683              		.file 13 "Inc/main.h"
 684              		.file 14 "Drivers/STM32F0xx_HAL_Driver/Inc/stm32f0xx_hal_cortex.h"
 685              		.file 15 "<built-in>"
ARM GAS  C:\Users\Vulca\AppData\Local\Temp\cct9RRRY.s 			page 19


DEFINED SYMBOLS
                            *ABS*:00000000 main.c
C:\Users\Vulca\AppData\Local\Temp\cct9RRRY.s:16     .text.MX_GPIO_Init:00000000 $t
C:\Users\Vulca\AppData\Local\Temp\cct9RRRY.s:23     .text.MX_GPIO_Init:00000000 MX_GPIO_Init
C:\Users\Vulca\AppData\Local\Temp\cct9RRRY.s:132    .text.MX_GPIO_Init:00000070 $d
C:\Users\Vulca\AppData\Local\Temp\cct9RRRY.s:137    .text.LED_GPIO_Init:00000000 $t
C:\Users\Vulca\AppData\Local\Temp\cct9RRRY.s:143    .text.LED_GPIO_Init:00000000 LED_GPIO_Init
C:\Users\Vulca\AppData\Local\Temp\cct9RRRY.s:210    .text.LED_GPIO_Init:00000040 $d
C:\Users\Vulca\AppData\Local\Temp\cct9RRRY.s:216    .text.KEY_EXTI_Init:00000000 $t
C:\Users\Vulca\AppData\Local\Temp\cct9RRRY.s:222    .text.KEY_EXTI_Init:00000000 KEY_EXTI_Init
C:\Users\Vulca\AppData\Local\Temp\cct9RRRY.s:290    .text.KEY_EXTI_Init:00000044 $d
C:\Users\Vulca\AppData\Local\Temp\cct9RRRY.s:296    .text.MX_USART2_UART_Init:00000000 $t
C:\Users\Vulca\AppData\Local\Temp\cct9RRRY.s:302    .text.MX_USART2_UART_Init:00000000 MX_USART2_UART_Init
C:\Users\Vulca\AppData\Local\Temp\cct9RRRY.s:369    .text.MX_USART2_UART_Init:00000038 $d
                            *COM*:00000080 huart2
C:\Users\Vulca\AppData\Local\Temp\cct9RRRY.s:375    .text.SystemClock_Config:00000000 $t
C:\Users\Vulca\AppData\Local\Temp\cct9RRRY.s:382    .text.SystemClock_Config:00000000 SystemClock_Config
C:\Users\Vulca\AppData\Local\Temp\cct9RRRY.s:490    .rodata.main.str1.4:00000000 $d
C:\Users\Vulca\AppData\Local\Temp\cct9RRRY.s:494    .text.main:00000000 $t
C:\Users\Vulca\AppData\Local\Temp\cct9RRRY.s:501    .text.main:00000000 main
C:\Users\Vulca\AppData\Local\Temp\cct9RRRY.s:554    .text.main:00000038 $d
C:\Users\Vulca\AppData\Local\Temp\cct9RRRY.s:561    .text.HAL_GPIO_EXTI_Callback:00000000 $t
C:\Users\Vulca\AppData\Local\Temp\cct9RRRY.s:568    .text.HAL_GPIO_EXTI_Callback:00000000 HAL_GPIO_EXTI_Callback
C:\Users\Vulca\AppData\Local\Temp\cct9RRRY.s:594    .text.HAL_GPIO_EXTI_Callback:0000000c $d
C:\Users\Vulca\AppData\Local\Temp\cct9RRRY.s:599    .text.HAL_UART_TxCpltCallback:00000000 $t
C:\Users\Vulca\AppData\Local\Temp\cct9RRRY.s:606    .text.HAL_UART_TxCpltCallback:00000000 HAL_UART_TxCpltCallback
C:\Users\Vulca\AppData\Local\Temp\cct9RRRY.s:644    .text.HAL_UART_TxCpltCallback:00000018 $d
C:\Users\Vulca\AppData\Local\Temp\cct9RRRY.s:649    .text.Error_Handler:00000000 $t
C:\Users\Vulca\AppData\Local\Temp\cct9RRRY.s:656    .text.Error_Handler:00000000 Error_Handler

UNDEFINED SYMBOLS
memset
HAL_GPIO_WritePin
HAL_GPIO_Init
HAL_NVIC_SetPriority
HAL_NVIC_EnableIRQ
HAL_UART_Init
HAL_RCC_OscConfig
HAL_RCC_ClockConfig
HAL_RCCEx_PeriphCLKConfig
HAL_Init
HAL_GPIO_TogglePin
HAL_UART_Transmit_IT
HAL_Delay
