ARM GAS  C:\Users\Vulca\AppData\Local\Temp\ccUShFoI.s 			page 1


   1              		.cpu cortex-m0
   2              		.eabi_attribute 20, 1
   3              		.eabi_attribute 21, 1
   4              		.eabi_attribute 23, 3
   5              		.eabi_attribute 24, 1
   6              		.eabi_attribute 25, 1
   7              		.eabi_attribute 26, 1
   8              		.eabi_attribute 30, 1
   9              		.eabi_attribute 34, 0
  10              		.eabi_attribute 18, 4
  11              		.file	"stm32f0xx_hal_msp.c"
  12              		.text
  13              	.Ltext0:
  14              		.cfi_sections	.debug_frame
  15              		.section	.text.HAL_MspInit,"ax",%progbits
  16              		.align	1
  17              		.global	HAL_MspInit
  18              		.arch armv6s-m
  19              		.syntax unified
  20              		.code	16
  21              		.thumb_func
  22              		.fpu softvfp
  24              	HAL_MspInit:
  25              	.LFB40:
  26              		.file 1 "Src/stm32f0xx_hal_msp.c"
   1:Src/stm32f0xx_hal_msp.c **** /* USER CODE BEGIN Header */
   2:Src/stm32f0xx_hal_msp.c **** /**
   3:Src/stm32f0xx_hal_msp.c ****   ******************************************************************************
   4:Src/stm32f0xx_hal_msp.c ****   * File Name          : stm32f0xx_hal_msp.c
   5:Src/stm32f0xx_hal_msp.c ****   * Description        : This file provides code for the MSP Initialization 
   6:Src/stm32f0xx_hal_msp.c ****   *                      and de-Initialization codes.
   7:Src/stm32f0xx_hal_msp.c ****   ******************************************************************************
   8:Src/stm32f0xx_hal_msp.c ****   * @attention
   9:Src/stm32f0xx_hal_msp.c ****   *
  10:Src/stm32f0xx_hal_msp.c ****   * <h2><center>&copy; Copyright (c) 2020 STMicroelectronics.
  11:Src/stm32f0xx_hal_msp.c ****   * All rights reserved.</center></h2>
  12:Src/stm32f0xx_hal_msp.c ****   *
  13:Src/stm32f0xx_hal_msp.c ****   * This software component is licensed by ST under BSD 3-Clause license,
  14:Src/stm32f0xx_hal_msp.c ****   * the "License"; You may not use this file except in compliance with the
  15:Src/stm32f0xx_hal_msp.c ****   * License. You may obtain a copy of the License at:
  16:Src/stm32f0xx_hal_msp.c ****   *                        opensource.org/licenses/BSD-3-Clause
  17:Src/stm32f0xx_hal_msp.c ****   *
  18:Src/stm32f0xx_hal_msp.c ****   ******************************************************************************
  19:Src/stm32f0xx_hal_msp.c ****   */
  20:Src/stm32f0xx_hal_msp.c **** /* USER CODE END Header */
  21:Src/stm32f0xx_hal_msp.c **** 
  22:Src/stm32f0xx_hal_msp.c **** /* Includes ------------------------------------------------------------------*/
  23:Src/stm32f0xx_hal_msp.c **** #include "main.h"
  24:Src/stm32f0xx_hal_msp.c **** /* USER CODE BEGIN Includes */
  25:Src/stm32f0xx_hal_msp.c **** 
  26:Src/stm32f0xx_hal_msp.c **** /* USER CODE END Includes */
  27:Src/stm32f0xx_hal_msp.c **** 
  28:Src/stm32f0xx_hal_msp.c **** /* Private typedef -----------------------------------------------------------*/
  29:Src/stm32f0xx_hal_msp.c **** /* USER CODE BEGIN TD */
  30:Src/stm32f0xx_hal_msp.c **** 
  31:Src/stm32f0xx_hal_msp.c **** /* USER CODE END TD */
  32:Src/stm32f0xx_hal_msp.c **** 
ARM GAS  C:\Users\Vulca\AppData\Local\Temp\ccUShFoI.s 			page 2


  33:Src/stm32f0xx_hal_msp.c **** /* Private define ------------------------------------------------------------*/
  34:Src/stm32f0xx_hal_msp.c **** /* USER CODE BEGIN Define */
  35:Src/stm32f0xx_hal_msp.c **** 
  36:Src/stm32f0xx_hal_msp.c **** /* USER CODE END Define */
  37:Src/stm32f0xx_hal_msp.c **** 
  38:Src/stm32f0xx_hal_msp.c **** /* Private macro -------------------------------------------------------------*/
  39:Src/stm32f0xx_hal_msp.c **** /* USER CODE BEGIN Macro */
  40:Src/stm32f0xx_hal_msp.c **** 
  41:Src/stm32f0xx_hal_msp.c **** /* USER CODE END Macro */
  42:Src/stm32f0xx_hal_msp.c **** 
  43:Src/stm32f0xx_hal_msp.c **** /* Private variables ---------------------------------------------------------*/
  44:Src/stm32f0xx_hal_msp.c **** /* USER CODE BEGIN PV */
  45:Src/stm32f0xx_hal_msp.c **** 
  46:Src/stm32f0xx_hal_msp.c **** /* USER CODE END PV */
  47:Src/stm32f0xx_hal_msp.c **** 
  48:Src/stm32f0xx_hal_msp.c **** /* Private function prototypes -----------------------------------------------*/
  49:Src/stm32f0xx_hal_msp.c **** /* USER CODE BEGIN PFP */
  50:Src/stm32f0xx_hal_msp.c **** 
  51:Src/stm32f0xx_hal_msp.c **** /* USER CODE END PFP */
  52:Src/stm32f0xx_hal_msp.c **** 
  53:Src/stm32f0xx_hal_msp.c **** /* External functions --------------------------------------------------------*/
  54:Src/stm32f0xx_hal_msp.c **** /* USER CODE BEGIN ExternalFunctions */
  55:Src/stm32f0xx_hal_msp.c **** 
  56:Src/stm32f0xx_hal_msp.c **** /* USER CODE END ExternalFunctions */
  57:Src/stm32f0xx_hal_msp.c **** 
  58:Src/stm32f0xx_hal_msp.c **** /* USER CODE BEGIN 0 */
  59:Src/stm32f0xx_hal_msp.c **** 
  60:Src/stm32f0xx_hal_msp.c **** /* USER CODE END 0 */
  61:Src/stm32f0xx_hal_msp.c **** /**
  62:Src/stm32f0xx_hal_msp.c ****   * Initializes the Global MSP.
  63:Src/stm32f0xx_hal_msp.c ****   */
  64:Src/stm32f0xx_hal_msp.c **** void HAL_MspInit(void)
  65:Src/stm32f0xx_hal_msp.c **** {
  27              		.loc 1 65 1 view -0
  28              		.cfi_startproc
  29              		@ args = 0, pretend = 0, frame = 8
  30              		@ frame_needed = 0, uses_anonymous_args = 0
  31              		@ link register save eliminated.
  32 0000 82B0     		sub	sp, sp, #8
  33              	.LCFI0:
  34              		.cfi_def_cfa_offset 8
  66:Src/stm32f0xx_hal_msp.c ****   /* USER CODE BEGIN MspInit 0 */
  67:Src/stm32f0xx_hal_msp.c **** 
  68:Src/stm32f0xx_hal_msp.c ****   /* USER CODE END MspInit 0 */
  69:Src/stm32f0xx_hal_msp.c **** 
  70:Src/stm32f0xx_hal_msp.c ****   __HAL_RCC_SYSCFG_CLK_ENABLE();
  35              		.loc 1 70 3 view .LVU1
  36              	.LBB2:
  37              		.loc 1 70 3 view .LVU2
  38              		.loc 1 70 3 view .LVU3
  39 0002 0A4B     		ldr	r3, .L2
  40 0004 9969     		ldr	r1, [r3, #24]
  41 0006 0122     		movs	r2, #1
  42 0008 1143     		orrs	r1, r2
  43 000a 9961     		str	r1, [r3, #24]
  44              		.loc 1 70 3 view .LVU4
  45 000c 9969     		ldr	r1, [r3, #24]
ARM GAS  C:\Users\Vulca\AppData\Local\Temp\ccUShFoI.s 			page 3


  46 000e 0A40     		ands	r2, r1
  47 0010 0092     		str	r2, [sp]
  48              		.loc 1 70 3 view .LVU5
  49 0012 009A     		ldr	r2, [sp]
  50              	.LBE2:
  51              		.loc 1 70 3 view .LVU6
  71:Src/stm32f0xx_hal_msp.c ****   __HAL_RCC_PWR_CLK_ENABLE();
  52              		.loc 1 71 3 view .LVU7
  53              	.LBB3:
  54              		.loc 1 71 3 view .LVU8
  55              		.loc 1 71 3 view .LVU9
  56 0014 DA69     		ldr	r2, [r3, #28]
  57 0016 8021     		movs	r1, #128
  58 0018 4905     		lsls	r1, r1, #21
  59 001a 0A43     		orrs	r2, r1
  60 001c DA61     		str	r2, [r3, #28]
  61              		.loc 1 71 3 view .LVU10
  62 001e DB69     		ldr	r3, [r3, #28]
  63 0020 0B40     		ands	r3, r1
  64 0022 0193     		str	r3, [sp, #4]
  65              		.loc 1 71 3 view .LVU11
  66 0024 019B     		ldr	r3, [sp, #4]
  67              	.LBE3:
  68              		.loc 1 71 3 view .LVU12
  72:Src/stm32f0xx_hal_msp.c **** 
  73:Src/stm32f0xx_hal_msp.c ****   /* System interrupt init*/
  74:Src/stm32f0xx_hal_msp.c **** 
  75:Src/stm32f0xx_hal_msp.c ****   /* USER CODE BEGIN MspInit 1 */
  76:Src/stm32f0xx_hal_msp.c **** 
  77:Src/stm32f0xx_hal_msp.c ****   /* USER CODE END MspInit 1 */
  78:Src/stm32f0xx_hal_msp.c **** }
  69              		.loc 1 78 1 is_stmt 0 view .LVU13
  70 0026 02B0     		add	sp, sp, #8
  71              		@ sp needed
  72 0028 7047     		bx	lr
  73              	.L3:
  74 002a C046     		.align	2
  75              	.L2:
  76 002c 00100240 		.word	1073876992
  77              		.cfi_endproc
  78              	.LFE40:
  80              		.section	.text.HAL_UART_MspInit,"ax",%progbits
  81              		.align	1
  82              		.global	HAL_UART_MspInit
  83              		.syntax unified
  84              		.code	16
  85              		.thumb_func
  86              		.fpu softvfp
  88              	HAL_UART_MspInit:
  89              	.LVL0:
  90              	.LFB41:
  79:Src/stm32f0xx_hal_msp.c **** 
  80:Src/stm32f0xx_hal_msp.c **** /**
  81:Src/stm32f0xx_hal_msp.c **** * @brief UART MSP Initialization
  82:Src/stm32f0xx_hal_msp.c **** * This function configures the hardware resources used in this example
  83:Src/stm32f0xx_hal_msp.c **** * @param huart: UART handle pointer
  84:Src/stm32f0xx_hal_msp.c **** * @retval None
ARM GAS  C:\Users\Vulca\AppData\Local\Temp\ccUShFoI.s 			page 4


  85:Src/stm32f0xx_hal_msp.c **** */
  86:Src/stm32f0xx_hal_msp.c **** void HAL_UART_MspInit(UART_HandleTypeDef *huart)
  87:Src/stm32f0xx_hal_msp.c **** {
  91              		.loc 1 87 1 is_stmt 1 view -0
  92              		.cfi_startproc
  93              		@ args = 0, pretend = 0, frame = 40
  94              		@ frame_needed = 0, uses_anonymous_args = 0
  95              		.loc 1 87 1 is_stmt 0 view .LVU15
  96 0000 10B5     		push	{r4, lr}
  97              	.LCFI1:
  98              		.cfi_def_cfa_offset 8
  99              		.cfi_offset 4, -8
 100              		.cfi_offset 14, -4
 101 0002 8AB0     		sub	sp, sp, #40
 102              	.LCFI2:
 103              		.cfi_def_cfa_offset 48
 104 0004 0400     		movs	r4, r0
  88:Src/stm32f0xx_hal_msp.c ****   GPIO_InitTypeDef GPIO_InitStruct = {0};
 105              		.loc 1 88 3 is_stmt 1 view .LVU16
 106              		.loc 1 88 20 is_stmt 0 view .LVU17
 107 0006 1422     		movs	r2, #20
 108 0008 0021     		movs	r1, #0
 109 000a 05A8     		add	r0, sp, #20
 110              	.LVL1:
 111              		.loc 1 88 20 view .LVU18
 112 000c FFF7FEFF 		bl	memset
 113              	.LVL2:
  89:Src/stm32f0xx_hal_msp.c ****   if (huart->Instance == USART2)
 114              		.loc 1 89 3 is_stmt 1 view .LVU19
 115              		.loc 1 89 6 is_stmt 0 view .LVU20
 116 0010 244B     		ldr	r3, .L9
 117 0012 2268     		ldr	r2, [r4]
 118 0014 9A42     		cmp	r2, r3
 119 0016 05D0     		beq	.L7
 120              	.L5:
  90:Src/stm32f0xx_hal_msp.c ****   {
  91:Src/stm32f0xx_hal_msp.c ****     /* USER CODE BEGIN USART2_MspInit 0 */
  92:Src/stm32f0xx_hal_msp.c **** 
  93:Src/stm32f0xx_hal_msp.c ****     /* USER CODE END USART2_MspInit 0 */
  94:Src/stm32f0xx_hal_msp.c ****     /* Peripheral clock enable */
  95:Src/stm32f0xx_hal_msp.c ****     __HAL_RCC_USART2_CLK_ENABLE();
  96:Src/stm32f0xx_hal_msp.c **** 
  97:Src/stm32f0xx_hal_msp.c ****     __HAL_RCC_GPIOA_CLK_ENABLE();
  98:Src/stm32f0xx_hal_msp.c ****     /**USART2 GPIO Configuration    
  99:Src/stm32f0xx_hal_msp.c ****     PA2     ------> USART2_TX
 100:Src/stm32f0xx_hal_msp.c ****     PA3     ------> USART2_RX 
 101:Src/stm32f0xx_hal_msp.c ****     */
 102:Src/stm32f0xx_hal_msp.c ****     GPIO_InitStruct.Pin = USART_TX_Pin | USART_RX_Pin;
 103:Src/stm32f0xx_hal_msp.c ****     GPIO_InitStruct.Mode = GPIO_MODE_AF_PP;
 104:Src/stm32f0xx_hal_msp.c ****     GPIO_InitStruct.Pull = GPIO_NOPULL;
 105:Src/stm32f0xx_hal_msp.c ****     GPIO_InitStruct.Speed = GPIO_SPEED_FREQ_LOW;
 106:Src/stm32f0xx_hal_msp.c ****     GPIO_InitStruct.Alternate = GPIO_AF1_USART2;
 107:Src/stm32f0xx_hal_msp.c ****     HAL_GPIO_Init(GPIOA, &GPIO_InitStruct);
 108:Src/stm32f0xx_hal_msp.c **** 
 109:Src/stm32f0xx_hal_msp.c ****     /* USER CODE BEGIN USART2_MspInit 1 */
 110:Src/stm32f0xx_hal_msp.c **** 
 111:Src/stm32f0xx_hal_msp.c ****     /* USER CODE END USART2_MspInit 1 */
ARM GAS  C:\Users\Vulca\AppData\Local\Temp\ccUShFoI.s 			page 5


 112:Src/stm32f0xx_hal_msp.c ****   }
 113:Src/stm32f0xx_hal_msp.c **** 
 114:Src/stm32f0xx_hal_msp.c ****   if (huart->Instance == USART1)
 121              		.loc 1 114 3 is_stmt 1 view .LVU21
 122              		.loc 1 114 12 is_stmt 0 view .LVU22
 123 0018 2268     		ldr	r2, [r4]
 124              		.loc 1 114 6 view .LVU23
 125 001a 234B     		ldr	r3, .L9+4
 126 001c 9A42     		cmp	r2, r3
 127 001e 21D0     		beq	.L8
 128              	.L4:
 115:Src/stm32f0xx_hal_msp.c ****   {
 116:Src/stm32f0xx_hal_msp.c ****     /* USER CODE BEGIN USART2_MspInit 0 */
 117:Src/stm32f0xx_hal_msp.c **** 
 118:Src/stm32f0xx_hal_msp.c ****     /* USER CODE END USART2_MspInit 0 */
 119:Src/stm32f0xx_hal_msp.c ****     /* Peripheral clock enable */
 120:Src/stm32f0xx_hal_msp.c ****     __HAL_RCC_USART1_CLK_ENABLE();
 121:Src/stm32f0xx_hal_msp.c **** 
 122:Src/stm32f0xx_hal_msp.c ****     __HAL_RCC_GPIOB_CLK_ENABLE();
 123:Src/stm32f0xx_hal_msp.c ****     /**USART2 GPIO Configuration    
 124:Src/stm32f0xx_hal_msp.c ****     PA2     ------> USART2_TX
 125:Src/stm32f0xx_hal_msp.c ****     PA3     ------> USART2_RX 
 126:Src/stm32f0xx_hal_msp.c ****     */
 127:Src/stm32f0xx_hal_msp.c ****     GPIO_InitStruct.Pin = USART1_TX_Pin | USART1_RX_Pin;
 128:Src/stm32f0xx_hal_msp.c ****     GPIO_InitStruct.Mode = GPIO_MODE_AF_PP;
 129:Src/stm32f0xx_hal_msp.c ****     GPIO_InitStruct.Pull = GPIO_NOPULL;
 130:Src/stm32f0xx_hal_msp.c ****     GPIO_InitStruct.Speed = GPIO_SPEED_FREQ_LOW;
 131:Src/stm32f0xx_hal_msp.c ****     GPIO_InitStruct.Alternate = GPIO_AF0_USART1;
 132:Src/stm32f0xx_hal_msp.c ****     HAL_GPIO_Init(GPIOB, &GPIO_InitStruct);
 133:Src/stm32f0xx_hal_msp.c **** 
 134:Src/stm32f0xx_hal_msp.c ****     /* USER CODE BEGIN USART2_MspInit 1 */
 135:Src/stm32f0xx_hal_msp.c **** 
 136:Src/stm32f0xx_hal_msp.c ****     /* USER CODE END USART2_MspInit 1 */
 137:Src/stm32f0xx_hal_msp.c ****   }
 138:Src/stm32f0xx_hal_msp.c **** }
 129              		.loc 1 138 1 view .LVU24
 130 0020 0AB0     		add	sp, sp, #40
 131              		@ sp needed
 132              	.LVL3:
 133              		.loc 1 138 1 view .LVU25
 134 0022 10BD     		pop	{r4, pc}
 135              	.LVL4:
 136              	.L7:
  95:Src/stm32f0xx_hal_msp.c **** 
 137              		.loc 1 95 5 is_stmt 1 view .LVU26
 138              	.LBB4:
  95:Src/stm32f0xx_hal_msp.c **** 
 139              		.loc 1 95 5 view .LVU27
  95:Src/stm32f0xx_hal_msp.c **** 
 140              		.loc 1 95 5 view .LVU28
 141 0024 214B     		ldr	r3, .L9+8
 142 0026 D969     		ldr	r1, [r3, #28]
 143 0028 8022     		movs	r2, #128
 144 002a 9202     		lsls	r2, r2, #10
 145 002c 1143     		orrs	r1, r2
 146 002e D961     		str	r1, [r3, #28]
  95:Src/stm32f0xx_hal_msp.c **** 
ARM GAS  C:\Users\Vulca\AppData\Local\Temp\ccUShFoI.s 			page 6


 147              		.loc 1 95 5 view .LVU29
 148 0030 D969     		ldr	r1, [r3, #28]
 149 0032 1140     		ands	r1, r2
 150 0034 0191     		str	r1, [sp, #4]
  95:Src/stm32f0xx_hal_msp.c **** 
 151              		.loc 1 95 5 view .LVU30
 152 0036 0199     		ldr	r1, [sp, #4]
 153              	.LBE4:
  95:Src/stm32f0xx_hal_msp.c **** 
 154              		.loc 1 95 5 view .LVU31
  97:Src/stm32f0xx_hal_msp.c ****     /**USART2 GPIO Configuration    
 155              		.loc 1 97 5 view .LVU32
 156              	.LBB5:
  97:Src/stm32f0xx_hal_msp.c ****     /**USART2 GPIO Configuration    
 157              		.loc 1 97 5 view .LVU33
  97:Src/stm32f0xx_hal_msp.c ****     /**USART2 GPIO Configuration    
 158              		.loc 1 97 5 view .LVU34
 159 0038 5969     		ldr	r1, [r3, #20]
 160 003a 1143     		orrs	r1, r2
 161 003c 5961     		str	r1, [r3, #20]
  97:Src/stm32f0xx_hal_msp.c ****     /**USART2 GPIO Configuration    
 162              		.loc 1 97 5 view .LVU35
 163 003e 5B69     		ldr	r3, [r3, #20]
 164 0040 1A40     		ands	r2, r3
 165 0042 0292     		str	r2, [sp, #8]
  97:Src/stm32f0xx_hal_msp.c ****     /**USART2 GPIO Configuration    
 166              		.loc 1 97 5 view .LVU36
 167 0044 029B     		ldr	r3, [sp, #8]
 168              	.LBE5:
  97:Src/stm32f0xx_hal_msp.c ****     /**USART2 GPIO Configuration    
 169              		.loc 1 97 5 view .LVU37
 102:Src/stm32f0xx_hal_msp.c ****     GPIO_InitStruct.Mode = GPIO_MODE_AF_PP;
 170              		.loc 1 102 5 view .LVU38
 102:Src/stm32f0xx_hal_msp.c ****     GPIO_InitStruct.Mode = GPIO_MODE_AF_PP;
 171              		.loc 1 102 25 is_stmt 0 view .LVU39
 172 0046 0C23     		movs	r3, #12
 173 0048 0593     		str	r3, [sp, #20]
 103:Src/stm32f0xx_hal_msp.c ****     GPIO_InitStruct.Pull = GPIO_NOPULL;
 174              		.loc 1 103 5 is_stmt 1 view .LVU40
 103:Src/stm32f0xx_hal_msp.c ****     GPIO_InitStruct.Pull = GPIO_NOPULL;
 175              		.loc 1 103 26 is_stmt 0 view .LVU41
 176 004a 0A3B     		subs	r3, r3, #10
 177 004c 0693     		str	r3, [sp, #24]
 104:Src/stm32f0xx_hal_msp.c ****     GPIO_InitStruct.Speed = GPIO_SPEED_FREQ_LOW;
 178              		.loc 1 104 5 is_stmt 1 view .LVU42
 104:Src/stm32f0xx_hal_msp.c ****     GPIO_InitStruct.Speed = GPIO_SPEED_FREQ_LOW;
 179              		.loc 1 104 26 is_stmt 0 view .LVU43
 180 004e 0023     		movs	r3, #0
 181 0050 0793     		str	r3, [sp, #28]
 105:Src/stm32f0xx_hal_msp.c ****     GPIO_InitStruct.Alternate = GPIO_AF1_USART2;
 182              		.loc 1 105 5 is_stmt 1 view .LVU44
 105:Src/stm32f0xx_hal_msp.c ****     GPIO_InitStruct.Alternate = GPIO_AF1_USART2;
 183              		.loc 1 105 27 is_stmt 0 view .LVU45
 184 0052 0893     		str	r3, [sp, #32]
 106:Src/stm32f0xx_hal_msp.c ****     HAL_GPIO_Init(GPIOA, &GPIO_InitStruct);
 185              		.loc 1 106 5 is_stmt 1 view .LVU46
 106:Src/stm32f0xx_hal_msp.c ****     HAL_GPIO_Init(GPIOA, &GPIO_InitStruct);
ARM GAS  C:\Users\Vulca\AppData\Local\Temp\ccUShFoI.s 			page 7


 186              		.loc 1 106 31 is_stmt 0 view .LVU47
 187 0054 0133     		adds	r3, r3, #1
 188 0056 0993     		str	r3, [sp, #36]
 107:Src/stm32f0xx_hal_msp.c **** 
 189              		.loc 1 107 5 is_stmt 1 view .LVU48
 190 0058 9020     		movs	r0, #144
 191 005a 05A9     		add	r1, sp, #20
 192 005c C005     		lsls	r0, r0, #23
 193 005e FFF7FEFF 		bl	HAL_GPIO_Init
 194              	.LVL5:
 195 0062 D9E7     		b	.L5
 196              	.L8:
 120:Src/stm32f0xx_hal_msp.c **** 
 197              		.loc 1 120 5 view .LVU49
 198              	.LBB6:
 120:Src/stm32f0xx_hal_msp.c **** 
 199              		.loc 1 120 5 view .LVU50
 120:Src/stm32f0xx_hal_msp.c **** 
 200              		.loc 1 120 5 view .LVU51
 201 0064 114B     		ldr	r3, .L9+8
 202 0066 9969     		ldr	r1, [r3, #24]
 203 0068 8020     		movs	r0, #128
 204 006a C001     		lsls	r0, r0, #7
 205 006c 0143     		orrs	r1, r0
 206 006e 9961     		str	r1, [r3, #24]
 120:Src/stm32f0xx_hal_msp.c **** 
 207              		.loc 1 120 5 view .LVU52
 208 0070 9A69     		ldr	r2, [r3, #24]
 209 0072 0240     		ands	r2, r0
 210 0074 0392     		str	r2, [sp, #12]
 120:Src/stm32f0xx_hal_msp.c **** 
 211              		.loc 1 120 5 view .LVU53
 212 0076 039A     		ldr	r2, [sp, #12]
 213              	.LBE6:
 120:Src/stm32f0xx_hal_msp.c **** 
 214              		.loc 1 120 5 view .LVU54
 122:Src/stm32f0xx_hal_msp.c ****     /**USART2 GPIO Configuration    
 215              		.loc 1 122 5 view .LVU55
 216              	.LBB7:
 122:Src/stm32f0xx_hal_msp.c ****     /**USART2 GPIO Configuration    
 217              		.loc 1 122 5 view .LVU56
 122:Src/stm32f0xx_hal_msp.c ****     /**USART2 GPIO Configuration    
 218              		.loc 1 122 5 view .LVU57
 219 0078 5A69     		ldr	r2, [r3, #20]
 220 007a 8021     		movs	r1, #128
 221 007c C902     		lsls	r1, r1, #11
 222 007e 0A43     		orrs	r2, r1
 223 0080 5A61     		str	r2, [r3, #20]
 122:Src/stm32f0xx_hal_msp.c ****     /**USART2 GPIO Configuration    
 224              		.loc 1 122 5 view .LVU58
 225 0082 5B69     		ldr	r3, [r3, #20]
 226 0084 0B40     		ands	r3, r1
 227 0086 0493     		str	r3, [sp, #16]
 122:Src/stm32f0xx_hal_msp.c ****     /**USART2 GPIO Configuration    
 228              		.loc 1 122 5 view .LVU59
 229 0088 049B     		ldr	r3, [sp, #16]
 230              	.LBE7:
ARM GAS  C:\Users\Vulca\AppData\Local\Temp\ccUShFoI.s 			page 8


 122:Src/stm32f0xx_hal_msp.c ****     /**USART2 GPIO Configuration    
 231              		.loc 1 122 5 view .LVU60
 127:Src/stm32f0xx_hal_msp.c ****     GPIO_InitStruct.Mode = GPIO_MODE_AF_PP;
 232              		.loc 1 127 5 view .LVU61
 127:Src/stm32f0xx_hal_msp.c ****     GPIO_InitStruct.Mode = GPIO_MODE_AF_PP;
 233              		.loc 1 127 25 is_stmt 0 view .LVU62
 234 008a C023     		movs	r3, #192
 235 008c 0593     		str	r3, [sp, #20]
 128:Src/stm32f0xx_hal_msp.c ****     GPIO_InitStruct.Pull = GPIO_NOPULL;
 236              		.loc 1 128 5 is_stmt 1 view .LVU63
 128:Src/stm32f0xx_hal_msp.c ****     GPIO_InitStruct.Pull = GPIO_NOPULL;
 237              		.loc 1 128 26 is_stmt 0 view .LVU64
 238 008e BE3B     		subs	r3, r3, #190
 239 0090 0693     		str	r3, [sp, #24]
 129:Src/stm32f0xx_hal_msp.c ****     GPIO_InitStruct.Speed = GPIO_SPEED_FREQ_LOW;
 240              		.loc 1 129 5 is_stmt 1 view .LVU65
 129:Src/stm32f0xx_hal_msp.c ****     GPIO_InitStruct.Speed = GPIO_SPEED_FREQ_LOW;
 241              		.loc 1 129 26 is_stmt 0 view .LVU66
 242 0092 0023     		movs	r3, #0
 243 0094 0793     		str	r3, [sp, #28]
 130:Src/stm32f0xx_hal_msp.c ****     GPIO_InitStruct.Alternate = GPIO_AF0_USART1;
 244              		.loc 1 130 5 is_stmt 1 view .LVU67
 130:Src/stm32f0xx_hal_msp.c ****     GPIO_InitStruct.Alternate = GPIO_AF0_USART1;
 245              		.loc 1 130 27 is_stmt 0 view .LVU68
 246 0096 0893     		str	r3, [sp, #32]
 131:Src/stm32f0xx_hal_msp.c ****     HAL_GPIO_Init(GPIOB, &GPIO_InitStruct);
 247              		.loc 1 131 5 is_stmt 1 view .LVU69
 131:Src/stm32f0xx_hal_msp.c ****     HAL_GPIO_Init(GPIOB, &GPIO_InitStruct);
 248              		.loc 1 131 31 is_stmt 0 view .LVU70
 249 0098 0993     		str	r3, [sp, #36]
 132:Src/stm32f0xx_hal_msp.c **** 
 250              		.loc 1 132 5 is_stmt 1 view .LVU71
 251 009a 05A9     		add	r1, sp, #20
 252 009c 0448     		ldr	r0, .L9+12
 253 009e FFF7FEFF 		bl	HAL_GPIO_Init
 254              	.LVL6:
 255              		.loc 1 138 1 is_stmt 0 view .LVU72
 256 00a2 BDE7     		b	.L4
 257              	.L10:
 258              		.align	2
 259              	.L9:
 260 00a4 00440040 		.word	1073759232
 261 00a8 00380140 		.word	1073821696
 262 00ac 00100240 		.word	1073876992
 263 00b0 00040048 		.word	1207960576
 264              		.cfi_endproc
 265              	.LFE41:
 267              		.section	.text.HAL_UART_MspDeInit,"ax",%progbits
 268              		.align	1
 269              		.global	HAL_UART_MspDeInit
 270              		.syntax unified
 271              		.code	16
 272              		.thumb_func
 273              		.fpu softvfp
 275              	HAL_UART_MspDeInit:
 276              	.LVL7:
 277              	.LFB42:
ARM GAS  C:\Users\Vulca\AppData\Local\Temp\ccUShFoI.s 			page 9


 139:Src/stm32f0xx_hal_msp.c **** 
 140:Src/stm32f0xx_hal_msp.c **** /**
 141:Src/stm32f0xx_hal_msp.c **** * @brief UART MSP De-Initialization
 142:Src/stm32f0xx_hal_msp.c **** * This function freeze the hardware resources used in this example
 143:Src/stm32f0xx_hal_msp.c **** * @param huart: UART handle pointer
 144:Src/stm32f0xx_hal_msp.c **** * @retval None
 145:Src/stm32f0xx_hal_msp.c **** */
 146:Src/stm32f0xx_hal_msp.c **** void HAL_UART_MspDeInit(UART_HandleTypeDef *huart)
 147:Src/stm32f0xx_hal_msp.c **** {
 278              		.loc 1 147 1 is_stmt 1 view -0
 279              		.cfi_startproc
 280              		@ args = 0, pretend = 0, frame = 0
 281              		@ frame_needed = 0, uses_anonymous_args = 0
 282              		.loc 1 147 1 is_stmt 0 view .LVU74
 283 0000 10B5     		push	{r4, lr}
 284              	.LCFI3:
 285              		.cfi_def_cfa_offset 8
 286              		.cfi_offset 4, -8
 287              		.cfi_offset 14, -4
 148:Src/stm32f0xx_hal_msp.c ****   if (huart->Instance == USART2)
 288              		.loc 1 148 3 is_stmt 1 view .LVU75
 289              		.loc 1 148 12 is_stmt 0 view .LVU76
 290 0002 0268     		ldr	r2, [r0]
 291              		.loc 1 148 6 view .LVU77
 292 0004 074B     		ldr	r3, .L14
 293 0006 9A42     		cmp	r2, r3
 294 0008 00D0     		beq	.L13
 295              	.LVL8:
 296              	.L11:
 149:Src/stm32f0xx_hal_msp.c ****   {
 150:Src/stm32f0xx_hal_msp.c ****     /* USER CODE BEGIN USART2_MspDeInit 0 */
 151:Src/stm32f0xx_hal_msp.c **** 
 152:Src/stm32f0xx_hal_msp.c ****     /* USER CODE END USART2_MspDeInit 0 */
 153:Src/stm32f0xx_hal_msp.c ****     /* Peripheral clock disable */
 154:Src/stm32f0xx_hal_msp.c ****     __HAL_RCC_USART2_CLK_DISABLE();
 155:Src/stm32f0xx_hal_msp.c **** 
 156:Src/stm32f0xx_hal_msp.c ****     /**USART2 GPIO Configuration    
 157:Src/stm32f0xx_hal_msp.c ****     PA2     ------> USART2_TX
 158:Src/stm32f0xx_hal_msp.c ****     PA3     ------> USART2_RX 
 159:Src/stm32f0xx_hal_msp.c ****     */
 160:Src/stm32f0xx_hal_msp.c ****     HAL_GPIO_DeInit(GPIOA, USART_TX_Pin | USART_RX_Pin);
 161:Src/stm32f0xx_hal_msp.c **** 
 162:Src/stm32f0xx_hal_msp.c ****     /* USER CODE BEGIN USART2_MspDeInit 1 */
 163:Src/stm32f0xx_hal_msp.c **** 
 164:Src/stm32f0xx_hal_msp.c ****     /* USER CODE END USART2_MspDeInit 1 */
 165:Src/stm32f0xx_hal_msp.c ****   }
 166:Src/stm32f0xx_hal_msp.c **** }
 297              		.loc 1 166 1 view .LVU78
 298              		@ sp needed
 299 000a 10BD     		pop	{r4, pc}
 300              	.LVL9:
 301              	.L13:
 154:Src/stm32f0xx_hal_msp.c **** 
 302              		.loc 1 154 5 is_stmt 1 view .LVU79
 303 000c 064A     		ldr	r2, .L14+4
 304 000e D369     		ldr	r3, [r2, #28]
 305 0010 0649     		ldr	r1, .L14+8
ARM GAS  C:\Users\Vulca\AppData\Local\Temp\ccUShFoI.s 			page 10


 306 0012 0B40     		ands	r3, r1
 307 0014 D361     		str	r3, [r2, #28]
 160:Src/stm32f0xx_hal_msp.c **** 
 308              		.loc 1 160 5 view .LVU80
 309 0016 9020     		movs	r0, #144
 310              	.LVL10:
 160:Src/stm32f0xx_hal_msp.c **** 
 311              		.loc 1 160 5 is_stmt 0 view .LVU81
 312 0018 0C21     		movs	r1, #12
 313 001a C005     		lsls	r0, r0, #23
 314 001c FFF7FEFF 		bl	HAL_GPIO_DeInit
 315              	.LVL11:
 316              		.loc 1 166 1 view .LVU82
 317 0020 F3E7     		b	.L11
 318              	.L15:
 319 0022 C046     		.align	2
 320              	.L14:
 321 0024 00440040 		.word	1073759232
 322 0028 00100240 		.word	1073876992
 323 002c FFFFFDFF 		.word	-131073
 324              		.cfi_endproc
 325              	.LFE42:
 327              		.text
 328              	.Letext0:
 329              		.file 2 "c:\\program files (x86)\\gnu tools arm embedded\\9 2019-q4-major\\arm-none-eabi\\include\
 330              		.file 3 "c:\\program files (x86)\\gnu tools arm embedded\\9 2019-q4-major\\arm-none-eabi\\include\
 331              		.file 4 "Drivers/CMSIS/Device/ST/STM32F0xx/Include/system_stm32f0xx.h"
 332              		.file 5 "Drivers/CMSIS/Device/ST/STM32F0xx/Include/stm32f091xc.h"
 333              		.file 6 "Drivers/STM32F0xx_HAL_Driver/Inc/stm32f0xx_hal_def.h"
 334              		.file 7 "Drivers/STM32F0xx_HAL_Driver/Inc/stm32f0xx_hal_gpio.h"
 335              		.file 8 "Drivers/STM32F0xx_HAL_Driver/Inc/stm32f0xx_hal_dma.h"
 336              		.file 9 "Drivers/STM32F0xx_HAL_Driver/Inc/stm32f0xx_hal_uart.h"
 337              		.file 10 "Drivers/STM32F0xx_HAL_Driver/Inc/stm32f0xx_hal.h"
 338              		.file 11 "Inc/main.h"
 339              		.file 12 "<built-in>"
ARM GAS  C:\Users\Vulca\AppData\Local\Temp\ccUShFoI.s 			page 11


DEFINED SYMBOLS
                            *ABS*:00000000 stm32f0xx_hal_msp.c
C:\Users\Vulca\AppData\Local\Temp\ccUShFoI.s:16     .text.HAL_MspInit:00000000 $t
C:\Users\Vulca\AppData\Local\Temp\ccUShFoI.s:24     .text.HAL_MspInit:00000000 HAL_MspInit
C:\Users\Vulca\AppData\Local\Temp\ccUShFoI.s:76     .text.HAL_MspInit:0000002c $d
C:\Users\Vulca\AppData\Local\Temp\ccUShFoI.s:81     .text.HAL_UART_MspInit:00000000 $t
C:\Users\Vulca\AppData\Local\Temp\ccUShFoI.s:88     .text.HAL_UART_MspInit:00000000 HAL_UART_MspInit
C:\Users\Vulca\AppData\Local\Temp\ccUShFoI.s:260    .text.HAL_UART_MspInit:000000a4 $d
C:\Users\Vulca\AppData\Local\Temp\ccUShFoI.s:268    .text.HAL_UART_MspDeInit:00000000 $t
C:\Users\Vulca\AppData\Local\Temp\ccUShFoI.s:275    .text.HAL_UART_MspDeInit:00000000 HAL_UART_MspDeInit
C:\Users\Vulca\AppData\Local\Temp\ccUShFoI.s:321    .text.HAL_UART_MspDeInit:00000024 $d

UNDEFINED SYMBOLS
memset
HAL_GPIO_Init
HAL_GPIO_DeInit
