ARM GAS  C:\Users\Vulca\AppData\Local\Temp\ccbGSXq2.s 			page 1


   1              		.cpu cortex-m0
   2              		.eabi_attribute 20, 1
   3              		.eabi_attribute 21, 1
   4              		.eabi_attribute 23, 3
   5              		.eabi_attribute 24, 1
   6              		.eabi_attribute 25, 1
   7              		.eabi_attribute 26, 1
   8              		.eabi_attribute 30, 1
   9              		.eabi_attribute 34, 0
  10              		.eabi_attribute 18, 4
  11              		.file	"stm32f0xx_hal_msp.c"
  12              		.text
  13              	.Ltext0:
  14              		.cfi_sections	.debug_frame
  15              		.section	.text.HAL_MspInit,"ax",%progbits
  16              		.align	1
  17              		.global	HAL_MspInit
  18              		.arch armv6s-m
  19              		.syntax unified
  20              		.code	16
  21              		.thumb_func
  22              		.fpu softvfp
  24              	HAL_MspInit:
  25              	.LFB40:
  26              		.file 1 "Src/stm32f0xx_hal_msp.c"
   1:Src/stm32f0xx_hal_msp.c **** /* USER CODE BEGIN Header */
   2:Src/stm32f0xx_hal_msp.c **** /**
   3:Src/stm32f0xx_hal_msp.c ****   ******************************************************************************
   4:Src/stm32f0xx_hal_msp.c ****   * File Name          : stm32f0xx_hal_msp.c
   5:Src/stm32f0xx_hal_msp.c ****   * Description        : This file provides code for the MSP Initialization 
   6:Src/stm32f0xx_hal_msp.c ****   *                      and de-Initialization codes.
   7:Src/stm32f0xx_hal_msp.c ****   ******************************************************************************
   8:Src/stm32f0xx_hal_msp.c ****   * @attention
   9:Src/stm32f0xx_hal_msp.c ****   *
  10:Src/stm32f0xx_hal_msp.c ****   * <h2><center>&copy; Copyright (c) 2020 STMicroelectronics.
  11:Src/stm32f0xx_hal_msp.c ****   * All rights reserved.</center></h2>
  12:Src/stm32f0xx_hal_msp.c ****   *
  13:Src/stm32f0xx_hal_msp.c ****   * This software component is licensed by ST under BSD 3-Clause license,
  14:Src/stm32f0xx_hal_msp.c ****   * the "License"; You may not use this file except in compliance with the
  15:Src/stm32f0xx_hal_msp.c ****   * License. You may obtain a copy of the License at:
  16:Src/stm32f0xx_hal_msp.c ****   *                        opensource.org/licenses/BSD-3-Clause
  17:Src/stm32f0xx_hal_msp.c ****   *
  18:Src/stm32f0xx_hal_msp.c ****   ******************************************************************************
  19:Src/stm32f0xx_hal_msp.c ****   */
  20:Src/stm32f0xx_hal_msp.c **** /* USER CODE END Header */
  21:Src/stm32f0xx_hal_msp.c **** 
  22:Src/stm32f0xx_hal_msp.c **** /* Includes ------------------------------------------------------------------*/
  23:Src/stm32f0xx_hal_msp.c **** #include "main.h"
  24:Src/stm32f0xx_hal_msp.c **** /* USER CODE BEGIN Includes */
  25:Src/stm32f0xx_hal_msp.c **** 
  26:Src/stm32f0xx_hal_msp.c **** /* USER CODE END Includes */
  27:Src/stm32f0xx_hal_msp.c **** 
  28:Src/stm32f0xx_hal_msp.c **** /* Private typedef -----------------------------------------------------------*/
  29:Src/stm32f0xx_hal_msp.c **** /* USER CODE BEGIN TD */
  30:Src/stm32f0xx_hal_msp.c **** 
  31:Src/stm32f0xx_hal_msp.c **** /* USER CODE END TD */
  32:Src/stm32f0xx_hal_msp.c **** 
ARM GAS  C:\Users\Vulca\AppData\Local\Temp\ccbGSXq2.s 			page 2


  33:Src/stm32f0xx_hal_msp.c **** /* Private define ------------------------------------------------------------*/
  34:Src/stm32f0xx_hal_msp.c **** /* USER CODE BEGIN Define */
  35:Src/stm32f0xx_hal_msp.c ****  
  36:Src/stm32f0xx_hal_msp.c **** /* USER CODE END Define */
  37:Src/stm32f0xx_hal_msp.c **** 
  38:Src/stm32f0xx_hal_msp.c **** /* Private macro -------------------------------------------------------------*/
  39:Src/stm32f0xx_hal_msp.c **** /* USER CODE BEGIN Macro */
  40:Src/stm32f0xx_hal_msp.c **** 
  41:Src/stm32f0xx_hal_msp.c **** /* USER CODE END Macro */
  42:Src/stm32f0xx_hal_msp.c **** 
  43:Src/stm32f0xx_hal_msp.c **** /* Private variables ---------------------------------------------------------*/
  44:Src/stm32f0xx_hal_msp.c **** /* USER CODE BEGIN PV */
  45:Src/stm32f0xx_hal_msp.c **** 
  46:Src/stm32f0xx_hal_msp.c **** /* USER CODE END PV */
  47:Src/stm32f0xx_hal_msp.c **** 
  48:Src/stm32f0xx_hal_msp.c **** /* Private function prototypes -----------------------------------------------*/
  49:Src/stm32f0xx_hal_msp.c **** /* USER CODE BEGIN PFP */
  50:Src/stm32f0xx_hal_msp.c **** 
  51:Src/stm32f0xx_hal_msp.c **** /* USER CODE END PFP */
  52:Src/stm32f0xx_hal_msp.c **** 
  53:Src/stm32f0xx_hal_msp.c **** /* External functions --------------------------------------------------------*/
  54:Src/stm32f0xx_hal_msp.c **** /* USER CODE BEGIN ExternalFunctions */
  55:Src/stm32f0xx_hal_msp.c **** 
  56:Src/stm32f0xx_hal_msp.c **** /* USER CODE END ExternalFunctions */
  57:Src/stm32f0xx_hal_msp.c **** 
  58:Src/stm32f0xx_hal_msp.c **** /* USER CODE BEGIN 0 */
  59:Src/stm32f0xx_hal_msp.c **** 
  60:Src/stm32f0xx_hal_msp.c **** /* USER CODE END 0 */
  61:Src/stm32f0xx_hal_msp.c **** /**
  62:Src/stm32f0xx_hal_msp.c ****   * Initializes the Global MSP.
  63:Src/stm32f0xx_hal_msp.c ****   */
  64:Src/stm32f0xx_hal_msp.c **** void HAL_MspInit(void)
  65:Src/stm32f0xx_hal_msp.c **** {
  27              		.loc 1 65 1 view -0
  28              		.cfi_startproc
  29              		@ args = 0, pretend = 0, frame = 8
  30              		@ frame_needed = 0, uses_anonymous_args = 0
  31              		@ link register save eliminated.
  32 0000 82B0     		sub	sp, sp, #8
  33              	.LCFI0:
  34              		.cfi_def_cfa_offset 8
  66:Src/stm32f0xx_hal_msp.c ****   /* USER CODE BEGIN MspInit 0 */
  67:Src/stm32f0xx_hal_msp.c **** 
  68:Src/stm32f0xx_hal_msp.c ****   /* USER CODE END MspInit 0 */
  69:Src/stm32f0xx_hal_msp.c **** 
  70:Src/stm32f0xx_hal_msp.c ****   __HAL_RCC_SYSCFG_CLK_ENABLE();
  35              		.loc 1 70 3 view .LVU1
  36              	.LBB2:
  37              		.loc 1 70 3 view .LVU2
  38              		.loc 1 70 3 view .LVU3
  39 0002 0A4B     		ldr	r3, .L2
  40 0004 9969     		ldr	r1, [r3, #24]
  41 0006 0122     		movs	r2, #1
  42 0008 1143     		orrs	r1, r2
  43 000a 9961     		str	r1, [r3, #24]
  44              		.loc 1 70 3 view .LVU4
  45 000c 9969     		ldr	r1, [r3, #24]
ARM GAS  C:\Users\Vulca\AppData\Local\Temp\ccbGSXq2.s 			page 3


  46 000e 0A40     		ands	r2, r1
  47 0010 0092     		str	r2, [sp]
  48              		.loc 1 70 3 view .LVU5
  49 0012 009A     		ldr	r2, [sp]
  50              	.LBE2:
  51              		.loc 1 70 3 view .LVU6
  71:Src/stm32f0xx_hal_msp.c ****   __HAL_RCC_PWR_CLK_ENABLE();
  52              		.loc 1 71 3 view .LVU7
  53              	.LBB3:
  54              		.loc 1 71 3 view .LVU8
  55              		.loc 1 71 3 view .LVU9
  56 0014 DA69     		ldr	r2, [r3, #28]
  57 0016 8021     		movs	r1, #128
  58 0018 4905     		lsls	r1, r1, #21
  59 001a 0A43     		orrs	r2, r1
  60 001c DA61     		str	r2, [r3, #28]
  61              		.loc 1 71 3 view .LVU10
  62 001e DB69     		ldr	r3, [r3, #28]
  63 0020 0B40     		ands	r3, r1
  64 0022 0193     		str	r3, [sp, #4]
  65              		.loc 1 71 3 view .LVU11
  66 0024 019B     		ldr	r3, [sp, #4]
  67              	.LBE3:
  68              		.loc 1 71 3 view .LVU12
  72:Src/stm32f0xx_hal_msp.c **** 
  73:Src/stm32f0xx_hal_msp.c ****   /* System interrupt init*/
  74:Src/stm32f0xx_hal_msp.c **** 
  75:Src/stm32f0xx_hal_msp.c ****   /* USER CODE BEGIN MspInit 1 */
  76:Src/stm32f0xx_hal_msp.c **** 
  77:Src/stm32f0xx_hal_msp.c ****   /* USER CODE END MspInit 1 */
  78:Src/stm32f0xx_hal_msp.c **** }
  69              		.loc 1 78 1 is_stmt 0 view .LVU13
  70 0026 02B0     		add	sp, sp, #8
  71              		@ sp needed
  72 0028 7047     		bx	lr
  73              	.L3:
  74 002a C046     		.align	2
  75              	.L2:
  76 002c 00100240 		.word	1073876992
  77              		.cfi_endproc
  78              	.LFE40:
  80              		.section	.text.HAL_UART_MspInit,"ax",%progbits
  81              		.align	1
  82              		.global	HAL_UART_MspInit
  83              		.syntax unified
  84              		.code	16
  85              		.thumb_func
  86              		.fpu softvfp
  88              	HAL_UART_MspInit:
  89              	.LVL0:
  90              	.LFB41:
  79:Src/stm32f0xx_hal_msp.c **** 
  80:Src/stm32f0xx_hal_msp.c **** /**
  81:Src/stm32f0xx_hal_msp.c **** * @brief UART MSP Initialization
  82:Src/stm32f0xx_hal_msp.c **** * This function configures the hardware resources used in this example
  83:Src/stm32f0xx_hal_msp.c **** * @param huart: UART handle pointer
  84:Src/stm32f0xx_hal_msp.c **** * @retval None
ARM GAS  C:\Users\Vulca\AppData\Local\Temp\ccbGSXq2.s 			page 4


  85:Src/stm32f0xx_hal_msp.c **** */
  86:Src/stm32f0xx_hal_msp.c **** void HAL_UART_MspInit(UART_HandleTypeDef* huart)
  87:Src/stm32f0xx_hal_msp.c **** {
  91              		.loc 1 87 1 is_stmt 1 view -0
  92              		.cfi_startproc
  93              		@ args = 0, pretend = 0, frame = 32
  94              		@ frame_needed = 0, uses_anonymous_args = 0
  95              		.loc 1 87 1 is_stmt 0 view .LVU15
  96 0000 10B5     		push	{r4, lr}
  97              	.LCFI1:
  98              		.cfi_def_cfa_offset 8
  99              		.cfi_offset 4, -8
 100              		.cfi_offset 14, -4
 101 0002 88B0     		sub	sp, sp, #32
 102              	.LCFI2:
 103              		.cfi_def_cfa_offset 40
 104 0004 0400     		movs	r4, r0
  88:Src/stm32f0xx_hal_msp.c ****   GPIO_InitTypeDef GPIO_InitStruct = {0};
 105              		.loc 1 88 3 is_stmt 1 view .LVU16
 106              		.loc 1 88 20 is_stmt 0 view .LVU17
 107 0006 1422     		movs	r2, #20
 108 0008 0021     		movs	r1, #0
 109 000a 03A8     		add	r0, sp, #12
 110              	.LVL1:
 111              		.loc 1 88 20 view .LVU18
 112 000c FFF7FEFF 		bl	memset
 113              	.LVL2:
  89:Src/stm32f0xx_hal_msp.c ****   if(huart->Instance==USART2)
 114              		.loc 1 89 3 is_stmt 1 view .LVU19
 115              		.loc 1 89 11 is_stmt 0 view .LVU20
 116 0010 2268     		ldr	r2, [r4]
 117              		.loc 1 89 5 view .LVU21
 118 0012 124B     		ldr	r3, .L7
 119 0014 9A42     		cmp	r2, r3
 120 0016 01D0     		beq	.L6
 121              	.L4:
  90:Src/stm32f0xx_hal_msp.c ****   {
  91:Src/stm32f0xx_hal_msp.c ****   /* USER CODE BEGIN USART2_MspInit 0 */
  92:Src/stm32f0xx_hal_msp.c **** 
  93:Src/stm32f0xx_hal_msp.c ****   /* USER CODE END USART2_MspInit 0 */
  94:Src/stm32f0xx_hal_msp.c ****     /* Peripheral clock enable */
  95:Src/stm32f0xx_hal_msp.c ****     __HAL_RCC_USART2_CLK_ENABLE();
  96:Src/stm32f0xx_hal_msp.c ****   
  97:Src/stm32f0xx_hal_msp.c ****     __HAL_RCC_GPIOA_CLK_ENABLE();
  98:Src/stm32f0xx_hal_msp.c ****     /**USART2 GPIO Configuration    
  99:Src/stm32f0xx_hal_msp.c ****     PA2     ------> USART2_TX
 100:Src/stm32f0xx_hal_msp.c ****     PA3     ------> USART2_RX 
 101:Src/stm32f0xx_hal_msp.c ****     */
 102:Src/stm32f0xx_hal_msp.c ****     GPIO_InitStruct.Pin = USART_TX_Pin|USART_RX_Pin;
 103:Src/stm32f0xx_hal_msp.c ****     GPIO_InitStruct.Mode = GPIO_MODE_AF_PP;
 104:Src/stm32f0xx_hal_msp.c ****     GPIO_InitStruct.Pull = GPIO_NOPULL;
 105:Src/stm32f0xx_hal_msp.c ****     GPIO_InitStruct.Speed = GPIO_SPEED_FREQ_LOW;
 106:Src/stm32f0xx_hal_msp.c ****     GPIO_InitStruct.Alternate = GPIO_AF1_USART2;
 107:Src/stm32f0xx_hal_msp.c ****     HAL_GPIO_Init(GPIOA, &GPIO_InitStruct);
 108:Src/stm32f0xx_hal_msp.c **** 
 109:Src/stm32f0xx_hal_msp.c ****   /* USER CODE BEGIN USART2_MspInit 1 */
 110:Src/stm32f0xx_hal_msp.c **** 
ARM GAS  C:\Users\Vulca\AppData\Local\Temp\ccbGSXq2.s 			page 5


 111:Src/stm32f0xx_hal_msp.c ****   /* USER CODE END USART2_MspInit 1 */
 112:Src/stm32f0xx_hal_msp.c ****   }
 113:Src/stm32f0xx_hal_msp.c **** 
 114:Src/stm32f0xx_hal_msp.c **** }
 122              		.loc 1 114 1 view .LVU22
 123 0018 08B0     		add	sp, sp, #32
 124              		@ sp needed
 125              	.LVL3:
 126              		.loc 1 114 1 view .LVU23
 127 001a 10BD     		pop	{r4, pc}
 128              	.LVL4:
 129              	.L6:
  95:Src/stm32f0xx_hal_msp.c ****   
 130              		.loc 1 95 5 is_stmt 1 view .LVU24
 131              	.LBB4:
  95:Src/stm32f0xx_hal_msp.c ****   
 132              		.loc 1 95 5 view .LVU25
  95:Src/stm32f0xx_hal_msp.c ****   
 133              		.loc 1 95 5 view .LVU26
 134 001c 104B     		ldr	r3, .L7+4
 135 001e D969     		ldr	r1, [r3, #28]
 136 0020 8022     		movs	r2, #128
 137 0022 9202     		lsls	r2, r2, #10
 138 0024 1143     		orrs	r1, r2
 139 0026 D961     		str	r1, [r3, #28]
  95:Src/stm32f0xx_hal_msp.c ****   
 140              		.loc 1 95 5 view .LVU27
 141 0028 D969     		ldr	r1, [r3, #28]
 142 002a 1140     		ands	r1, r2
 143 002c 0191     		str	r1, [sp, #4]
  95:Src/stm32f0xx_hal_msp.c ****   
 144              		.loc 1 95 5 view .LVU28
 145 002e 0199     		ldr	r1, [sp, #4]
 146              	.LBE4:
  95:Src/stm32f0xx_hal_msp.c ****   
 147              		.loc 1 95 5 view .LVU29
  97:Src/stm32f0xx_hal_msp.c ****     /**USART2 GPIO Configuration    
 148              		.loc 1 97 5 view .LVU30
 149              	.LBB5:
  97:Src/stm32f0xx_hal_msp.c ****     /**USART2 GPIO Configuration    
 150              		.loc 1 97 5 view .LVU31
  97:Src/stm32f0xx_hal_msp.c ****     /**USART2 GPIO Configuration    
 151              		.loc 1 97 5 view .LVU32
 152 0030 5969     		ldr	r1, [r3, #20]
 153 0032 1143     		orrs	r1, r2
 154 0034 5961     		str	r1, [r3, #20]
  97:Src/stm32f0xx_hal_msp.c ****     /**USART2 GPIO Configuration    
 155              		.loc 1 97 5 view .LVU33
 156 0036 5B69     		ldr	r3, [r3, #20]
 157 0038 1A40     		ands	r2, r3
 158 003a 0292     		str	r2, [sp, #8]
  97:Src/stm32f0xx_hal_msp.c ****     /**USART2 GPIO Configuration    
 159              		.loc 1 97 5 view .LVU34
 160 003c 029B     		ldr	r3, [sp, #8]
 161              	.LBE5:
  97:Src/stm32f0xx_hal_msp.c ****     /**USART2 GPIO Configuration    
 162              		.loc 1 97 5 view .LVU35
ARM GAS  C:\Users\Vulca\AppData\Local\Temp\ccbGSXq2.s 			page 6


 102:Src/stm32f0xx_hal_msp.c ****     GPIO_InitStruct.Mode = GPIO_MODE_AF_PP;
 163              		.loc 1 102 5 view .LVU36
 102:Src/stm32f0xx_hal_msp.c ****     GPIO_InitStruct.Mode = GPIO_MODE_AF_PP;
 164              		.loc 1 102 25 is_stmt 0 view .LVU37
 165 003e 0C23     		movs	r3, #12
 166 0040 0393     		str	r3, [sp, #12]
 103:Src/stm32f0xx_hal_msp.c ****     GPIO_InitStruct.Pull = GPIO_NOPULL;
 167              		.loc 1 103 5 is_stmt 1 view .LVU38
 103:Src/stm32f0xx_hal_msp.c ****     GPIO_InitStruct.Pull = GPIO_NOPULL;
 168              		.loc 1 103 26 is_stmt 0 view .LVU39
 169 0042 0A3B     		subs	r3, r3, #10
 170 0044 0493     		str	r3, [sp, #16]
 104:Src/stm32f0xx_hal_msp.c ****     GPIO_InitStruct.Speed = GPIO_SPEED_FREQ_LOW;
 171              		.loc 1 104 5 is_stmt 1 view .LVU40
 104:Src/stm32f0xx_hal_msp.c ****     GPIO_InitStruct.Speed = GPIO_SPEED_FREQ_LOW;
 172              		.loc 1 104 26 is_stmt 0 view .LVU41
 173 0046 0023     		movs	r3, #0
 174 0048 0593     		str	r3, [sp, #20]
 105:Src/stm32f0xx_hal_msp.c ****     GPIO_InitStruct.Alternate = GPIO_AF1_USART2;
 175              		.loc 1 105 5 is_stmt 1 view .LVU42
 105:Src/stm32f0xx_hal_msp.c ****     GPIO_InitStruct.Alternate = GPIO_AF1_USART2;
 176              		.loc 1 105 27 is_stmt 0 view .LVU43
 177 004a 0693     		str	r3, [sp, #24]
 106:Src/stm32f0xx_hal_msp.c ****     HAL_GPIO_Init(GPIOA, &GPIO_InitStruct);
 178              		.loc 1 106 5 is_stmt 1 view .LVU44
 106:Src/stm32f0xx_hal_msp.c ****     HAL_GPIO_Init(GPIOA, &GPIO_InitStruct);
 179              		.loc 1 106 31 is_stmt 0 view .LVU45
 180 004c 0133     		adds	r3, r3, #1
 181 004e 0793     		str	r3, [sp, #28]
 107:Src/stm32f0xx_hal_msp.c **** 
 182              		.loc 1 107 5 is_stmt 1 view .LVU46
 183 0050 9020     		movs	r0, #144
 184 0052 03A9     		add	r1, sp, #12
 185 0054 C005     		lsls	r0, r0, #23
 186 0056 FFF7FEFF 		bl	HAL_GPIO_Init
 187              	.LVL5:
 188              		.loc 1 114 1 is_stmt 0 view .LVU47
 189 005a DDE7     		b	.L4
 190              	.L8:
 191              		.align	2
 192              	.L7:
 193 005c 00440040 		.word	1073759232
 194 0060 00100240 		.word	1073876992
 195              		.cfi_endproc
 196              	.LFE41:
 198              		.section	.text.HAL_UART_MspDeInit,"ax",%progbits
 199              		.align	1
 200              		.global	HAL_UART_MspDeInit
 201              		.syntax unified
 202              		.code	16
 203              		.thumb_func
 204              		.fpu softvfp
 206              	HAL_UART_MspDeInit:
 207              	.LVL6:
 208              	.LFB42:
 115:Src/stm32f0xx_hal_msp.c **** 
 116:Src/stm32f0xx_hal_msp.c **** /**
ARM GAS  C:\Users\Vulca\AppData\Local\Temp\ccbGSXq2.s 			page 7


 117:Src/stm32f0xx_hal_msp.c **** * @brief UART MSP De-Initialization
 118:Src/stm32f0xx_hal_msp.c **** * This function freeze the hardware resources used in this example
 119:Src/stm32f0xx_hal_msp.c **** * @param huart: UART handle pointer
 120:Src/stm32f0xx_hal_msp.c **** * @retval None
 121:Src/stm32f0xx_hal_msp.c **** */
 122:Src/stm32f0xx_hal_msp.c **** void HAL_UART_MspDeInit(UART_HandleTypeDef* huart)
 123:Src/stm32f0xx_hal_msp.c **** {
 209              		.loc 1 123 1 is_stmt 1 view -0
 210              		.cfi_startproc
 211              		@ args = 0, pretend = 0, frame = 0
 212              		@ frame_needed = 0, uses_anonymous_args = 0
 213              		.loc 1 123 1 is_stmt 0 view .LVU49
 214 0000 10B5     		push	{r4, lr}
 215              	.LCFI3:
 216              		.cfi_def_cfa_offset 8
 217              		.cfi_offset 4, -8
 218              		.cfi_offset 14, -4
 124:Src/stm32f0xx_hal_msp.c ****   if(huart->Instance==USART2)
 219              		.loc 1 124 3 is_stmt 1 view .LVU50
 220              		.loc 1 124 11 is_stmt 0 view .LVU51
 221 0002 0268     		ldr	r2, [r0]
 222              		.loc 1 124 5 view .LVU52
 223 0004 074B     		ldr	r3, .L12
 224 0006 9A42     		cmp	r2, r3
 225 0008 00D0     		beq	.L11
 226              	.LVL7:
 227              	.L9:
 125:Src/stm32f0xx_hal_msp.c ****   {
 126:Src/stm32f0xx_hal_msp.c ****   /* USER CODE BEGIN USART2_MspDeInit 0 */
 127:Src/stm32f0xx_hal_msp.c **** 
 128:Src/stm32f0xx_hal_msp.c ****   /* USER CODE END USART2_MspDeInit 0 */
 129:Src/stm32f0xx_hal_msp.c ****     /* Peripheral clock disable */
 130:Src/stm32f0xx_hal_msp.c ****     __HAL_RCC_USART2_CLK_DISABLE();
 131:Src/stm32f0xx_hal_msp.c ****   
 132:Src/stm32f0xx_hal_msp.c ****     /**USART2 GPIO Configuration    
 133:Src/stm32f0xx_hal_msp.c ****     PA2     ------> USART2_TX
 134:Src/stm32f0xx_hal_msp.c ****     PA3     ------> USART2_RX 
 135:Src/stm32f0xx_hal_msp.c ****     */
 136:Src/stm32f0xx_hal_msp.c ****     HAL_GPIO_DeInit(GPIOA, USART_TX_Pin|USART_RX_Pin);
 137:Src/stm32f0xx_hal_msp.c **** 
 138:Src/stm32f0xx_hal_msp.c ****   /* USER CODE BEGIN USART2_MspDeInit 1 */
 139:Src/stm32f0xx_hal_msp.c **** 
 140:Src/stm32f0xx_hal_msp.c ****   /* USER CODE END USART2_MspDeInit 1 */
 141:Src/stm32f0xx_hal_msp.c ****   }
 142:Src/stm32f0xx_hal_msp.c **** 
 143:Src/stm32f0xx_hal_msp.c **** }
 228              		.loc 1 143 1 view .LVU53
 229              		@ sp needed
 230 000a 10BD     		pop	{r4, pc}
 231              	.LVL8:
 232              	.L11:
 130:Src/stm32f0xx_hal_msp.c ****   
 233              		.loc 1 130 5 is_stmt 1 view .LVU54
 234 000c 064A     		ldr	r2, .L12+4
 235 000e D369     		ldr	r3, [r2, #28]
 236 0010 0649     		ldr	r1, .L12+8
 237 0012 0B40     		ands	r3, r1
ARM GAS  C:\Users\Vulca\AppData\Local\Temp\ccbGSXq2.s 			page 8


 238 0014 D361     		str	r3, [r2, #28]
 136:Src/stm32f0xx_hal_msp.c **** 
 239              		.loc 1 136 5 view .LVU55
 240 0016 9020     		movs	r0, #144
 241              	.LVL9:
 136:Src/stm32f0xx_hal_msp.c **** 
 242              		.loc 1 136 5 is_stmt 0 view .LVU56
 243 0018 0C21     		movs	r1, #12
 244 001a C005     		lsls	r0, r0, #23
 245 001c FFF7FEFF 		bl	HAL_GPIO_DeInit
 246              	.LVL10:
 247              		.loc 1 143 1 view .LVU57
 248 0020 F3E7     		b	.L9
 249              	.L13:
 250 0022 C046     		.align	2
 251              	.L12:
 252 0024 00440040 		.word	1073759232
 253 0028 00100240 		.word	1073876992
 254 002c FFFFFDFF 		.word	-131073
 255              		.cfi_endproc
 256              	.LFE42:
 258              		.text
 259              	.Letext0:
 260              		.file 2 "c:\\program files (x86)\\gnu tools arm embedded\\9 2019-q4-major\\arm-none-eabi\\include\
 261              		.file 3 "c:\\program files (x86)\\gnu tools arm embedded\\9 2019-q4-major\\arm-none-eabi\\include\
 262              		.file 4 "Drivers/CMSIS/Device/ST/STM32F0xx/Include/system_stm32f0xx.h"
 263              		.file 5 "Drivers/CMSIS/Device/ST/STM32F0xx/Include/stm32f091xc.h"
 264              		.file 6 "Drivers/STM32F0xx_HAL_Driver/Inc/stm32f0xx_hal_def.h"
 265              		.file 7 "Drivers/STM32F0xx_HAL_Driver/Inc/stm32f0xx_hal_gpio.h"
 266              		.file 8 "Drivers/STM32F0xx_HAL_Driver/Inc/stm32f0xx_hal_dma.h"
 267              		.file 9 "Drivers/STM32F0xx_HAL_Driver/Inc/stm32f0xx_hal_uart.h"
 268              		.file 10 "Drivers/STM32F0xx_HAL_Driver/Inc/stm32f0xx_hal.h"
 269              		.file 11 "<built-in>"
ARM GAS  C:\Users\Vulca\AppData\Local\Temp\ccbGSXq2.s 			page 9


DEFINED SYMBOLS
                            *ABS*:00000000 stm32f0xx_hal_msp.c
C:\Users\Vulca\AppData\Local\Temp\ccbGSXq2.s:16     .text.HAL_MspInit:00000000 $t
C:\Users\Vulca\AppData\Local\Temp\ccbGSXq2.s:24     .text.HAL_MspInit:00000000 HAL_MspInit
C:\Users\Vulca\AppData\Local\Temp\ccbGSXq2.s:76     .text.HAL_MspInit:0000002c $d
C:\Users\Vulca\AppData\Local\Temp\ccbGSXq2.s:81     .text.HAL_UART_MspInit:00000000 $t
C:\Users\Vulca\AppData\Local\Temp\ccbGSXq2.s:88     .text.HAL_UART_MspInit:00000000 HAL_UART_MspInit
C:\Users\Vulca\AppData\Local\Temp\ccbGSXq2.s:193    .text.HAL_UART_MspInit:0000005c $d
C:\Users\Vulca\AppData\Local\Temp\ccbGSXq2.s:199    .text.HAL_UART_MspDeInit:00000000 $t
C:\Users\Vulca\AppData\Local\Temp\ccbGSXq2.s:206    .text.HAL_UART_MspDeInit:00000000 HAL_UART_MspDeInit
C:\Users\Vulca\AppData\Local\Temp\ccbGSXq2.s:252    .text.HAL_UART_MspDeInit:00000024 $d

UNDEFINED SYMBOLS
memset
HAL_GPIO_Init
HAL_GPIO_DeInit
