ARM GAS  C:\Users\Vulca\AppData\Local\Temp\ccih2RWh.s 			page 1


   1              		.cpu cortex-m0
   2              		.eabi_attribute 20, 1
   3              		.eabi_attribute 21, 1
   4              		.eabi_attribute 23, 3
   5              		.eabi_attribute 24, 1
   6              		.eabi_attribute 25, 1
   7              		.eabi_attribute 26, 1
   8              		.eabi_attribute 30, 1
   9              		.eabi_attribute 34, 0
  10              		.eabi_attribute 18, 4
  11              		.file	"main.c"
  12              		.text
  13              	.Ltext0:
  14              		.cfi_sections	.debug_frame
  15              		.section	.text.MX_GPIO_Init,"ax",%progbits
  16              		.align	1
  17              		.arch armv6s-m
  18              		.syntax unified
  19              		.code	16
  20              		.thumb_func
  21              		.fpu softvfp
  23              	MX_GPIO_Init:
  24              	.LFB43:
  25              		.file 1 "Src/main.c"
   1:Src/main.c    **** /* USER CODE BEGIN Header */
   2:Src/main.c    **** /**
   3:Src/main.c    ****   ******************************************************************************
   4:Src/main.c    ****   * @file           : main.c
   5:Src/main.c    ****   * @brief          : Main program body
   6:Src/main.c    ****   ******************************************************************************
   7:Src/main.c    ****   * @attention
   8:Src/main.c    ****   *
   9:Src/main.c    ****   * <h2><center>&copy; Copyright (c) 2020 STMicroelectronics.
  10:Src/main.c    ****   * All rights reserved.</center></h2>
  11:Src/main.c    ****   *
  12:Src/main.c    ****   * This software component is licensed by ST under BSD 3-Clause license,
  13:Src/main.c    ****   * the "License"; You may not use this file except in compliance with the
  14:Src/main.c    ****   * License. You may obtain a copy of the License at:
  15:Src/main.c    ****   *                        opensource.org/licenses/BSD-3-Clause
  16:Src/main.c    ****   *
  17:Src/main.c    ****   ******************************************************************************
  18:Src/main.c    ****   */
  19:Src/main.c    **** /* USER CODE END Header */
  20:Src/main.c    **** 
  21:Src/main.c    **** /* Includes ------------------------------------------------------------------*/
  22:Src/main.c    **** #include "main.h"
  23:Src/main.c    **** 
  24:Src/main.c    **** /* Private includes ----------------------------------------------------------*/
  25:Src/main.c    **** /* USER CODE BEGIN Includes */
  26:Src/main.c    **** 
  27:Src/main.c    **** /* USER CODE END Includes */
  28:Src/main.c    **** 
  29:Src/main.c    **** /* Private typedef -----------------------------------------------------------*/
  30:Src/main.c    **** /* USER CODE BEGIN PTD */
  31:Src/main.c    **** 
  32:Src/main.c    **** /* USER CODE END PTD */
  33:Src/main.c    **** 
ARM GAS  C:\Users\Vulca\AppData\Local\Temp\ccih2RWh.s 			page 2


  34:Src/main.c    **** /* Private define ------------------------------------------------------------*/
  35:Src/main.c    **** /* USER CODE BEGIN PD */
  36:Src/main.c    **** /* USER CODE END PD */
  37:Src/main.c    **** 
  38:Src/main.c    **** /* Private macro -------------------------------------------------------------*/
  39:Src/main.c    **** /* USER CODE BEGIN PM */
  40:Src/main.c    **** //LED引脚和端口
  41:Src/main.c    **** #define LED_PIN GPIO_PIN_3
  42:Src/main.c    **** #define LED_PORT GPIOB
  43:Src/main.c    **** //按键引脚和端口
  44:Src/main.c    **** #define KEY_PIN GPIO_PIN_10
  45:Src/main.c    **** #define KEY_PORT GPIOA
  46:Src/main.c    **** /* USER CODE END PM */
  47:Src/main.c    **** 
  48:Src/main.c    **** /* Private variables ---------------------------------------------------------*/
  49:Src/main.c    **** UART_HandleTypeDef huart2;
  50:Src/main.c    **** 
  51:Src/main.c    **** /* USER CODE BEGIN PV */
  52:Src/main.c    **** 
  53:Src/main.c    **** /* USER CODE END PV */
  54:Src/main.c    **** 
  55:Src/main.c    **** /* Private function prototypes -----------------------------------------------*/
  56:Src/main.c    **** void SystemClock_Config(void);
  57:Src/main.c    **** static void MX_GPIO_Init(void);
  58:Src/main.c    **** static void MX_USART2_UART_Init(void);
  59:Src/main.c    **** /* USER CODE BEGIN PFP */
  60:Src/main.c    **** static void LED_GPIO_Init(void); //LED灯端口初始化
  61:Src/main.c    **** static void KEY_EXTI_Init(void); //按键中断初始化
  62:Src/main.c    **** /* USER CODE END PFP */
  63:Src/main.c    **** 
  64:Src/main.c    **** /* Private user code ---------------------------------------------------------*/
  65:Src/main.c    **** /* USER CODE BEGIN 0 */
  66:Src/main.c    **** 
  67:Src/main.c    **** /* USER CODE END 0 */
  68:Src/main.c    **** 
  69:Src/main.c    **** /**
  70:Src/main.c    ****   * @brief  The application entry point.
  71:Src/main.c    ****   * @retval int
  72:Src/main.c    ****   */
  73:Src/main.c    **** int main(void)
  74:Src/main.c    **** {
  75:Src/main.c    ****   /* USER CODE BEGIN 1 */
  76:Src/main.c    **** 
  77:Src/main.c    ****   /* USER CODE END 1 */
  78:Src/main.c    **** 
  79:Src/main.c    ****   /* MCU Configuration--------------------------------------------------------*/
  80:Src/main.c    **** 
  81:Src/main.c    ****   /* Reset of all peripherals, Initializes the Flash interface and the Systick. */
  82:Src/main.c    ****   HAL_Init();
  83:Src/main.c    **** 
  84:Src/main.c    ****   /* USER CODE BEGIN Init */
  85:Src/main.c    **** 
  86:Src/main.c    ****   /* USER CODE END Init */
  87:Src/main.c    **** 
  88:Src/main.c    ****   /* Configure the system clock */
  89:Src/main.c    ****   SystemClock_Config();
  90:Src/main.c    **** 
ARM GAS  C:\Users\Vulca\AppData\Local\Temp\ccih2RWh.s 			page 3


  91:Src/main.c    ****   /* USER CODE BEGIN SysInit */
  92:Src/main.c    **** 
  93:Src/main.c    ****   /* USER CODE END SysInit */
  94:Src/main.c    **** 
  95:Src/main.c    ****   /* Initialize all configured peripherals */
  96:Src/main.c    ****   MX_GPIO_Init();
  97:Src/main.c    ****   MX_USART2_UART_Init();
  98:Src/main.c    ****   /* USER CODE BEGIN 2 */
  99:Src/main.c    ****   LED_GPIO_Init();
 100:Src/main.c    ****   KEY_EXTI_Init();
 101:Src/main.c    ****   /* USER CODE END 2 */
 102:Src/main.c    **** 
 103:Src/main.c    ****   /* Infinite loop */
 104:Src/main.c    ****   /* USER CODE BEGIN WHILE */
 105:Src/main.c    ****   while (1)
 106:Src/main.c    ****   {
 107:Src/main.c    ****     /* USER CODE END WHILE */
 108:Src/main.c    ****     //HAL_GPIO_TogglePin(LED_PORT, LED_PIN);
 109:Src/main.c    ****     HAL_Delay(1000);
 110:Src/main.c    ****     /* USER CODE BEGIN 3 */
 111:Src/main.c    ****   }
 112:Src/main.c    ****   /* USER CODE END 3 */
 113:Src/main.c    **** }
 114:Src/main.c    **** 
 115:Src/main.c    **** /**
 116:Src/main.c    ****   * @brief System Clock Configuration
 117:Src/main.c    ****   * @retval None
 118:Src/main.c    ****   */
 119:Src/main.c    **** void SystemClock_Config(void)
 120:Src/main.c    **** {
 121:Src/main.c    ****   RCC_OscInitTypeDef RCC_OscInitStruct = {0};
 122:Src/main.c    ****   RCC_ClkInitTypeDef RCC_ClkInitStruct = {0};
 123:Src/main.c    ****   RCC_PeriphCLKInitTypeDef PeriphClkInit = {0};
 124:Src/main.c    **** 
 125:Src/main.c    ****   /** Initializes the CPU, AHB and APB busses clocks 
 126:Src/main.c    ****   */
 127:Src/main.c    ****   RCC_OscInitStruct.OscillatorType = RCC_OSCILLATORTYPE_HSI;
 128:Src/main.c    ****   RCC_OscInitStruct.HSIState = RCC_HSI_ON;
 129:Src/main.c    ****   RCC_OscInitStruct.HSICalibrationValue = RCC_HSICALIBRATION_DEFAULT;
 130:Src/main.c    ****   RCC_OscInitStruct.PLL.PLLState = RCC_PLL_ON;
 131:Src/main.c    ****   RCC_OscInitStruct.PLL.PLLSource = RCC_PLLSOURCE_HSI;
 132:Src/main.c    ****   RCC_OscInitStruct.PLL.PLLMUL = RCC_PLL_MUL12;
 133:Src/main.c    ****   RCC_OscInitStruct.PLL.PREDIV = RCC_PREDIV_DIV2;
 134:Src/main.c    ****   if (HAL_RCC_OscConfig(&RCC_OscInitStruct) != HAL_OK)
 135:Src/main.c    ****   {
 136:Src/main.c    ****     Error_Handler();
 137:Src/main.c    ****   }
 138:Src/main.c    ****   /** Initializes the CPU, AHB and APB busses clocks 
 139:Src/main.c    ****   */
 140:Src/main.c    ****   RCC_ClkInitStruct.ClockType = RCC_CLOCKTYPE_HCLK | RCC_CLOCKTYPE_SYSCLK | RCC_CLOCKTYPE_PCLK1;
 141:Src/main.c    ****   RCC_ClkInitStruct.SYSCLKSource = RCC_SYSCLKSOURCE_PLLCLK;
 142:Src/main.c    ****   RCC_ClkInitStruct.AHBCLKDivider = RCC_SYSCLK_DIV1;
 143:Src/main.c    ****   RCC_ClkInitStruct.APB1CLKDivider = RCC_HCLK_DIV1;
 144:Src/main.c    **** 
 145:Src/main.c    ****   if (HAL_RCC_ClockConfig(&RCC_ClkInitStruct, FLASH_LATENCY_1) != HAL_OK)
 146:Src/main.c    ****   {
 147:Src/main.c    ****     Error_Handler();
ARM GAS  C:\Users\Vulca\AppData\Local\Temp\ccih2RWh.s 			page 4


 148:Src/main.c    ****   }
 149:Src/main.c    ****   PeriphClkInit.PeriphClockSelection = RCC_PERIPHCLK_USART2;
 150:Src/main.c    ****   PeriphClkInit.Usart2ClockSelection = RCC_USART2CLKSOURCE_PCLK1;
 151:Src/main.c    ****   if (HAL_RCCEx_PeriphCLKConfig(&PeriphClkInit) != HAL_OK)
 152:Src/main.c    ****   {
 153:Src/main.c    ****     Error_Handler();
 154:Src/main.c    ****   }
 155:Src/main.c    **** }
 156:Src/main.c    **** 
 157:Src/main.c    **** /**
 158:Src/main.c    ****   * @brief USART2 Initialization Function
 159:Src/main.c    ****   * @param None
 160:Src/main.c    ****   * @retval None
 161:Src/main.c    ****   */
 162:Src/main.c    **** static void MX_USART2_UART_Init(void)
 163:Src/main.c    **** {
 164:Src/main.c    **** 
 165:Src/main.c    ****   /* USER CODE BEGIN USART2_Init 0 */
 166:Src/main.c    **** 
 167:Src/main.c    ****   /* USER CODE END USART2_Init 0 */
 168:Src/main.c    **** 
 169:Src/main.c    ****   /* USER CODE BEGIN USART2_Init 1 */
 170:Src/main.c    **** 
 171:Src/main.c    ****   /* USER CODE END USART2_Init 1 */
 172:Src/main.c    ****   huart2.Instance = USART2;
 173:Src/main.c    ****   huart2.Init.BaudRate = 115200;
 174:Src/main.c    ****   huart2.Init.WordLength = UART_WORDLENGTH_8B;
 175:Src/main.c    ****   huart2.Init.StopBits = UART_STOPBITS_1;
 176:Src/main.c    ****   huart2.Init.Parity = UART_PARITY_NONE;
 177:Src/main.c    ****   huart2.Init.Mode = UART_MODE_TX_RX;
 178:Src/main.c    ****   huart2.Init.HwFlowCtl = UART_HWCONTROL_NONE;
 179:Src/main.c    ****   huart2.Init.OverSampling = UART_OVERSAMPLING_16;
 180:Src/main.c    ****   huart2.Init.OneBitSampling = UART_ONE_BIT_SAMPLE_DISABLE;
 181:Src/main.c    ****   huart2.AdvancedInit.AdvFeatureInit = UART_ADVFEATURE_NO_INIT;
 182:Src/main.c    ****   if (HAL_UART_Init(&huart2) != HAL_OK)
 183:Src/main.c    ****   {
 184:Src/main.c    ****     Error_Handler();
 185:Src/main.c    ****   }
 186:Src/main.c    ****   /* USER CODE BEGIN USART2_Init 2 */
 187:Src/main.c    **** 
 188:Src/main.c    ****   /* USER CODE END USART2_Init 2 */
 189:Src/main.c    **** }
 190:Src/main.c    **** 
 191:Src/main.c    **** /**
 192:Src/main.c    ****   * @brief GPIO Initialization Function
 193:Src/main.c    ****   * @param None
 194:Src/main.c    ****   * @retval None
 195:Src/main.c    ****   */
 196:Src/main.c    **** static void MX_GPIO_Init(void)
 197:Src/main.c    **** {
  26              		.loc 1 197 1 view -0
  27              		.cfi_startproc
  28              		@ args = 0, pretend = 0, frame = 32
  29              		@ frame_needed = 0, uses_anonymous_args = 0
  30 0000 10B5     		push	{r4, lr}
  31              	.LCFI0:
  32              		.cfi_def_cfa_offset 8
ARM GAS  C:\Users\Vulca\AppData\Local\Temp\ccih2RWh.s 			page 5


  33              		.cfi_offset 4, -8
  34              		.cfi_offset 14, -4
  35 0002 88B0     		sub	sp, sp, #32
  36              	.LCFI1:
  37              		.cfi_def_cfa_offset 40
 198:Src/main.c    ****   GPIO_InitTypeDef GPIO_InitStruct = {0};
  38              		.loc 1 198 3 view .LVU1
  39              		.loc 1 198 20 is_stmt 0 view .LVU2
  40 0004 1422     		movs	r2, #20
  41 0006 0021     		movs	r1, #0
  42 0008 03A8     		add	r0, sp, #12
  43 000a FFF7FEFF 		bl	memset
  44              	.LVL0:
 199:Src/main.c    **** 
 200:Src/main.c    ****   /* GPIO Ports Clock Enable */
 201:Src/main.c    ****   __HAL_RCC_GPIOC_CLK_ENABLE();
  45              		.loc 1 201 3 is_stmt 1 view .LVU3
  46              	.LBB2:
  47              		.loc 1 201 3 view .LVU4
  48              		.loc 1 201 3 view .LVU5
  49 000e 184B     		ldr	r3, .L2
  50 0010 5969     		ldr	r1, [r3, #20]
  51 0012 8020     		movs	r0, #128
  52 0014 0003     		lsls	r0, r0, #12
  53 0016 0143     		orrs	r1, r0
  54 0018 5961     		str	r1, [r3, #20]
  55              		.loc 1 201 3 view .LVU6
  56 001a 5A69     		ldr	r2, [r3, #20]
  57 001c 0240     		ands	r2, r0
  58 001e 0092     		str	r2, [sp]
  59              		.loc 1 201 3 view .LVU7
  60 0020 009A     		ldr	r2, [sp]
  61              	.LBE2:
  62              		.loc 1 201 3 view .LVU8
 202:Src/main.c    ****   __HAL_RCC_GPIOF_CLK_ENABLE();
  63              		.loc 1 202 3 view .LVU9
  64              	.LBB3:
  65              		.loc 1 202 3 view .LVU10
  66              		.loc 1 202 3 view .LVU11
  67 0022 5969     		ldr	r1, [r3, #20]
  68 0024 8020     		movs	r0, #128
  69 0026 C003     		lsls	r0, r0, #15
  70 0028 0143     		orrs	r1, r0
  71 002a 5961     		str	r1, [r3, #20]
  72              		.loc 1 202 3 view .LVU12
  73 002c 5A69     		ldr	r2, [r3, #20]
  74 002e 0240     		ands	r2, r0
  75 0030 0192     		str	r2, [sp, #4]
  76              		.loc 1 202 3 view .LVU13
  77 0032 019A     		ldr	r2, [sp, #4]
  78              	.LBE3:
  79              		.loc 1 202 3 view .LVU14
 203:Src/main.c    ****   __HAL_RCC_GPIOA_CLK_ENABLE();
  80              		.loc 1 203 3 view .LVU15
  81              	.LBB4:
  82              		.loc 1 203 3 view .LVU16
  83              		.loc 1 203 3 view .LVU17
ARM GAS  C:\Users\Vulca\AppData\Local\Temp\ccih2RWh.s 			page 6


  84 0034 5A69     		ldr	r2, [r3, #20]
  85 0036 8021     		movs	r1, #128
  86 0038 8902     		lsls	r1, r1, #10
  87 003a 0A43     		orrs	r2, r1
  88 003c 5A61     		str	r2, [r3, #20]
  89              		.loc 1 203 3 view .LVU18
  90 003e 5B69     		ldr	r3, [r3, #20]
  91 0040 0B40     		ands	r3, r1
  92 0042 0293     		str	r3, [sp, #8]
  93              		.loc 1 203 3 view .LVU19
  94 0044 029B     		ldr	r3, [sp, #8]
  95              	.LBE4:
  96              		.loc 1 203 3 view .LVU20
 204:Src/main.c    **** 
 205:Src/main.c    ****   /*Configure GPIO pin Output Level */
 206:Src/main.c    ****   HAL_GPIO_WritePin(LD2_GPIO_Port, LD2_Pin, GPIO_PIN_RESET);
  97              		.loc 1 206 3 view .LVU21
  98 0046 9024     		movs	r4, #144
  99 0048 E405     		lsls	r4, r4, #23
 100 004a 0022     		movs	r2, #0
 101 004c 2021     		movs	r1, #32
 102 004e 2000     		movs	r0, r4
 103 0050 FFF7FEFF 		bl	HAL_GPIO_WritePin
 104              	.LVL1:
 207:Src/main.c    **** 
 208:Src/main.c    ****   /*Configure GPIO pin : LD2_Pin */
 209:Src/main.c    ****   GPIO_InitStruct.Pin = LD2_Pin;
 105              		.loc 1 209 3 view .LVU22
 106              		.loc 1 209 23 is_stmt 0 view .LVU23
 107 0054 2023     		movs	r3, #32
 108 0056 0393     		str	r3, [sp, #12]
 210:Src/main.c    ****   GPIO_InitStruct.Mode = GPIO_MODE_OUTPUT_PP;
 109              		.loc 1 210 3 is_stmt 1 view .LVU24
 110              		.loc 1 210 24 is_stmt 0 view .LVU25
 111 0058 1F3B     		subs	r3, r3, #31
 112 005a 0493     		str	r3, [sp, #16]
 211:Src/main.c    ****   GPIO_InitStruct.Pull = GPIO_NOPULL;
 113              		.loc 1 211 3 is_stmt 1 view .LVU26
 114              		.loc 1 211 24 is_stmt 0 view .LVU27
 115 005c 0023     		movs	r3, #0
 116 005e 0593     		str	r3, [sp, #20]
 212:Src/main.c    ****   GPIO_InitStruct.Speed = GPIO_SPEED_FREQ_LOW;
 117              		.loc 1 212 3 is_stmt 1 view .LVU28
 118              		.loc 1 212 25 is_stmt 0 view .LVU29
 119 0060 0693     		str	r3, [sp, #24]
 213:Src/main.c    ****   HAL_GPIO_Init(LD2_GPIO_Port, &GPIO_InitStruct);
 120              		.loc 1 213 3 is_stmt 1 view .LVU30
 121 0062 03A9     		add	r1, sp, #12
 122 0064 2000     		movs	r0, r4
 123 0066 FFF7FEFF 		bl	HAL_GPIO_Init
 124              	.LVL2:
 214:Src/main.c    **** }
 125              		.loc 1 214 1 is_stmt 0 view .LVU31
 126 006a 08B0     		add	sp, sp, #32
 127              		@ sp needed
 128 006c 10BD     		pop	{r4, pc}
 129              	.L3:
ARM GAS  C:\Users\Vulca\AppData\Local\Temp\ccih2RWh.s 			page 7


 130 006e C046     		.align	2
 131              	.L2:
 132 0070 00100240 		.word	1073876992
 133              		.cfi_endproc
 134              	.LFE43:
 136              		.section	.text.LED_GPIO_Init,"ax",%progbits
 137              		.align	1
 138              		.syntax unified
 139              		.code	16
 140              		.thumb_func
 141              		.fpu softvfp
 143              	LED_GPIO_Init:
 144              	.LFB44:
 215:Src/main.c    **** 
 216:Src/main.c    **** /* USER CODE BEGIN 4 */
 217:Src/main.c    **** static void LED_GPIO_Init()
 218:Src/main.c    **** {
 145              		.loc 1 218 1 is_stmt 1 view -0
 146              		.cfi_startproc
 147              		@ args = 0, pretend = 0, frame = 24
 148              		@ frame_needed = 0, uses_anonymous_args = 0
 149 0000 10B5     		push	{r4, lr}
 150              	.LCFI2:
 151              		.cfi_def_cfa_offset 8
 152              		.cfi_offset 4, -8
 153              		.cfi_offset 14, -4
 154 0002 86B0     		sub	sp, sp, #24
 155              	.LCFI3:
 156              		.cfi_def_cfa_offset 32
 219:Src/main.c    ****   __HAL_RCC_GPIOB_CLK_ENABLE();
 157              		.loc 1 219 3 view .LVU33
 158              	.LBB5:
 159              		.loc 1 219 3 view .LVU34
 160              		.loc 1 219 3 view .LVU35
 161 0004 0E4A     		ldr	r2, .L5
 162 0006 5169     		ldr	r1, [r2, #20]
 163 0008 8020     		movs	r0, #128
 164 000a C002     		lsls	r0, r0, #11
 165 000c 0143     		orrs	r1, r0
 166 000e 5161     		str	r1, [r2, #20]
 167              		.loc 1 219 3 view .LVU36
 168 0010 5369     		ldr	r3, [r2, #20]
 169 0012 0340     		ands	r3, r0
 170 0014 0093     		str	r3, [sp]
 171              		.loc 1 219 3 view .LVU37
 172 0016 009B     		ldr	r3, [sp]
 173              	.LBE5:
 174              		.loc 1 219 3 view .LVU38
 220:Src/main.c    **** 
 221:Src/main.c    ****   GPIO_InitTypeDef GPIO_InitStruct;
 175              		.loc 1 221 3 view .LVU39
 222:Src/main.c    ****   GPIO_InitStruct.Pin = LED_PIN;
 176              		.loc 1 222 3 view .LVU40
 177              		.loc 1 222 23 is_stmt 0 view .LVU41
 178 0018 0823     		movs	r3, #8
 179 001a 0193     		str	r3, [sp, #4]
 223:Src/main.c    ****   GPIO_InitStruct.Pull = GPIO_NOPULL;
ARM GAS  C:\Users\Vulca\AppData\Local\Temp\ccih2RWh.s 			page 8


 180              		.loc 1 223 3 is_stmt 1 view .LVU42
 181              		.loc 1 223 24 is_stmt 0 view .LVU43
 182 001c 0023     		movs	r3, #0
 183 001e 0393     		str	r3, [sp, #12]
 224:Src/main.c    ****   GPIO_InitStruct.Mode = GPIO_MODE_OUTPUT_PP;
 184              		.loc 1 224 3 is_stmt 1 view .LVU44
 185              		.loc 1 224 24 is_stmt 0 view .LVU45
 186 0020 0133     		adds	r3, r3, #1
 187 0022 0293     		str	r3, [sp, #8]
 225:Src/main.c    ****   GPIO_InitStruct.Speed = GPIO_SPEED_FREQ_MEDIUM;
 188              		.loc 1 225 3 is_stmt 1 view .LVU46
 189              		.loc 1 225 25 is_stmt 0 view .LVU47
 190 0024 0493     		str	r3, [sp, #16]
 226:Src/main.c    ****   HAL_GPIO_Init(LED_PORT, &GPIO_InitStruct);
 191              		.loc 1 226 3 is_stmt 1 view .LVU48
 192 0026 074C     		ldr	r4, .L5+4
 193 0028 01A9     		add	r1, sp, #4
 194 002a 2000     		movs	r0, r4
 195 002c FFF7FEFF 		bl	HAL_GPIO_Init
 196              	.LVL3:
 227:Src/main.c    ****   HAL_GPIO_WritePin(LED_PORT, LED_PIN, 1);
 197              		.loc 1 227 3 view .LVU49
 198 0030 0122     		movs	r2, #1
 199 0032 0821     		movs	r1, #8
 200 0034 2000     		movs	r0, r4
 201 0036 FFF7FEFF 		bl	HAL_GPIO_WritePin
 202              	.LVL4:
 228:Src/main.c    **** }
 203              		.loc 1 228 1 is_stmt 0 view .LVU50
 204 003a 06B0     		add	sp, sp, #24
 205              		@ sp needed
 206 003c 10BD     		pop	{r4, pc}
 207              	.L6:
 208 003e C046     		.align	2
 209              	.L5:
 210 0040 00100240 		.word	1073876992
 211 0044 00040048 		.word	1207960576
 212              		.cfi_endproc
 213              	.LFE44:
 215              		.section	.text.MX_USART2_UART_Init,"ax",%progbits
 216              		.align	1
 217              		.syntax unified
 218              		.code	16
 219              		.thumb_func
 220              		.fpu softvfp
 222              	MX_USART2_UART_Init:
 223              	.LFB42:
 163:Src/main.c    **** 
 224              		.loc 1 163 1 is_stmt 1 view -0
 225              		.cfi_startproc
 226              		@ args = 0, pretend = 0, frame = 0
 227              		@ frame_needed = 0, uses_anonymous_args = 0
 228 0000 10B5     		push	{r4, lr}
 229              	.LCFI4:
 230              		.cfi_def_cfa_offset 8
 231              		.cfi_offset 4, -8
 232              		.cfi_offset 14, -4
ARM GAS  C:\Users\Vulca\AppData\Local\Temp\ccih2RWh.s 			page 9


 172:Src/main.c    ****   huart2.Init.BaudRate = 115200;
 233              		.loc 1 172 3 view .LVU52
 172:Src/main.c    ****   huart2.Init.BaudRate = 115200;
 234              		.loc 1 172 19 is_stmt 0 view .LVU53
 235 0002 0948     		ldr	r0, .L8
 236 0004 094B     		ldr	r3, .L8+4
 237 0006 0360     		str	r3, [r0]
 173:Src/main.c    ****   huart2.Init.WordLength = UART_WORDLENGTH_8B;
 238              		.loc 1 173 3 is_stmt 1 view .LVU54
 173:Src/main.c    ****   huart2.Init.WordLength = UART_WORDLENGTH_8B;
 239              		.loc 1 173 24 is_stmt 0 view .LVU55
 240 0008 E123     		movs	r3, #225
 241 000a 5B02     		lsls	r3, r3, #9
 242 000c 4360     		str	r3, [r0, #4]
 174:Src/main.c    ****   huart2.Init.StopBits = UART_STOPBITS_1;
 243              		.loc 1 174 3 is_stmt 1 view .LVU56
 174:Src/main.c    ****   huart2.Init.StopBits = UART_STOPBITS_1;
 244              		.loc 1 174 26 is_stmt 0 view .LVU57
 245 000e 0023     		movs	r3, #0
 246 0010 8360     		str	r3, [r0, #8]
 175:Src/main.c    ****   huart2.Init.Parity = UART_PARITY_NONE;
 247              		.loc 1 175 3 is_stmt 1 view .LVU58
 175:Src/main.c    ****   huart2.Init.Parity = UART_PARITY_NONE;
 248              		.loc 1 175 24 is_stmt 0 view .LVU59
 249 0012 C360     		str	r3, [r0, #12]
 176:Src/main.c    ****   huart2.Init.Mode = UART_MODE_TX_RX;
 250              		.loc 1 176 3 is_stmt 1 view .LVU60
 176:Src/main.c    ****   huart2.Init.Mode = UART_MODE_TX_RX;
 251              		.loc 1 176 22 is_stmt 0 view .LVU61
 252 0014 0361     		str	r3, [r0, #16]
 177:Src/main.c    ****   huart2.Init.HwFlowCtl = UART_HWCONTROL_NONE;
 253              		.loc 1 177 3 is_stmt 1 view .LVU62
 177:Src/main.c    ****   huart2.Init.HwFlowCtl = UART_HWCONTROL_NONE;
 254              		.loc 1 177 20 is_stmt 0 view .LVU63
 255 0016 0C22     		movs	r2, #12
 256 0018 4261     		str	r2, [r0, #20]
 178:Src/main.c    ****   huart2.Init.OverSampling = UART_OVERSAMPLING_16;
 257              		.loc 1 178 3 is_stmt 1 view .LVU64
 178:Src/main.c    ****   huart2.Init.OverSampling = UART_OVERSAMPLING_16;
 258              		.loc 1 178 25 is_stmt 0 view .LVU65
 259 001a 8361     		str	r3, [r0, #24]
 179:Src/main.c    ****   huart2.Init.OneBitSampling = UART_ONE_BIT_SAMPLE_DISABLE;
 260              		.loc 1 179 3 is_stmt 1 view .LVU66
 179:Src/main.c    ****   huart2.Init.OneBitSampling = UART_ONE_BIT_SAMPLE_DISABLE;
 261              		.loc 1 179 28 is_stmt 0 view .LVU67
 262 001c C361     		str	r3, [r0, #28]
 180:Src/main.c    ****   huart2.AdvancedInit.AdvFeatureInit = UART_ADVFEATURE_NO_INIT;
 263              		.loc 1 180 3 is_stmt 1 view .LVU68
 180:Src/main.c    ****   huart2.AdvancedInit.AdvFeatureInit = UART_ADVFEATURE_NO_INIT;
 264              		.loc 1 180 30 is_stmt 0 view .LVU69
 265 001e 0362     		str	r3, [r0, #32]
 181:Src/main.c    ****   if (HAL_UART_Init(&huart2) != HAL_OK)
 266              		.loc 1 181 3 is_stmt 1 view .LVU70
 181:Src/main.c    ****   if (HAL_UART_Init(&huart2) != HAL_OK)
 267              		.loc 1 181 38 is_stmt 0 view .LVU71
 268 0020 4362     		str	r3, [r0, #36]
 182:Src/main.c    ****   {
ARM GAS  C:\Users\Vulca\AppData\Local\Temp\ccih2RWh.s 			page 10


 269              		.loc 1 182 3 is_stmt 1 view .LVU72
 182:Src/main.c    ****   {
 270              		.loc 1 182 7 is_stmt 0 view .LVU73
 271 0022 FFF7FEFF 		bl	HAL_UART_Init
 272              	.LVL5:
 189:Src/main.c    **** 
 273              		.loc 1 189 1 view .LVU74
 274              		@ sp needed
 275 0026 10BD     		pop	{r4, pc}
 276              	.L9:
 277              		.align	2
 278              	.L8:
 279 0028 00000000 		.word	huart2
 280 002c 00440040 		.word	1073759232
 281              		.cfi_endproc
 282              	.LFE42:
 284              		.section	.text.KEY_EXTI_Init,"ax",%progbits
 285              		.align	1
 286              		.syntax unified
 287              		.code	16
 288              		.thumb_func
 289              		.fpu softvfp
 291              	KEY_EXTI_Init:
 292              	.LFB45:
 229:Src/main.c    **** 
 230:Src/main.c    **** static void KEY_EXTI_Init()
 231:Src/main.c    **** {
 293              		.loc 1 231 1 is_stmt 1 view -0
 294              		.cfi_startproc
 295              		@ args = 0, pretend = 0, frame = 24
 296              		@ frame_needed = 0, uses_anonymous_args = 0
 297 0000 00B5     		push	{lr}
 298              	.LCFI5:
 299              		.cfi_def_cfa_offset 4
 300              		.cfi_offset 14, -4
 301 0002 87B0     		sub	sp, sp, #28
 302              	.LCFI6:
 303              		.cfi_def_cfa_offset 32
 232:Src/main.c    ****   //开时钟
 233:Src/main.c    ****   __HAL_RCC_GPIOA_CLK_ENABLE();
 304              		.loc 1 233 3 view .LVU76
 305              	.LBB6:
 306              		.loc 1 233 3 view .LVU77
 307              		.loc 1 233 3 view .LVU78
 308 0004 0F4A     		ldr	r2, .L11
 309 0006 5169     		ldr	r1, [r2, #20]
 310 0008 8020     		movs	r0, #128
 311 000a 8002     		lsls	r0, r0, #10
 312 000c 0143     		orrs	r1, r0
 313 000e 5161     		str	r1, [r2, #20]
 314              		.loc 1 233 3 view .LVU79
 315 0010 5369     		ldr	r3, [r2, #20]
 316 0012 0340     		ands	r3, r0
 317 0014 0093     		str	r3, [sp]
 318              		.loc 1 233 3 view .LVU80
 319 0016 009B     		ldr	r3, [sp]
 320              	.LBE6:
ARM GAS  C:\Users\Vulca\AppData\Local\Temp\ccih2RWh.s 			page 11


 321              		.loc 1 233 3 view .LVU81
 234:Src/main.c    **** 
 235:Src/main.c    ****   //配置GPIO&EXTI
 236:Src/main.c    ****   GPIO_InitTypeDef GPIO_InitStruct;
 322              		.loc 1 236 3 view .LVU82
 237:Src/main.c    ****   GPIO_InitStruct.Pin = KEY_PIN;
 323              		.loc 1 237 3 view .LVU83
 324              		.loc 1 237 23 is_stmt 0 view .LVU84
 325 0018 8023     		movs	r3, #128
 326 001a DB00     		lsls	r3, r3, #3
 327 001c 0193     		str	r3, [sp, #4]
 238:Src/main.c    ****   GPIO_InitStruct.Pull = GPIO_PULLUP;
 328              		.loc 1 238 3 is_stmt 1 view .LVU85
 329              		.loc 1 238 24 is_stmt 0 view .LVU86
 330 001e 0123     		movs	r3, #1
 331 0020 0393     		str	r3, [sp, #12]
 239:Src/main.c    ****   GPIO_InitStruct.Mode = GPIO_MODE_IT_FALLING;
 332              		.loc 1 239 3 is_stmt 1 view .LVU87
 333              		.loc 1 239 24 is_stmt 0 view .LVU88
 334 0022 094B     		ldr	r3, .L11+4
 335 0024 0293     		str	r3, [sp, #8]
 240:Src/main.c    ****   HAL_GPIO_Init(KEY_PORT, &GPIO_InitStruct);
 336              		.loc 1 240 3 is_stmt 1 view .LVU89
 337 0026 9020     		movs	r0, #144
 338 0028 01A9     		add	r1, sp, #4
 339 002a C005     		lsls	r0, r0, #23
 340 002c FFF7FEFF 		bl	HAL_GPIO_Init
 341              	.LVL6:
 241:Src/main.c    **** 
 242:Src/main.c    ****   //配置NVIC
 243:Src/main.c    ****   HAL_NVIC_SetPriority(EXTI4_15_IRQn, 1, 0);
 342              		.loc 1 243 3 view .LVU90
 343 0030 0022     		movs	r2, #0
 344 0032 0121     		movs	r1, #1
 345 0034 0720     		movs	r0, #7
 346 0036 FFF7FEFF 		bl	HAL_NVIC_SetPriority
 347              	.LVL7:
 244:Src/main.c    ****   HAL_NVIC_EnableIRQ(EXTI4_15_IRQn);
 348              		.loc 1 244 3 view .LVU91
 349 003a 0720     		movs	r0, #7
 350 003c FFF7FEFF 		bl	HAL_NVIC_EnableIRQ
 351              	.LVL8:
 245:Src/main.c    **** }
 352              		.loc 1 245 1 is_stmt 0 view .LVU92
 353 0040 07B0     		add	sp, sp, #28
 354              		@ sp needed
 355 0042 00BD     		pop	{pc}
 356              	.L12:
 357              		.align	2
 358              	.L11:
 359 0044 00100240 		.word	1073876992
 360 0048 00002110 		.word	270598144
 361              		.cfi_endproc
 362              	.LFE45:
 364              		.section	.text.SystemClock_Config,"ax",%progbits
 365              		.align	1
 366              		.global	SystemClock_Config
ARM GAS  C:\Users\Vulca\AppData\Local\Temp\ccih2RWh.s 			page 12


 367              		.syntax unified
 368              		.code	16
 369              		.thumb_func
 370              		.fpu softvfp
 372              	SystemClock_Config:
 373              	.LFB41:
 120:Src/main.c    ****   RCC_OscInitTypeDef RCC_OscInitStruct = {0};
 374              		.loc 1 120 1 is_stmt 1 view -0
 375              		.cfi_startproc
 376              		@ args = 0, pretend = 0, frame = 96
 377              		@ frame_needed = 0, uses_anonymous_args = 0
 378 0000 30B5     		push	{r4, r5, lr}
 379              	.LCFI7:
 380              		.cfi_def_cfa_offset 12
 381              		.cfi_offset 4, -12
 382              		.cfi_offset 5, -8
 383              		.cfi_offset 14, -4
 384 0002 99B0     		sub	sp, sp, #100
 385              	.LCFI8:
 386              		.cfi_def_cfa_offset 112
 121:Src/main.c    ****   RCC_ClkInitTypeDef RCC_ClkInitStruct = {0};
 387              		.loc 1 121 3 view .LVU94
 121:Src/main.c    ****   RCC_ClkInitTypeDef RCC_ClkInitStruct = {0};
 388              		.loc 1 121 22 is_stmt 0 view .LVU95
 389 0004 2022     		movs	r2, #32
 390 0006 0021     		movs	r1, #0
 391 0008 0CA8     		add	r0, sp, #48
 392 000a FFF7FEFF 		bl	memset
 393              	.LVL9:
 122:Src/main.c    ****   RCC_PeriphCLKInitTypeDef PeriphClkInit = {0};
 394              		.loc 1 122 3 is_stmt 1 view .LVU96
 122:Src/main.c    ****   RCC_PeriphCLKInitTypeDef PeriphClkInit = {0};
 395              		.loc 1 122 22 is_stmt 0 view .LVU97
 396 000e 1022     		movs	r2, #16
 397 0010 0021     		movs	r1, #0
 398 0012 07A8     		add	r0, sp, #28
 399 0014 FFF7FEFF 		bl	memset
 400              	.LVL10:
 123:Src/main.c    **** 
 401              		.loc 1 123 3 is_stmt 1 view .LVU98
 123:Src/main.c    **** 
 402              		.loc 1 123 28 is_stmt 0 view .LVU99
 403 0018 1C22     		movs	r2, #28
 404 001a 0021     		movs	r1, #0
 405 001c 6846     		mov	r0, sp
 406 001e FFF7FEFF 		bl	memset
 407              	.LVL11:
 127:Src/main.c    ****   RCC_OscInitStruct.HSIState = RCC_HSI_ON;
 408              		.loc 1 127 3 is_stmt 1 view .LVU100
 127:Src/main.c    ****   RCC_OscInitStruct.HSIState = RCC_HSI_ON;
 409              		.loc 1 127 36 is_stmt 0 view .LVU101
 410 0022 0224     		movs	r4, #2
 411 0024 0B94     		str	r4, [sp, #44]
 128:Src/main.c    ****   RCC_OscInitStruct.HSICalibrationValue = RCC_HSICALIBRATION_DEFAULT;
 412              		.loc 1 128 3 is_stmt 1 view .LVU102
 128:Src/main.c    ****   RCC_OscInitStruct.HSICalibrationValue = RCC_HSICALIBRATION_DEFAULT;
 413              		.loc 1 128 30 is_stmt 0 view .LVU103
ARM GAS  C:\Users\Vulca\AppData\Local\Temp\ccih2RWh.s 			page 13


 414 0026 0123     		movs	r3, #1
 415 0028 0E93     		str	r3, [sp, #56]
 129:Src/main.c    ****   RCC_OscInitStruct.PLL.PLLState = RCC_PLL_ON;
 416              		.loc 1 129 3 is_stmt 1 view .LVU104
 129:Src/main.c    ****   RCC_OscInitStruct.PLL.PLLState = RCC_PLL_ON;
 417              		.loc 1 129 41 is_stmt 0 view .LVU105
 418 002a 1022     		movs	r2, #16
 419 002c 0F92     		str	r2, [sp, #60]
 130:Src/main.c    ****   RCC_OscInitStruct.PLL.PLLSource = RCC_PLLSOURCE_HSI;
 420              		.loc 1 130 3 is_stmt 1 view .LVU106
 130:Src/main.c    ****   RCC_OscInitStruct.PLL.PLLSource = RCC_PLLSOURCE_HSI;
 421              		.loc 1 130 34 is_stmt 0 view .LVU107
 422 002e 1494     		str	r4, [sp, #80]
 131:Src/main.c    ****   RCC_OscInitStruct.PLL.PLLMUL = RCC_PLL_MUL12;
 423              		.loc 1 131 3 is_stmt 1 view .LVU108
 131:Src/main.c    ****   RCC_OscInitStruct.PLL.PLLMUL = RCC_PLL_MUL12;
 424              		.loc 1 131 35 is_stmt 0 view .LVU109
 425 0030 8022     		movs	r2, #128
 426 0032 1202     		lsls	r2, r2, #8
 427 0034 1592     		str	r2, [sp, #84]
 132:Src/main.c    ****   RCC_OscInitStruct.PLL.PREDIV = RCC_PREDIV_DIV2;
 428              		.loc 1 132 3 is_stmt 1 view .LVU110
 132:Src/main.c    ****   RCC_OscInitStruct.PLL.PREDIV = RCC_PREDIV_DIV2;
 429              		.loc 1 132 32 is_stmt 0 view .LVU111
 430 0036 A022     		movs	r2, #160
 431 0038 9203     		lsls	r2, r2, #14
 432 003a 1692     		str	r2, [sp, #88]
 133:Src/main.c    ****   if (HAL_RCC_OscConfig(&RCC_OscInitStruct) != HAL_OK)
 433              		.loc 1 133 3 is_stmt 1 view .LVU112
 133:Src/main.c    ****   if (HAL_RCC_OscConfig(&RCC_OscInitStruct) != HAL_OK)
 434              		.loc 1 133 32 is_stmt 0 view .LVU113
 435 003c 1793     		str	r3, [sp, #92]
 134:Src/main.c    ****   {
 436              		.loc 1 134 3 is_stmt 1 view .LVU114
 134:Src/main.c    ****   {
 437              		.loc 1 134 7 is_stmt 0 view .LVU115
 438 003e 0BA8     		add	r0, sp, #44
 439 0040 FFF7FEFF 		bl	HAL_RCC_OscConfig
 440              	.LVL12:
 140:Src/main.c    ****   RCC_ClkInitStruct.SYSCLKSource = RCC_SYSCLKSOURCE_PLLCLK;
 441              		.loc 1 140 3 is_stmt 1 view .LVU116
 140:Src/main.c    ****   RCC_ClkInitStruct.SYSCLKSource = RCC_SYSCLKSOURCE_PLLCLK;
 442              		.loc 1 140 31 is_stmt 0 view .LVU117
 443 0044 0723     		movs	r3, #7
 444 0046 0793     		str	r3, [sp, #28]
 141:Src/main.c    ****   RCC_ClkInitStruct.AHBCLKDivider = RCC_SYSCLK_DIV1;
 445              		.loc 1 141 3 is_stmt 1 view .LVU118
 141:Src/main.c    ****   RCC_ClkInitStruct.AHBCLKDivider = RCC_SYSCLK_DIV1;
 446              		.loc 1 141 34 is_stmt 0 view .LVU119
 447 0048 0894     		str	r4, [sp, #32]
 142:Src/main.c    ****   RCC_ClkInitStruct.APB1CLKDivider = RCC_HCLK_DIV1;
 448              		.loc 1 142 3 is_stmt 1 view .LVU120
 142:Src/main.c    ****   RCC_ClkInitStruct.APB1CLKDivider = RCC_HCLK_DIV1;
 449              		.loc 1 142 35 is_stmt 0 view .LVU121
 450 004a 0025     		movs	r5, #0
 451 004c 0995     		str	r5, [sp, #36]
 143:Src/main.c    **** 
ARM GAS  C:\Users\Vulca\AppData\Local\Temp\ccih2RWh.s 			page 14


 452              		.loc 1 143 3 is_stmt 1 view .LVU122
 143:Src/main.c    **** 
 453              		.loc 1 143 36 is_stmt 0 view .LVU123
 454 004e 0A95     		str	r5, [sp, #40]
 145:Src/main.c    ****   {
 455              		.loc 1 145 3 is_stmt 1 view .LVU124
 145:Src/main.c    ****   {
 456              		.loc 1 145 7 is_stmt 0 view .LVU125
 457 0050 0121     		movs	r1, #1
 458 0052 07A8     		add	r0, sp, #28
 459 0054 FFF7FEFF 		bl	HAL_RCC_ClockConfig
 460              	.LVL13:
 149:Src/main.c    ****   PeriphClkInit.Usart2ClockSelection = RCC_USART2CLKSOURCE_PCLK1;
 461              		.loc 1 149 3 is_stmt 1 view .LVU126
 149:Src/main.c    ****   PeriphClkInit.Usart2ClockSelection = RCC_USART2CLKSOURCE_PCLK1;
 462              		.loc 1 149 38 is_stmt 0 view .LVU127
 463 0058 0094     		str	r4, [sp]
 150:Src/main.c    ****   if (HAL_RCCEx_PeriphCLKConfig(&PeriphClkInit) != HAL_OK)
 464              		.loc 1 150 3 is_stmt 1 view .LVU128
 150:Src/main.c    ****   if (HAL_RCCEx_PeriphCLKConfig(&PeriphClkInit) != HAL_OK)
 465              		.loc 1 150 38 is_stmt 0 view .LVU129
 466 005a 0395     		str	r5, [sp, #12]
 151:Src/main.c    ****   {
 467              		.loc 1 151 3 is_stmt 1 view .LVU130
 151:Src/main.c    ****   {
 468              		.loc 1 151 7 is_stmt 0 view .LVU131
 469 005c 6846     		mov	r0, sp
 470 005e FFF7FEFF 		bl	HAL_RCCEx_PeriphCLKConfig
 471              	.LVL14:
 155:Src/main.c    **** 
 472              		.loc 1 155 1 view .LVU132
 473 0062 19B0     		add	sp, sp, #100
 474              		@ sp needed
 475 0064 30BD     		pop	{r4, r5, pc}
 476              		.cfi_endproc
 477              	.LFE41:
 479              		.section	.text.main,"ax",%progbits
 480              		.align	1
 481              		.global	main
 482              		.syntax unified
 483              		.code	16
 484              		.thumb_func
 485              		.fpu softvfp
 487              	main:
 488              	.LFB40:
  74:Src/main.c    ****   /* USER CODE BEGIN 1 */
 489              		.loc 1 74 1 is_stmt 1 view -0
 490              		.cfi_startproc
 491              		@ Volatile: function does not return.
 492              		@ args = 0, pretend = 0, frame = 0
 493              		@ frame_needed = 0, uses_anonymous_args = 0
 494 0000 10B5     		push	{r4, lr}
 495              	.LCFI9:
 496              		.cfi_def_cfa_offset 8
 497              		.cfi_offset 4, -8
 498              		.cfi_offset 14, -4
  82:Src/main.c    **** 
ARM GAS  C:\Users\Vulca\AppData\Local\Temp\ccih2RWh.s 			page 15


 499              		.loc 1 82 3 view .LVU134
 500 0002 FFF7FEFF 		bl	HAL_Init
 501              	.LVL15:
  89:Src/main.c    **** 
 502              		.loc 1 89 3 view .LVU135
 503 0006 FFF7FEFF 		bl	SystemClock_Config
 504              	.LVL16:
  96:Src/main.c    ****   MX_USART2_UART_Init();
 505              		.loc 1 96 3 view .LVU136
 506 000a FFF7FEFF 		bl	MX_GPIO_Init
 507              	.LVL17:
  97:Src/main.c    ****   /* USER CODE BEGIN 2 */
 508              		.loc 1 97 3 view .LVU137
 509 000e FFF7FEFF 		bl	MX_USART2_UART_Init
 510              	.LVL18:
  99:Src/main.c    ****   KEY_EXTI_Init();
 511              		.loc 1 99 3 view .LVU138
 512 0012 FFF7FEFF 		bl	LED_GPIO_Init
 513              	.LVL19:
 100:Src/main.c    ****   /* USER CODE END 2 */
 514              		.loc 1 100 3 view .LVU139
 515 0016 FFF7FEFF 		bl	KEY_EXTI_Init
 516              	.LVL20:
 517              	.L15:
 105:Src/main.c    ****   {
 518              		.loc 1 105 3 discriminator 1 view .LVU140
 109:Src/main.c    ****     /* USER CODE BEGIN 3 */
 519              		.loc 1 109 5 discriminator 1 view .LVU141
 520 001a FA20     		movs	r0, #250
 521 001c 8000     		lsls	r0, r0, #2
 522 001e FFF7FEFF 		bl	HAL_Delay
 523              	.LVL21:
 105:Src/main.c    ****   {
 524              		.loc 1 105 9 discriminator 1 view .LVU142
 525 0022 FAE7     		b	.L15
 526              		.cfi_endproc
 527              	.LFE40:
 529              		.section	.text.HAL_GPIO_EXTI_Callback,"ax",%progbits
 530              		.align	1
 531              		.global	HAL_GPIO_EXTI_Callback
 532              		.syntax unified
 533              		.code	16
 534              		.thumb_func
 535              		.fpu softvfp
 537              	HAL_GPIO_EXTI_Callback:
 538              	.LVL22:
 539              	.LFB46:
 246:Src/main.c    **** 
 247:Src/main.c    **** void HAL_GPIO_EXTI_Callback(uint16_t GPIO_Pin)
 248:Src/main.c    **** {
 540              		.loc 1 248 1 view -0
 541              		.cfi_startproc
 542              		@ args = 0, pretend = 0, frame = 0
 543              		@ frame_needed = 0, uses_anonymous_args = 0
 544              		.loc 1 248 1 is_stmt 0 view .LVU144
 545 0000 10B5     		push	{r4, lr}
 546              	.LCFI10:
ARM GAS  C:\Users\Vulca\AppData\Local\Temp\ccih2RWh.s 			page 16


 547              		.cfi_def_cfa_offset 8
 548              		.cfi_offset 4, -8
 549              		.cfi_offset 14, -4
 249:Src/main.c    ****   HAL_GPIO_TogglePin(LED_PORT, LED_PIN);
 550              		.loc 1 249 3 is_stmt 1 view .LVU145
 551 0002 0821     		movs	r1, #8
 552 0004 0148     		ldr	r0, .L17
 553              	.LVL23:
 554              		.loc 1 249 3 is_stmt 0 view .LVU146
 555 0006 FFF7FEFF 		bl	HAL_GPIO_TogglePin
 556              	.LVL24:
 250:Src/main.c    **** }
 557              		.loc 1 250 1 view .LVU147
 558              		@ sp needed
 559 000a 10BD     		pop	{r4, pc}
 560              	.L18:
 561              		.align	2
 562              	.L17:
 563 000c 00040048 		.word	1207960576
 564              		.cfi_endproc
 565              	.LFE46:
 567              		.section	.text.Error_Handler,"ax",%progbits
 568              		.align	1
 569              		.global	Error_Handler
 570              		.syntax unified
 571              		.code	16
 572              		.thumb_func
 573              		.fpu softvfp
 575              	Error_Handler:
 576              	.LFB47:
 251:Src/main.c    **** /* USER CODE END 4 */
 252:Src/main.c    **** 
 253:Src/main.c    **** /**
 254:Src/main.c    ****   * @brief  This function is executed in case of error occurrence.
 255:Src/main.c    ****   * @retval None
 256:Src/main.c    ****   */
 257:Src/main.c    **** void Error_Handler(void)
 258:Src/main.c    **** {
 577              		.loc 1 258 1 is_stmt 1 view -0
 578              		.cfi_startproc
 579              		@ args = 0, pretend = 0, frame = 0
 580              		@ frame_needed = 0, uses_anonymous_args = 0
 581              		@ link register save eliminated.
 259:Src/main.c    ****   /* USER CODE BEGIN Error_Handler_Debug */
 260:Src/main.c    ****   /* User can add his own implementation to report the HAL error return state */
 261:Src/main.c    **** 
 262:Src/main.c    ****   /* USER CODE END Error_Handler_Debug */
 263:Src/main.c    **** }
 582              		.loc 1 263 1 view .LVU149
 583              		@ sp needed
 584 0000 7047     		bx	lr
 585              		.cfi_endproc
 586              	.LFE47:
 588              		.comm	huart2,128,4
 589              		.text
 590              	.Letext0:
 591              		.file 2 "c:\\program files (x86)\\gnu tools arm embedded\\9 2019-q4-major\\arm-none-eabi\\include\
ARM GAS  C:\Users\Vulca\AppData\Local\Temp\ccih2RWh.s 			page 17


 592              		.file 3 "c:\\program files (x86)\\gnu tools arm embedded\\9 2019-q4-major\\arm-none-eabi\\include\
 593              		.file 4 "Drivers/CMSIS/Device/ST/STM32F0xx/Include/system_stm32f0xx.h"
 594              		.file 5 "Drivers/CMSIS/Device/ST/STM32F0xx/Include/stm32f091xc.h"
 595              		.file 6 "Drivers/STM32F0xx_HAL_Driver/Inc/stm32f0xx_hal_def.h"
 596              		.file 7 "Drivers/STM32F0xx_HAL_Driver/Inc/stm32f0xx_hal_rcc.h"
 597              		.file 8 "Drivers/STM32F0xx_HAL_Driver/Inc/stm32f0xx_hal_rcc_ex.h"
 598              		.file 9 "Drivers/STM32F0xx_HAL_Driver/Inc/stm32f0xx_hal_gpio.h"
 599              		.file 10 "Drivers/STM32F0xx_HAL_Driver/Inc/stm32f0xx_hal_dma.h"
 600              		.file 11 "Drivers/STM32F0xx_HAL_Driver/Inc/stm32f0xx_hal_uart.h"
 601              		.file 12 "Drivers/STM32F0xx_HAL_Driver/Inc/stm32f0xx_hal.h"
 602              		.file 13 "Drivers/STM32F0xx_HAL_Driver/Inc/stm32f0xx_hal_cortex.h"
 603              		.file 14 "<built-in>"
ARM GAS  C:\Users\Vulca\AppData\Local\Temp\ccih2RWh.s 			page 18


DEFINED SYMBOLS
                            *ABS*:00000000 main.c
C:\Users\Vulca\AppData\Local\Temp\ccih2RWh.s:16     .text.MX_GPIO_Init:00000000 $t
C:\Users\Vulca\AppData\Local\Temp\ccih2RWh.s:23     .text.MX_GPIO_Init:00000000 MX_GPIO_Init
C:\Users\Vulca\AppData\Local\Temp\ccih2RWh.s:132    .text.MX_GPIO_Init:00000070 $d
C:\Users\Vulca\AppData\Local\Temp\ccih2RWh.s:137    .text.LED_GPIO_Init:00000000 $t
C:\Users\Vulca\AppData\Local\Temp\ccih2RWh.s:143    .text.LED_GPIO_Init:00000000 LED_GPIO_Init
C:\Users\Vulca\AppData\Local\Temp\ccih2RWh.s:210    .text.LED_GPIO_Init:00000040 $d
C:\Users\Vulca\AppData\Local\Temp\ccih2RWh.s:216    .text.MX_USART2_UART_Init:00000000 $t
C:\Users\Vulca\AppData\Local\Temp\ccih2RWh.s:222    .text.MX_USART2_UART_Init:00000000 MX_USART2_UART_Init
C:\Users\Vulca\AppData\Local\Temp\ccih2RWh.s:279    .text.MX_USART2_UART_Init:00000028 $d
                            *COM*:00000080 huart2
C:\Users\Vulca\AppData\Local\Temp\ccih2RWh.s:285    .text.KEY_EXTI_Init:00000000 $t
C:\Users\Vulca\AppData\Local\Temp\ccih2RWh.s:291    .text.KEY_EXTI_Init:00000000 KEY_EXTI_Init
C:\Users\Vulca\AppData\Local\Temp\ccih2RWh.s:359    .text.KEY_EXTI_Init:00000044 $d
C:\Users\Vulca\AppData\Local\Temp\ccih2RWh.s:365    .text.SystemClock_Config:00000000 $t
C:\Users\Vulca\AppData\Local\Temp\ccih2RWh.s:372    .text.SystemClock_Config:00000000 SystemClock_Config
C:\Users\Vulca\AppData\Local\Temp\ccih2RWh.s:480    .text.main:00000000 $t
C:\Users\Vulca\AppData\Local\Temp\ccih2RWh.s:487    .text.main:00000000 main
C:\Users\Vulca\AppData\Local\Temp\ccih2RWh.s:530    .text.HAL_GPIO_EXTI_Callback:00000000 $t
C:\Users\Vulca\AppData\Local\Temp\ccih2RWh.s:537    .text.HAL_GPIO_EXTI_Callback:00000000 HAL_GPIO_EXTI_Callback
C:\Users\Vulca\AppData\Local\Temp\ccih2RWh.s:563    .text.HAL_GPIO_EXTI_Callback:0000000c $d
C:\Users\Vulca\AppData\Local\Temp\ccih2RWh.s:568    .text.Error_Handler:00000000 $t
C:\Users\Vulca\AppData\Local\Temp\ccih2RWh.s:575    .text.Error_Handler:00000000 Error_Handler

UNDEFINED SYMBOLS
memset
HAL_GPIO_WritePin
HAL_GPIO_Init
HAL_UART_Init
HAL_NVIC_SetPriority
HAL_NVIC_EnableIRQ
HAL_RCC_OscConfig
HAL_RCC_ClockConfig
HAL_RCCEx_PeriphCLKConfig
HAL_Init
HAL_Delay
HAL_GPIO_TogglePin
